<?xml version="1.0" encoding="UTF-8"?>
<coverage generated="1754592542580" clover="3.2.0">
  <project timestamp="1754592542580" name="All files">
    <metrics statements="505" coveredstatements="272" conditionals="396" coveredconditionals="186" methods="105" coveredmethods="52" elements="1006" coveredelements="510" complexity="0" loc="505" ncloc="505" packages="1" files="2" classes="2"/>
    <file name="App.jsx" path="/workspace/frontend/src/App.jsx">
      <metrics statements="504" coveredstatements="272" conditionals="396" coveredconditionals="186" methods="105" coveredmethods="52"/>
      <line num="4" count="2" type="cond" truecount="1" falsecount="1"/>
      <line num="5" count="2" type="cond" truecount="1" falsecount="1"/>
      <line num="9" count="0" type="cond" truecount="0" falsecount="2"/>
      <line num="12" count="0" type="cond" truecount="0" falsecount="2"/>
      <line num="13" count="0" type="stmt"/>
      <line num="14" count="0" type="stmt"/>
      <line num="15" count="0" type="cond" truecount="0" falsecount="2"/>
      <line num="16" count="0" type="stmt"/>
      <line num="18" count="0" type="stmt"/>
      <line num="23" count="0" type="cond" truecount="0" falsecount="2"/>
      <line num="25" count="0" type="stmt"/>
      <line num="27" count="0" type="stmt"/>
      <line num="29" count="0" type="stmt"/>
      <line num="30" count="0" type="stmt"/>
      <line num="33" count="0" type="stmt"/>
      <line num="34" count="0" type="cond" truecount="0" falsecount="2"/>
      <line num="35" count="0" type="stmt"/>
      <line num="36" count="0" type="stmt"/>
      <line num="40" count="0" type="stmt"/>
      <line num="41" count="0" type="cond" truecount="0" falsecount="2"/>
      <line num="42" count="0" type="stmt"/>
      <line num="46" count="0" type="stmt"/>
      <line num="47" count="0" type="cond" truecount="0" falsecount="2"/>
      <line num="48" count="0" type="stmt"/>
      <line num="49" count="0" type="cond" truecount="0" falsecount="2"/>
      <line num="50" count="0" type="stmt"/>
      <line num="52" count="0" type="cond" truecount="0" falsecount="2"/>
      <line num="53" count="0" type="stmt"/>
      <line num="56" count="0" type="stmt"/>
      <line num="59" count="0" type="stmt"/>
      <line num="61" count="0" type="stmt"/>
      <line num="62" count="0" type="stmt"/>
      <line num="68" count="22" type="stmt"/>
      <line num="69" count="22" type="stmt"/>
      <line num="70" count="22" type="stmt"/>
      <line num="71" count="22" type="stmt"/>
      <line num="72" count="22" type="stmt"/>
      <line num="73" count="22" type="stmt"/>
      <line num="74" count="22" type="stmt"/>
      <line num="75" count="22" type="stmt"/>
      <line num="78" count="22" type="stmt"/>
      <line num="79" count="22" type="cond" truecount="2" falsecount="0"/>
      <line num="81" count="21" type="stmt"/>
      <line num="82" count="21" type="stmt"/>
      <line num="85" count="20" type="cond" truecount="4" falsecount="0"/>
      <line num="86" count="19" type="stmt"/>
      <line num="87" count="19" type="cond" truecount="2" falsecount="0"/>
      <line num="88" count="1" type="stmt"/>
      <line num="89" count="18" type="cond" truecount="1" falsecount="1"/>
      <line num="90" count="18" type="stmt"/>
      <line num="92" count="19" type="cond" truecount="1" falsecount="1"/>
      <line num="93" count="19" type="stmt"/>
      <line num="98" count="1" type="cond" truecount="1" falsecount="1"/>
      <line num="99" count="1" type="stmt"/>
      <line num="100" count="1" type="cond" truecount="1" falsecount="1"/>
      <line num="101" count="1" type="stmt"/>
      <line num="106" count="0" type="stmt"/>
      <line num="108" count="1" type="stmt"/>
      <line num="109" count="1" type="stmt"/>
      <line num="113" count="22" type="stmt"/>
      <line num="116" count="22" type="stmt"/>
      <line num="117" count="1" type="cond" truecount="2" falsecount="2"/>
      <line num="118" count="1" type="stmt"/>
      <line num="119" count="1" type="stmt"/>
      <line num="127" count="22" type="stmt"/>
      <line num="128" count="1" type="stmt"/>
      <line num="129" count="1" type="stmt"/>
      <line num="130" count="1" type="stmt"/>
      <line num="139" count="22" type="stmt"/>
      <line num="140" count="19" type="stmt"/>
      <line num="141" count="2" type="cond" truecount="2" falsecount="0"/>
      <line num="142" count="1" type="stmt"/>
      <line num="143" count="1" type="stmt"/>
      <line num="146" count="1" type="stmt"/>
      <line num="147" count="1" type="stmt"/>
      <line num="149" count="1" type="stmt"/>
      <line num="153" count="1" type="cond" truecount="1" falsecount="1"/>
      <line num="154" count="1" type="stmt"/>
      <line num="155" count="1" type="stmt"/>
      <line num="157" count="1" type="stmt"/>
      <line num="158" count="1" type="stmt"/>
      <line num="160" count="1" type="stmt"/>
      <line num="164" count="19" type="stmt"/>
      <line num="165" count="2" type="stmt"/>
      <line num="166" count="2" type="stmt"/>
      <line num="169" count="19" type="cond" truecount="4" falsecount="0"/>
      <line num="170" count="2" type="stmt"/>
      <line num="171" count="2" type="stmt"/>
      <line num="174" count="19" type="stmt"/>
      <line num="175" count="19" type="stmt"/>
      <line num="176" count="19" type="stmt"/>
      <line num="181" count="22" type="stmt"/>
      <line num="182" count="17" type="stmt"/>
      <line num="183" count="1" type="stmt"/>
      <line num="184" count="1" type="stmt"/>
      <line num="186" count="1" type="stmt"/>
      <line num="192" count="17" type="stmt"/>
      <line num="193" count="17" type="stmt"/>
      <line num="196" count="22" type="stmt"/>
      <line num="217" count="1" type="stmt"/>
      <line num="224" count="1" type="stmt"/>
      <line num="250" count="0" type="stmt"/>
      <line num="251" count="0" type="stmt"/>
      <line num="292" count="169" type="stmt"/>
      <line num="293" count="169" type="stmt"/>
      <line num="294" count="169" type="stmt"/>
      <line num="295" count="169" type="stmt"/>
      <line num="296" count="169" type="stmt"/>
      <line num="297" count="169" type="stmt"/>
      <line num="298" count="169" type="stmt"/>
      <line num="299" count="169" type="stmt"/>
      <line num="300" count="169" type="stmt"/>
      <line num="301" count="169" type="stmt"/>
      <line num="302" count="169" type="stmt"/>
      <line num="303" count="169" type="stmt"/>
      <line num="304" count="169" type="stmt"/>
      <line num="305" count="169" type="stmt"/>
      <line num="306" count="169" type="stmt"/>
      <line num="307" count="169" type="stmt"/>
      <line num="308" count="169" type="stmt"/>
      <line num="309" count="169" type="stmt"/>
      <line num="310" count="169" type="stmt"/>
      <line num="311" count="169" type="stmt"/>
      <line num="312" count="169" type="stmt"/>
      <line num="313" count="169" type="stmt"/>
      <line num="314" count="169" type="stmt"/>
      <line num="315" count="169" type="stmt"/>
      <line num="316" count="169" type="stmt"/>
      <line num="318" count="169" type="stmt"/>
      <line num="319" count="16" type="stmt"/>
      <line num="320" count="16" type="stmt"/>
      <line num="324" count="169" type="stmt"/>
      <line num="325" count="16" type="stmt"/>
      <line num="326" count="16" type="cond" truecount="2" falsecount="0"/>
      <line num="327" count="16" type="cond" truecount="1" falsecount="1"/>
      <line num="328" count="16" type="stmt"/>
      <line num="331" count="16" type="cond" truecount="3" falsecount="1"/>
      <line num="332" count="16" type="stmt"/>
      <line num="333" count="11" type="cond" truecount="4" falsecount="0"/>
      <line num="334" count="4" type="stmt"/>
      <line num="342" count="16" type="stmt"/>
      <line num="345" count="16" type="cond" truecount="2" falsecount="0"/>
      <line num="346" count="16" type="cond" truecount="1" falsecount="1"/>
      <line num="347" count="16" type="cond" truecount="2" falsecount="0"/>
      <line num="349" count="16" type="stmt"/>
      <line num="350" count="16" type="cond" truecount="2" falsecount="0"/>
      <line num="352" count="16" type="stmt"/>
      <line num="360" count="169" type="stmt"/>
      <line num="361" count="16" type="cond" truecount="2" falsecount="0"/>
      <line num="363" count="4" type="stmt"/>
      <line num="368" count="169" type="stmt"/>
      <line num="369" count="4" type="cond" truecount="3" falsecount="1"/>
      <line num="371" count="4" type="stmt"/>
      <line num="372" count="4" type="stmt"/>
      <line num="373" count="4" type="stmt"/>
      <line num="375" count="4" type="stmt"/>
      <line num="376" count="4" type="stmt"/>
      <line num="378" count="4" type="stmt"/>
      <line num="379" count="4" type="stmt"/>
      <line num="382" count="4" type="stmt"/>
      <line num="383" count="4" type="stmt"/>
      <line num="385" count="4" type="stmt"/>
      <line num="387" count="400" type="stmt"/>
      <line num="392" count="400" type="cond" truecount="2" falsecount="0"/>
      <line num="393" count="154" type="stmt"/>
      <line num="394" count="154" type="stmt"/>
      <line num="395" count="154" type="stmt"/>
      <line num="396" count="246" type="cond" truecount="2" falsecount="0"/>
      <line num="397" count="132" type="stmt"/>
      <line num="398" count="132" type="stmt"/>
      <line num="399" count="132" type="stmt"/>
      <line num="401" count="114" type="stmt"/>
      <line num="402" count="114" type="stmt"/>
      <line num="403" count="114" type="stmt"/>
      <line num="406" count="400" type="stmt"/>
      <line num="421" count="4" type="stmt"/>
      <line num="422" count="4" type="stmt"/>
      <line num="425" count="4" type="stmt"/>
      <line num="426" count="15" type="cond" truecount="2" falsecount="0"/>
      <line num="428" count="12" type="stmt"/>
      <line num="430" count="12" type="stmt"/>
      <line num="432" count="1200" type="stmt"/>
      <line num="433" count="1200" type="cond" truecount="1" falsecount="1"/>
      <line num="434" count="0" type="stmt"/>
      <line num="435" count="0" type="stmt"/>
      <line num="439" count="1200" type="cond" truecount="4" falsecount="0"/>
      <line num="440" count="762" type="stmt"/>
      <line num="444" count="1200" type="stmt"/>
      <line num="447" count="1200" type="stmt"/>
      <line num="450" count="1200" type="cond" truecount="2" falsecount="0"/>
      <line num="452" count="338" type="stmt"/>
      <line num="453" count="338" type="stmt"/>
      <line num="454" count="338" type="stmt"/>
      <line num="457" count="338" type="stmt"/>
      <line num="458" count="338" type="stmt"/>
      <line num="459" count="338" type="stmt"/>
      <line num="464" count="338" type="stmt"/>
      <line num="470" count="338" type="stmt"/>
      <line num="471" count="338" type="stmt"/>
      <line num="472" count="338" type="stmt"/>
      <line num="473" count="862" type="cond" truecount="2" falsecount="0"/>
      <line num="475" count="424" type="stmt"/>
      <line num="476" count="424" type="stmt"/>
      <line num="477" count="424" type="stmt"/>
      <line num="480" count="424" type="stmt"/>
      <line num="481" count="424" type="stmt"/>
      <line num="482" count="424" type="stmt"/>
      <line num="483" count="424" type="stmt"/>
      <line num="487" count="424" type="stmt"/>
      <line num="491" count="424" type="stmt"/>
      <line num="495" count="424" type="stmt"/>
      <line num="499" count="424" type="stmt"/>
      <line num="501" count="424" type="stmt"/>
      <line num="502" count="424" type="stmt"/>
      <line num="503" count="424" type="stmt"/>
      <line num="506" count="438" type="stmt"/>
      <line num="507" count="438" type="stmt"/>
      <line num="508" count="438" type="stmt"/>
      <line num="509" count="438" type="stmt"/>
      <line num="513" count="12" type="stmt"/>
      <line num="517" count="4" type="stmt"/>
      <line num="520" count="4" type="stmt"/>
      <line num="522" count="4" type="stmt"/>
      <line num="524" count="0" type="stmt"/>
      <line num="525" count="0" type="stmt"/>
      <line num="530" count="169" type="stmt"/>
      <line num="531" count="16" type="stmt"/>
      <line num="533" count="1" type="cond" truecount="3" falsecount="1"/>
      <line num="534" count="0" type="stmt"/>
      <line num="535" count="0" type="stmt"/>
      <line num="538" count="0" type="stmt"/>
      <line num="539" count="0" type="stmt"/>
      <line num="542" count="0" type="cond" truecount="0" falsecount="2"/>
      <line num="543" count="0" type="stmt"/>
      <line num="544" count="0" type="cond" truecount="0" falsecount="2"/>
      <line num="545" count="0" type="cond" truecount="0" falsecount="2"/>
      <line num="551" count="16" type="stmt"/>
      <line num="552" count="16" type="stmt"/>
      <line num="556" count="17" type="stmt"/>
      <line num="557" count="17" type="stmt"/>
      <line num="558" count="17" type="cond" truecount="1" falsecount="1"/>
      <line num="559" count="17" type="stmt"/>
      <line num="560" count="17" type="stmt"/>
      <line num="563" count="0" type="stmt"/>
      <line num="568" count="16" type="stmt"/>
      <line num="569" count="16" type="stmt"/>
      <line num="570" count="16" type="cond" truecount="1" falsecount="1"/>
      <line num="571" count="16" type="stmt"/>
      <line num="572" count="16" type="stmt"/>
      <line num="573" count="16" type="stmt"/>
      <line num="575" count="0" type="stmt"/>
      <line num="576" count="0" type="stmt"/>
      <line num="579" count="0" type="stmt"/>
      <line num="580" count="0" type="stmt"/>
      <line num="585" count="0" type="cond" truecount="0" falsecount="2"/>
      <line num="586" count="0" type="stmt"/>
      <line num="590" count="0" type="stmt"/>
      <line num="591" count="0" type="stmt"/>
      <line num="593" count="0" type="stmt"/>
      <line num="594" count="0" type="stmt"/>
      <line num="596" count="0" type="stmt"/>
      <line num="597" count="0" type="stmt"/>
      <line num="602" count="0" type="cond" truecount="0" falsecount="2"/>
      <line num="603" count="0" type="stmt"/>
      <line num="606" count="0" type="cond" truecount="0" falsecount="2"/>
      <line num="607" count="0" type="stmt"/>
      <line num="610" count="0" type="stmt"/>
      <line num="611" count="0" type="stmt"/>
      <line num="614" count="0" type="stmt"/>
      <line num="619" count="0" type="cond" truecount="0" falsecount="4"/>
      <line num="620" count="0" type="stmt"/>
      <line num="624" count="0" type="stmt"/>
      <line num="625" count="0" type="stmt"/>
      <line num="627" count="0" type="stmt"/>
      <line num="628" count="0" type="stmt"/>
      <line num="630" count="0" type="stmt"/>
      <line num="631" count="0" type="stmt"/>
      <line num="636" count="0" type="cond" truecount="0" falsecount="2"/>
      <line num="638" count="0" type="cond" truecount="0" falsecount="2"/>
      <line num="639" count="0" type="stmt"/>
      <line num="642" count="0" type="stmt"/>
      <line num="643" count="0" type="stmt"/>
      <line num="644" count="0" type="stmt"/>
      <line num="647" count="0" type="stmt"/>
      <line num="652" count="0" type="cond" truecount="0" falsecount="2"/>
      <line num="653" count="0" type="stmt"/>
      <line num="654" count="0" type="stmt"/>
      <line num="657" count="0" type="cond" truecount="0" falsecount="2"/>
      <line num="658" count="0" type="stmt"/>
      <line num="661" count="0" type="stmt"/>
      <line num="666" count="0" type="stmt"/>
      <line num="667" count="0" type="stmt"/>
      <line num="668" count="0" type="stmt"/>
      <line num="669" count="0" type="stmt"/>
      <line num="671" count="0" type="stmt"/>
      <line num="676" count="0" type="cond" truecount="0" falsecount="2"/>
      <line num="677" count="0" type="stmt"/>
      <line num="680" count="0" type="stmt"/>
      <line num="685" count="3" type="cond" truecount="1" falsecount="1"/>
      <line num="686" count="3" type="stmt"/>
      <line num="687" count="3" type="stmt"/>
      <line num="689" count="3" type="stmt"/>
      <line num="690" count="3" type="stmt"/>
      <line num="696" count="3" type="cond" truecount="2" falsecount="0"/>
      <line num="697" count="2" type="stmt"/>
      <line num="698" count="2" type="stmt"/>
      <line num="699" count="2" type="stmt"/>
      <line num="700" count="2" type="stmt"/>
      <line num="702" count="1" type="stmt"/>
      <line num="703" count="1" type="stmt"/>
      <line num="706" count="1" type="cond" truecount="1" falsecount="1"/>
      <line num="707" count="1" type="stmt"/>
      <line num="708" count="0" type="cond" truecount="0" falsecount="2"/>
      <line num="709" count="0" type="stmt"/>
      <line num="710" count="0" type="cond" truecount="0" falsecount="4"/>
      <line num="711" count="0" type="stmt"/>
      <line num="713" count="0" type="stmt"/>
      <line num="717" count="0" type="stmt"/>
      <line num="720" count="0" type="cond" truecount="0" falsecount="4"/>
      <line num="721" count="0" type="stmt"/>
      <line num="722" count="0" type="cond" truecount="0" falsecount="4"/>
      <line num="723" count="0" type="stmt"/>
      <line num="725" count="0" type="stmt"/>
      <line num="728" count="3" type="stmt"/>
      <line num="733" count="0" type="stmt"/>
      <line num="734" count="0" type="stmt"/>
      <line num="735" count="0" type="cond" truecount="0" falsecount="2"/>
      <line num="737" count="0" type="cond" truecount="0" falsecount="3"/>
      <line num="738" count="0" type="cond" truecount="0" falsecount="3"/>
      <line num="739" count="0" type="cond" truecount="0" falsecount="2"/>
      <line num="740" count="0" type="cond" truecount="0" falsecount="2"/>
      <line num="741" count="0" type="stmt"/>
      <line num="745" count="0" type="stmt"/>
      <line num="746" count="0" type="stmt"/>
      <line num="747" count="0" type="stmt"/>
      <line num="748" count="0" type="stmt"/>
      <line num="749" count="0" type="stmt"/>
      <line num="750" count="0" type="stmt"/>
      <line num="751" count="0" type="stmt"/>
      <line num="755" count="0" type="stmt"/>
      <line num="756" count="0" type="cond" truecount="0" falsecount="4"/>
      <line num="757" count="0" type="stmt"/>
      <line num="759" count="0" type="stmt"/>
      <line num="764" count="1" type="stmt"/>
      <line num="769" count="0" type="cond" truecount="0" falsecount="2"/>
      <line num="774" count="1" type="stmt"/>
      <line num="778" count="1" type="cond" truecount="3" falsecount="1"/>
      <line num="780" count="0" type="stmt"/>
      <line num="784" count="0" type="stmt"/>
      <line num="787" count="1" type="stmt"/>
      <line num="792" count="1" type="stmt"/>
      <line num="793" count="1" type="stmt"/>
      <line num="794" count="1" type="stmt"/>
      <line num="795" count="1" type="stmt"/>
      <line num="800" count="1" type="stmt"/>
      <line num="801" count="1" type="stmt"/>
      <line num="805" count="0" type="stmt"/>
      <line num="806" count="0" type="stmt"/>
      <line num="810" count="13" type="stmt"/>
      <line num="814" count="13" type="stmt"/>
      <line num="815" count="13" type="stmt"/>
      <line num="819" count="1" type="stmt"/>
      <line num="821" count="1" type="cond" truecount="1" falsecount="1"/>
      <line num="822" count="0" type="stmt"/>
      <line num="823" count="0" type="stmt"/>
      <line num="826" count="1" type="stmt"/>
      <line num="832" count="1" type="cond" truecount="1" falsecount="1"/>
      <line num="833" count="1" type="stmt"/>
      <line num="834" count="1" type="stmt"/>
      <line num="835" count="1" type="stmt"/>
      <line num="836" count="1" type="stmt"/>
      <line num="837" count="1" type="stmt"/>
      <line num="838" count="1" type="stmt"/>
      <line num="839" count="1" type="stmt"/>
      <line num="840" count="1" type="stmt"/>
      <line num="841" count="1" type="stmt"/>
      <line num="843" count="0" type="stmt"/>
      <line num="844" count="0" type="stmt"/>
      <line num="847" count="0" type="cond" truecount="0" falsecount="2"/>
      <line num="848" count="0" type="stmt"/>
      <line num="850" count="0" type="stmt"/>
      <line num="854" count="0" type="stmt"/>
      <line num="855" count="0" type="cond" truecount="0" falsecount="2"/>
      <line num="856" count="0" type="stmt"/>
      <line num="858" count="0" type="stmt"/>
      <line num="864" count="1" type="stmt"/>
      <line num="866" count="0" type="cond" truecount="0" falsecount="4"/>
      <line num="868" count="0" type="stmt"/>
      <line num="872" count="0" type="stmt"/>
      <line num="876" count="0" type="cond" truecount="0" falsecount="4"/>
      <line num="877" count="0" type="stmt"/>
      <line num="880" count="0" type="stmt"/>
      <line num="883" count="1" type="stmt"/>
      <line num="887" count="0" type="cond" truecount="0" falsecount="2"/>
      <line num="888" count="0" type="cond" truecount="0" falsecount="2"/>
      <line num="889" count="0" type="cond" truecount="0" falsecount="2"/>
      <line num="891" count="0" type="cond" truecount="0" falsecount="2"/>
      <line num="892" count="0" type="cond" truecount="0" falsecount="2"/>
      <line num="894" count="0" type="cond" truecount="0" falsecount="2"/>
      <line num="896" count="0" type="stmt"/>
      <line num="897" count="0" type="stmt"/>
      <line num="901" count="0" type="stmt"/>
      <line num="903" count="0" type="stmt"/>
      <line num="904" count="0" type="stmt"/>
      <line num="907" count="0" type="stmt"/>
      <line num="908" count="0" type="stmt"/>
      <line num="911" count="0" type="stmt"/>
      <line num="912" count="0" type="stmt"/>
      <line num="913" count="0" type="cond" truecount="0" falsecount="2"/>
      <line num="914" count="0" type="stmt"/>
      <line num="916" count="0" type="stmt"/>
      <line num="925" count="0" type="stmt"/>
      <line num="928" count="169" type="stmt"/>
      <line num="955" count="3" type="stmt"/>
      <line num="963" count="0" type="stmt"/>
      <line num="973" count="14" type="stmt"/>
      <line num="974" count="14" type="stmt"/>
      <line num="975" count="14" type="stmt"/>
      <line num="976" count="13" type="stmt"/>
      <line num="994" count="0" type="cond" truecount="0" falsecount="2"/>
      <line num="996" count="0" type="cond" truecount="0" falsecount="2"/>
      <line num="997" count="0" type="stmt"/>
      <line num="999" count="0" type="stmt"/>
      <line num="1059" count="0" type="stmt"/>
      <line num="1066" count="0" type="stmt"/>
      <line num="1071" count="0" type="stmt"/>
      <line num="1076" count="0" type="stmt"/>
      <line num="1081" count="0" type="stmt"/>
      <line num="1117" count="0" type="stmt"/>
      <line num="1118" count="0" type="stmt"/>
      <line num="1119" count="0" type="stmt"/>
      <line num="1156" count="81" type="stmt"/>
      <line num="1208" count="0" type="cond" truecount="0" falsecount="2"/>
      <line num="1209" count="0" type="stmt"/>
      <line num="1210" count="0" type="stmt"/>
      <line num="1211" count="0" type="stmt"/>
      <line num="1212" count="0" type="stmt"/>
      <line num="1213" count="0" type="stmt"/>
      <line num="1237" count="6" type="stmt"/>
      <line num="1246" count="6" type="stmt"/>
      <line num="1278" count="1" type="stmt"/>
      <line num="1279" count="1" type="cond" truecount="1" falsecount="1"/>
      <line num="1280" count="0" type="stmt"/>
      <line num="1281" count="0" type="stmt"/>
      <line num="1284" count="1" type="cond" truecount="1" falsecount="1"/>
      <line num="1285" count="1" type="stmt"/>
      <line num="1286" count="1" type="stmt"/>
      <line num="1288" count="1" type="stmt"/>
      <line num="1290" count="1" type="stmt"/>
      <line num="1292" count="1" type="cond" truecount="1" falsecount="1"/>
      <line num="1293" count="0" type="stmt"/>
      <line num="1294" count="0" type="cond" truecount="0" falsecount="2"/>
      <line num="1295" count="0" type="stmt"/>
      <line num="1298" count="1" type="stmt"/>
      <line num="1301" count="0" type="stmt"/>
      <line num="1302" count="0" type="stmt"/>
      <line num="1304" count="1" type="stmt"/>
      <line num="1314" count="0" type="cond" truecount="0" falsecount="2"/>
      <line num="1316" count="0" type="stmt"/>
      <line num="1317" count="0" type="stmt"/>
      <line num="1318" count="0" type="stmt"/>
      <line num="1319" count="0" type="stmt"/>
      <line num="1320" count="0" type="stmt"/>
      <line num="1321" count="0" type="stmt"/>
      <line num="1322" count="0" type="stmt"/>
      <line num="1324" count="0" type="stmt"/>
      <line num="1325" count="0" type="stmt"/>
      <line num="1326" count="0" type="cond" truecount="0" falsecount="2"/>
      <line num="1327" count="0" type="stmt"/>
      <line num="1328" count="0" type="stmt"/>
      <line num="1341" count="0" type="cond" truecount="0" falsecount="2"/>
      <line num="1342" count="0" type="stmt"/>
      <line num="1343" count="0" type="stmt"/>
      <line num="1344" count="0" type="stmt"/>
      <line num="1345" count="0" type="stmt"/>
      <line num="1346" count="0" type="stmt"/>
      <line num="1365" count="14" type="stmt"/>
      <line num="1374" count="0" type="stmt"/>
      <line num="1384" count="15" type="stmt"/>
      <line num="1389" count="0" type="stmt"/>
      <line num="1390" count="0" type="stmt"/>
      <line num="1391" count="0" type="stmt"/>
      <line num="1397" count="0" type="stmt"/>
      <line num="1398" count="0" type="stmt"/>
      <line num="1409" count="0" type="stmt"/>
      <line num="1425" count="15" type="stmt"/>
      <line num="1429" count="0" type="stmt"/>
      <line num="1430" count="0" type="stmt"/>
      <line num="1431" count="0" type="stmt"/>
      <line num="1438" count="0" type="stmt"/>
      <line num="1439" count="0" type="stmt"/>
      <line num="1450" count="0" type="stmt"/>
      <line num="1499" count="0" type="stmt"/>
      <line num="1506" count="0" type="stmt"/>
      <line num="1507" count="0" type="stmt"/>
      <line num="1508" count="0" type="stmt"/>
      <line num="1517" count="0" type="cond" truecount="0" falsecount="2"/>
      <line num="1518" count="0" type="stmt"/>
      <line num="1519" count="0" type="stmt"/>
      <line num="1583" count="13" type="stmt"/>
      <line num="1584" count="13" type="cond" truecount="4" falsecount="0"/>
      <line num="1616" count="0" type="stmt"/>
      <line num="1626" count="0" type="stmt"/>
      <line num="1640" count="1" type="stmt"/>
    </file>
    <file name="main.jsx" path="/workspace/frontend/src/main.jsx">
      <metrics statements="1" coveredstatements="0" conditionals="0" coveredconditionals="0" methods="0" coveredmethods="0"/>
      <line num="9" count="0" type="stmt"/>
    </file>
  </project>
</coverage>
