{"/workspace/frontend/src/App.jsx": {"path":"/workspace/frontend/src/App.jsx","statementMap":{"0":{"start":{"line":4,"column":16},"end":{"line":4,"column":95}},"1":{"start":{"line":5,"column":24},"end":{"line":5,"column":119}},"2":{"start":{"line":9,"column":2},"end":{"line":9,"column":27}},"3":{"start":{"line":9,"column":17},"end":{"line":9,"column":27}},"4":{"start":{"line":12,"column":2},"end":{"line":20,"column":3}},"5":{"start":{"line":13,"column":4},"end":{"line":19,"column":5}},"6":{"start":{"line":14,"column":22},"end":{"line":14,"column":41}},"7":{"start":{"line":15,"column":6},"end":{"line":15,"column":49}},"8":{"start":{"line":15,"column":39},"end":{"line":15,"column":49}},"9":{"start":{"line":16,"column":6},"end":{"line":16,"column":25}},"10":{"start":{"line":18,"column":6},"end":{"line":18,"column":16}},"11":{"start":{"line":23,"column":2},"end":{"line":23,"column":50}},"12":{"start":{"line":23,"column":34},"end":{"line":23,"column":50}},"13":{"start":{"line":25,"column":2},"end":{"line":63,"column":3}},"14":{"start":{"line":27,"column":20},"end":{"line":27,"column":41}},"15":{"start":{"line":29,"column":16},"end":{"line":29,"column":17}},"16":{"start":{"line":30,"column":18},"end":{"line":30,"column":19}},"17":{"start":{"line":33,"column":22},"end":{"line":33,"column":47}},"18":{"start":{"line":34,"column":4},"end":{"line":37,"column":5}},"19":{"start":{"line":35,"column":6},"end":{"line":35,"column":41}},"20":{"start":{"line":36,"column":6},"end":{"line":36,"column":54}},"21":{"start":{"line":40,"column":24},"end":{"line":40,"column":49}},"22":{"start":{"line":41,"column":4},"end":{"line":43,"column":5}},"23":{"start":{"line":42,"column":6},"end":{"line":42,"column":45}},"24":{"start":{"line":46,"column":17},"end":{"line":46,"column":19}},"25":{"start":{"line":47,"column":4},"end":{"line":57,"column":5}},"26":{"start":{"line":48,"column":6},"end":{"line":48,"column":29}},"27":{"start":{"line":49,"column":6},"end":{"line":51,"column":7}},"28":{"start":{"line":50,"column":8},"end":{"line":50,"column":34}},"29":{"start":{"line":52,"column":11},"end":{"line":57,"column":5}},"30":{"start":{"line":53,"column":6},"end":{"line":53,"column":31}},"31":{"start":{"line":56,"column":6},"end":{"line":56,"column":22}},"32":{"start":{"line":59,"column":4},"end":{"line":59,"column":18}},"33":{"start":{"line":61,"column":4},"end":{"line":61,"column":52}},"34":{"start":{"line":62,"column":4},"end":{"line":62,"column":20}},"35":{"start":{"line":68,"column":34},"end":{"line":68,"column":82}},"36":{"start":{"line":69,"column":26},"end":{"line":69,"column":63}},"37":{"start":{"line":70,"column":38},"end":{"line":70,"column":53}},"38":{"start":{"line":71,"column":38},"end":{"line":71,"column":53}},"39":{"start":{"line":72,"column":38},"end":{"line":72,"column":62}},"40":{"start":{"line":73,"column":40},"end":{"line":73,"column":85}},"41":{"start":{"line":74,"column":38},"end":{"line":74,"column":53}},"42":{"start":{"line":75,"column":19},"end":{"line":75,"column":31}},"43":{"start":{"line":78,"column":22},"end":{"line":111,"column":3}},"44":{"start":{"line":79,"column":4},"end":{"line":79,"column":24}},"45":{"start":{"line":79,"column":14},"end":{"line":79,"column":24}},"46":{"start":{"line":81,"column":4},"end":{"line":110,"column":5}},"47":{"start":{"line":82,"column":21},"end":{"line":82,"column":33}},"48":{"start":{"line":85,"column":6},"end":{"line":95,"column":7}},"49":{"start":{"line":86,"column":22},"end":{"line":86,"column":24}},"50":{"start":{"line":87,"column":8},"end":{"line":91,"column":9}},"51":{"start":{"line":88,"column":10},"end":{"line":88,"column":45}},"52":{"start":{"line":89,"column":15},"end":{"line":91,"column":9}},"53":{"start":{"line":90,"column":10},"end":{"line":90,"column":49}},"54":{"start":{"line":92,"column":8},"end":{"line":94,"column":9}},"55":{"start":{"line":93,"column":10},"end":{"line":93,"column":60}},"56":{"start":{"line":98,"column":6},"end":{"line":103,"column":7}},"57":{"start":{"line":99,"column":24},"end":{"line":99,"column":48}},"58":{"start":{"line":100,"column":8},"end":{"line":102,"column":9}},"59":{"start":{"line":101,"column":10},"end":{"line":101,"column":61}},"60":{"start":{"line":106,"column":6},"end":{"line":106,"column":17}},"61":{"start":{"line":108,"column":6},"end":{"line":108,"column":55}},"62":{"start":{"line":109,"column":6},"end":{"line":109,"column":17}},"63":{"start":{"line":113,"column":19},"end":{"line":113,"column":40}},"64":{"start":{"line":116,"column":26},"end":{"line":124,"column":3}},"65":{"start":{"line":117,"column":4},"end":{"line":123,"column":5}},"66":{"start":{"line":118,"column":6},"end":{"line":118,"column":26}},"67":{"start":{"line":119,"column":6},"end":{"line":122,"column":9}},"68":{"start":{"line":127,"column":32},"end":{"line":136,"column":3}},"69":{"start":{"line":128,"column":4},"end":{"line":128,"column":24}},"70":{"start":{"line":129,"column":4},"end":{"line":129,"column":24}},"71":{"start":{"line":130,"column":4},"end":{"line":135,"column":7}},"72":{"start":{"line":139,"column":2},"end":{"line":178,"column":81}},"73":{"start":{"line":140,"column":28},"end":{"line":162,"column":5}},"74":{"start":{"line":141,"column":6},"end":{"line":161,"column":7}},"75":{"start":{"line":142,"column":21},"end":{"line":142,"column":45}},"76":{"start":{"line":143,"column":21},"end":{"line":143,"column":45}},"77":{"start":{"line":146,"column":21},"end":{"line":146,"column":51}},"78":{"start":{"line":147,"column":21},"end":{"line":147,"column":53}},"79":{"start":{"line":149,"column":8},"end":{"line":152,"column":11}},"80":{"start":{"line":153,"column":13},"end":{"line":161,"column":7}},"81":{"start":{"line":154,"column":23},"end":{"line":154,"column":48}},"82":{"start":{"line":155,"column":23},"end":{"line":155,"column":48}},"83":{"start":{"line":157,"column":25},"end":{"line":157,"column":81}},"84":{"start":{"line":158,"column":26},"end":{"line":158,"column":83}},"85":{"start":{"line":160,"column":8},"end":{"line":160,"column":56}},"86":{"start":{"line":164,"column":26},"end":{"line":167,"column":5}},"87":{"start":{"line":165,"column":6},"end":{"line":165,"column":27}},"88":{"start":{"line":166,"column":6},"end":{"line":166,"column":27}},"89":{"start":{"line":169,"column":4},"end":{"line":172,"column":5}},"90":{"start":{"line":170,"column":6},"end":{"line":170,"column":62}},"91":{"start":{"line":171,"column":6},"end":{"line":171,"column":58}},"92":{"start":{"line":174,"column":4},"end":{"line":177,"column":6}},"93":{"start":{"line":175,"column":6},"end":{"line":175,"column":65}},"94":{"start":{"line":176,"column":6},"end":{"line":176,"column":61}},"95":{"start":{"line":181,"column":2},"end":{"line":194,"column":56}},"96":{"start":{"line":182,"column":25},"end":{"line":190,"column":5}},"97":{"start":{"line":183,"column":19},"end":{"line":183,"column":49}},"98":{"start":{"line":184,"column":19},"end":{"line":184,"column":51}},"99":{"start":{"line":186,"column":6},"end":{"line":189,"column":9}},"100":{"start":{"line":192,"column":4},"end":{"line":192,"column":52}},"101":{"start":{"line":193,"column":4},"end":{"line":193,"column":68}},"102":{"start":{"line":193,"column":17},"end":{"line":193,"column":67}},"103":{"start":{"line":196,"column":2},"end":{"line":288,"column":4}},"104":{"start":{"line":217,"column":27},"end":{"line":217,"column":63}},"105":{"start":{"line":224,"column":27},"end":{"line":224,"column":63}},"106":{"start":{"line":250,"column":27},"end":{"line":250,"column":46}},"107":{"start":{"line":251,"column":26},"end":{"line":251,"column":46}},"108":{"start":{"line":292,"column":32},"end":{"line":292,"column":44}},"109":{"start":{"line":293,"column":26},"end":{"line":293,"column":38}},"110":{"start":{"line":294,"column":40},"end":{"line":294,"column":52}},"111":{"start":{"line":295,"column":40},"end":{"line":295,"column":52}},"112":{"start":{"line":296,"column":42},"end":{"line":296,"column":54}},"113":{"start":{"line":297,"column":32},"end":{"line":297,"column":44}},"114":{"start":{"line":298,"column":44},"end":{"line":298,"column":58}},"115":{"start":{"line":299,"column":44},"end":{"line":299,"column":58}},"116":{"start":{"line":300,"column":40},"end":{"line":300,"column":55}},"117":{"start":{"line":301,"column":42},"end":{"line":301,"column":57}},"118":{"start":{"line":302,"column":46},"end":{"line":302,"column":60}},"119":{"start":{"line":303,"column":38},"end":{"line":303,"column":53}},"120":{"start":{"line":304,"column":58},"end":{"line":304,"column":72}},"121":{"start":{"line":305,"column":38},"end":{"line":305,"column":53}},"122":{"start":{"line":306,"column":36},"end":{"line":306,"column":48}},"123":{"start":{"line":307,"column":44},"end":{"line":307,"column":64}},"124":{"start":{"line":308,"column":40},"end":{"line":308,"column":55}},"125":{"start":{"line":309,"column":48},"end":{"line":309,"column":62}},"126":{"start":{"line":310,"column":50},"end":{"line":310,"column":65}},"127":{"start":{"line":311,"column":46},"end":{"line":311,"column":61}},"128":{"start":{"line":312,"column":42},"end":{"line":312,"column":53}},"129":{"start":{"line":313,"column":46},"end":{"line":313,"column":61}},"130":{"start":{"line":314,"column":48},"end":{"line":314,"column":60}},"131":{"start":{"line":315,"column":29},"end":{"line":315,"column":41}},"132":{"start":{"line":316,"column":23},"end":{"line":316,"column":35}},"133":{"start":{"line":318,"column":2},"end":{"line":321,"column":9}},"134":{"start":{"line":319,"column":4},"end":{"line":319,"column":19}},"135":{"start":{"line":320,"column":4},"end":{"line":320,"column":25}},"136":{"start":{"line":324,"column":2},"end":{"line":355,"column":9}},"137":{"start":{"line":325,"column":26},"end":{"line":339,"column":5}},"138":{"start":{"line":326,"column":33},"end":{"line":326,"column":105}},"139":{"start":{"line":327,"column":23},"end":{"line":327,"column":109}},"140":{"start":{"line":328,"column":6},"end":{"line":328,"column":30}},"141":{"start":{"line":331,"column":6},"end":{"line":337,"column":7}},"142":{"start":{"line":332,"column":8},"end":{"line":336,"column":16}},"143":{"start":{"line":333,"column":10},"end":{"line":335,"column":11}},"144":{"start":{"line":334,"column":12},"end":{"line":334,"column":44}},"145":{"start":{"line":342,"column":4},"end":{"line":342,"column":20}},"146":{"start":{"line":345,"column":31},"end":{"line":345,"column":103}},"147":{"start":{"line":346,"column":23},"end":{"line":346,"column":100}},"148":{"start":{"line":347,"column":4},"end":{"line":347,"column":71}},"149":{"start":{"line":349,"column":4},"end":{"line":353,"column":6}},"150":{"start":{"line":350,"column":6},"end":{"line":350,"column":76}},"151":{"start":{"line":352,"column":6},"end":{"line":352,"column":35}},"152":{"start":{"line":360,"column":37},"end":{"line":365,"column":3}},"153":{"start":{"line":361,"column":4},"end":{"line":364,"column":5}},"154":{"start":{"line":363,"column":6},"end":{"line":363,"column":34}},"155":{"start":{"line":368,"column":40},"end":{"line":527,"column":3}},"156":{"start":{"line":369,"column":4},"end":{"line":369,"column":68}},"157":{"start":{"line":369,"column":61},"end":{"line":369,"column":68}},"158":{"start":{"line":371,"column":4},"end":{"line":526,"column":5}},"159":{"start":{"line":372,"column":21},"end":{"line":372,"column":47}},"160":{"start":{"line":373,"column":18},"end":{"line":373,"column":41}},"161":{"start":{"line":375,"column":6},"end":{"line":375,"column":39}},"162":{"start":{"line":376,"column":6},"end":{"line":376,"column":41}},"163":{"start":{"line":378,"column":6},"end":{"line":378,"column":65}},"164":{"start":{"line":379,"column":6},"end":{"line":379,"column":74}},"165":{"start":{"line":382,"column":33},"end":{"line":382,"column":35}},"166":{"start":{"line":383,"column":27},"end":{"line":383,"column":30}},"167":{"start":{"line":385,"column":6},"end":{"line":419,"column":7}},"168":{"start":{"line":385,"column":19},"end":{"line":385,"column":20}},"169":{"start":{"line":387,"column":31},"end":{"line":387,"column":44}},"170":{"start":{"line":392,"column":8},"end":{"line":404,"column":9}},"171":{"start":{"line":393,"column":10},"end":{"line":393,"column":47}},"172":{"start":{"line":394,"column":10},"end":{"line":394,"column":47}},"173":{"start":{"line":395,"column":10},"end":{"line":395,"column":34}},"174":{"start":{"line":396,"column":15},"end":{"line":404,"column":9}},"175":{"start":{"line":397,"column":10},"end":{"line":397,"column":47}},"176":{"start":{"line":398,"column":10},"end":{"line":398,"column":51}},"177":{"start":{"line":399,"column":10},"end":{"line":399,"column":34}},"178":{"start":{"line":401,"column":10},"end":{"line":401,"column":47}},"179":{"start":{"line":402,"column":10},"end":{"line":402,"column":47}},"180":{"start":{"line":403,"column":10},"end":{"line":403,"column":32}},"181":{"start":{"line":406,"column":8},"end":{"line":418,"column":11}},"182":{"start":{"line":421,"column":6},"end":{"line":421,"column":79}},"183":{"start":{"line":422,"column":6},"end":{"line":422,"column":61}},"184":{"start":{"line":425,"column":22},"end":{"line":514,"column":7}},"185":{"start":{"line":426,"column":8},"end":{"line":426,"column":42}},"186":{"start":{"line":426,"column":35},"end":{"line":426,"column":42}},"187":{"start":{"line":428,"column":8},"end":{"line":428,"column":57}},"188":{"start":{"line":430,"column":8},"end":{"line":511,"column":11}},"189":{"start":{"line":432,"column":10},"end":{"line":432,"column":39}},"190":{"start":{"line":433,"column":10},"end":{"line":436,"column":11}},"191":{"start":{"line":434,"column":12},"end":{"line":434,"column":27}},"192":{"start":{"line":435,"column":12},"end":{"line":435,"column":54}},"193":{"start":{"line":439,"column":10},"end":{"line":441,"column":11}},"194":{"start":{"line":440,"column":12},"end":{"line":440,"column":56}},"195":{"start":{"line":444,"column":10},"end":{"line":444,"column":52}},"196":{"start":{"line":447,"column":33},"end":{"line":447,"column":92}},"197":{"start":{"line":450,"column":10},"end":{"line":510,"column":11}},"198":{"start":{"line":452,"column":12},"end":{"line":452,"column":23}},"199":{"start":{"line":453,"column":12},"end":{"line":453,"column":50}},"200":{"start":{"line":454,"column":12},"end":{"line":454,"column":42}},"201":{"start":{"line":457,"column":12},"end":{"line":457,"column":28}},"202":{"start":{"line":458,"column":12},"end":{"line":458,"column":42}},"203":{"start":{"line":459,"column":12},"end":{"line":463,"column":14}},"204":{"start":{"line":464,"column":12},"end":{"line":468,"column":14}},"205":{"start":{"line":470,"column":12},"end":{"line":470,"column":66}},"206":{"start":{"line":471,"column":12},"end":{"line":471,"column":23}},"207":{"start":{"line":472,"column":12},"end":{"line":472,"column":26}},"208":{"start":{"line":473,"column":17},"end":{"line":510,"column":11}},"209":{"start":{"line":475,"column":12},"end":{"line":475,"column":23}},"210":{"start":{"line":476,"column":12},"end":{"line":476,"column":50}},"211":{"start":{"line":477,"column":12},"end":{"line":477,"column":42}},"212":{"start":{"line":480,"column":12},"end":{"line":480,"column":28}},"213":{"start":{"line":481,"column":12},"end":{"line":481,"column":48}},"214":{"start":{"line":482,"column":12},"end":{"line":482,"column":67}},"215":{"start":{"line":483,"column":12},"end":{"line":486,"column":14}},"216":{"start":{"line":487,"column":12},"end":{"line":490,"column":14}},"217":{"start":{"line":491,"column":12},"end":{"line":494,"column":14}},"218":{"start":{"line":495,"column":12},"end":{"line":498,"column":14}},"219":{"start":{"line":499,"column":12},"end":{"line":499,"column":28}},"220":{"start":{"line":501,"column":12},"end":{"line":501,"column":66}},"221":{"start":{"line":502,"column":12},"end":{"line":502,"column":23}},"222":{"start":{"line":503,"column":12},"end":{"line":503,"column":26}},"223":{"start":{"line":506,"column":12},"end":{"line":506,"column":28}},"224":{"start":{"line":507,"column":12},"end":{"line":507,"column":75}},"225":{"start":{"line":508,"column":12},"end":{"line":508,"column":66}},"226":{"start":{"line":509,"column":12},"end":{"line":509,"column":23}},"227":{"start":{"line":513,"column":8},"end":{"line":513,"column":39}},"228":{"start":{"line":517,"column":6},"end":{"line":517,"column":74}},"229":{"start":{"line":520,"column":6},"end":{"line":520,"column":16}},"230":{"start":{"line":522,"column":6},"end":{"line":522,"column":74}},"231":{"start":{"line":524,"column":6},"end":{"line":524,"column":73}},"232":{"start":{"line":525,"column":6},"end":{"line":525,"column":34}},"233":{"start":{"line":530,"column":2},"end":{"line":553,"column":9}},"234":{"start":{"line":531,"column":25},"end":{"line":549,"column":5}},"235":{"start":{"line":533,"column":6},"end":{"line":548,"column":7}},"236":{"start":{"line":534,"column":23},"end":{"line":534,"column":49}},"237":{"start":{"line":535,"column":20},"end":{"line":535,"column":44}},"238":{"start":{"line":538,"column":8},"end":{"line":538,"column":41}},"239":{"start":{"line":539,"column":8},"end":{"line":539,"column":43}},"240":{"start":{"line":542,"column":8},"end":{"line":547,"column":9}},"241":{"start":{"line":543,"column":10},"end":{"line":546,"column":13}},"242":{"start":{"line":544,"column":12},"end":{"line":544,"column":85}},"243":{"start":{"line":544,"column":43},"end":{"line":544,"column":85}},"244":{"start":{"line":545,"column":12},"end":{"line":545,"column":87}},"245":{"start":{"line":545,"column":44},"end":{"line":545,"column":87}},"246":{"start":{"line":551,"column":4},"end":{"line":551,"column":52}},"247":{"start":{"line":552,"column":4},"end":{"line":552,"column":68}},"248":{"start":{"line":552,"column":17},"end":{"line":552,"column":67}},"249":{"start":{"line":556,"column":4},"end":{"line":564,"column":5}},"250":{"start":{"line":557,"column":18},"end":{"line":557,"column":51}},"251":{"start":{"line":558,"column":6},"end":{"line":561,"column":7}},"252":{"start":{"line":559,"column":21},"end":{"line":559,"column":37}},"253":{"start":{"line":560,"column":8},"end":{"line":560,"column":25}},"254":{"start":{"line":563,"column":6},"end":{"line":563,"column":50}},"255":{"start":{"line":568,"column":4},"end":{"line":581,"column":5}},"256":{"start":{"line":569,"column":18},"end":{"line":569,"column":58}},"257":{"start":{"line":570,"column":6},"end":{"line":577,"column":7}},"258":{"start":{"line":571,"column":23},"end":{"line":571,"column":39}},"259":{"start":{"line":572,"column":8},"end":{"line":572,"column":54}},"260":{"start":{"line":573,"column":8},"end":{"line":573,"column":38}},"261":{"start":{"line":575,"column":8},"end":{"line":575,"column":72}},"262":{"start":{"line":576,"column":8},"end":{"line":576,"column":40}},"263":{"start":{"line":579,"column":6},"end":{"line":579,"column":64}},"264":{"start":{"line":580,"column":6},"end":{"line":580,"column":38}},"265":{"start":{"line":585,"column":4},"end":{"line":585,"column":22}},"266":{"start":{"line":585,"column":15},"end":{"line":585,"column":22}},"267":{"start":{"line":586,"column":19},"end":{"line":595,"column":5}},"268":{"start":{"line":590,"column":60},"end":{"line":590,"column":68}},"269":{"start":{"line":591,"column":63},"end":{"line":591,"column":71}},"270":{"start":{"line":593,"column":55},"end":{"line":593,"column":63}},"271":{"start":{"line":594,"column":57},"end":{"line":594,"column":65}},"272":{"start":{"line":596,"column":4},"end":{"line":615,"column":5}},"273":{"start":{"line":597,"column":18},"end":{"line":601,"column":8}},"274":{"start":{"line":602,"column":6},"end":{"line":612,"column":7}},"275":{"start":{"line":603,"column":23},"end":{"line":603,"column":39}},"276":{"start":{"line":606,"column":8},"end":{"line":608,"column":9}},"277":{"start":{"line":607,"column":10},"end":{"line":607,"column":47}},"278":{"start":{"line":610,"column":8},"end":{"line":610,"column":23}},"279":{"start":{"line":611,"column":8},"end":{"line":611,"column":20}},"280":{"start":{"line":614,"column":6},"end":{"line":614,"column":47}},"281":{"start":{"line":619,"column":4},"end":{"line":619,"column":40}},"282":{"start":{"line":619,"column":33},"end":{"line":619,"column":40}},"283":{"start":{"line":620,"column":19},"end":{"line":629,"column":5}},"284":{"start":{"line":624,"column":60},"end":{"line":624,"column":68}},"285":{"start":{"line":625,"column":63},"end":{"line":625,"column":71}},"286":{"start":{"line":627,"column":55},"end":{"line":627,"column":63}},"287":{"start":{"line":628,"column":57},"end":{"line":628,"column":65}},"288":{"start":{"line":630,"column":4},"end":{"line":648,"column":5}},"289":{"start":{"line":631,"column":18},"end":{"line":635,"column":8}},"290":{"start":{"line":636,"column":6},"end":{"line":645,"column":7}},"291":{"start":{"line":638,"column":8},"end":{"line":640,"column":9}},"292":{"start":{"line":639,"column":10},"end":{"line":639,"column":61}},"293":{"start":{"line":642,"column":8},"end":{"line":642,"column":23}},"294":{"start":{"line":643,"column":8},"end":{"line":643,"column":20}},"295":{"start":{"line":644,"column":8},"end":{"line":644,"column":31}},"296":{"start":{"line":647,"column":6},"end":{"line":647,"column":49}},"297":{"start":{"line":652,"column":4},"end":{"line":652,"column":73}},"298":{"start":{"line":652,"column":66},"end":{"line":652,"column":73}},"299":{"start":{"line":653,"column":4},"end":{"line":662,"column":5}},"300":{"start":{"line":654,"column":18},"end":{"line":656,"column":8}},"301":{"start":{"line":657,"column":6},"end":{"line":659,"column":7}},"302":{"start":{"line":658,"column":8},"end":{"line":658,"column":23}},"303":{"start":{"line":661,"column":6},"end":{"line":661,"column":49}},"304":{"start":{"line":666,"column":4},"end":{"line":681,"column":5}},"305":{"start":{"line":667,"column":23},"end":{"line":667,"column":37}},"306":{"start":{"line":668,"column":6},"end":{"line":668,"column":37}},"307":{"start":{"line":669,"column":6},"end":{"line":669,"column":44}},"308":{"start":{"line":671,"column":18},"end":{"line":674,"column":8}},"309":{"start":{"line":676,"column":6},"end":{"line":678,"column":7}},"310":{"start":{"line":677,"column":8},"end":{"line":677,"column":23}},"311":{"start":{"line":680,"column":6},"end":{"line":680,"column":49}},"312":{"start":{"line":685,"column":4},"end":{"line":685,"column":25}},"313":{"start":{"line":685,"column":18},"end":{"line":685,"column":25}},"314":{"start":{"line":686,"column":4},"end":{"line":686,"column":24}},"315":{"start":{"line":687,"column":4},"end":{"line":687,"column":21}},"316":{"start":{"line":689,"column":4},"end":{"line":729,"column":5}},"317":{"start":{"line":690,"column":18},"end":{"line":694,"column":8}},"318":{"start":{"line":696,"column":6},"end":{"line":715,"column":7}},"319":{"start":{"line":697,"column":23},"end":{"line":697,"column":39}},"320":{"start":{"line":698,"column":8},"end":{"line":698,"column":60}},"321":{"start":{"line":699,"column":8},"end":{"line":699,"column":40}},"322":{"start":{"line":700,"column":8},"end":{"line":700,"column":31}},"323":{"start":{"line":702,"column":26},"end":{"line":702,"column":42}},"324":{"start":{"line":703,"column":8},"end":{"line":703,"column":61}},"325":{"start":{"line":706,"column":8},"end":{"line":714,"column":9}},"326":{"start":{"line":707,"column":10},"end":{"line":707,"column":99}},"327":{"start":{"line":708,"column":15},"end":{"line":714,"column":9}},"328":{"start":{"line":709,"column":10},"end":{"line":709,"column":121}},"329":{"start":{"line":710,"column":15},"end":{"line":714,"column":9}},"330":{"start":{"line":711,"column":10},"end":{"line":711,"column":94}},"331":{"start":{"line":713,"column":10},"end":{"line":713,"column":62}},"332":{"start":{"line":717,"column":6},"end":{"line":717,"column":49}},"333":{"start":{"line":720,"column":6},"end":{"line":726,"column":7}},"334":{"start":{"line":721,"column":8},"end":{"line":721,"column":119}},"335":{"start":{"line":722,"column":13},"end":{"line":726,"column":7}},"336":{"start":{"line":723,"column":8},"end":{"line":723,"column":90}},"337":{"start":{"line":725,"column":8},"end":{"line":725,"column":60}},"338":{"start":{"line":728,"column":6},"end":{"line":728,"column":27}},"339":{"start":{"line":733,"column":4},"end":{"line":733,"column":29}},"340":{"start":{"line":734,"column":4},"end":{"line":734,"column":25}},"341":{"start":{"line":735,"column":4},"end":{"line":735,"column":45}},"342":{"start":{"line":737,"column":30},"end":{"line":737,"column":81}},"343":{"start":{"line":738,"column":31},"end":{"line":738,"column":85}},"344":{"start":{"line":739,"column":4},"end":{"line":739,"column":89}},"345":{"start":{"line":740,"column":4},"end":{"line":740,"column":92}},"346":{"start":{"line":741,"column":4},"end":{"line":741,"column":27}},"347":{"start":{"line":745,"column":4},"end":{"line":745,"column":16}},"348":{"start":{"line":746,"column":4},"end":{"line":746,"column":23}},"349":{"start":{"line":747,"column":4},"end":{"line":747,"column":23}},"350":{"start":{"line":748,"column":4},"end":{"line":748,"column":24}},"351":{"start":{"line":749,"column":4},"end":{"line":749,"column":27}},"352":{"start":{"line":750,"column":4},"end":{"line":750,"column":27}},"353":{"start":{"line":751,"column":4},"end":{"line":751,"column":26}},"354":{"start":{"line":755,"column":17},"end":{"line":755,"column":34}},"355":{"start":{"line":756,"column":4},"end":{"line":760,"column":5}},"356":{"start":{"line":757,"column":6},"end":{"line":757,"column":29}},"357":{"start":{"line":759,"column":6},"end":{"line":759,"column":48}},"358":{"start":{"line":764,"column":4},"end":{"line":773,"column":7}},"359":{"start":{"line":769,"column":8},"end":{"line":769,"column":51}},"360":{"start":{"line":774,"column":4},"end":{"line":774,"column":30}},"361":{"start":{"line":778,"column":4},"end":{"line":785,"column":5}},"362":{"start":{"line":780,"column":6},"end":{"line":783,"column":10}},"363":{"start":{"line":780,"column":34},"end":{"line":783,"column":7}},"364":{"start":{"line":784,"column":6},"end":{"line":784,"column":13}},"365":{"start":{"line":787,"column":4},"end":{"line":799,"column":7}},"366":{"start":{"line":792,"column":59},"end":{"line":792,"column":67}},"367":{"start":{"line":793,"column":61},"end":{"line":793,"column":69}},"368":{"start":{"line":794,"column":64},"end":{"line":794,"column":72}},"369":{"start":{"line":795,"column":67},"end":{"line":795,"column":75}},"370":{"start":{"line":795,"column":97},"end":{"line":798,"column":7}},"371":{"start":{"line":800,"column":4},"end":{"line":800,"column":31}},"372":{"start":{"line":801,"column":4},"end":{"line":801,"column":29}},"373":{"start":{"line":805,"column":4},"end":{"line":805,"column":31}},"374":{"start":{"line":806,"column":4},"end":{"line":806,"column":29}},"375":{"start":{"line":810,"column":4},"end":{"line":810,"column":30}},"376":{"start":{"line":814,"column":4},"end":{"line":814,"column":33}},"377":{"start":{"line":815,"column":4},"end":{"line":815,"column":28}},"378":{"start":{"line":819,"column":4},"end":{"line":860,"column":5}},"379":{"start":{"line":821,"column":6},"end":{"line":824,"column":7}},"380":{"start":{"line":822,"column":8},"end":{"line":822,"column":71}},"381":{"start":{"line":823,"column":8},"end":{"line":823,"column":15}},"382":{"start":{"line":826,"column":18},"end":{"line":830,"column":8}},"383":{"start":{"line":832,"column":6},"end":{"line":852,"column":7}},"384":{"start":{"line":833,"column":23},"end":{"line":833,"column":39}},"385":{"start":{"line":834,"column":8},"end":{"line":834,"column":54}},"386":{"start":{"line":835,"column":8},"end":{"line":835,"column":23}},"387":{"start":{"line":836,"column":8},"end":{"line":836,"column":38}},"388":{"start":{"line":837,"column":8},"end":{"line":837,"column":23}},"389":{"start":{"line":838,"column":8},"end":{"line":838,"column":25}},"390":{"start":{"line":839,"column":8},"end":{"line":839,"column":35}},"391":{"start":{"line":840,"column":8},"end":{"line":840,"column":33}},"392":{"start":{"line":841,"column":8},"end":{"line":841,"column":44}},"393":{"start":{"line":843,"column":26},"end":{"line":843,"column":42}},"394":{"start":{"line":844,"column":8},"end":{"line":844,"column":71}},"395":{"start":{"line":847,"column":8},"end":{"line":851,"column":9}},"396":{"start":{"line":848,"column":10},"end":{"line":848,"column":109}},"397":{"start":{"line":850,"column":10},"end":{"line":850,"column":65}},"398":{"start":{"line":854,"column":6},"end":{"line":854,"column":51}},"399":{"start":{"line":855,"column":6},"end":{"line":859,"column":7}},"400":{"start":{"line":856,"column":8},"end":{"line":856,"column":107}},"401":{"start":{"line":858,"column":8},"end":{"line":858,"column":58}},"402":{"start":{"line":864,"column":23},"end":{"line":881,"column":6}},"403":{"start":{"line":866,"column":6},"end":{"line":869,"column":7}},"404":{"start":{"line":868,"column":8},"end":{"line":868,"column":20}},"405":{"start":{"line":872,"column":29},"end":{"line":875,"column":7}},"406":{"start":{"line":876,"column":6},"end":{"line":878,"column":7}},"407":{"start":{"line":877,"column":8},"end":{"line":877,"column":20}},"408":{"start":{"line":880,"column":6},"end":{"line":880,"column":19}},"409":{"start":{"line":883,"column":4},"end":{"line":883,"column":22}},"410":{"start":{"line":887,"column":4},"end":{"line":887,"column":34}},"411":{"start":{"line":887,"column":23},"end":{"line":887,"column":34}},"412":{"start":{"line":888,"column":4},"end":{"line":888,"column":38}},"413":{"start":{"line":888,"column":27},"end":{"line":888,"column":38}},"414":{"start":{"line":889,"column":4},"end":{"line":889,"column":38}},"415":{"start":{"line":889,"column":27},"end":{"line":889,"column":38}},"416":{"start":{"line":891,"column":19},"end":{"line":891,"column":58}},"417":{"start":{"line":892,"column":20},"end":{"line":892,"column":59}},"418":{"start":{"line":894,"column":4},"end":{"line":894,"column":40}},"419":{"start":{"line":894,"column":29},"end":{"line":894,"column":40}},"420":{"start":{"line":896,"column":25},"end":{"line":896,"column":61}},"421":{"start":{"line":897,"column":4},"end":{"line":897,"column":58}},"422":{"start":{"line":901,"column":19},"end":{"line":901,"column":21}},"423":{"start":{"line":903,"column":4},"end":{"line":905,"column":5}},"424":{"start":{"line":903,"column":17},"end":{"line":903,"column":18}},"425":{"start":{"line":904,"column":6},"end":{"line":904,"column":22}},"426":{"start":{"line":907,"column":4},"end":{"line":909,"column":5}},"427":{"start":{"line":907,"column":17},"end":{"line":907,"column":18}},"428":{"start":{"line":908,"column":6},"end":{"line":908,"column":23}},"429":{"start":{"line":911,"column":4},"end":{"line":923,"column":5}},"430":{"start":{"line":911,"column":17},"end":{"line":911,"column":18}},"431":{"start":{"line":912,"column":6},"end":{"line":922,"column":7}},"432":{"start":{"line":912,"column":19},"end":{"line":912,"column":20}},"433":{"start":{"line":913,"column":8},"end":{"line":921,"column":9}},"434":{"start":{"line":914,"column":10},"end":{"line":914,"column":46}},"435":{"start":{"line":916,"column":10},"end":{"line":920,"column":12}},"436":{"start":{"line":925,"column":4},"end":{"line":925,"column":44}},"437":{"start":{"line":928,"column":2},"end":{"line":1644,"column":4}},"438":{"start":{"line":955,"column":25},"end":{"line":955,"column":46}},"439":{"start":{"line":963,"column":55},"end":{"line":963,"column":75}},"440":{"start":{"line":973,"column":14},"end":{"line":973,"column":50}},"441":{"start":{"line":974,"column":14},"end":{"line":974,"column":58}},"442":{"start":{"line":975,"column":14},"end":{"line":1049,"column":16}},"443":{"start":{"line":976,"column":76},"end":{"line":976,"column":98}},"444":{"start":{"line":994,"column":38},"end":{"line":994,"column":113}},"445":{"start":{"line":996,"column":26},"end":{"line":996,"column":99}},"446":{"start":{"line":997,"column":26},"end":{"line":997,"column":61}},"447":{"start":{"line":999,"column":26},"end":{"line":999,"column":58}},"448":{"start":{"line":1059,"column":59},"end":{"line":1059,"column":80}},"449":{"start":{"line":1066,"column":31},"end":{"line":1066,"column":54}},"450":{"start":{"line":1071,"column":31},"end":{"line":1071,"column":61}},"451":{"start":{"line":1076,"column":31},"end":{"line":1076,"column":61}},"452":{"start":{"line":1081,"column":31},"end":{"line":1081,"column":62}},"453":{"start":{"line":1117,"column":16},"end":{"line":1117,"column":39}},"454":{"start":{"line":1118,"column":16},"end":{"line":1118,"column":31}},"455":{"start":{"line":1119,"column":16},"end":{"line":1119,"column":33}},"456":{"start":{"line":1156,"column":31},"end":{"line":1156,"column":57}},"457":{"start":{"line":1208,"column":18},"end":{"line":1214,"column":19}},"458":{"start":{"line":1209,"column":20},"end":{"line":1209,"column":50}},"459":{"start":{"line":1210,"column":20},"end":{"line":1210,"column":35}},"460":{"start":{"line":1211,"column":20},"end":{"line":1211,"column":37}},"461":{"start":{"line":1212,"column":20},"end":{"line":1212,"column":47}},"462":{"start":{"line":1213,"column":20},"end":{"line":1213,"column":45}},"463":{"start":{"line":1237,"column":28},"end":{"line":1237,"column":61}},"464":{"start":{"line":1246,"column":28},"end":{"line":1248,"column":33}},"465":{"start":{"line":1278,"column":36},"end":{"line":1278,"column":46}},"466":{"start":{"line":1279,"column":24},"end":{"line":1282,"column":25}},"467":{"start":{"line":1280,"column":26},"end":{"line":1280,"column":85}},"468":{"start":{"line":1281,"column":26},"end":{"line":1281,"column":33}},"469":{"start":{"line":1284,"column":24},"end":{"line":1284,"column":51}},"470":{"start":{"line":1284,"column":44},"end":{"line":1284,"column":51}},"471":{"start":{"line":1285,"column":24},"end":{"line":1285,"column":48}},"472":{"start":{"line":1286,"column":24},"end":{"line":1286,"column":45}},"473":{"start":{"line":1288,"column":24},"end":{"line":1305,"column":25}},"474":{"start":{"line":1290,"column":45},"end":{"line":1290,"column":85}},"475":{"start":{"line":1292,"column":26},"end":{"line":1299,"column":27}},"476":{"start":{"line":1293,"column":51},"end":{"line":1293,"column":89}},"477":{"start":{"line":1293,"column":71},"end":{"line":1293,"column":77}},"478":{"start":{"line":1294,"column":28},"end":{"line":1296,"column":29}},"479":{"start":{"line":1295,"column":30},"end":{"line":1295,"column":59}},"480":{"start":{"line":1298,"column":28},"end":{"line":1298,"column":57}},"481":{"start":{"line":1301,"column":26},"end":{"line":1301,"column":71}},"482":{"start":{"line":1302,"column":26},"end":{"line":1302,"column":76}},"483":{"start":{"line":1304,"column":26},"end":{"line":1304,"column":51}},"484":{"start":{"line":1314,"column":24},"end":{"line":1331,"column":25}},"485":{"start":{"line":1316,"column":45},"end":{"line":1316,"column":76}},"486":{"start":{"line":1317,"column":26},"end":{"line":1317,"column":56}},"487":{"start":{"line":1318,"column":26},"end":{"line":1318,"column":49}},"488":{"start":{"line":1319,"column":26},"end":{"line":1319,"column":43}},"489":{"start":{"line":1320,"column":26},"end":{"line":1320,"column":53}},"490":{"start":{"line":1321,"column":26},"end":{"line":1321,"column":51}},"491":{"start":{"line":1322,"column":26},"end":{"line":1322,"column":48}},"492":{"start":{"line":1324,"column":26},"end":{"line":1330,"column":34}},"493":{"start":{"line":1325,"column":45},"end":{"line":1325,"column":102}},"494":{"start":{"line":1326,"column":28},"end":{"line":1329,"column":29}},"495":{"start":{"line":1327,"column":30},"end":{"line":1327,"column":47}},"496":{"start":{"line":1328,"column":30},"end":{"line":1328,"column":48}},"497":{"start":{"line":1341,"column":24},"end":{"line":1347,"column":25}},"498":{"start":{"line":1342,"column":26},"end":{"line":1342,"column":56}},"499":{"start":{"line":1343,"column":26},"end":{"line":1343,"column":41}},"500":{"start":{"line":1344,"column":26},"end":{"line":1344,"column":43}},"501":{"start":{"line":1345,"column":26},"end":{"line":1345,"column":53}},"502":{"start":{"line":1346,"column":26},"end":{"line":1346,"column":51}},"503":{"start":{"line":1365,"column":39},"end":{"line":1365,"column":101}},"504":{"start":{"line":1374,"column":39},"end":{"line":1374,"column":108}},"505":{"start":{"line":1384,"column":26},"end":{"line":1405,"column":32}},"506":{"start":{"line":1389,"column":55},"end":{"line":1389,"column":87}},"507":{"start":{"line":1390,"column":32},"end":{"line":1390,"column":71}},"508":{"start":{"line":1391,"column":32},"end":{"line":1391,"column":102}},"509":{"start":{"line":1397,"column":55},"end":{"line":1397,"column":112}},"510":{"start":{"line":1397,"column":100},"end":{"line":1397,"column":111}},"511":{"start":{"line":1398,"column":32},"end":{"line":1398,"column":102}},"512":{"start":{"line":1409,"column":28},"end":{"line":1412,"column":31}},"513":{"start":{"line":1425,"column":26},"end":{"line":1446,"column":32}},"514":{"start":{"line":1429,"column":56},"end":{"line":1429,"column":89}},"515":{"start":{"line":1430,"column":32},"end":{"line":1430,"column":72}},"516":{"start":{"line":1431,"column":32},"end":{"line":1431,"column":104}},"517":{"start":{"line":1438,"column":56},"end":{"line":1438,"column":114}},"518":{"start":{"line":1438,"column":102},"end":{"line":1438,"column":113}},"519":{"start":{"line":1439,"column":32},"end":{"line":1439,"column":104}},"520":{"start":{"line":1450,"column":28},"end":{"line":1453,"column":31}},"521":{"start":{"line":1499,"column":56},"end":{"line":1499,"column":79}},"522":{"start":{"line":1506,"column":18},"end":{"line":1506,"column":45}},"523":{"start":{"line":1507,"column":18},"end":{"line":1507,"column":42}},"524":{"start":{"line":1508,"column":18},"end":{"line":1508,"column":39}},"525":{"start":{"line":1517,"column":18},"end":{"line":1520,"column":19}},"526":{"start":{"line":1518,"column":20},"end":{"line":1518,"column":52}},"527":{"start":{"line":1519,"column":20},"end":{"line":1519,"column":44}},"528":{"start":{"line":1583,"column":22},"end":{"line":1583,"column":42}},"529":{"start":{"line":1584,"column":22},"end":{"line":1584,"column":164}},"530":{"start":{"line":1616,"column":18},"end":{"line":1616,"column":51}},"531":{"start":{"line":1626,"column":18},"end":{"line":1628,"column":23}},"532":{"start":{"line":1640,"column":25},"end":{"line":1640,"column":49}}},"fnMap":{"0":{"name":"formatDuration","decl":{"start":{"line":8,"column":9},"end":{"line":8,"column":23}},"loc":{"start":{"line":8,"column":34},"end":{"line":64,"column":1}},"line":8},"1":{"name":"VideoPopup","decl":{"start":{"line":67,"column":9},"end":{"line":67,"column":19}},"loc":{"start":{"line":67,"column":43},"end":{"line":289,"column":1}},"line":67},"2":{"name":"(anonymous_2)","decl":{"start":{"line":78,"column":22},"end":{"line":78,"column":23}},"loc":{"start":{"line":78,"column":31},"end":{"line":111,"column":3}},"line":78},"3":{"name":"(anonymous_3)","decl":{"start":{"line":116,"column":26},"end":{"line":116,"column":27}},"loc":{"start":{"line":116,"column":33},"end":{"line":124,"column":3}},"line":116},"4":{"name":"(anonymous_4)","decl":{"start":{"line":127,"column":32},"end":{"line":127,"column":33}},"loc":{"start":{"line":127,"column":39},"end":{"line":136,"column":3}},"line":127},"5":{"name":"(anonymous_5)","decl":{"start":{"line":139,"column":12},"end":{"line":139,"column":13}},"loc":{"start":{"line":139,"column":18},"end":{"line":178,"column":3}},"line":139},"6":{"name":"(anonymous_6)","decl":{"start":{"line":140,"column":28},"end":{"line":140,"column":29}},"loc":{"start":{"line":140,"column":35},"end":{"line":162,"column":5}},"line":140},"7":{"name":"(anonymous_7)","decl":{"start":{"line":164,"column":26},"end":{"line":164,"column":27}},"loc":{"start":{"line":164,"column":32},"end":{"line":167,"column":5}},"line":164},"8":{"name":"(anonymous_8)","decl":{"start":{"line":174,"column":11},"end":{"line":174,"column":12}},"loc":{"start":{"line":174,"column":17},"end":{"line":177,"column":5}},"line":174},"9":{"name":"(anonymous_9)","decl":{"start":{"line":181,"column":12},"end":{"line":181,"column":13}},"loc":{"start":{"line":181,"column":18},"end":{"line":194,"column":3}},"line":181},"10":{"name":"(anonymous_10)","decl":{"start":{"line":182,"column":25},"end":{"line":182,"column":26}},"loc":{"start":{"line":182,"column":31},"end":{"line":190,"column":5}},"line":182},"11":{"name":"(anonymous_11)","decl":{"start":{"line":193,"column":11},"end":{"line":193,"column":12}},"loc":{"start":{"line":193,"column":17},"end":{"line":193,"column":67}},"line":193},"12":{"name":"(anonymous_12)","decl":{"start":{"line":217,"column":21},"end":{"line":217,"column":22}},"loc":{"start":{"line":217,"column":27},"end":{"line":217,"column":63}},"line":217},"13":{"name":"(anonymous_13)","decl":{"start":{"line":224,"column":21},"end":{"line":224,"column":22}},"loc":{"start":{"line":224,"column":27},"end":{"line":224,"column":63}},"line":224},"14":{"name":"(anonymous_14)","decl":{"start":{"line":250,"column":21},"end":{"line":250,"column":22}},"loc":{"start":{"line":250,"column":27},"end":{"line":250,"column":46}},"line":250},"15":{"name":"(anonymous_15)","decl":{"start":{"line":251,"column":20},"end":{"line":251,"column":21}},"loc":{"start":{"line":251,"column":26},"end":{"line":251,"column":46}},"line":251},"16":{"name":"App","decl":{"start":{"line":291,"column":9},"end":{"line":291,"column":12}},"loc":{"start":{"line":291,"column":15},"end":{"line":1645,"column":1}},"line":291},"17":{"name":"(anonymous_17)","decl":{"start":{"line":318,"column":12},"end":{"line":318,"column":13}},"loc":{"start":{"line":318,"column":18},"end":{"line":321,"column":3}},"line":318},"18":{"name":"(anonymous_18)","decl":{"start":{"line":324,"column":12},"end":{"line":324,"column":13}},"loc":{"start":{"line":324,"column":18},"end":{"line":355,"column":3}},"line":324},"19":{"name":"(anonymous_19)","decl":{"start":{"line":325,"column":26},"end":{"line":325,"column":27}},"loc":{"start":{"line":325,"column":32},"end":{"line":339,"column":5}},"line":325},"20":{"name":"(anonymous_20)","decl":{"start":{"line":332,"column":19},"end":{"line":332,"column":20}},"loc":{"start":{"line":332,"column":25},"end":{"line":336,"column":9}},"line":332},"21":{"name":"(anonymous_21)","decl":{"start":{"line":349,"column":11},"end":{"line":349,"column":12}},"loc":{"start":{"line":349,"column":17},"end":{"line":353,"column":5}},"line":349},"22":{"name":"(anonymous_22)","decl":{"start":{"line":360,"column":37},"end":{"line":360,"column":38}},"loc":{"start":{"line":360,"column":43},"end":{"line":365,"column":3}},"line":360},"23":{"name":"(anonymous_23)","decl":{"start":{"line":368,"column":40},"end":{"line":368,"column":41}},"loc":{"start":{"line":368,"column":46},"end":{"line":527,"column":3}},"line":368},"24":{"name":"(anonymous_24)","decl":{"start":{"line":425,"column":22},"end":{"line":425,"column":23}},"loc":{"start":{"line":425,"column":28},"end":{"line":514,"column":7}},"line":425},"25":{"name":"(anonymous_25)","decl":{"start":{"line":430,"column":35},"end":{"line":430,"column":36}},"loc":{"start":{"line":430,"column":47},"end":{"line":511,"column":9}},"line":430},"26":{"name":"(anonymous_26)","decl":{"start":{"line":530,"column":12},"end":{"line":530,"column":13}},"loc":{"start":{"line":530,"column":18},"end":{"line":553,"column":3}},"line":530},"27":{"name":"(anonymous_27)","decl":{"start":{"line":531,"column":25},"end":{"line":531,"column":26}},"loc":{"start":{"line":531,"column":31},"end":{"line":549,"column":5}},"line":531},"28":{"name":"(anonymous_28)","decl":{"start":{"line":543,"column":58},"end":{"line":543,"column":59}},"loc":{"start":{"line":543,"column":70},"end":{"line":546,"column":11}},"line":543},"29":{"name":"(anonymous_29)","decl":{"start":{"line":552,"column":11},"end":{"line":552,"column":12}},"loc":{"start":{"line":552,"column":17},"end":{"line":552,"column":67}},"line":552},"30":{"name":"fetchRecipes","decl":{"start":{"line":555,"column":17},"end":{"line":555,"column":29}},"loc":{"start":{"line":555,"column":32},"end":{"line":565,"column":3}},"line":555},"31":{"name":"checkClipperHealth","decl":{"start":{"line":567,"column":17},"end":{"line":567,"column":35}},"loc":{"start":{"line":567,"column":38},"end":{"line":582,"column":3}},"line":567},"32":{"name":"addRecipe","decl":{"start":{"line":584,"column":17},"end":{"line":584,"column":26}},"loc":{"start":{"line":584,"column":29},"end":{"line":616,"column":3}},"line":584},"33":{"name":"(anonymous_33)","decl":{"start":{"line":590,"column":55},"end":{"line":590,"column":56}},"loc":{"start":{"line":590,"column":60},"end":{"line":590,"column":68}},"line":590},"34":{"name":"(anonymous_34)","decl":{"start":{"line":591,"column":58},"end":{"line":591,"column":59}},"loc":{"start":{"line":591,"column":63},"end":{"line":591,"column":71}},"line":591},"35":{"name":"(anonymous_35)","decl":{"start":{"line":593,"column":50},"end":{"line":593,"column":51}},"loc":{"start":{"line":593,"column":55},"end":{"line":593,"column":63}},"line":593},"36":{"name":"(anonymous_36)","decl":{"start":{"line":594,"column":52},"end":{"line":594,"column":53}},"loc":{"start":{"line":594,"column":57},"end":{"line":594,"column":65}},"line":594},"37":{"name":"updateRecipe","decl":{"start":{"line":618,"column":17},"end":{"line":618,"column":29}},"loc":{"start":{"line":618,"column":32},"end":{"line":649,"column":3}},"line":618},"38":{"name":"(anonymous_38)","decl":{"start":{"line":624,"column":55},"end":{"line":624,"column":56}},"loc":{"start":{"line":624,"column":60},"end":{"line":624,"column":68}},"line":624},"39":{"name":"(anonymous_39)","decl":{"start":{"line":625,"column":58},"end":{"line":625,"column":59}},"loc":{"start":{"line":625,"column":63},"end":{"line":625,"column":71}},"line":625},"40":{"name":"(anonymous_40)","decl":{"start":{"line":627,"column":50},"end":{"line":627,"column":51}},"loc":{"start":{"line":627,"column":55},"end":{"line":627,"column":63}},"line":627},"41":{"name":"(anonymous_41)","decl":{"start":{"line":628,"column":52},"end":{"line":628,"column":53}},"loc":{"start":{"line":628,"column":57},"end":{"line":628,"column":65}},"line":628},"42":{"name":"deleteRecipe","decl":{"start":{"line":651,"column":17},"end":{"line":651,"column":29}},"loc":{"start":{"line":651,"column":34},"end":{"line":663,"column":3}},"line":651},"43":{"name":"uploadImage","decl":{"start":{"line":665,"column":17},"end":{"line":665,"column":28}},"loc":{"start":{"line":665,"column":45},"end":{"line":682,"column":3}},"line":665},"44":{"name":"clipRecipe","decl":{"start":{"line":684,"column":17},"end":{"line":684,"column":27}},"loc":{"start":{"line":684,"column":30},"end":{"line":730,"column":3}},"line":684},"45":{"name":"editRecipe","decl":{"start":{"line":732,"column":11},"end":{"line":732,"column":21}},"loc":{"start":{"line":732,"column":30},"end":{"line":742,"column":3}},"line":732},"46":{"name":"resetForm","decl":{"start":{"line":744,"column":11},"end":{"line":744,"column":20}},"loc":{"start":{"line":744,"column":23},"end":{"line":752,"column":3}},"line":744},"47":{"name":"handleImageChange","decl":{"start":{"line":754,"column":11},"end":{"line":754,"column":28}},"loc":{"start":{"line":754,"column":32},"end":{"line":761,"column":3}},"line":754},"48":{"name":"editPreview","decl":{"start":{"line":763,"column":11},"end":{"line":763,"column":22}},"loc":{"start":{"line":763,"column":25},"end":{"line":775,"column":3}},"line":763},"49":{"name":"(anonymous_49)","decl":{"start":{"line":768,"column":114},"end":{"line":768,"column":115}},"loc":{"start":{"line":769,"column":8},"end":{"line":769,"column":51}},"line":769},"50":{"name":"updatePreview","decl":{"start":{"line":777,"column":11},"end":{"line":777,"column":24}},"loc":{"start":{"line":777,"column":27},"end":{"line":802,"column":3}},"line":777},"51":{"name":"(anonymous_51)","decl":{"start":{"line":780,"column":25},"end":{"line":780,"column":26}},"loc":{"start":{"line":780,"column":34},"end":{"line":783,"column":7}},"line":780},"52":{"name":"(anonymous_52)","decl":{"start":{"line":792,"column":54},"end":{"line":792,"column":55}},"loc":{"start":{"line":792,"column":59},"end":{"line":792,"column":67}},"line":792},"53":{"name":"(anonymous_53)","decl":{"start":{"line":793,"column":56},"end":{"line":793,"column":57}},"loc":{"start":{"line":793,"column":61},"end":{"line":793,"column":69}},"line":793},"54":{"name":"(anonymous_54)","decl":{"start":{"line":794,"column":59},"end":{"line":794,"column":60}},"loc":{"start":{"line":794,"column":64},"end":{"line":794,"column":72}},"line":794},"55":{"name":"(anonymous_55)","decl":{"start":{"line":795,"column":62},"end":{"line":795,"column":63}},"loc":{"start":{"line":795,"column":67},"end":{"line":795,"column":75}},"line":795},"56":{"name":"(anonymous_56)","decl":{"start":{"line":795,"column":81},"end":{"line":795,"column":82}},"loc":{"start":{"line":795,"column":97},"end":{"line":798,"column":7}},"line":795},"57":{"name":"cancelEditPreview","decl":{"start":{"line":804,"column":11},"end":{"line":804,"column":28}},"loc":{"start":{"line":804,"column":31},"end":{"line":807,"column":3}},"line":804},"58":{"name":"openRecipeView","decl":{"start":{"line":809,"column":11},"end":{"line":809,"column":25}},"loc":{"start":{"line":809,"column":34},"end":{"line":811,"column":3}},"line":809},"59":{"name":"openVideoPopup","decl":{"start":{"line":813,"column":11},"end":{"line":813,"column":25}},"loc":{"start":{"line":813,"column":36},"end":{"line":816,"column":3}},"line":813},"60":{"name":"saveRecipeToDatabase","decl":{"start":{"line":818,"column":17},"end":{"line":818,"column":37}},"loc":{"start":{"line":818,"column":40},"end":{"line":861,"column":3}},"line":818},"61":{"name":"checkForDuplicates","decl":{"start":{"line":863,"column":11},"end":{"line":863,"column":29}},"loc":{"start":{"line":863,"column":45},"end":{"line":884,"column":3}},"line":863},"62":{"name":"(anonymous_62)","decl":{"start":{"line":864,"column":38},"end":{"line":864,"column":39}},"loc":{"start":{"line":864,"column":48},"end":{"line":881,"column":5}},"line":864},"63":{"name":"calculateSimilarity","decl":{"start":{"line":886,"column":11},"end":{"line":886,"column":30}},"loc":{"start":{"line":886,"column":43},"end":{"line":898,"column":3}},"line":886},"64":{"name":"levenshteinDistance","decl":{"start":{"line":900,"column":11},"end":{"line":900,"column":30}},"loc":{"start":{"line":900,"column":43},"end":{"line":926,"column":3}},"line":900},"65":{"name":"(anonymous_65)","decl":{"start":{"line":955,"column":19},"end":{"line":955,"column":20}},"loc":{"start":{"line":955,"column":25},"end":{"line":955,"column":46}},"line":955},"66":{"name":"(anonymous_66)","decl":{"start":{"line":963,"column":49},"end":{"line":963,"column":50}},"loc":{"start":{"line":963,"column":55},"end":{"line":963,"column":75}},"line":963},"67":{"name":"(anonymous_67)","decl":{"start":{"line":972,"column":25},"end":{"line":972,"column":26}},"loc":{"start":{"line":972,"column":37},"end":{"line":1050,"column":13}},"line":972},"68":{"name":"(anonymous_68)","decl":{"start":{"line":976,"column":70},"end":{"line":976,"column":71}},"loc":{"start":{"line":976,"column":76},"end":{"line":976,"column":98}},"line":976},"69":{"name":"(anonymous_69)","decl":{"start":{"line":994,"column":32},"end":{"line":994,"column":33}},"loc":{"start":{"line":994,"column":38},"end":{"line":994,"column":113}},"line":994},"70":{"name":"(anonymous_70)","decl":{"start":{"line":995,"column":33},"end":{"line":995,"column":34}},"loc":{"start":{"line":995,"column":40},"end":{"line":1000,"column":25}},"line":995},"71":{"name":"(anonymous_71)","decl":{"start":{"line":1059,"column":53},"end":{"line":1059,"column":54}},"loc":{"start":{"line":1059,"column":59},"end":{"line":1059,"column":80}},"line":1059},"72":{"name":"(anonymous_72)","decl":{"start":{"line":1066,"column":26},"end":{"line":1066,"column":27}},"loc":{"start":{"line":1066,"column":31},"end":{"line":1066,"column":54}},"line":1066},"73":{"name":"(anonymous_73)","decl":{"start":{"line":1071,"column":26},"end":{"line":1071,"column":27}},"loc":{"start":{"line":1071,"column":31},"end":{"line":1071,"column":61}},"line":1071},"74":{"name":"(anonymous_74)","decl":{"start":{"line":1076,"column":26},"end":{"line":1076,"column":27}},"loc":{"start":{"line":1076,"column":31},"end":{"line":1076,"column":61}},"line":1076},"75":{"name":"(anonymous_75)","decl":{"start":{"line":1081,"column":26},"end":{"line":1081,"column":27}},"loc":{"start":{"line":1081,"column":31},"end":{"line":1081,"column":62}},"line":1081},"76":{"name":"(anonymous_76)","decl":{"start":{"line":1116,"column":53},"end":{"line":1116,"column":54}},"loc":{"start":{"line":1116,"column":59},"end":{"line":1120,"column":15}},"line":1116},"77":{"name":"(anonymous_77)","decl":{"start":{"line":1156,"column":26},"end":{"line":1156,"column":27}},"loc":{"start":{"line":1156,"column":31},"end":{"line":1156,"column":57}},"line":1156},"78":{"name":"(anonymous_78)","decl":{"start":{"line":1207,"column":25},"end":{"line":1207,"column":26}},"loc":{"start":{"line":1207,"column":31},"end":{"line":1215,"column":17}},"line":1207},"79":{"name":"(anonymous_79)","decl":{"start":{"line":1236,"column":113},"end":{"line":1236,"column":114}},"loc":{"start":{"line":1237,"column":28},"end":{"line":1237,"column":61}},"line":1237},"80":{"name":"(anonymous_80)","decl":{"start":{"line":1245,"column":116},"end":{"line":1245,"column":117}},"loc":{"start":{"line":1246,"column":28},"end":{"line":1248,"column":33}},"line":1246},"81":{"name":"(anonymous_81)","decl":{"start":{"line":1276,"column":31},"end":{"line":1276,"column":32}},"loc":{"start":{"line":1276,"column":43},"end":{"line":1306,"column":23}},"line":1276},"82":{"name":"(anonymous_82)","decl":{"start":{"line":1293,"column":66},"end":{"line":1293,"column":67}},"loc":{"start":{"line":1293,"column":71},"end":{"line":1293,"column":77}},"line":1293},"83":{"name":"(anonymous_83)","decl":{"start":{"line":1313,"column":31},"end":{"line":1313,"column":32}},"loc":{"start":{"line":1313,"column":37},"end":{"line":1332,"column":23}},"line":1313},"84":{"name":"(anonymous_84)","decl":{"start":{"line":1324,"column":37},"end":{"line":1324,"column":38}},"loc":{"start":{"line":1324,"column":43},"end":{"line":1330,"column":27}},"line":1324},"85":{"name":"(anonymous_85)","decl":{"start":{"line":1340,"column":31},"end":{"line":1340,"column":32}},"loc":{"start":{"line":1340,"column":37},"end":{"line":1348,"column":23}},"line":1340},"86":{"name":"(anonymous_86)","decl":{"start":{"line":1365,"column":34},"end":{"line":1365,"column":35}},"loc":{"start":{"line":1365,"column":39},"end":{"line":1365,"column":101}},"line":1365},"87":{"name":"(anonymous_87)","decl":{"start":{"line":1374,"column":34},"end":{"line":1374,"column":35}},"loc":{"start":{"line":1374,"column":39},"end":{"line":1374,"column":108}},"line":1374},"88":{"name":"(anonymous_88)","decl":{"start":{"line":1383,"column":57},"end":{"line":1383,"column":58}},"loc":{"start":{"line":1384,"column":26},"end":{"line":1405,"column":32}},"line":1384},"89":{"name":"(anonymous_89)","decl":{"start":{"line":1388,"column":40},"end":{"line":1388,"column":41}},"loc":{"start":{"line":1388,"column":45},"end":{"line":1392,"column":31}},"line":1388},"90":{"name":"(anonymous_90)","decl":{"start":{"line":1396,"column":39},"end":{"line":1396,"column":40}},"loc":{"start":{"line":1396,"column":45},"end":{"line":1399,"column":31}},"line":1396},"91":{"name":"(anonymous_91)","decl":{"start":{"line":1397,"column":90},"end":{"line":1397,"column":91}},"loc":{"start":{"line":1397,"column":100},"end":{"line":1397,"column":111}},"line":1397},"92":{"name":"(anonymous_92)","decl":{"start":{"line":1408,"column":35},"end":{"line":1408,"column":36}},"loc":{"start":{"line":1408,"column":41},"end":{"line":1413,"column":27}},"line":1408},"93":{"name":"(anonymous_93)","decl":{"start":{"line":1424,"column":58},"end":{"line":1424,"column":59}},"loc":{"start":{"line":1425,"column":26},"end":{"line":1446,"column":32}},"line":1425},"94":{"name":"(anonymous_94)","decl":{"start":{"line":1428,"column":40},"end":{"line":1428,"column":41}},"loc":{"start":{"line":1428,"column":45},"end":{"line":1432,"column":31}},"line":1428},"95":{"name":"(anonymous_95)","decl":{"start":{"line":1437,"column":39},"end":{"line":1437,"column":40}},"loc":{"start":{"line":1437,"column":45},"end":{"line":1440,"column":31}},"line":1437},"96":{"name":"(anonymous_96)","decl":{"start":{"line":1438,"column":92},"end":{"line":1438,"column":93}},"loc":{"start":{"line":1438,"column":102},"end":{"line":1438,"column":113}},"line":1438},"97":{"name":"(anonymous_97)","decl":{"start":{"line":1449,"column":35},"end":{"line":1449,"column":36}},"loc":{"start":{"line":1449,"column":41},"end":{"line":1454,"column":27}},"line":1449},"98":{"name":"(anonymous_98)","decl":{"start":{"line":1499,"column":50},"end":{"line":1499,"column":51}},"loc":{"start":{"line":1499,"column":56},"end":{"line":1499,"column":79}},"line":1499},"99":{"name":"(anonymous_99)","decl":{"start":{"line":1505,"column":25},"end":{"line":1505,"column":26}},"loc":{"start":{"line":1505,"column":31},"end":{"line":1509,"column":17}},"line":1505},"100":{"name":"(anonymous_100)","decl":{"start":{"line":1516,"column":25},"end":{"line":1516,"column":26}},"loc":{"start":{"line":1516,"column":31},"end":{"line":1521,"column":17}},"line":1516},"101":{"name":"(anonymous_101)","decl":{"start":{"line":1582,"column":29},"end":{"line":1582,"column":30}},"loc":{"start":{"line":1582,"column":36},"end":{"line":1585,"column":21}},"line":1582},"102":{"name":"(anonymous_102)","decl":{"start":{"line":1615,"column":91},"end":{"line":1615,"column":92}},"loc":{"start":{"line":1616,"column":18},"end":{"line":1616,"column":51}},"line":1616},"103":{"name":"(anonymous_103)","decl":{"start":{"line":1625,"column":94},"end":{"line":1625,"column":95}},"loc":{"start":{"line":1626,"column":18},"end":{"line":1628,"column":23}},"line":1626},"104":{"name":"(anonymous_104)","decl":{"start":{"line":1640,"column":19},"end":{"line":1640,"column":20}},"loc":{"start":{"line":1640,"column":25},"end":{"line":1640,"column":49}},"line":1640}},"branchMap":{"0":{"loc":{"start":{"line":4,"column":16},"end":{"line":4,"column":95}},"type":"binary-expr","locations":[{"start":{"line":4,"column":16},"end":{"line":4,"column":44}},{"start":{"line":4,"column":48},"end":{"line":4,"column":95}}],"line":4},"1":{"loc":{"start":{"line":5,"column":24},"end":{"line":5,"column":119}},"type":"binary-expr","locations":[{"start":{"line":5,"column":24},"end":{"line":5,"column":60}},{"start":{"line":5,"column":64},"end":{"line":5,"column":119}}],"line":5},"2":{"loc":{"start":{"line":9,"column":2},"end":{"line":9,"column":27}},"type":"if","locations":[{"start":{"line":9,"column":2},"end":{"line":9,"column":27}},{"start":{},"end":{}}],"line":9},"3":{"loc":{"start":{"line":12,"column":2},"end":{"line":20,"column":3}},"type":"if","locations":[{"start":{"line":12,"column":2},"end":{"line":20,"column":3}},{"start":{},"end":{}}],"line":12},"4":{"loc":{"start":{"line":15,"column":6},"end":{"line":15,"column":49}},"type":"if","locations":[{"start":{"line":15,"column":6},"end":{"line":15,"column":49}},{"start":{},"end":{}}],"line":15},"5":{"loc":{"start":{"line":23,"column":2},"end":{"line":23,"column":50}},"type":"if","locations":[{"start":{"line":23,"column":2},"end":{"line":23,"column":50}},{"start":{},"end":{}}],"line":23},"6":{"loc":{"start":{"line":34,"column":4},"end":{"line":37,"column":5}},"type":"if","locations":[{"start":{"line":34,"column":4},"end":{"line":37,"column":5}},{"start":{},"end":{}}],"line":34},"7":{"loc":{"start":{"line":41,"column":4},"end":{"line":43,"column":5}},"type":"if","locations":[{"start":{"line":41,"column":4},"end":{"line":43,"column":5}},{"start":{},"end":{}}],"line":41},"8":{"loc":{"start":{"line":47,"column":4},"end":{"line":57,"column":5}},"type":"if","locations":[{"start":{"line":47,"column":4},"end":{"line":57,"column":5}},{"start":{"line":52,"column":11},"end":{"line":57,"column":5}}],"line":47},"9":{"loc":{"start":{"line":49,"column":6},"end":{"line":51,"column":7}},"type":"if","locations":[{"start":{"line":49,"column":6},"end":{"line":51,"column":7}},{"start":{},"end":{}}],"line":49},"10":{"loc":{"start":{"line":52,"column":11},"end":{"line":57,"column":5}},"type":"if","locations":[{"start":{"line":52,"column":11},"end":{"line":57,"column":5}},{"start":{"line":54,"column":11},"end":{"line":57,"column":5}}],"line":52},"11":{"loc":{"start":{"line":79,"column":4},"end":{"line":79,"column":24}},"type":"if","locations":[{"start":{"line":79,"column":4},"end":{"line":79,"column":24}},{"start":{},"end":{}}],"line":79},"12":{"loc":{"start":{"line":85,"column":6},"end":{"line":95,"column":7}},"type":"if","locations":[{"start":{"line":85,"column":6},"end":{"line":95,"column":7}},{"start":{},"end":{}}],"line":85},"13":{"loc":{"start":{"line":85,"column":10},"end":{"line":85,"column":89}},"type":"binary-expr","locations":[{"start":{"line":85,"column":10},"end":{"line":85,"column":49}},{"start":{"line":85,"column":53},"end":{"line":85,"column":89}}],"line":85},"14":{"loc":{"start":{"line":87,"column":8},"end":{"line":91,"column":9}},"type":"if","locations":[{"start":{"line":87,"column":8},"end":{"line":91,"column":9}},{"start":{"line":89,"column":15},"end":{"line":91,"column":9}}],"line":87},"15":{"loc":{"start":{"line":89,"column":15},"end":{"line":91,"column":9}},"type":"if","locations":[{"start":{"line":89,"column":15},"end":{"line":91,"column":9}},{"start":{},"end":{}}],"line":89},"16":{"loc":{"start":{"line":92,"column":8},"end":{"line":94,"column":9}},"type":"if","locations":[{"start":{"line":92,"column":8},"end":{"line":94,"column":9}},{"start":{},"end":{}}],"line":92},"17":{"loc":{"start":{"line":98,"column":6},"end":{"line":103,"column":7}},"type":"if","locations":[{"start":{"line":98,"column":6},"end":{"line":103,"column":7}},{"start":{},"end":{}}],"line":98},"18":{"loc":{"start":{"line":100,"column":8},"end":{"line":102,"column":9}},"type":"if","locations":[{"start":{"line":100,"column":8},"end":{"line":102,"column":9}},{"start":{},"end":{}}],"line":100},"19":{"loc":{"start":{"line":117,"column":4},"end":{"line":123,"column":5}},"type":"if","locations":[{"start":{"line":117,"column":4},"end":{"line":123,"column":5}},{"start":{},"end":{}}],"line":117},"20":{"loc":{"start":{"line":117,"column":8},"end":{"line":117,"column":92}},"type":"binary-expr","locations":[{"start":{"line":117,"column":8},"end":{"line":117,"column":47}},{"start":{"line":117,"column":51},"end":{"line":117,"column":92}}],"line":117},"21":{"loc":{"start":{"line":141,"column":6},"end":{"line":161,"column":7}},"type":"if","locations":[{"start":{"line":141,"column":6},"end":{"line":161,"column":7}},{"start":{"line":153,"column":13},"end":{"line":161,"column":7}}],"line":141},"22":{"loc":{"start":{"line":153,"column":13},"end":{"line":161,"column":7}},"type":"if","locations":[{"start":{"line":153,"column":13},"end":{"line":161,"column":7}},{"start":{},"end":{}}],"line":153},"23":{"loc":{"start":{"line":169,"column":4},"end":{"line":172,"column":5}},"type":"if","locations":[{"start":{"line":169,"column":4},"end":{"line":172,"column":5}},{"start":{},"end":{}}],"line":169},"24":{"loc":{"start":{"line":169,"column":8},"end":{"line":169,"column":32}},"type":"binary-expr","locations":[{"start":{"line":169,"column":8},"end":{"line":169,"column":18}},{"start":{"line":169,"column":22},"end":{"line":169,"column":32}}],"line":169},"25":{"loc":{"start":{"line":207,"column":16},"end":{"line":207,"column":51}},"type":"cond-expr","locations":[{"start":{"line":207,"column":29},"end":{"line":207,"column":39}},{"start":{"line":207,"column":42},"end":{"line":207,"column":51}}],"line":207},"26":{"loc":{"start":{"line":241,"column":9},"end":{"line":269,"column":9}},"type":"cond-expr","locations":[{"start":{"line":242,"column":10},"end":{"line":252,"column":12}},{"start":{"line":254,"column":10},"end":{"line":268,"column":16}}],"line":241},"27":{"loc":{"start":{"line":326,"column":33},"end":{"line":326,"column":105}},"type":"binary-expr","locations":[{"start":{"line":326,"column":33},"end":{"line":326,"column":62}},{"start":{"line":326,"column":66},"end":{"line":326,"column":105}}],"line":326},"28":{"loc":{"start":{"line":327,"column":23},"end":{"line":327,"column":109}},"type":"cond-expr","locations":[{"start":{"line":327,"column":44},"end":{"line":327,"column":101}},{"start":{"line":327,"column":104},"end":{"line":327,"column":109}}],"line":327},"29":{"loc":{"start":{"line":331,"column":6},"end":{"line":337,"column":7}},"type":"if","locations":[{"start":{"line":331,"column":6},"end":{"line":337,"column":7}},{"start":{},"end":{}}],"line":331},"30":{"loc":{"start":{"line":331,"column":10},"end":{"line":331,"column":61}},"type":"binary-expr","locations":[{"start":{"line":331,"column":10},"end":{"line":331,"column":36}},{"start":{"line":331,"column":40},"end":{"line":331,"column":61}}],"line":331},"31":{"loc":{"start":{"line":333,"column":10},"end":{"line":335,"column":11}},"type":"if","locations":[{"start":{"line":333,"column":10},"end":{"line":335,"column":11}},{"start":{},"end":{}}],"line":333},"32":{"loc":{"start":{"line":333,"column":14},"end":{"line":333,"column":65}},"type":"binary-expr","locations":[{"start":{"line":333,"column":14},"end":{"line":333,"column":40}},{"start":{"line":333,"column":44},"end":{"line":333,"column":65}}],"line":333},"33":{"loc":{"start":{"line":345,"column":31},"end":{"line":345,"column":103}},"type":"binary-expr","locations":[{"start":{"line":345,"column":31},"end":{"line":345,"column":60}},{"start":{"line":345,"column":64},"end":{"line":345,"column":103}}],"line":345},"34":{"loc":{"start":{"line":346,"column":23},"end":{"line":346,"column":100}},"type":"cond-expr","locations":[{"start":{"line":346,"column":44},"end":{"line":346,"column":93}},{"start":{"line":346,"column":96},"end":{"line":346,"column":100}}],"line":346},"35":{"loc":{"start":{"line":347,"column":4},"end":{"line":347,"column":70}},"type":"binary-expr","locations":[{"start":{"line":347,"column":4},"end":{"line":347,"column":14}},{"start":{"line":347,"column":18},"end":{"line":347,"column":70}}],"line":347},"36":{"loc":{"start":{"line":350,"column":6},"end":{"line":350,"column":75}},"type":"binary-expr","locations":[{"start":{"line":350,"column":6},"end":{"line":350,"column":16}},{"start":{"line":350,"column":20},"end":{"line":350,"column":75}}],"line":350},"37":{"loc":{"start":{"line":361,"column":4},"end":{"line":364,"column":5}},"type":"if","locations":[{"start":{"line":361,"column":4},"end":{"line":364,"column":5}},{"start":{},"end":{}}],"line":361},"38":{"loc":{"start":{"line":369,"column":4},"end":{"line":369,"column":68}},"type":"if","locations":[{"start":{"line":369,"column":4},"end":{"line":369,"column":68}},{"start":{},"end":{}}],"line":369},"39":{"loc":{"start":{"line":369,"column":8},"end":{"line":369,"column":59}},"type":"binary-expr","locations":[{"start":{"line":369,"column":8},"end":{"line":369,"column":35}},{"start":{"line":369,"column":39},"end":{"line":369,"column":59}}],"line":369},"40":{"loc":{"start":{"line":392,"column":8},"end":{"line":404,"column":9}},"type":"if","locations":[{"start":{"line":392,"column":8},"end":{"line":404,"column":9}},{"start":{"line":396,"column":15},"end":{"line":404,"column":9}}],"line":392},"41":{"loc":{"start":{"line":396,"column":15},"end":{"line":404,"column":9}},"type":"if","locations":[{"start":{"line":396,"column":15},"end":{"line":404,"column":9}},{"start":{"line":400,"column":15},"end":{"line":404,"column":9}}],"line":396},"42":{"loc":{"start":{"line":426,"column":8},"end":{"line":426,"column":42}},"type":"if","locations":[{"start":{"line":426,"column":8},"end":{"line":426,"column":42}},{"start":{},"end":{}}],"line":426},"43":{"loc":{"start":{"line":433,"column":10},"end":{"line":436,"column":11}},"type":"if","locations":[{"start":{"line":433,"column":10},"end":{"line":436,"column":11}},{"start":{},"end":{}}],"line":433},"44":{"loc":{"start":{"line":439,"column":10},"end":{"line":441,"column":11}},"type":"if","locations":[{"start":{"line":439,"column":10},"end":{"line":441,"column":11}},{"start":{},"end":{}}],"line":439},"45":{"loc":{"start":{"line":439,"column":14},"end":{"line":439,"column":68}},"type":"binary-expr","locations":[{"start":{"line":439,"column":14},"end":{"line":439,"column":38}},{"start":{"line":439,"column":42},"end":{"line":439,"column":68}}],"line":439},"46":{"loc":{"start":{"line":450,"column":10},"end":{"line":510,"column":11}},"type":"if","locations":[{"start":{"line":450,"column":10},"end":{"line":510,"column":11}},{"start":{"line":473,"column":17},"end":{"line":510,"column":11}}],"line":450},"47":{"loc":{"start":{"line":473,"column":17},"end":{"line":510,"column":11}},"type":"if","locations":[{"start":{"line":473,"column":17},"end":{"line":510,"column":11}},{"start":{"line":504,"column":17},"end":{"line":510,"column":11}}],"line":473},"48":{"loc":{"start":{"line":533,"column":6},"end":{"line":548,"column":7}},"type":"if","locations":[{"start":{"line":533,"column":6},"end":{"line":548,"column":7}},{"start":{},"end":{}}],"line":533},"49":{"loc":{"start":{"line":533,"column":10},"end":{"line":533,"column":60}},"type":"binary-expr","locations":[{"start":{"line":533,"column":10},"end":{"line":533,"column":36}},{"start":{"line":533,"column":40},"end":{"line":533,"column":60}}],"line":533},"50":{"loc":{"start":{"line":542,"column":8},"end":{"line":547,"column":9}},"type":"if","locations":[{"start":{"line":542,"column":8},"end":{"line":547,"column":9}},{"start":{},"end":{}}],"line":542},"51":{"loc":{"start":{"line":544,"column":12},"end":{"line":544,"column":85}},"type":"if","locations":[{"start":{"line":544,"column":12},"end":{"line":544,"column":85}},{"start":{},"end":{}}],"line":544},"52":{"loc":{"start":{"line":545,"column":12},"end":{"line":545,"column":87}},"type":"if","locations":[{"start":{"line":545,"column":12},"end":{"line":545,"column":87}},{"start":{},"end":{}}],"line":545},"53":{"loc":{"start":{"line":558,"column":6},"end":{"line":561,"column":7}},"type":"if","locations":[{"start":{"line":558,"column":6},"end":{"line":561,"column":7}},{"start":{},"end":{}}],"line":558},"54":{"loc":{"start":{"line":570,"column":6},"end":{"line":577,"column":7}},"type":"if","locations":[{"start":{"line":570,"column":6},"end":{"line":577,"column":7}},{"start":{"line":574,"column":13},"end":{"line":577,"column":7}}],"line":570},"55":{"loc":{"start":{"line":585,"column":4},"end":{"line":585,"column":22}},"type":"if","locations":[{"start":{"line":585,"column":4},"end":{"line":585,"column":22}},{"start":{},"end":{}}],"line":585},"56":{"loc":{"start":{"line":602,"column":6},"end":{"line":612,"column":7}},"type":"if","locations":[{"start":{"line":602,"column":6},"end":{"line":612,"column":7}},{"start":{},"end":{}}],"line":602},"57":{"loc":{"start":{"line":606,"column":8},"end":{"line":608,"column":9}},"type":"if","locations":[{"start":{"line":606,"column":8},"end":{"line":608,"column":9}},{"start":{},"end":{}}],"line":606},"58":{"loc":{"start":{"line":619,"column":4},"end":{"line":619,"column":40}},"type":"if","locations":[{"start":{"line":619,"column":4},"end":{"line":619,"column":40}},{"start":{},"end":{}}],"line":619},"59":{"loc":{"start":{"line":619,"column":8},"end":{"line":619,"column":31}},"type":"binary-expr","locations":[{"start":{"line":619,"column":8},"end":{"line":619,"column":22}},{"start":{"line":619,"column":26},"end":{"line":619,"column":31}}],"line":619},"60":{"loc":{"start":{"line":623,"column":13},"end":{"line":623,"column":65}},"type":"binary-expr","locations":[{"start":{"line":623,"column":13},"end":{"line":623,"column":32}},{"start":{"line":623,"column":36},"end":{"line":623,"column":59}},{"start":{"line":623,"column":63},"end":{"line":623,"column":65}}],"line":623},"61":{"loc":{"start":{"line":636,"column":6},"end":{"line":645,"column":7}},"type":"if","locations":[{"start":{"line":636,"column":6},"end":{"line":645,"column":7}},{"start":{},"end":{}}],"line":636},"62":{"loc":{"start":{"line":638,"column":8},"end":{"line":640,"column":9}},"type":"if","locations":[{"start":{"line":638,"column":8},"end":{"line":640,"column":9}},{"start":{},"end":{}}],"line":638},"63":{"loc":{"start":{"line":652,"column":4},"end":{"line":652,"column":73}},"type":"if","locations":[{"start":{"line":652,"column":4},"end":{"line":652,"column":73}},{"start":{},"end":{}}],"line":652},"64":{"loc":{"start":{"line":657,"column":6},"end":{"line":659,"column":7}},"type":"if","locations":[{"start":{"line":657,"column":6},"end":{"line":659,"column":7}},{"start":{},"end":{}}],"line":657},"65":{"loc":{"start":{"line":676,"column":6},"end":{"line":678,"column":7}},"type":"if","locations":[{"start":{"line":676,"column":6},"end":{"line":678,"column":7}},{"start":{},"end":{}}],"line":676},"66":{"loc":{"start":{"line":685,"column":4},"end":{"line":685,"column":25}},"type":"if","locations":[{"start":{"line":685,"column":4},"end":{"line":685,"column":25}},{"start":{},"end":{}}],"line":685},"67":{"loc":{"start":{"line":696,"column":6},"end":{"line":715,"column":7}},"type":"if","locations":[{"start":{"line":696,"column":6},"end":{"line":715,"column":7}},{"start":{"line":701,"column":13},"end":{"line":715,"column":7}}],"line":696},"68":{"loc":{"start":{"line":706,"column":8},"end":{"line":714,"column":9}},"type":"if","locations":[{"start":{"line":706,"column":8},"end":{"line":714,"column":9}},{"start":{"line":708,"column":15},"end":{"line":714,"column":9}}],"line":706},"69":{"loc":{"start":{"line":708,"column":15},"end":{"line":714,"column":9}},"type":"if","locations":[{"start":{"line":708,"column":15},"end":{"line":714,"column":9}},{"start":{"line":710,"column":15},"end":{"line":714,"column":9}}],"line":708},"70":{"loc":{"start":{"line":710,"column":15},"end":{"line":714,"column":9}},"type":"if","locations":[{"start":{"line":710,"column":15},"end":{"line":714,"column":9}},{"start":{"line":712,"column":15},"end":{"line":714,"column":9}}],"line":710},"71":{"loc":{"start":{"line":710,"column":19},"end":{"line":710,"column":57}},"type":"binary-expr","locations":[{"start":{"line":710,"column":19},"end":{"line":710,"column":35}},{"start":{"line":710,"column":39},"end":{"line":710,"column":57}}],"line":710},"72":{"loc":{"start":{"line":720,"column":6},"end":{"line":726,"column":7}},"type":"if","locations":[{"start":{"line":720,"column":6},"end":{"line":726,"column":7}},{"start":{"line":722,"column":13},"end":{"line":726,"column":7}}],"line":720},"73":{"loc":{"start":{"line":720,"column":10},"end":{"line":720,"column":63}},"type":"binary-expr","locations":[{"start":{"line":720,"column":10},"end":{"line":720,"column":32}},{"start":{"line":720,"column":36},"end":{"line":720,"column":63}}],"line":720},"74":{"loc":{"start":{"line":722,"column":13},"end":{"line":726,"column":7}},"type":"if","locations":[{"start":{"line":722,"column":13},"end":{"line":726,"column":7}},{"start":{"line":724,"column":13},"end":{"line":726,"column":7}}],"line":722},"75":{"loc":{"start":{"line":722,"column":17},"end":{"line":722,"column":80}},"type":"binary-expr","locations":[{"start":{"line":722,"column":17},"end":{"line":722,"column":39}},{"start":{"line":722,"column":43},"end":{"line":722,"column":80}}],"line":722},"76":{"loc":{"start":{"line":735,"column":19},"end":{"line":735,"column":43}},"type":"binary-expr","locations":[{"start":{"line":735,"column":19},"end":{"line":735,"column":37}},{"start":{"line":735,"column":41},"end":{"line":735,"column":43}}],"line":735},"77":{"loc":{"start":{"line":737,"column":30},"end":{"line":737,"column":81}},"type":"binary-expr","locations":[{"start":{"line":737,"column":30},"end":{"line":737,"column":53}},{"start":{"line":737,"column":57},"end":{"line":737,"column":75}},{"start":{"line":737,"column":79},"end":{"line":737,"column":81}}],"line":737},"78":{"loc":{"start":{"line":738,"column":31},"end":{"line":738,"column":85}},"type":"binary-expr","locations":[{"start":{"line":738,"column":31},"end":{"line":738,"column":56}},{"start":{"line":738,"column":60},"end":{"line":738,"column":79}},{"start":{"line":738,"column":83},"end":{"line":738,"column":85}}],"line":738},"79":{"loc":{"start":{"line":739,"column":19},"end":{"line":739,"column":87}},"type":"cond-expr","locations":[{"start":{"line":739,"column":54},"end":{"line":739,"column":82}},{"start":{"line":739,"column":85},"end":{"line":739,"column":87}}],"line":739},"80":{"loc":{"start":{"line":740,"column":20},"end":{"line":740,"column":90}},"type":"cond-expr","locations":[{"start":{"line":740,"column":56},"end":{"line":740,"column":85}},{"start":{"line":740,"column":88},"end":{"line":740,"column":90}}],"line":740},"81":{"loc":{"start":{"line":756,"column":4},"end":{"line":760,"column":5}},"type":"if","locations":[{"start":{"line":756,"column":4},"end":{"line":760,"column":5}},{"start":{"line":758,"column":11},"end":{"line":760,"column":5}}],"line":756},"82":{"loc":{"start":{"line":756,"column":8},"end":{"line":756,"column":46}},"type":"binary-expr","locations":[{"start":{"line":756,"column":8},"end":{"line":756,"column":12}},{"start":{"line":756,"column":16},"end":{"line":756,"column":46}}],"line":756},"83":{"loc":{"start":{"line":766,"column":19},"end":{"line":766,"column":57}},"type":"binary-expr","locations":[{"start":{"line":766,"column":19},"end":{"line":766,"column":51}},{"start":{"line":766,"column":55},"end":{"line":766,"column":57}}],"line":766},"84":{"loc":{"start":{"line":767,"column":24},"end":{"line":767,"column":103}},"type":"binary-expr","locations":[{"start":{"line":767,"column":24},"end":{"line":767,"column":56}},{"start":{"line":767,"column":60},"end":{"line":767,"column":97}},{"start":{"line":767,"column":101},"end":{"line":767,"column":103}}],"line":767},"85":{"loc":{"start":{"line":768,"column":25},"end":{"line":770,"column":7}},"type":"binary-expr","locations":[{"start":{"line":768,"column":25},"end":{"line":768,"column":58}},{"start":{"line":768,"column":62},"end":{"line":770,"column":7}}],"line":768},"86":{"loc":{"start":{"line":768,"column":63},"end":{"line":768,"column":108}},"type":"binary-expr","locations":[{"start":{"line":768,"column":63},"end":{"line":768,"column":102}},{"start":{"line":768,"column":106},"end":{"line":768,"column":108}}],"line":768},"87":{"loc":{"start":{"line":769,"column":8},"end":{"line":769,"column":51}},"type":"cond-expr","locations":[{"start":{"line":769,"column":35},"end":{"line":769,"column":39}},{"start":{"line":769,"column":42},"end":{"line":769,"column":51}}],"line":769},"88":{"loc":{"start":{"line":771,"column":17},"end":{"line":771,"column":77}},"type":"binary-expr","locations":[{"start":{"line":771,"column":17},"end":{"line":771,"column":47}},{"start":{"line":771,"column":51},"end":{"line":771,"column":77}}],"line":771},"89":{"loc":{"start":{"line":778,"column":4},"end":{"line":785,"column":5}},"type":"if","locations":[{"start":{"line":778,"column":4},"end":{"line":785,"column":5}},{"start":{},"end":{}}],"line":778},"90":{"loc":{"start":{"line":778,"column":8},"end":{"line":778,"column":56}},"type":"binary-expr","locations":[{"start":{"line":778,"column":8},"end":{"line":778,"column":24}},{"start":{"line":778,"column":28},"end":{"line":778,"column":56}}],"line":778},"91":{"loc":{"start":{"line":782,"column":14},"end":{"line":782,"column":71}},"type":"binary-expr","locations":[{"start":{"line":782,"column":15},"end":{"line":782,"column":35}},{"start":{"line":782,"column":39},"end":{"line":782,"column":64}},{"start":{"line":782,"column":69},"end":{"line":782,"column":71}}],"line":782},"92":{"loc":{"start":{"line":821,"column":6},"end":{"line":824,"column":7}},"type":"if","locations":[{"start":{"line":821,"column":6},"end":{"line":824,"column":7}},{"start":{},"end":{}}],"line":821},"93":{"loc":{"start":{"line":832,"column":6},"end":{"line":852,"column":7}},"type":"if","locations":[{"start":{"line":832,"column":6},"end":{"line":852,"column":7}},{"start":{"line":842,"column":13},"end":{"line":852,"column":7}}],"line":832},"94":{"loc":{"start":{"line":847,"column":8},"end":{"line":851,"column":9}},"type":"if","locations":[{"start":{"line":847,"column":8},"end":{"line":851,"column":9}},{"start":{"line":849,"column":15},"end":{"line":851,"column":9}}],"line"
[...]
art":{"line":1208,"column":18},"end":{"line":1214,"column":19}},{"start":{},"end":{}}],"line":1208},"139":{"loc":{"start":{"line":1221,"column":15},"end":{"line":1488,"column":15}},"type":"cond-expr","locations":[{"start":{"line":1223,"column":16},"end":{"line":1355,"column":19}},{"start":{"line":1358,"column":16},"end":{"line":1487,"column":19}}],"line":1221},"140":{"loc":{"start":{"line":1227,"column":23},"end":{"line":1229,"column":23}},"type":"binary-expr","locations":[{"start":{"line":1227,"column":23},"end":{"line":1227,"column":55}},{"start":{"line":1228,"column":24},"end":{"line":1228,"column":104}}],"line":1227},"141":{"loc":{"start":{"line":1234,"column":43},"end":{"line":1234,"column":122}},"type":"binary-expr","locations":[{"start":{"line":1234,"column":43},"end":{"line":1234,"column":80}},{"start":{"line":1234,"column":84},"end":{"line":1234,"column":116}},{"start":{"line":1234,"column":120},"end":{"line":1234,"column":122}}],"line":1234},"142":{"loc":{"start":{"line":1236,"column":28},"end":{"line":1236,"column":107}},"type":"binary-expr","locations":[{"start":{"line":1236,"column":28},"end":{"line":1236,"column":65}},{"start":{"line":1236,"column":69},"end":{"line":1236,"column":101}},{"start":{"line":1236,"column":105},"end":{"line":1236,"column":107}}],"line":1236},"143":{"loc":{"start":{"line":1243,"column":44},"end":{"line":1243,"column":126}},"type":"binary-expr","locations":[{"start":{"line":1243,"column":44},"end":{"line":1243,"column":83}},{"start":{"line":1243,"column":87},"end":{"line":1243,"column":120}},{"start":{"line":1243,"column":124},"end":{"line":1243,"column":126}}],"line":1243},"144":{"loc":{"start":{"line":1245,"column":28},"end":{"line":1245,"column":110}},"type":"binary-expr","locations":[{"start":{"line":1245,"column":28},"end":{"line":1245,"column":67}},{"start":{"line":1245,"column":71},"end":{"line":1245,"column":104}},{"start":{"line":1245,"column":108},"end":{"line":1245,"column":110}}],"line":1245},"145":{"loc":{"start":{"line":1247,"column":31},"end":{"line":1247,"column":101}},"type":"cond-expr","locations":[{"start":{"line":1247,"column":65},"end":{"line":1247,"column":76}},{"start":{"line":1247,"column":79},"end":{"line":1247,"column":101}}],"line":1247},"146":{"loc":{"start":{"line":1247,"column":79},"end":{"line":1247,"column":101}},"type":"binary-expr","locations":[{"start":{"line":1247,"column":79},"end":{"line":1247,"column":95}},{"start":{"line":1247,"column":99},"end":{"line":1247,"column":101}}],"line":1247},"147":{"loc":{"start":{"line":1254,"column":21},"end":{"line":1263,"column":21}},"type":"binary-expr","locations":[{"start":{"line":1254,"column":22},"end":{"line":1254,"column":48}},{"start":{"line":1254,"column":52},"end":{"line":1254,"column":82}},{"start":{"line":1255,"column":22},"end":{"line":1262,"column":28}}],"line":1254},"148":{"loc":{"start":{"line":1258,"column":31},"end":{"line":1258,"column":91}},"type":"binary-expr","locations":[{"start":{"line":1258,"column":31},"end":{"line":1258,"column":57}},{"start":{"line":1258,"column":61},"end":{"line":1258,"column":91}}],"line":1258},"149":{"loc":{"start":{"line":1279,"column":24},"end":{"line":1282,"column":25}},"type":"if","locations":[{"start":{"line":1279,"column":24},"end":{"line":1282,"column":25}},{"start":{},"end":{}}],"line":1279},"150":{"loc":{"start":{"line":1284,"column":24},"end":{"line":1284,"column":51}},"type":"if","locations":[{"start":{"line":1284,"column":24},"end":{"line":1284,"column":51}},{"start":{},"end":{}}],"line":1284},"151":{"loc":{"start":{"line":1292,"column":26},"end":{"line":1299,"column":27}},"type":"if","locations":[{"start":{"line":1292,"column":26},"end":{"line":1299,"column":27}},{"start":{"line":1297,"column":33},"end":{"line":1299,"column":27}}],"line":1292},"152":{"loc":{"start":{"line":1294,"column":28},"end":{"line":1296,"column":29}},"type":"if","locations":[{"start":{"line":1294,"column":28},"end":{"line":1296,"column":29}},{"start":{},"end":{}}],"line":1294},"153":{"loc":{"start":{"line":1310,"column":23},"end":{"line":1310,"column":70}},"type":"cond-expr","locations":[{"start":{"line":1310,"column":40},"end":{"line":1310,"column":54}},{"start":{"line":1310,"column":57},"end":{"line":1310,"column":70}}],"line":1310},"154":{"loc":{"start":{"line":1314,"column":24},"end":{"line":1331,"column":25}},"type":"if","locations":[{"start":{"line":1314,"column":24},"end":{"line":1331,"column":25}},{"start":{},"end":{}}],"line":1314},"155":{"loc":{"start":{"line":1326,"column":28},"end":{"line":1329,"column":29}},"type":"if","locations":[{"start":{"line":1326,"column":28},"end":{"line":1329,"column":29}},{"start":{},"end":{}}],"line":1326},"156":{"loc":{"start":{"line":1341,"column":24},"end":{"line":1347,"column":25}},"type":"if","locations":[{"start":{"line":1341,"column":24},"end":{"line":1347,"column":25}},{"start":{},"end":{}}],"line":1341},"157":{"loc":{"start":{"line":1462,"column":21},"end":{"line":1471,"column":21}},"type":"binary-expr","locations":[{"start":{"line":1462,"column":21},"end":{"line":1462,"column":51}},{"start":{"line":1463,"column":22},"end":{"line":1470,"column":28}}],"line":1462},"158":{"loc":{"start":{"line":1495,"column":7},"end":{"line":1634,"column":7}},"type":"binary-expr","locations":[{"start":{"line":1495,"column":7},"end":{"line":1495,"column":21}},{"start":{"line":1496,"column":8},"end":{"line":1633,"column":14}}],"line":1495},"159":{"loc":{"start":{"line":1517,"column":18},"end":{"line":1520,"column":19}},"type":"if","locations":[{"start":{"line":1517,"column":18},"end":{"line":1520,"column":19}},{"start":{},"end":{}}],"line":1517},"160":{"loc":{"start":{"line":1534,"column":13},"end":{"line":1562,"column":13}},"type":"cond-expr","locations":[{"start":{"line":1537,"column":14},"end":{"line":1556,"column":20}},{"start":{"line":1558,"column":14},"end":{"line":1561,"column":18}}],"line":1534},"161":{"loc":{"start":{"line":1534,"column":14},"end":{"line":1536,"column":95}},"type":"binary-expr","locations":[{"start":{"line":1534,"column":14},"end":{"line":1534,"column":38}},{"start":{"line":1534,"column":42},"end":{"line":1534,"column":65}},{"start":{"line":1535,"column":14},"end":{"line":1535,"column":38}},{"start":{"line":1535,"column":42},"end":{"line":1535,"column":65}},{"start":{"line":1536,"column":14},"end":{"line":1536,"column":41}},{"start":{"line":1536,"column":45},"end":{"line":1536,"column":71}},{"start":{"line":1536,"column":75},"end":{"line":1536,"column":95}}],"line":1534},"162":{"loc":{"start":{"line":1540,"column":48},"end":{"line":1540,"column":122}},"type":"binary-expr","locations":[{"start":{"line":1540,"column":48},"end":{"line":1540,"column":115}},{"start":{"line":1540,"column":119},"end":{"line":1540,"column":122}}],"line":1540},"163":{"loc":{"start":{"line":1540,"column":63},"end":{"line":1540,"column":114}},"type":"binary-expr","locations":[{"start":{"line":1540,"column":63},"end":{"line":1540,"column":87}},{"start":{"line":1540,"column":91},"end":{"line":1540,"column":114}}],"line":1540},"164":{"loc":{"start":{"line":1545,"column":48},"end":{"line":1545,"column":122}},"type":"binary-expr","locations":[{"start":{"line":1545,"column":48},"end":{"line":1545,"column":115}},{"start":{"line":1545,"column":119},"end":{"line":1545,"column":122}}],"line":1545},"165":{"loc":{"start":{"line":1545,"column":63},"end":{"line":1545,"column":114}},"type":"binary-expr","locations":[{"start":{"line":1545,"column":63},"end":{"line":1545,"column":87}},{"start":{"line":1545,"column":91},"end":{"line":1545,"column":114}}],"line":1545},"166":{"loc":{"start":{"line":1547,"column":17},"end":{"line":1555,"column":17}},"type":"binary-expr","locations":[{"start":{"line":1547,"column":18},"end":{"line":1547,"column":45}},{"start":{"line":1547,"column":49},"end":{"line":1547,"column":75}},{"start":{"line":1547,"column":79},"end":{"line":1547,"column":99}},{"start":{"line":1548,"column":18},"end":{"line":1554,"column":21}}],"line":1547},"167":{"loc":{"start":{"line":1552,"column":52},"end":{"line":1552,"column":133}},"type":"binary-expr","locations":[{"start":{"line":1552,"column":52},"end":{"line":1552,"column":79}},{"start":{"line":1552,"column":83},"end":{"line":1552,"column":109}},{"start":{"line":1552,"column":113},"end":{"line":1552,"column":133}}],"line":1552},"168":{"loc":{"start":{"line":1565,"column":13},"end":{"line":1591,"column":13}},"type":"binary-expr","locations":[{"start":{"line":1565,"column":14},"end":{"line":1565,"column":39}},{"start":{"line":1565,"column":43},"end":{"line":1565,"column":81}},{"start":{"line":1565,"column":86},"end":{"line":1565,"column":106}},{"start":{"line":1565,"column":110},"end":{"line":1565,"column":141}},{"start":{"line":1566,"column":14},"end":{"line":1590,"column":20}}],"line":1565},"169":{"loc":{"start":{"line":1567,"column":17},"end":{"line":1577,"column":17}},"type":"binary-expr","locations":[{"start":{"line":1567,"column":17},"end":{"line":1567,"column":42}},{"start":{"line":1568,"column":18},"end":{"line":1576,"column":22}}],"line":1567},"170":{"loc":{"start":{"line":1578,"column":17},"end":{"line":1589,"column":17}},"type":"binary-expr","locations":[{"start":{"line":1578,"column":18},"end":{"line":1578,"column":56}},{"start":{"line":1578,"column":61},"end":{"line":1578,"column":81}},{"start":{"line":1578,"column":85},"end":{"line":1578,"column":116}},{"start":{"line":1579,"column":18},"end":{"line":1588,"column":27}}],"line":1578},"171":{"loc":{"start":{"line":1584,"column":37},"end":{"line":1584,"column":162}},"type":"cond-expr","locations":[{"start":{"line":1584,"column":78},"end":{"line":1584,"column":102}},{"start":{"line":1584,"column":106},"end":{"line":1584,"column":161}}],"line":1584},"172":{"loc":{"start":{"line":1584,"column":106},"end":{"line":1584,"column":161}},"type":"binary-expr","locations":[{"start":{"line":1584,"column":106},"end":{"line":1584,"column":126}},{"start":{"line":1584,"column":130},"end":{"line":1584,"column":161}}],"line":1584},"173":{"loc":{"start":{"line":1596,"column":13},"end":{"line":1606,"column":13}},"type":"cond-expr","locations":[{"start":{"line":1597,"column":14},"end":{"line":1601,"column":16}},{"start":{"line":1603,"column":14},"end":{"line":1605,"column":20}}],"line":1596},"174":{"loc":{"start":{"line":1596,"column":14},"end":{"line":1596,"column":62}},"type":"binary-expr","locations":[{"start":{"line":1596,"column":14},"end":{"line":1596,"column":34}},{"start":{"line":1596,"column":38},"end":{"line":1596,"column":62}}],"line":1596},"175":{"loc":{"start":{"line":1598,"column":21},"end":{"line":1598,"column":69}},"type":"binary-expr","locations":[{"start":{"line":1598,"column":21},"end":{"line":1598,"column":41}},{"start":{"line":1598,"column":45},"end":{"line":1598,"column":69}}],"line":1598},"176":{"loc":{"start":{"line":1615,"column":18},"end":{"line":1615,"column":85}},"type":"binary-expr","locations":[{"start":{"line":1615,"column":18},"end":{"line":1615,"column":49}},{"start":{"line":1615,"column":53},"end":{"line":1615,"column":79}},{"start":{"line":1615,"column":83},"end":{"line":1615,"column":85}}],"line":1615},"177":{"loc":{"start":{"line":1625,"column":18},"end":{"line":1625,"column":88}},"type":"binary-expr","locations":[{"start":{"line":1625,"column":18},"end":{"line":1625,"column":51}},{"start":{"line":1625,"column":55},"end":{"line":1625,"column":82}},{"start":{"line":1625,"column":86},"end":{"line":1625,"column":88}}],"line":1625},"178":{"loc":{"start":{"line":1627,"column":21},"end":{"line":1627,"column":91}},"type":"cond-expr","locations":[{"start":{"line":1627,"column":55},"end":{"line":1627,"column":66}},{"start":{"line":1627,"column":69},"end":{"line":1627,"column":91}}],"line":1627},"179":{"loc":{"start":{"line":1627,"column":69},"end":{"line":1627,"column":91}},"type":"binary-expr","locations":[{"start":{"line":1627,"column":69},"end":{"line":1627,"column":85}},{"start":{"line":1627,"column":89},"end":{"line":1627,"column":91}}],"line":1627},"180":{"loc":{"start":{"line":1637,"column":7},"end":{"line":1642,"column":7}},"type":"binary-expr","locations":[{"start":{"line":1637,"column":7},"end":{"line":1637,"column":21}},{"start":{"line":1638,"column":8},"end":{"line":1641,"column":10}}],"line":1637}},"s":{"0":2,"1":2,"2":0,"3":0,"4":0,"5":0,"6":0,"7":0,"8":0,"9":0,"10":0,"11":0,"12":0,"13":0,"14":0,"15":0,"16":0,"17":0,"18":0,"19":0,"20":0,"21":0,"22":0,"23":0,"24":0,"25":0,"26":0,"27":0,"28":0,"29":0,"30":0,"31":0,"32":0,"33":0,"34":0,"35":22,"36":22,"37":22,"38":22,"39":22,"40":22,"41":22,"42":22,"43":22,"44":22,"45":1,"46":21,"47":21,"48":20,"49":19,"50":19,"51":1,"52":18,"53":18,"54":19,"55":19,"56":1,"57":1,"58":1,"59":1,"60":0,"61":1,"62":1,"63":22,"64":22,"65":1,"66":1,"67":1,"68":22,"69":1,"70":1,"71":1,"72":22,"73":19,"74":2,"75":1,"76":1,"77":1,"78":1,"79":1,"80":1,"81":1,"82":1,"83":1,"84":1,"85":1,"86":19,"87":2,"88":2,"89":19,"90":2,"91":2,"92":19,"93":19,"94":19,"95":22,"96":17,"97":1,"98":1,"99":1,"100":17,"101":17,"102":17,"103":22,"104":1,"105":1,"106":0,"107":0,"108":169,"109":169,"110":169,"111":169,"112":169,"113":169,"114":169,"115":169,"116":169,"117":169,"118":169,"119":169,"120":169,"121":169,"122":169,"123":169,"124":169,"125":169,"126":169,"127":169,"128":169,"129":169,"130":169,"131":169,"132":169,"133":169,"134":16,"135":16,"136":169,"137":16,"138":16,"139":16,"140":16,"141":16,"142":16,"143":11,"144":4,"145":16,"146":16,"147":16,"148":16,"149":16,"150":16,"151":16,"152":169,"153":16,"154":4,"155":169,"156":4,"157":0,"158":4,"159":4,"160":4,"161":4,"162":4,"163":4,"164":4,"165":4,"166":4,"167":4,"168":4,"169":400,"170":400,"171":154,"172":154,"173":154,"174":246,"175":132,"176":132,"177":132,"178":114,"179":114,"180":114,"181":400,"182":4,"183":4,"184":4,"185":15,"186":3,"187":12,"188":12,"189":1200,"190":1200,"191":0,"192":0,"193":1200,"194":762,"195":1200,"196":1200,"197":1200,"198":338,"199":338,"200":338,"201":338,"202":338,"203":338,"204":338,"205":338,"206":338,"207":338,"208":862,"209":424,"210":424,"211":424,"212":424,"213":424,"214":424,"215":424,"216":424,"217":424,"218":424,"219":424,"220":424,"221":424,"222":424,"223":438,"224":438,"225":438,"226":438,"227":12,"228":4,"229":4,"230":4,"231":0,"232":0,"233":169,"234":16,"235":1,"236":0,"237":0,"238":0,"239":0,"240":0,"241":0,"242":0,"243":0,"244":0,"245":0,"246":16,"247":16,"248":16,"249":17,"250":17,"251":17,"252":17,"253":17,"254":0,"255":16,"256":16,"257":16,"258":16,"259":16,"260":16,"261":0,"262":0,"263":0,"264":0,"265":0,"266":0,"267":0,"268":0,"269":0,"270":0,"271":0,"272":0,"273":0,"274":0,"275":0,"276":0,"277":0,"278":0,"279":0,"280":0,"281":0,"282":0,"283":0,"284":0,"285":0,"286":0,"287":0,"288":0,"289":0,"290":0,"291":0,"292":0,"293":0,"294":0,"295":0,"296":0,"297":0,"298":0,"299":0,"300":0,"301":0,"302":0,"303":0,"304":0,"305":0,"306":0,"307":0,"308":0,"309":0,"310":0,"311":0,"312":3,"313":0,"314":3,"315":3,"316":3,"317":3,"318":3,"319":2,"320":2,"321":2,"322":2,"323":1,"324":1,"325":1,"326":1,"327":0,"328":0,"329":0,"330":0,"331":0,"332":0,"333":0,"334":0,"335":0,"336":0,"337":0,"338":3,"339":0,"340":0,"341":0,"342":0,"343":0,"344":0,"345":0,"346":0,"347":0,"348":0,"349":0,"350":0,"351":0,"352":0,"353":0,"354":0,"355":0,"356":0,"357":0,"358":1,"359":0,"360":1,"361":1,"362":0,"363":0,"364":0,"365":1,"366":1,"367":1,"368":1,"369":1,"370":1,"371":1,"372":1,"373":0,"374":0,"375":13,"376":13,"377":13,"378":1,"379":1,"380":0,"381":0,"382":1,"383":1,"384":1,"385":1,"386":1,"387":1,"388":1,"389":1,"390":1,"391":1,"392":1,"393":0,"394":0,"395":0,"396":0,"397":0,"398":0,"399":0,"400":0,"401":0,"402":1,"403":0,"404":0,"405":0,"406":0,"407":0,"408":0,"409":1,"410":0,"411":0,"412":0,"413":0,"414":0,"415":0,"416":0,"417":0,"418":0,"419":0,"420":0,"421":0,"422":0,"423":0,"424":0,"425":0,"426":0,"427":0,"428":0,"429":0,"430":0,"431":0,"432":0,"433":0,"434":0,"435":0,"436":0,"437":169,"438":3,"439":0,"440":14,"441":14,"442":14,"443":13,"444":0,"445":0,"446":0,"447":0,"448":0,"449":0,"450":0,"451":0,"452":0,"453":0,"454":0,"455":0,"456":81,"457":0,"458":0,"459":0,"460":0,"461":0,"462":0,"463":6,"464":6,"465":1,"466":1,"467":0,"468":0,"469":1,"470":0,"471":1,"472":1,"473":1,"474":1,"475":1,"476":0,"477":0,"478":0,"479":0,"480":1,"481":0,"482":0,"483":1,"484":0,"485":0,"486":0,"487":0,"488":0,"489":0,"490":0,"491":0,"492":0,"493":0,"494":0,"495":0,"496":0,"497":0,"498":0,"499":0,"500":0,"501":0,"502":0,"503":14,"504":0,"505":15,"506":0,"507":0,"508":0,"509":0,"510":0,"511":0,"512":0,"513":15,"514":0,"515":0,"516":0,"517":0,"518":0,"519":0,"520":0,"521":0,"522":0,"523":0,"524":0,"525":0,"526":0,"527":0,"528":13,"529":13,"530":0,"531":0,"532":1},"f":{"0":0,"1":22,"2":22,"3":1,"4":1,"5":19,"6":2,"7":2,"8":19,"9":17,"10":1,"11":17,"12":1,"13":1,"14":0,"15":0,"16":169,"17":16,"18":16,"19":16,"20":11,"21":16,"22":16,"23":4,"24":15,"25":1200,"26":16,"27":1,"28":0,"29":16,"30":17,"31":16,"32":0,"33":0,"34":0,"35":0,"36":0,"37":0,"38":0,"39":0,"40":0,"41":0,"42":0,"43":0,"44":3,"45":0,"46":0,"47":0,"48":1,"49":0,"50":1,"51":0,"52":1,"53":1,"54":1,"55":1,"56":1,"57":0,"58":13,"59":13,"60":1,"61":1,"62":0,"63":0,"64":0,"65":3,"66":0,"67":14,"68":13,"69":0,"70":0,"71":0,"72":0,"73":0,"74":0,"75":0,"76":0,"77":81,"78":0,"79":6,"80":6,"81":1,"82":0,"83":0,"84":0,"85":0,"86":14,"87":0,"88":15,"89":0,"90":0,"91":0,"92":0,"93":15,"94":0,"95":0,"96":0,"97":0,"98":0,"99":0,"100":0,"101":13,"102":0,"103":0,"104":1},"b":{"0":[2,0],"1":[2,0],"2":[0,0],"3":[0,0],"4":[0,0],"5":[0,0],"6":[0,0],"7":[0,0],"8":[0,0],"9":[0,0],"10":[0,0],"11":[1,21],"12":[19,1],"13":[20,2],"14":[1,18],"15":[18,0],"16":[19,0],"17":[1,0],"18":[1,0],"19":[1,0],"20":[1,0],"21":[1,1],"22":[1,0],"23":[2,17],"24":[19,18],"25":[2,20],"26":[21,1],"27":[16,16],"28":[16,0],"29":[16,0],"30":[16,16],"31":[4,7],"32":[11,4],"33":[16,16],"34":[16,0],"35":[16,16],"36":[16,16],"37":[4,12],"38":[0,4],"39":[4,4],"40":[154,246],"41":[132,114],"42":[3,12],"43":[0,1200],"44":[762,438],"45":[1200,862],"46":[338,862],"47":[424,438],"48":[0,1],"49":[1,1],"50":[0,0],"51":[0,0],"52":[0,0],"53":[17,0],"54":[16,0],"55":[0,0],"56":[0,0],"57":[0,0],"58":[0,0],"59":[0,0],"60":[0,0,0],"61":[0,0],"62":[0,0],"63":[0,0],"64":[0,0],"65":[0,0],"66":[0,3],"67":[2,1],"68":[1,0],"69":[0,0],"70":[0,0],"71":[0,0],"72":[0,0],"73":[0,0],"74":[0,0],"75":[0,0],"76":[0,0],"77":[0,0,0],"78":[0,0,0],"79":[0,0],"80":[0,0],"81":[0,0],"82":[0,0],"83":[1,1],"84":[1,0,0],"85":[1,0],"86":[0,0],"87":[0,0],"88":[1,1],"89":[0,1],"90":[1,1],"91":[0,0,0],"92":[0,1],"93":[1,0],"94":[0,0],"95":[0,0],"96":[0,0],"97":[0,0],"98":[0,0],"99":[0,0],"100":[0,0],"101":[0,0],"102":[0,0],"103":[0,0],"104":[0,0],"105":[0,0],"106":[0,0],"107":[27,142],"108":[0,169],"109":[148,21],"110":[0,169],"111":[169,169,76,57,30],"112":[1,13],"113":[14,14],"114":[1,1],"115":[0,0],"116":[0,0],"117":[0,14],"118":[14,14,14,14,14],"119":[0,0],"120":[0,0],"121":[0,0],"122":[0,0],"123":[0,0,0,0],"124":[0,0,0],"125":[169,0],"126":[0,0],"127":[0,0],"128":[0,0],"129":[169,93],"130":[93,5],"131":[93,88],"132":[93,0],"133":[93,1],"134":[93,90],"135":[3,90],"136":[169,19],"137":[19,1],"138":[0,0],"139":[4,15],"140":[4,2],"141":[4,3,0],"142":[4,3,0],"143":[4,3,0],"144":[4,3,0],"145":[5,1],"146":[1,0],"147":[4,4,2],"148":[2,2],"149":[0,1],"150":[0,1],"151":[0,1],"152":[0,0],"153":[1,3],"154":[0,0],"155":[0,0],"156":[0,0],"157":[15,0],"158":[169,27],"159":[0,0],"160":[0,27],"161":[27,27,27,27,27,27,27],"162":[0,0],"163":[0,0],"164":[0,0],"165":[0,0],"166":[0,0,0,0],"167":[0,0,0],"168":[27,27,2,2,27],"169":[27,0],"170":[27,2,2,27],"171":[12,1],"172":[1,1],"173":[0,27],"174":[27,27],"175":[0,0],"176":[27,27,27],"177":[27,27,27],"178":[0,0],"179":[0,0],"180":[169,13]},"_coverageSchema":"1a1c01bbd47fc00a2c39e90264f33305004495a9","hash":"c265811567b061c44ea2a2c6c5dac5fe9ef5ebd0"}
,"/workspace/frontend/src/main.jsx": {"path":"/workspace/frontend/src/main.jsx","statementMap":{"0":{"start":{"line":9,"column":0},"end":{"line":13,"column":1}}},"fnMap":{},"branchMap":{},"s":{"0":0},"f":{},"b":{}}
}
