{"/workspace/frontend/src/App.jsx": {"path":"/workspace/frontend/src/App.jsx","statementMap":{"0":{"start":{"line":4,"column":16},"end":{"line":4,"column":96}},"1":{"start":{"line":5,"column":24},"end":{"line":5,"column":119}},"2":{"start":{"line":6,"column":22},"end":{"line":6,"column":110}},"3":{"start":{"line":10,"column":34},"end":{"line":10,"column":82}},"4":{"start":{"line":11,"column":26},"end":{"line":11,"column":63}},"5":{"start":{"line":12,"column":38},"end":{"line":12,"column":53}},"6":{"start":{"line":13,"column":38},"end":{"line":13,"column":53}},"7":{"start":{"line":14,"column":38},"end":{"line":14,"column":62}},"8":{"start":{"line":15,"column":40},"end":{"line":15,"column":85}},"9":{"start":{"line":16,"column":38},"end":{"line":16,"column":53}},"10":{"start":{"line":17,"column":19},"end":{"line":17,"column":31}},"11":{"start":{"line":20,"column":22},"end":{"line":53,"column":3}},"12":{"start":{"line":21,"column":4},"end":{"line":21,"column":24}},"13":{"start":{"line":21,"column":14},"end":{"line":21,"column":24}},"14":{"start":{"line":23,"column":4},"end":{"line":52,"column":5}},"15":{"start":{"line":24,"column":21},"end":{"line":24,"column":33}},"16":{"start":{"line":27,"column":6},"end":{"line":37,"column":7}},"17":{"start":{"line":28,"column":22},"end":{"line":28,"column":24}},"18":{"start":{"line":29,"column":8},"end":{"line":33,"column":9}},"19":{"start":{"line":30,"column":10},"end":{"line":30,"column":45}},"20":{"start":{"line":31,"column":15},"end":{"line":33,"column":9}},"21":{"start":{"line":32,"column":10},"end":{"line":32,"column":49}},"22":{"start":{"line":34,"column":8},"end":{"line":36,"column":9}},"23":{"start":{"line":35,"column":10},"end":{"line":35,"column":60}},"24":{"start":{"line":40,"column":6},"end":{"line":45,"column":7}},"25":{"start":{"line":41,"column":24},"end":{"line":41,"column":48}},"26":{"start":{"line":42,"column":8},"end":{"line":44,"column":9}},"27":{"start":{"line":43,"column":10},"end":{"line":43,"column":61}},"28":{"start":{"line":48,"column":6},"end":{"line":48,"column":17}},"29":{"start":{"line":50,"column":6},"end":{"line":50,"column":55}},"30":{"start":{"line":51,"column":6},"end":{"line":51,"column":17}},"31":{"start":{"line":55,"column":19},"end":{"line":55,"column":40}},"32":{"start":{"line":58,"column":26},"end":{"line":66,"column":3}},"33":{"start":{"line":59,"column":4},"end":{"line":65,"column":5}},"34":{"start":{"line":60,"column":6},"end":{"line":60,"column":26}},"35":{"start":{"line":61,"column":6},"end":{"line":64,"column":9}},"36":{"start":{"line":69,"column":32},"end":{"line":78,"column":3}},"37":{"start":{"line":70,"column":4},"end":{"line":70,"column":24}},"38":{"start":{"line":71,"column":4},"end":{"line":71,"column":24}},"39":{"start":{"line":72,"column":4},"end":{"line":77,"column":7}},"40":{"start":{"line":81,"column":2},"end":{"line":120,"column":81}},"41":{"start":{"line":82,"column":28},"end":{"line":104,"column":5}},"42":{"start":{"line":83,"column":6},"end":{"line":103,"column":7}},"43":{"start":{"line":84,"column":21},"end":{"line":84,"column":45}},"44":{"start":{"line":85,"column":21},"end":{"line":85,"column":45}},"45":{"start":{"line":88,"column":21},"end":{"line":88,"column":51}},"46":{"start":{"line":89,"column":21},"end":{"line":89,"column":53}},"47":{"start":{"line":91,"column":8},"end":{"line":94,"column":11}},"48":{"start":{"line":95,"column":13},"end":{"line":103,"column":7}},"49":{"start":{"line":96,"column":23},"end":{"line":96,"column":48}},"50":{"start":{"line":97,"column":23},"end":{"line":97,"column":48}},"51":{"start":{"line":99,"column":25},"end":{"line":99,"column":81}},"52":{"start":{"line":100,"column":26},"end":{"line":100,"column":83}},"53":{"start":{"line":102,"column":8},"end":{"line":102,"column":56}},"54":{"start":{"line":106,"column":26},"end":{"line":109,"column":5}},"55":{"start":{"line":107,"column":6},"end":{"line":107,"column":27}},"56":{"start":{"line":108,"column":6},"end":{"line":108,"column":27}},"57":{"start":{"line":111,"column":4},"end":{"line":114,"column":5}},"58":{"start":{"line":112,"column":6},"end":{"line":112,"column":62}},"59":{"start":{"line":113,"column":6},"end":{"line":113,"column":58}},"60":{"start":{"line":116,"column":4},"end":{"line":119,"column":6}},"61":{"start":{"line":117,"column":6},"end":{"line":117,"column":65}},"62":{"start":{"line":118,"column":6},"end":{"line":118,"column":61}},"63":{"start":{"line":123,"column":2},"end":{"line":136,"column":56}},"64":{"start":{"line":124,"column":25},"end":{"line":132,"column":5}},"65":{"start":{"line":125,"column":19},"end":{"line":125,"column":49}},"66":{"start":{"line":126,"column":19},"end":{"line":126,"column":51}},"67":{"start":{"line":128,"column":6},"end":{"line":131,"column":9}},"68":{"start":{"line":134,"column":4},"end":{"line":134,"column":52}},"69":{"start":{"line":135,"column":4},"end":{"line":135,"column":68}},"70":{"start":{"line":135,"column":17},"end":{"line":135,"column":67}},"71":{"start":{"line":138,"column":2},"end":{"line":230,"column":4}},"72":{"start":{"line":159,"column":27},"end":{"line":159,"column":63}},"73":{"start":{"line":166,"column":27},"end":{"line":166,"column":63}},"74":{"start":{"line":192,"column":27},"end":{"line":192,"column":46}},"75":{"start":{"line":193,"column":26},"end":{"line":193,"column":46}},"76":{"start":{"line":234,"column":32},"end":{"line":234,"column":44}},"77":{"start":{"line":235,"column":26},"end":{"line":235,"column":38}},"78":{"start":{"line":236,"column":40},"end":{"line":236,"column":52}},"79":{"start":{"line":237,"column":40},"end":{"line":237,"column":52}},"80":{"start":{"line":238,"column":42},"end":{"line":238,"column":54}},"81":{"start":{"line":239,"column":34},"end":{"line":239,"column":46}},"82":{"start":{"line":240,"column":34},"end":{"line":240,"column":46}},"83":{"start":{"line":241,"column":40},"end":{"line":241,"column":52}},"84":{"start":{"line":242,"column":44},"end":{"line":242,"column":58}},"85":{"start":{"line":243,"column":44},"end":{"line":243,"column":58}},"86":{"start":{"line":244,"column":40},"end":{"line":244,"column":55}},"87":{"start":{"line":245,"column":46},"end":{"line":245,"column":60}},"88":{"start":{"line":246,"column":38},"end":{"line":246,"column":53}},"89":{"start":{"line":247,"column":58},"end":{"line":247,"column":72}},"90":{"start":{"line":248,"column":38},"end":{"line":248,"column":53}},"91":{"start":{"line":249,"column":36},"end":{"line":249,"column":48}},"92":{"start":{"line":250,"column":44},"end":{"line":250,"column":64}},"93":{"start":{"line":251,"column":42},"end":{"line":251,"column":53}},"94":{"start":{"line":252,"column":40},"end":{"line":252,"column":55}},"95":{"start":{"line":253,"column":48},"end":{"line":253,"column":62}},"96":{"start":{"line":254,"column":50},"end":{"line":254,"column":65}},"97":{"start":{"line":255,"column":46},"end":{"line":255,"column":61}},"98":{"start":{"line":256,"column":42},"end":{"line":256,"column":53}},"99":{"start":{"line":257,"column":46},"end":{"line":257,"column":61}},"100":{"start":{"line":258,"column":48},"end":{"line":258,"column":60}},"101":{"start":{"line":259,"column":46},"end":{"line":259,"column":60}},"102":{"start":{"line":260,"column":48},"end":{"line":260,"column":63}},"103":{"start":{"line":261,"column":40},"end":{"line":261,"column":52}},"104":{"start":{"line":262,"column":56},"end":{"line":262,"column":71}},"105":{"start":{"line":263,"column":54},"end":{"line":263,"column":69}},"106":{"start":{"line":264,"column":32},"end":{"line":264,"column":44}},"107":{"start":{"line":265,"column":44},"end":{"line":265,"column":56}},"108":{"start":{"line":266,"column":40},"end":{"line":266,"column":55}},"109":{"start":{"line":267,"column":52},"end":{"line":267,"column":67}},"110":{"start":{"line":268,"column":29},"end":{"line":268,"column":41}},"111":{"start":{"line":269,"column":23},"end":{"line":269,"column":35}},"112":{"start":{"line":270,"column":24},"end":{"line":270,"column":36}},"113":{"start":{"line":271,"column":30},"end":{"line":271,"column":42}},"114":{"start":{"line":272,"column":27},"end":{"line":272,"column":39}},"115":{"start":{"line":274,"column":2},"end":{"line":277,"column":9}},"116":{"start":{"line":275,"column":4},"end":{"line":275,"column":19}},"117":{"start":{"line":276,"column":4},"end":{"line":276,"column":25}},"118":{"start":{"line":280,"column":2},"end":{"line":299,"column":26}},"119":{"start":{"line":281,"column":31},"end":{"line":290,"column":5}},"120":{"start":{"line":283,"column":24},"end":{"line":283,"column":63}},"121":{"start":{"line":284,"column":28},"end":{"line":284,"column":79}},"122":{"start":{"line":286,"column":6},"end":{"line":289,"column":7}},"123":{"start":{"line":288,"column":8},"end":{"line":288,"column":36}},"124":{"start":{"line":292,"column":4},"end":{"line":294,"column":5}},"125":{"start":{"line":293,"column":6},"end":{"line":293,"column":65}},"126":{"start":{"line":296,"column":4},"end":{"line":298,"column":6}},"127":{"start":{"line":297,"column":6},"end":{"line":297,"column":68}},"128":{"start":{"line":302,"column":2},"end":{"line":359,"column":16}},"129":{"start":{"line":303,"column":18},"end":{"line":303,"column":23}},"130":{"start":{"line":304,"column":18},"end":{"line":304,"column":19}},"131":{"start":{"line":306,"column":32},"end":{"line":333,"column":5}},"132":{"start":{"line":307,"column":6},"end":{"line":310,"column":7}},"133":{"start":{"line":308,"column":8},"end":{"line":308,"column":24}},"134":{"start":{"line":309,"column":8},"end":{"line":309,"column":15}},"135":{"start":{"line":312,"column":20},"end":{"line":312,"column":74}},"136":{"start":{"line":313,"column":27},"end":{"line":313,"column":45}},"137":{"start":{"line":315,"column":6},"end":{"line":330,"column":9}},"138":{"start":{"line":316,"column":21},"end":{"line":316,"column":49}},"139":{"start":{"line":317,"column":24},"end":{"line":317,"column":42}},"140":{"start":{"line":318,"column":27},"end":{"line":318,"column":52}},"141":{"start":{"line":319,"column":35},"end":{"line":319,"column":84}},"142":{"start":{"line":320,"column":28},"end":{"line":320,"column":40}},"143":{"start":{"line":321,"column":26},"end":{"line":321,"column":75}},"144":{"start":{"line":324,"column":8},"end":{"line":324,"column":63}},"145":{"start":{"line":325,"column":8},"end":{"line":325,"column":76}},"146":{"start":{"line":328,"column":25},"end":{"line":328,"column":66}},"147":{"start":{"line":329,"column":8},"end":{"line":329,"column":68}},"148":{"start":{"line":332,"column":6},"end":{"line":332,"column":22}},"149":{"start":{"line":335,"column":25},"end":{"line":352,"column":5}},"150":{"start":{"line":336,"column":6},"end":{"line":336,"column":31}},"151":{"start":{"line":339,"column":28},"end":{"line":339,"column":71}},"152":{"start":{"line":340,"column":6},"end":{"line":346,"column":7}},"153":{"start":{"line":341,"column":8},"end":{"line":345,"column":9}},"154":{"start":{"line":342,"column":10},"end":{"line":342,"column":50}},"155":{"start":{"line":344,"column":10},"end":{"line":344,"column":53}},"156":{"start":{"line":348,"column":6},"end":{"line":351,"column":7}},"157":{"start":{"line":349,"column":8},"end":{"line":349,"column":58}},"158":{"start":{"line":350,"column":8},"end":{"line":350,"column":23}},"159":{"start":{"line":355,"column":4},"end":{"line":355,"column":71}},"160":{"start":{"line":356,"column":4},"end":{"line":356,"column":19}},"161":{"start":{"line":358,"column":4},"end":{"line":358,"column":68}},"162":{"start":{"line":358,"column":17},"end":{"line":358,"column":67}},"163":{"start":{"line":362,"column":2},"end":{"line":403,"column":23}},"164":{"start":{"line":363,"column":4},"end":{"line":363,"column":64}},"165":{"start":{"line":363,"column":57},"end":{"line":363,"column":64}},"166":{"start":{"line":365,"column":18},"end":{"line":365,"column":23}},"167":{"start":{"line":367,"column":31},"end":{"line":390,"column":5}},"168":{"start":{"line":368,"column":6},"end":{"line":389,"column":7}},"169":{"start":{"line":369,"column":8},"end":{"line":387,"column":11}},"170":{"start":{"line":370,"column":10},"end":{"line":373,"column":11}},"171":{"start":{"line":371,"column":12},"end":{"line":371,"column":28}},"172":{"start":{"line":372,"column":12},"end":{"line":372,"column":19}},"173":{"start":{"line":375,"column":28},"end":{"line":375,"column":65}},"174":{"start":{"line":376,"column":34},"end":{"line":376,"column":36}},"175":{"start":{"line":377,"column":32},"end":{"line":377,"column":35}},"176":{"start":{"line":380,"column":24},"end":{"line":380,"column":25}},"177":{"start":{"line":381,"column":10},"end":{"line":383,"column":11}},"178":{"start":{"line":382,"column":12},"end":{"line":382,"column":105}},"179":{"start":{"line":385,"column":10},"end":{"line":385,"column":35}},"180":{"start":{"line":386,"column":10},"end":{"line":386,"column":26}},"181":{"start":{"line":388,"column":8},"end":{"line":388,"column":23}},"182":{"start":{"line":392,"column":28},"end":{"line":392,"column":55}},"183":{"start":{"line":393,"column":4},"end":{"line":393,"column":86}},"184":{"start":{"line":396,"column":4},"end":{"line":396,"column":23}},"185":{"start":{"line":398,"column":4},"end":{"line":402,"column":6}},"186":{"start":{"line":399,"column":6},"end":{"line":401,"column":7}},"187":{"start":{"line":400,"column":8},"end":{"line":400,"column":74}},"188":{"start":{"line":406,"column":2},"end":{"line":437,"column":9}},"189":{"start":{"line":407,"column":26},"end":{"line":421,"column":5}},"190":{"start":{"line":408,"column":33},"end":{"line":408,"column":105}},"191":{"start":{"line":409,"column":23},"end":{"line":409,"column":109}},"192":{"start":{"line":410,"column":6},"end":{"line":410,"column":30}},"193":{"start":{"line":413,"column":6},"end":{"line":419,"column":7}},"194":{"start":{"line":414,"column":8},"end":{"line":418,"column":16}},"195":{"start":{"line":415,"column":10},"end":{"line":417,"column":11}},"196":{"start":{"line":416,"column":12},"end":{"line":416,"column":44}},"197":{"start":{"line":424,"column":4},"end":{"line":424,"column":20}},"198":{"start":{"line":427,"column":31},"end":{"line":427,"column":103}},"199":{"start":{"line":428,"column":23},"end":{"line":428,"column":100}},"200":{"start":{"line":429,"column":4},"end":{"line":429,"column":71}},"201":{"start":{"line":431,"column":4},"end":{"line":435,"column":6}},"202":{"start":{"line":432,"column":6},"end":{"line":432,"column":76}},"203":{"start":{"line":434,"column":6},"end":{"line":434,"column":35}},"204":{"start":{"line":442,"column":37},"end":{"line":447,"column":3}},"205":{"start":{"line":443,"column":4},"end":{"line":446,"column":5}},"206":{"start":{"line":445,"column":6},"end":{"line":445,"column":34}},"207":{"start":{"line":450,"column":40},"end":{"line":609,"column":3}},"208":{"start":{"line":451,"column":4},"end":{"line":451,"column":68}},"209":{"start":{"line":451,"column":61},"end":{"line":451,"column":68}},"210":{"start":{"line":453,"column":4},"end":{"line":608,"column":5}},"211":{"start":{"line":454,"column":21},"end":{"line":454,"column":47}},"212":{"start":{"line":455,"column":18},"end":{"line":455,"column":41}},"213":{"start":{"line":457,"column":6},"end":{"line":457,"column":39}},"214":{"start":{"line":458,"column":6},"end":{"line":458,"column":41}},"215":{"start":{"line":460,"column":6},"end":{"line":460,"column":65}},"216":{"start":{"line":461,"column":6},"end":{"line":461,"column":74}},"217":{"start":{"line":464,"column":33},"end":{"line":464,"column":35}},"218":{"start":{"line":465,"column":27},"end":{"line":465,"column":30}},"219":{"start":{"line":467,"column":6},"end":{"line":501,"column":7}},"220":{"start":{"line":467,"column":19},"end":{"line":467,"column":20}},"221":{"start":{"line":469,"column":31},"end":{"line":469,"column":44}},"222":{"start":{"line":474,"column":8},"end":{"line":486,"column":9}},"223":{"start":{"line":475,"column":10},"end":{"line":475,"column":47}},"224":{"start":{"line":476,"column":10},"end":{"line":476,"column":47}},"225":{"start":{"line":477,"column":10},"end":{"line":477,"column":34}},"226":{"start":{"line":478,"column":15},"end":{"line":486,"column":9}},"227":{"start":{"line":479,"column":10},"end":{"line":479,"column":47}},"228":{"start":{"line":480,"column":10},"end":{"line":480,"column":51}},"229":{"start":{"line":481,"column":10},"end":{"line":481,"column":34}},"230":{"start":{"line":483,"column":10},"end":{"line":483,"column":47}},"231":{"start":{"line":484,"column":10},"end":{"line":484,"column":47}},"232":{"start":{"line":485,"column":10},"end":{"line":485,"column":32}},"233":{"start":{"line":488,"column":8},"end":{"line":500,"column":11}},"234":{"start":{"line":503,"column":6},"end":{"line":503,"column":79}},"235":{"start":{"line":504,"column":6},"end":{"line":504,"column":61}},"236":{"start":{"line":507,"column":22},"end":{"line":596,"column":7}},"237":{"start":{"line":508,"column":8},"end":{"line":508,"column":42}},"238":{"start":{"line":508,"column":35},"end":{"line":508,"column":42}},"239":{"start":{"line":510,"column":8},"end":{"line":510,"column":57}},"240":{"start":{"line":512,"column":8},"end":{"line":593,"column":11}},"241":{"start":{"line":514,"column":10},"end":{"line":514,"column":39}},"242":{"start":{"line":515,"column":10},"end":{"line":518,"column":11}},"243":{"start":{"line":516,"column":12},"end":{"line":516,"column":27}},"244":{"start":{"line":517,"column":12},"end":{"line":517,"column":54}},"245":{"start":{"line":521,"column":10},"end":{"line":523,"column":11}},"246":{"start":{"line":522,"column":12},"end":{"line":522,"column":56}},"247":{"start":{"line":526,"column":10},"end":{"line":526,"column":52}},"248":{"start":{"line":529,"column":33},"end":{"line":529,"column":92}},"249":{"start":{"line":532,"column":10},"end":{"line":592,"column":11}},"250":{"start":{"line":534,"column":12},"end":{"line":534,"column":23}},"251":{"start":{"line":535,"column":12},"end":{"line":535,"column":50}},"252":{"start":{"line":536,"column":12},"end":{"line":536,"column":42}},"253":{"start":{"line":539,"column":12},"end":{"line":539,"column":28}},"254":{"start":{"line":540,"column":12},"end":{"line":540,"column":42}},"255":{"start":{"line":541,"column":12},"end":{"line":545,"column":14}},"256":{"start":{"line":546,"column":12},"end":{"line":550,"column":14}},"257":{"start":{"line":552,"column":12},"end":{"line":552,"column":66}},"258":{"start":{"line":553,"column":12},"end":{"line":553,"column":23}},"259":{"start":{"line":554,"column":12},"end":{"line":554,"column":26}},"260":{"start":{"line":555,"column":17},"end":{"line":592,"column":11}},"261":{"start":{"line":557,"column":12},"end":{"line":557,"column":23}},"262":{"start":{"line":558,"column":12},"end":{"line":558,"column":50}},"263":{"start":{"line":559,"column":12},"end":{"line":559,"column":42}},"264":{"start":{"line":562,"column":12},"end":{"line":562,"column":28}},"265":{"start":{"line":563,"column":12},"end":{"line":563,"column":48}},"266":{"start":{"line":564,"column":12},"end":{"line":564,"column":67}},"267":{"start":{"line":565,"column":12},"end":{"line":568,"column":14}},"268":{"start":{"line":569,"column":12},"end":{"line":572,"column":14}},"269":{"start":{"line":573,"column":12},"end":{"line":576,"column":14}},"270":{"start":{"line":577,"column":12},"end":{"line":580,"column":14}},"271":{"start":{"line":581,"column":12},"end":{"line":581,"column":28}},"272":{"start":{"line":583,"column":12},"end":{"line":583,"column":66}},"273":{"start":{"line":584,"column":12},"end":{"line":584,"column":23}},"274":{"start":{"line":585,"column":12},"end":{"line":585,"column":26}},"275":{"start":{"line":588,"column":12},"end":{"line":588,"column":28}},"276":{"start":{"line":589,"column":12},"end":{"line":589,"column":75}},"277":{"start":{"line":590,"column":12},"end":{"line":590,"column":66}},"278":{"start":{"line":591,"column":12},"end":{"line":591,"column":23}},"279":{"start":{"line":595,"column":8},"end":{"line":595,"column":39}},"280":{"start":{"line":599,"column":6},"end":{"line":599,"column":74}},"281":{"start":{"line":602,"column":6},"end":{"line":602,"column":16}},"282":{"start":{"line":604,"column":6},"end":{"line":604,"column":74}},"283":{"start":{"line":606,"column":6},"end":{"line":606,"column":73}},"284":{"start":{"line":607,"column":6},"end":{"line":607,"column":34}},"285":{"start":{"line":612,"column":2},"end":{"line":635,"column":9}},"286":{"start":{"line":613,"column":25},"end":{"line":631,"column":5}},"287":{"start":{"line":615,"column":6},"end":{"line":630,"column":7}},"288":{"start":{"line":616,"column":23},"end":{"line":616,"column":49}},"289":{"start":{"line":617,"column":20},"end":{"line":617,"column":44}},"290":{"start":{"line":620,"column":8},"end":{"line":620,"column":41}},"291":{"start":{"line":621,"column":8},"end":{"line":621,"column":43}},"292":{"start":{"line":624,"column":8},"end":{"line":629,"column":9}},"293":{"start":{"line":625,"column":10},"end":{"line":628,"column":13}},"294":{"start":{"line":626,"column":12},"end":{"line":626,"column":85}},"295":{"start":{"line":626,"column":43},"end":{"line":626,"column":85}},"296":{"start":{"line":627,"column":12},"end":{"line":627,"column":87}},"297":{"start":{"line":627,"column":44},"end":{"line":627,"column":87}},"298":{"start":{"line":633,"column":4},"end":{"line":633,"column":52}},"299":{"start":{"line":634,"column":4},"end":{"line":634,"column":68}},"300":{"start":{"line":634,"column":17},"end":{"line":634,"column":67}},"301":{"start":{"line":638,"column":4},"end":{"line":685,"column":5}},"302":{"start":{"line":639,"column":18},"end":{"line":639,"column":60}},"303":{"start":{"line":640,"column":6},"end":{"line":681,"column":7}},"304":{"start":{"line":641,"column":21},"end":{"line":641,"column":37}},"305":{"start":{"line":643,"column":8},"end":{"line":677,"column":9}},"306":{"start":{"line":645,"column":37},"end":{"line":672,"column":12}},"307":{"start":{"line":647,"column":31},"end":{"line":647,"column":52}},"308":{"start":{"line":648,"column":12},"end":{"line":671,"column":14}},"309":{"start":{"line":673,"column":10},"end":{"line":673,"column":41}},"310":{"start":{"line":675,"column":10},"end":{"line":675,"column":73}},"311":{"start":{"line":676,"column":10},"end":{"line":676,"column":25}},"312":{"start":{"line":679,"column":8},"end":{"line":679,"column":62}},"313":{"start":{"line":680,"column":8},"end":{"line":680,"column":23}},"314":{"start":{"line":683,"column":6},"end":{"line":683,"column":50}},"315":{"start":{"line":684,"column":6},"end":{"line":684,"column":21}},"316":{"start":{"line":689,"column":4},"end":{"line":702,"column":5}},"317":{"start":{"line":690,"column":18},"end":{"line":690,"column":58}},"318":{"start":{"line":691,"column":6},"end":{"line":698,"column":7}},"319":{"start":{"line":692,"column":23},"end":{"line":692,"column":39}},"320":{"start":{"line":693,"column":8},"end":{"line":693,"column":54}},"321":{"start":{"line":694,"column":8},"end":{"line":694,"column":38}},"322":{"start":{"line":696,"column":8},"end":{"line":696,"column":72}},"323":{"start":{"line":697,"column":8},"end":{"line":697,"column":40}},"324":{"start":{"line":700,"column":6},"end":{"line":700,"column":64}},"325":{"start":{"line":701,"column":6},"end":{"line":701,"column":38}},"326":{"start":{"line":706,"column":4},"end":{"line":706,"column":22}},"327":{"start":{"line":706,"column":15},"end":{"line":706,"column":22}},"328":{"start":{"line":710,"column":22},"end":{"line":710,"column":32}},"329":{"start":{"line":711,"column":28},"end":{"line":711,"column":51}},"330":{"start":{"line":713,"column":19},"end":{"line":729,"column":5}},"331":{"start":{"line":717,"column":48},"end":{"line":717,"column":56}},"332":{"start":{"line":718,"column":51},"end":{"line":718,"column":59}},"333":{"start":{"line":720,"column":43},"end":{"line":720,"column":51}},"334":{"start":{"line":721,"column":45},"end":{"line":721,"column":53}},"335":{"start":{"line":731,"column":4},"end":{"line":745,"column":5}},"336":{"start":{"line":734,"column":6},"end":{"line":734,"column":52}},"337":{"start":{"line":737,"column":6},"end":{"line":737,"column":21}},"338":{"start":{"line":738,"column":6},"end":{"line":738,"column":18}},"339":{"start":{"line":741,"column":6},"end":{"line":741,"column":93}},"340":{"start":{"line":743,"column":6},"end":{"line":743,"column":47}},"341":{"start":{"line":744,"column":6},"end":{"line":744,"column":54}},"342":{"start":{"line":749,"column":4},"end":{"line":749,"column":81}},"343":{"start":{"line":749,"column":74},"end":{"line":749,"column":81}},"344":{"start":{"line":753,"column":4},"end":{"line":757,"column":7}},"345":{"start":{"line":760,"column":4},"end":{"line":760,"column":19}},"346":{"start":{"line":761,"column":4},"end":{"line":761,"column":16}},"347":{"start":{"line":762,"column":4},"end":{"line":762,"column":27}},"348":{"start":{"line":763,"column":4},"end":{"line":763,"column":28}},"349":{"start":{"line":764,"column":4},"end":{"line":764,"column":30}},"350":{"start":{"line":767,"column":4},"end":{"line":767,"column":86}},"351":{"start":{"line":771,"column":4},"end":{"line":771,"column":73}},"352":{"start":{"line":771,"column":66},"end":{"line":771,"column":73}},"353":{"start":{"line":772,"column":4},"end":{"line":785,"column":5}},"354":{"start":{"line":773,"column":18},"end":{"line":775,"column":8}},"355":{"start":{"line":776,"column":6},"end":{"line":781,"column":7}},"356":{"start":{"line":777,"column":8},"end":{"line":777,"column":23}},"357":{"start":{"line":779,"column":8},"end":{"line":779,"column":62}},"358":{"start":{"line":780,"column":8},"end":{"line":780,"column":60}},"359":{"start":{"line":783,"column":6},"end":{"line":783,"column":49}},"360":{"start":{"line":784,"column":6},"end":{"line":784,"column":56}},"361":{"start":{"line":793,"column":4},"end":{"line":793,"column":74}},"362":{"start":{"line":793,"column":67},"end":{"line":793,"column":74}},"363":{"start":{"line":795,"column":4},"end":{"line":795,"column":33}},"364":{"start":{"line":796,"column":4},"end":{"line":796,"column":33}},"365":{"start":{"line":798,"column":4},"end":{"line":831,"column":5}},"366":{"start":{"line":799,"column":18},"end":{"line":803,"column":8}},"367":{"start":{"line":805,"column":6},"end":{"line":821,"column":7}},"368":{"start":{"line":806,"column":23},"end":{"line":806,"column":39}},"369":{"start":{"line":807,"column":8},"end":{"line":807,"column":76}},"370":{"start":{"line":808,"column":8},"end":{"line":808,"column":40}},"371":{"start":{"line":809,"column":8},"end":{"line":809,"column":27}},"372":{"start":{"line":810,"column":8},"end":{"line":810,"column":38}},"373":{"start":{"line":811,"column":8},"end":{"line":811,"column":37}},"374":{"start":{"line":813,"column":8},"end":{"line":813,"column":61}},"375":{"start":{"line":814,"column":8},"end":{"line":814,"column":36}},"376":{"start":{"line":817,"column":8},"end":{"line":820,"column":17}},"377":{"start":{"line":818,"column":10},"end":{"line":818,"column":39}},"378":{"start":{"line":819,"column":10},"end":{"line":819,"column":40}},"379":{"start":{"line":823,"column":6},"end":{"line":823,"column":58}},"380":{"start":{"line":824,"column":6},"end":{"line":824,"column":34}},"381":{"start":{"line":827,"column":6},"end":{"line":830,"column":15}},"382":{"start":{"line":828,"column":8},"end":{"line":828,"column":37}},"383":{"start":{"line":829,"column":8},"end":{"line":829,"column":38}},"384":{"start":{"line":835,"column":4},"end":{"line":835,"column":29}},"385":{"start":{"line":837,"column":30},"end":{"line":837,"column":81}},"386":{"start":{"line":838,"column":31},"end":{"line":838,"column":85}},"387":{"start":{"line":841,"column":34},"end":{"line":843,"column":10}},"388":{"start":{"line":842,"column":39},"end":{"line":842,"column":88}},"389":{"start":{"line":845,"column":4},"end":{"line":854,"column":7}},"390":{"start":{"line":855,"column":4},"end":{"line":855,"column":29}},"391":{"start":{"line":856,"column":4},"end":{"line":856,"column":27}},"392":{"start":{"line":860,"column":4},"end":{"line":860,"column":16}},"393":{"start":{"line":861,"column":4},"end":{"line":861,"column":23}},"394":{"start":{"line":862,"column":4},"end":{"line":862,"column":23}},"395":{"start":{"line":863,"column":4},"end":{"line":863,"column":24}},"396":{"start":{"line":864,"column":4},"end":{"line":864,"column":20}},"397":{"start":{"line":865,"column":4},"end":{"line":865,"column":20}},"398":{"start":{"line":866,"column":4},"end":{"line":866,"column":23}},"399":{"start":{"line":867,"column":4},"end":{"line":867,"column":27}},"400":{"start":{"line":868,"column":4},"end":{"line":868,"column":27}},"401":{"start":{"line":869,"column":4},"end":{"line":869,"column":28}},"402":{"start":{"line":870,"column":4},"end":{"line":870,"column":30}},"403":{"start":{"line":871,"column":4},"end":{"line":871,"column":26}},"404":{"start":{"line":875,"column":17},"end":{"line":875,"column":34}},"405":{"start":{"line":876,"column":4},"end":{"line":880,"column":5}},"406":{"start":{"line":877,"column":6},"end":{"line":877,"column":29}},"407":{"start":{"line":879,"column":6},"end":{"line":879,"column":48}},"408":{"start":{"line":884,"column":4},"end":{"line":893,"column":7}},"409":{"start":{"line":889,"column":8},"end":{"line":889,"column":51}},"410":{"start":{"line":894,"column":4},"end":{"line":894,"column":30}},"411":{"start":{"line":898,"column":4},"end":{"line":905,"column":5}},"412":{"start":{"line":900,"column":6},"end":{"line":903,"column":10}},"413":{"start":{"line":900,"column":34},"end":{"line":903,"column":7}},"414":{"start":{"line":904,"column":6},"end":{"line":904,"column":13}},"415":{"start":{"line":907,"column":4},"end":{"line":919,"column":7}},"416":{"start":{"line":912,"column":59},"end":{"line":912,"column":67}},"417":{"start":{"line":913,"column":61},"end":{"line":913,"column":69}},"418":{"start":{"line":914,"column":64},"end":{"line":914,"column":72}},"419":{"start":{"line":915,"column":67},"end":{"line":915,"column":75}},"420":{"start":{"line":915,"column":97},"end":{"line":918,"column":7}},"421":{"start":{"line":920,"column":4},"end":{"line":920,"column":31}},"422":{"start":{"line":921,"column":4},"end":{"line":921,"column":29}},"423":{"start":{"line":925,"column":4},"end":{"line":925,"column":31}},"424":{"start":{"line":926,"column":4},"end":{"line":926,"column":29}},"425":{"start":{"line":930,"column":4},"end":{"line":930,"column":30}},"426":{"start":{"line":934,"column":4},"end":{"line":934,"column":33}},"427":{"start":{"line":935,"column":4},"end":{"line":935,"column":28}},"428":{"start":{"line":939,"column":4},"end":{"line":990,"column":5}},"429":{"start":{"line":941,"column":6},"end":{"line":944,"column":7}},"430":{"start":{"line":942,"column":8},"end":{"line":942,"column":71}},"431":{"start":{"line":943,"column":8},"end":{"line":943,"column":15}},"432":{"start":{"line":948,"column":24},"end":{"line":948,"column":55}},"433":{"start":{"line":949,"column":6},"end":{"line":951,"column":7}},"434":{"start":{"line":950,"column":8},"end":{"line":950,"column":66}},"435":{"start":{"line":953,"column":18},"end":{"line":961,"column":8}},"436":{"start":{"line":963,"column":6},"end":{"line":982,"column":7}},"437":{"start":{"line":964,"column":23},"end":{"line":964,"column":39}},"438":{"start":{"line":965,"column":8},"end":{"line":965,"column":64}},"439":{"start":{"line":966,"column":8},"end":{"line":966,"column":23}},"440":{"start":{"line":967,"column":8},"end":{"line":967,"column":38}},"441":{"start":{"line":968,"column":8},"end":{"line":968,"column":25}},"442":{"start":{"line":969,"column":8},"end":{"line":969,"column":35}},"443":{"start":{"line":970,"column":8},"end":{"line":970,"column":33}},"444":{"start":{"line":971,"column":8},"end":{"line":971,"column":58}},"445":{"start":{"line":973,"column":26},"end":{"line":973,"column":42}},"446":{"start":{"line":974,"column":8},"end":{"line":974,"column":77}},"447":{"start":{"line":977,"column":8},"end":{"line":981,"column":9}},"448":{"start":{"line":978,"column":10},"end":{"line":978,"column":109}},"449":{"start":{"line":980,"column":10},"end":{"line":980,"column":65}},"450":{"start":{"line":984,"column":6},"end":{"line":984,"column":51}},"451":{"start":{"line":985,"column":6},"end":{"line":989,"column":7}},"452":{"start":{"line":986,"column":8},"end":{"line":986,"column":107}},"453":{"start":{"line":988,"column":8},"end":{"line":988,"column":58}},"454":{"start":{"line":994,"column":23},"end":{"line":1011,"column":6}},"455":{"start":{"line":996,"column":6},"end":{"line":999,"column":7}},"456":{"start":{"line":998,"column":8},"end":{"line":998,"column":20}},"457":{"start":{"line":1002,"column":29},"end":{"line":1005,"column":7}},"458":{"start":{"line":1006,"column":6},"end":{"line":1008,"column":7}},"459":{"start":{"line":1007,"column":8},"end":{"line":1007,"column":20}},"460":{"start":{"line":1010,"column":6},"end":{"line":1010,"column":19}},"461":{"start":{"line":1013,"column":4},"end":{"line":1013,"column":22}},"462":{"start":{"line":1017,"column":4},"end":{"line":1017,"column":34}},"463":{"start":{"line":1017,"column":23},"end":{"line":1017,"column":34}},"464":{"start":{"line":1018,"column":4},"end":{"line":1018,"column":38}},"465":{"start":{"line":1018,"column":27},"end":{"line":1018,"column":38}},"466":{"start":{"line":1019,"column":4},"end":{"line":1019,"column":38}},"467":{"start":{"line":1019,"column":27},"end":{"line":1019,"column":38}},"468":{"start":{"line":1021,"column":19},"end":{"line":1021,"column":58}},"469":{"start":{"line":1022,"column":20},"end":{"line":1022,"column":59}},"470":{"start":{"line":1024,"column":4},"end":{"line":1024,"column":40}},"471":{"start":{"line":1024,"column":29},"end":{"line":1024,"column":40}},"472":{"start":{"line":1026,"column":25},"end":{"line":1026,"column":61}},"473":{"start":{"line":1027,"column":4},"end":{"line":1027,"column":58}},"474":{"start":{"line":1031,"column":19},"end":{"line":1031,"column":21}},"475":{"start":{"line":1033,"column":4},"end":{"line":1035,"column":5}},"476":{"start":{"line":1033,"column":17},"end":{"line":1033,"column":18}},"477":{"start":{"line":1034,"column":6},"end":{"line":1034,"column":22}},"478":{"start":{"line":1037,"column":4},"end":{"line":1039,"column":5}},"479":{"start":{"line":1037,"column":17},"end":{"line":1037,"column":18}},"480":{"start":{"line":1038,"column":6},"end":{"line":1038,"column":23}},"481":{"start":{"line":1041,"column":4},"end":{"line":1053,"column":5}},"482":{"start":{"line":1041,"column":17},"end":{"line":1041,"column":18}},"483":{"start":{"line":1042,"column":6},"end":{"line":1052,"column":7}},"484":{"start":{"line":1042,"column":19},"end":{"line":1042,"column":20}},"485":{"start":{"line":1043,"column":8},"end":{"line":1051,"column":9}},"486":{"start":{"line":1044,"column":10},"end":{"line":1044,"column":46}},"487":{"start":{"line":1046,"column":10},"end":{"line":1050,"column":12}},"488":{"start":{"line":1055,"column":4},"end":{"line":1055,"column":44}},"489":{"start":{"line":1059,"column":4},"end":{"line":1063,"column":5}},"490":{"start":{"line":1060,"column":6},"end":{"line":1060,"column":27}},"491":{"start":{"line":1061,"column":6},"end":{"line":1061,"column":34}},"492":{"start":{"line":1062,"column":6},"end":{"line":1062,"column":13}},"493":{"start":{"line":1065,"column":4},"end":{"line":1065,"column":25}},"494":{"start":{"line":1066,"column":4},"end":{"line":1066,"column":31}},"495":{"start":{"line":1068,"column":4},"end":{"line":1106,"column":5}},"496":{"start":{"line":1069,"column":18},"end":{"line":1069,"column":112}},"497":{"start":{"line":1071,"column":6},"end":{"line":1100,"column":7}},"498":{"start":{"line":1072,"column":23},"end":{"line":1072,"column":39}},"499":{"start":{"line":1073,"column":8},"end":{"line":1073,"column":47}},"500":{"start":{"line":1076,"column":35},"end":{"line":1094,"column":10}},"501":{"start":{"line":1077,"column":29},"end":{"line":1077,"column":44}},"502":{"start":{"line":1078,"column":10},"end":{"line":1093,"column":12}},"503":{"start":{"line":1096,"column":8},"end":{"line":1096,"column":45}},"504":{"start":{"line":1098,"column":8},"end":{"line":1098,"column":52}},"505":{"start":{"line":1099,"column":8},"end":{"line":1099,"column":29}},"506":{"start":{"line":1102,"column":6},"end":{"line":1102,"column":51}},"507":{"start":{"line":1103,"column":6},"end":{"line":1103,"column":27}},"508":{"start":{"line":1105,"column":6},"end":{"line":1105,"column":28}},"509":{"start":{"line":1109,"column":2},"end":{"line":2287,"column":4}},"510":{"start":{"line":1141,"column":16},"end":{"line":1141,"column":47}},"511":{"start":{"line":1143,"column":16},"end":{"line":1145,"column":17}},"512":{"start":{"line":1144,"column":18},"end":{"line":1144,"column":57}},"513":{"start":{"line":1148,"column":16},"end":{"line":1163,"column":17}},"514":{"start":{"line":1149,"column":18},"end":{"line":1158,"column":19}},"515":{"start":{"line":1151,"column":20},"end":{"line":1153,"column":28}},"516":{"start":{"line":1152,"column":22},"end":{"line":1152,"column":52}},"517":{"start":{"line":1156,"column":20},"end":{"line":1156,"column":41}},"518":{"start":{"line":1157,"column":20},"end":{"line":1157,"column":48}},"519":{"start":{"line":1161,"column":18},"end":{"line":1161,"column":39}},"520":{"start":{"line":1162,"column":18},"end":{"line":1162,"column":46}},"521":{"start":{"line":1166,"column":16},"end":{"line":1179,"column":17}},"522":{"start":{"line":1167,"column":18},"end":{"line":1178,"column":19}},"523":{"start":{"line":1168,"column":20},"end":{"line":1168,"column":42}},"524":{"start":{"line":1169,"column":25},"end":{"line":1178,"column":19}},"525":{"start":{"line":1171,"column":20},"end":{"line":1171,"column":47}},"526":{"start":{"line":1172,"column":25},"end":{"line":1178,"column":19}},"527":{"start":{"line":1174,"column":20},"end":{"line":1174,"column":69}},"528":{"start":{"line":1175,"column":25},"end":{"line":1178,"column":19}},"529":{"start":{"line":1177,"column":20},"end":{"line":1177,"column":40}},"530":{"start":{"line":1188,"column":16},"end":{"line":1196,"column":17}},"531":{"start":{"line":1189,"column":18},"end":{"line":1189,"column":40}},"532":{"start":{"line":1190,"column":23},"end":{"line":1196,"column":17}},"533":{"start":{"line":1192,"column":18},"end":{"line":1192,"column":45}},"534":{"start":{"line":1193,"column":23},"end":{"line":1196,"column":17}},"535":{"start":{"line":1195,"column":18},"end":{"line":1195,"column":38}},"536":{"start":{"line":1227,"column":70},"end":{"line":1227,"column":90}},"537":{"start":{"line":1247,"column":16},"end":{"line":1280,"column":22}},"538":{"start":{"line":1252,"column":20},"end":{"line":1252,"column":60}},"539":{"start":{"line":1254,"column":20},"end":{"line":1254,"column":39}},"540":{"start":{"line":1255,"column":20},"end":{"line":1255,"column":41}},"541":{"start":{"line":1256,"column":20},"end":{"line":1256,"column":48}},"542":{"start":{"line":1298,"column":14},"end":{"line":1298,"column":50}},"543":{"start":{"line":1299,"column":14},"end":{"line":1299,"column":58}},"544":{"start":{"line":1300,"column":14},"end":{"line":1376,"column":16}},"545":{"start":{"line":1301,"column":76},"end":{"line":1301,"column":98}},"546":{"start":{"line":1320,"column":38},"end":{"line":1320,"column":113}},"547":{"start":{"line":1322,"column":26},"end":{"line":1322,"column":99}},"548":{"start":{"line":1323,"column":26},"end":{"line":1323,"column":61}},"549":{"start":{"line":1325,"column":26},"end":{"line":1325,"column":58}},"550":{"start":{"line":1389,"column":20},"end":{"line":1389,"column":42}},"551":{"start":{"line":1390,"column":20},"end":{"line":1390,"column":32}},"552":{"start":{"line":1403,"column":43},"end":{"line":1403,"column":103}},"553":{"start":{"line":1412,"column":43},"end":{"line":1412,"column":110}},"554":{"start":{"line":1422,"column":30},"end":{"line":1443,"column":36}},"555":{"start":{"line":1427,"column":59},"end":{"line":1427,"column":90}},"556":{"start":{"line":1428,"column":36},"end":{"line":1428,"column":75}},"557":{"start":{"line":1429,"column":36},"end":{"line":1429,"column":104}},"558":{"start":{"line":1435,"column":59},"end":{"line":1435,"column":115}},"559":{"start":{"line":1435,"column":103},"end":{"line":1435,"column":114}},"560":{"start":{"line":1436,"column":36},"end":{"line":1436,"column":104}},"561":{"start":{"line":1447,"column":32},"end":{"line":1450,"column":35}},"562":{"start":{"line":1463,"column":30},"end":{"line":1484,"column":36}},"563":{"start":{"line":1467,"column":60},"end":{"line":1467,"column":92}},"564":{"start":{"line":1468,"column":36},"end":{"line":1468,"column":76}},"565":{"start":{"line":1469,"column":36},"end":{"line":1469,"column":106}},"566":{"start":{"line":1476,"column":60},"end":{"line":1476,"column":117}},"567":{"start":{"line":1476,"column":105},"end":{"line":1476,"column":116}},"568":{"start":{"line":1477,"column":36},"end":{"line":1477,"column":106}},"569":{"start":{"line":1488,"column":32},"end":{"line":1491,"column":35}},"570":{"start":{"line":1505,"column":43},"end":{"line":1505,"column":142}},"571":{"start":{"line":1517,"column":43},"end":{"line":1517,"column":142}},"572":{"start":{"line":1529,"column":43},"end":{"line":1529,"column":111}},"573":{"start":{"line":1578,"column":43},"end":{"line":1578,"column":66}},"574":{"start":{"line":1588,"column":43},"end":{"line":1588,"column":73}},"575":{"start":{"line":1598,"column":30},"end":{"line":1619,"column":36}},"576":{"start":{"line":1603,"column":59},"end":{"line":1603,"column":75}},"577":{"start":{"line":1604,"column":36},"end":{"line":1604,"column":75}},"578":{"start":{"line":1605,"column":36},"end":{"line":1605,"column":67}},"579":{"start":{"line":1611,"column":59},"end":{"line":1611,"column":100}},"580":{"start":{"line":1611,"column":88},"end":{"line":1611,"column":99}},"581":{"start":{"line":1612,"column":36},"end":{"line":1612,"column":67}},"582":{"start":{"line":1626,"column":49},"end":{"line":1626,"column":81}},"583":{"start":{"line":1634,"column":32},"end":{"line":1634,"column":69}},"584":{"start":{"line":1647,"column":30},"end":{"line":1668,"column":36}},"585":{"start":{"line":1651,"column":60},"end":{"line":1651,"column":77}},"586":{"start":{"line":1652,"column":36},"end":{"line":1652,"column":76}},"587":{"start":{"line":1653,"column":36},"end":{"line":1653,"column":69}},"588":{"start":{"line":1660,"column":60},"end":{"line":1660,"column":102}},"589":{"start":{"line":1660,"column":90},"end":{"line":1660,"column":101}},"590":{"start":{"line":1661,"column":36},"end":{"line":1661,"column":69}},"591":{"start":{"line":1674,"column":49},"end":{"line":1674,"column":82}},"592":{"start":{"line":1682,"column":32},"end":{"line":1682,"column":71}},"593":{"start":{"line":1696,"column":43},"end":{"line":1696,"column":70}},"594":{"start":{"line":1708,"column":43},"end":{"line":1708,"column":70}},"595":{"start":{"line":1720,"column":43},"end":{"line":1720,"column":73}},"596":{"start":{"line":1789,"column":22},"end":{"line":1795,"column":23}},"597":{"start":{"line":1790,"column":24},"end":{"line":1790,"column":54}},"598":{"start":{"line":1791,"column":24},"end":{"line":1791,"column":39}},"599":{"start":{"line":1792,"column":24},"end":{"line":1792,"column":41}},"600":{"start":{"line":1793,"column":24},"end":{"line":1793,"column":51}},"601":{"start":{"line":1794,"column":24},"end":{"line":1794,"column":49}},"602":{"start":{"line":1819,"column":32},"end":{"line":1819,"column":65}},"603":{"start":{"line":1828,"column":32},"end":{"line":1830,"column":37}},"604":{"start":{"line":1849,"column":40},"end":{"line":1849,"column":50}},"605":{"start":{"line":1850,"column":28},"end":{"line":1853,"column":29}},"606":{"start":{"line":1851,"column":30},"end":{"line":1851,"column":89}},"607":{"start":{"line":1852,"column":30},"end":{"line":1852,"column":37}},"608":{"start":{"line":1855,"column":28},"end":{"line":1855,"column":55}},"609":{"start":{"line":1855,"column":48},"end":{"line":1855,"column":55}},"610":{"start":{"line":1856,"column":28},"end":{"line":1856,"column":52}},"611":{"start":{"line":1857,"column":28},"end":{"line":1857,"column":49}},"612":{"start":{"line":1859,"column":28},"end":{"line":1876,"column":29}},"613":{"start":{"line":1861,"column":49},"end":{"line":1861,"column":89}},"614":{"start":{"line":1863,"column":30},"end":{"line":1870,"column":31}},"615":{"start":{"line":1864,"column":55},"end":{"line":1864,"column":93}},"616":{"start":{"line":1864,"column":75},"end":{"line":1864,"column":81}},"617":{"start":{"line":1865,"column":32},"end":{"line":1867,"column":33}},"618":{"start":{"line":1866,"column":34},"end":{"line":1866,"column":63}},"619":{"start":{"line":1869,"column":32},"end":{"line":1869,"column":61}},"620":{"start":{"line":1872,"column":30},"end":{"line":1872,"column":75}},"621":{"start":{"line":1873,"column":30},"end":{"line":1873,"column":80}},"622":{"start":{"line":1875,"column":30},"end":{"line":1875,"column":55}},"623":{"start":{"line":1885,"column":28},"end":{"line":1901,"column":29}},"624":{"start":{"line":1887,"column":49},"end":{"line":1887,"column":80}},"625":{"start":{"line":1888,"column":30},"end":{"line":1888,"column":60}},"626":{"start":{"line":1889,"column":30},"end":{"line":1889,"column":57}},"627":{"start":{"line":1890,"column":30},"end":{"line":1890,"column":47}},"628":{"start":{"line":1891,"column":30},"end":{"line":1891,"column":57}},"629":{"start":{"line":1892,"column":30},"end":{"line":1892,"column":55}},"630":{"start":{"line":1894,"column":32},"end":{"line":1900,"column":40}},"631":{"start":{"line":1895,"column":54},"end":{"line":1895,"column":99}},"632":{"start":{"line":1896,"column":34},"end":{"line":1899,"column":35}},"633":{"start":{"line":1897,"column":36},"end":{"line":1897,"column":56}},"634":{"start":{"line":1898,"column":36},"end":{"line":1898,"column":57}},"635":{"start":{"line":1911,"column":28},"end":{"line":1916,"column":29}},"636":{"start":{"line":1912,"column":30},"end":{"line":1912,"column":60}},"637":{"start":{"line":1913,"column":30},"end":{"line":1913,"column":47}},"638":{"start":{"line":1914,"column":30},"end":{"line":1914,"column":57}},"639":{"start":{"line":1915,"column":30},"end":{"line":1915,"column":55}},"640":{"start":{"line":1934,"column":43},"end":{"line":1934,"column":105}},"641":{"start":{"line":1943,"column":43},"end":{"line":1943,"column":112}},"642":{"start":{"line":1953,"column":30},"end":{"line":1974,"column":36}},"643":{"start":{"line":1958,"column":59},"end":{"line":1958,"column":91}},"644":{"start":{"line":1959,"column":36},"end":{"line":1959,"column":75}},"645":{"start":{"line":1960,"column":36},"end":{"line":1960,"column":106}},"646":{"start":{"line":1966,"column":59},"end":{"line":1966,"column":116}},"647":{"start":{"line":1966,"column":104},"end":{"line":1966,"column":115}},"648":{"start":{"line":1967,"column":36},"end":{"line":1967,"column":106}},"649":{"start":{"line":1978,"column":32},"end":{"line":1981,"column":35}},"650":{"start":{"line":1994,"column":30},"end":{"line":2015,"column":36}},"651":{"start":{"line":1998,"column":60},"end":{"line":1998,"column":93}},"652":{"start":{"line":1999,"column":36},"end":{"line":1999,"column":76}},"653":{"start":{"line":2000,"column":36},"end":{"line":2000,"column":108}},"654":{"start":{"line":2007,"column":60},"end":{"line":2007,"column":118}},"655":{"start":{"line":2007,"column":106},"end":{"line":2007,"column":117}},"656":{"start":{"line":2008,"column":36},"end":{"line":2008,"column":108}},"657":{"start":{"line":2019,"column":32},"end":{"line":2022,"column":35}},"658":{"start":{"line":2074,"column":22},"end":{"line":2074,"column":43}},"659":{"start":{"line":2075,"column":22},"end":{"line":2075,"column":39}},"660":{"start":{"line":2087,"column":37},"end":{"line":2087,"column":63}},"661":{"start":{"line":2097,"column":24},"end":{"line":2097,"column":57}},"662":{"start":{"line":2097,"column":50},"end":{"line":2097,"column":57}},"663":{"start":{"line":2098,"column":24},"end":{"line":2121,"column":25}},"664":{"start":{"line":2099,"column":26},"end":{"line":2099,"column":46}},"665":{"start":{"line":2100,"column":38},"end":{"line":2104,"column":28}},"666":{"start":{"line":2105,"column":26},"end":{"line":2113,"column":27}},"667":{"start":{"line":2106,"column":28},"end":{"line":2111,"column":29}},"668":{"start":{"line":2107,"column":30},"end":{"line":2107,"column":75}},"669":{"start":{"line":2109,"column":42},"end":{"line":2109,"column":58}},"670":{"start":{"line":2110,"column":30},"end":{"line":2110,"column":75}},"671":{"start":{"line":2112,"column":28},"end":{"line":2112,"column":35}},"672":{"start":{"line":2114,"column":41},"end":{"line":2114,"column":57}},"673":{"start":{"line":2115,"column":26},"end":{"line":2115,"column":58}},"674":{"start":{"line":2116,"column":26},"end":{"line":2116,"column":43}},"675":{"start":{"line":2118,"column":26},"end":{"line":2118,"column":83}},"676":{"start":{"line":2141,"column":56},"end":{"line":2141,"column":79}},"677":{"start":{"line":2148,"column":18},"end":{"line":2148,"column":45}},"678":{"start":{"line":2150,"column":18},"end":{"line":2150,"column":39}},"679":{"start":{"line":2159,"column":18},"end":{"line":2162,"column":19}},"680":{"start":{"line":2160,"column":20},"end":{"line":2160,"column":52}},"681":{"start":{"line":2161,"column":20},"end":{"line":2161,"column":44}},"682":{"start":{"line":2225,"column":22},"end":{"line":2225,"column":42}},"683":{"start":{"line":2226,"column":22},"end":{"line":2226,"column":164}},"684":{"start":{"line":2258,"column":18},"end":{"line":2258,"column":51}},"685":{"start":{"line":2268,"column":18},"end":{"line":2270,"column":23}},"686":{"start":{"line":2282,"column":25},"end":{"line":2282,"column":49}}},"fnMap":{"0":{"name":"VideoPopup","decl":{"start":{"line":9,"column":9},"end":{"line":9,"column":19}},"loc":{"start":{"line":9,"column":43},"end":{"line":231,"column":1}},"line":9},"1":{"name":"(anonymous_1)","decl":{"start":{"line":20,"column":22},"end":{"line":20,"column":23}},"loc":{"start":{"line":20,"column":31},"end":{"line":53,"column":3}},"line":20},"2":{"name":"(anonymous_2)","decl":{"start":{"line":58,"column":26},"end":{"line":58,"column":27}},"loc":{"start":{"line":58,"column":33},"end":{"line":66,"column":3}},"line":58},"3":{"name":"(anonymous_3)","decl":{"start":{"line":69,"column":32},"end":{"line":69,"column":33}},"loc":{"start":{"line":69,"column":39},"end":{"line":78,"column":3}},"line":69},"4":{"name":"(anonymous_4)","decl":{"start":{"line":81,"column":12},"end":{"line":81,"column":13}},"loc":{"start":{"line":81,"column":18},"end":{"line":120,"column":3}},"line":81},"5":{"name":"(anonymous_5)","decl":{"start":{"line":82,"column":28},"end":{"line":82,"column":29}},"loc":{"start":{"line":82,"column":35},"end":{"line":104,"column":5}},"line":82},"6":{"name":"(anonymous_6)","decl":{"start":{"line":106,"column":26},"end":{"line":106,"column":27}},"loc":{"start":{"line":106,"column":32},"end":{"line":109,"column":5}},"line":106},"7":{"name":"(anonymous_7)","decl":{"start":{"line":116,"column":11},"end":{"line":116,"column":12}},"loc":{"start":{"line":116,"column":17},"end":{"line":119,"column":5}},"line":116},"8":{"name":"(anonymous_8)","decl":{"start":{"line":123,"column":12},"end":{"line":123,"column":13}},"loc":{"start":{"line":123,"column":18},"end":{"line":136,"column":3}},"line":123},"9":{"name":"(anonymous_9)","decl":{"start":{"line":124,"column":25},"end":{"line":124,"column":26}},"loc":{"start":{"line":124,"column":31},"end":{"line":132,"column":5}},"line":124},"10":{"name":"(anonymous_10)","decl":{"start":{"line":135,"column":11},"end":{"line":135,"column":12}},"loc":{"start":{"line":135,"column":17},"end":{"line":135,"column":67}},"line":135},"11":{"name":"(anonymous_11)","decl":{"start":{"line":159,"column":21},"end":{"line":159,"column":22}},"loc":{"start":{"line":159,"column":27},"end":{"line":159,"column":63}},"line":159},"12":{"name":"(anonymous_12)","decl":{"start":{"line":166,"column":21},"end":{"line":166,"column":22}},"loc":{"start":{"line":166,"column":27},"end":{"line":166,"column":63}},"line":166},"13":{"name":"(anonymous_13)","decl":{"start":{"line":192,"column":21},"end":{"line":192,"column":22}},"loc":{"start":{"line":192,"column":27},"end":{"line":192,"column":46}},"line":192},"14":{"name":"(anonymous_14)","decl":{"start":{"line":193,"column":20},"end":{"line":193,"column":21}},"loc":{"start":{"line":193,"column":26},"end":{"line":193,"column":46}},"line":193},"15":{"name":"App","decl":{"start":{"line":233,"column":9},"end":{"line":233,"column":12}},"loc":{"start":{"line":233,"column":15},"end":{"line":2288,"column":1}},"line":233},"16":{"name":"(anonymous_16)","decl":{"start":{"line":274,"column":12},"end":{"line":274,"column":13}},"loc":{"start":{"line":274,"column":18},"end":{"line":277,"column":3}},"line":274},"17":{"name":"(anonymous_17)","decl":{"start":{"line":280,"column":12},"end":{"line":280,"column":13}},"loc":{"start":{"line":280,"column":18},"end":{"line":299,"column":3}},"line":280},"18":{"name":"(anonymous_18)","decl":{"start":{"line":281,"column":31},"end":{"line":281,"column":32}},"loc":{"start":{"line":281,"column":42},"end":{"line":290,"column":5}},"line":281},"19":{"name":"(anonymous_19)","decl":{"start":{"line":296,"column":11},"end":{"line":296,"column":12}},"loc":{"start":{"line":296,"column":17},"end":{"line":298,"column":5}},"line":296},"20":{"name":"(anonymous_20)","decl":{"start":{"line":302,"column":12},"end":{"line":302,"column":13}},"loc":{"start":{"line":302,"column":18},"end":{"line":359,"column":3}},"line":302},"21":{"name":"(anonymous_21)","decl":{"start":{"line":306,"column":32},"end":{"line":306,"column":33}},"loc":{"start":{"line":306,"column":38},"end":{"line":333,"column":5}},"line":306},"22":{"name":"(anonymous_22)","decl":{"start":{"line":315,"column":20},"end":{"line":315,"column":21}},"loc":{"start":{"line":315,"column":37},"end":{"line":330,"column":7}},"line":315},"23":{"name":"(anonymous_23)","decl":{"start":{"line":335,"column":25},"end":{"line":335,"column":26}},"loc":{"start":{"line":335,"column":31},"end":{"line":352,"column":5}},"line":335},"24":{"name":"(anonymous_24)","decl":{"start":{"line":358,"column":11},"end":{"line":358,"column":12}},"loc":{"start":{"line":358,"column":17},"end":{"line":358,"column":67}},"line":358},"25":{"name":"(anonymous_25)","decl":{"start":{"line":362,"column":12},"end":{"line":362,"column":13}},"loc":{"start":{"line":362,"column":18},"end":{"line":403,"column":3}},"line":362},"26":{"name":"(anonymous_26)","decl":{"start":{"line":367,"column":31},"end":{"line":367,"column":32}},"loc":{"start":{"line":367,"column":37},"end":{"line":390,"column":5}},"line":367},"27":{"name":"(anonymous_27)","decl":{"start":{"line":369,"column":37},"end":{"line":369,"column":38}},"loc":{"start":{"line":369,"column":43},"end":{"line":387,"column":9}},"line":369},"28":{"name":"(anonymous_28)","decl":{"start":{"line":398,"column":11},"end":{"line":398,"column":12}},"loc":{"start":{"line":398,"column":17},"end":{"line":402,"column":5}},"line":398},"29":{"name":"(anonymous_29)","decl":{"start":{"line":406,"column":12},"end":{"line":406,"column":13}},"loc":{"start":{"line":406,"column":18},"end":{"line":437,"column":3}},"line":406},"30":{"name":"(anonymous_30)","decl":{"start":{"line":407,"column":26},"end":{"line":407,"column":27}},"loc":{"start":{"line":407,"column":32},"end":{"line":421,"column":5}},"line":407},"31":{"name":"(anonymous_31)","decl":{"start":{"line":414,"column":19},"end":{"line":414,"column":20}},"loc":{"start":{"line":414,"column":25},"end":{"line":418,"column":9}},"line":414},"32":{"name":"(anonymous_32)","decl":{"start":{"line":431,"column":11},"end":{"line":431,"column":12}},"loc":{"start":{"line":431,"column":17},"end":{"line":435,"column":5}},"line":431},"33":{"name":"(anonymous_33)","decl":{"start":{"line":442,"column":37},"end":{"line":442,"column":38}},"loc":{"start":{"line":442,"column":43},"end":{"line":447,"column":3}},"line":442},"34":{"name":"(anonymous_34)","decl":{"start":{"line":450,"column":40},"end":{"line":450,"column":41}},"loc":{"start":{"line":450,"column":46},"end":{"line":609,"column":3}},"line":450},"35":{"name":"(anonymous_35)","decl":{"start":{"line":507,"column":22},"end":{"line":507,"column":23}},"loc":{"start":{"line":507,"column":28},"end":{"line":596,"column":7}},"line":507},"36":{"name":"(anonymous_36)","decl":{"start":{"line":512,"column":35},"end":{"line":512,"column":36}},"loc":{"start":{"line":512,"column":47},"end":{"line":593,"column":9}},"line":512},"37":{"name":"(anonymous_37)","decl":{"start":{"line":612,"column":12},"end":{"line":612,"column":13}},"loc":{"start":{"line":612,"column":18},"end":{"line":635,"column":3}},"line":612},"38":{"name":"(anonymous_38)","decl":{"start":{"line":613,"column":25},"end":{"line":613,"column":26}},"loc":{"start":{"line":613,"column":31},"end":{"line":631,"column":5}},"line":613},"39":{"name":"(anonymous_39)","decl":{"start":{"line":625,"column":58},"end":{"line":625,"column":59}},"loc":{"start":{"line":625,"column":70},"end":{"line":628,"column":11}},"line":625},"40":{"name":"(anonymous_40)","decl":{"start":{"line":634,"column":11},"end":{"line":634,"column":12}},"loc":{"start":{"line":634,"column":17},"end":{"line":634,"column":67}},"line":634},"41":{"name":"fetchRecipes","decl":{"start":{"line":637,"column":17},"end":{"line":637,"column":29}},"loc":{"start":{"line":637,"column":32},"end":{"line":686,"column":3}},"line":637},"42":{"name":"(anonymous_42)","decl":{"start":{"line":645,"column":54},"end":{"line":645,"column":55}},"loc":{"start":{"line":645,"column":64},"end":{"line":672,"column":11}},"line":645},"43":{"name":"checkClipperHealth","decl":{"start":{"line":688,"column":17},"end":{"line":688,"column":35}},"loc":{"start":{"line":688,"column":38},"end":{"line":703,"column":3}},"line":688},"44":{"name":"addRecipe","decl":{"start":{"line":705,"column":17},"end":{"line":705,"column":26}},"loc":{"start":{"line":705,"column":29},"end":{"line":746,"column":3}},"line":705},"45":{"name":"(anonymous_45)","decl":{"start":{"line":717,"column":43},"end":{"line":717,"column":44}},"loc":{"start":{"line":717,"column":48},"end":{"line":717,"column":56}},"line":717},"46":{"name":"(anonymous_46)","decl":{"start":{"line":718,"column":46},"end":{"line":718,"column":47}},"loc":{"start":{"line":718,"column":51},"end":{"line":718,"column":59}},"line":718},"47":{"name":"(anonymous_47)","decl":{"start":{"line":720,"column":38},"end":{"line":720,"column":39}},"loc":{"start":{"line":720,"column":43},"end":{"line":720,"column":51}},"line":720},"48":{"name":"(anonymous_48)","decl":{"start":{"line":721,"column":40},"end":{"line":721,"column":41}},"loc":{"start":{"line":721,"column":45},"end":{"line":721,"column":53}},"line":721},"49":{"name":"updateRecipe","decl":{"start":{"line":748,"column":17},"end":{"line":748,"column":29}},"loc":{"start":{"line":748,"column":32},"end":{"line":768,"column":3}},"line":748},"50":{"name":"deleteRecipe","decl":{"start":{"line":770,"column":17},"end":{"line":770,"column":29}},"loc":{"start":{"line":770,"column":34},"end":{"line":786,"column":3}},"line":770},"51":{"name":"handleSearchBarClip","decl":{"start":{"line":792,"column":17},"end":{"line":792,"column":36}},"loc":{"start":{"line":792,"column":39},"end":{"line":832,"column":3}},"line":792},"52":{"name":"(anonymous_52)","decl":{"start":{"line":817,"column":19},"end":{"line":817,"column":20}},"loc":{"start":{"line":817,"column":25},"end":{"line":820,"column":9}},"line":817},"53":{"name":"(anonymous_53)","decl":{"start":{"line":827,"column":17},"end":{"line":827,"column":18}},"loc":{"start":{"line":827,"column":23},"end":{"line":830,"column":7}},"line":827},"54":{"name":"editRecipe","decl":{"start":{"line":834,"column":11},"end":{"line":834,"column":21}},"loc":{"start":{"line":834,"column":30},"end":{"line":857,"column":3}},"line":834},"55":{"name":"(anonymous_55)","decl":{"start":{"line":842,"column":31},"end":{"line":842,"column":32}},"loc":{"start":{"line":842,"column":39},"end":{"line":842,"column":88}},"line":842},"56":{"name":"resetForm","decl":{"start":{"line":859,"column":11},"end":{"line":859,"column":20}},"loc":{"start":{"line":859,"column":23},"end":{"line":872,"column":3}},"line":859},"57":{"name":"handleImageChange","decl":{"start":{"line":874,"column":11},"end":{"line":874,"column":28}},"loc":{"start":{"line":874,"column":32},"end":{"line":881,"column":3}},"line":874},"58":{"name":"editPreview","decl":{"start":{"line":883,"column":11},"end":{"line":883,"column":22}},"loc":{"start":{"line":883,"column":25},"end":{"line":895,"column":3}},"line":883},"59":{"name":"(anonymous_59)","decl":{"start":{"line":888,"column":114},"end":{"line":888,"column":115}},"loc":{"start":{"line":889,"column":8},"end":{"line":889,"column":51}},"line":889},"60":{"name":"updatePreview","decl":{"start":{"line":897,"column":11},"end":{"line":897,"column":24}},"loc":{"start":{"line":897,"column":27},"end":{"line":922,"column":3}},"line":897},"61":{"name":"(anonymous_61)","decl":{"start":{"line":900,"column":25},"end":{"line":900,"column":26}},"loc":{"start":{"line":900,"column":34},"end":{"line":903,"column":7}},"line":900},"62":{"name":"(anonymous_62)","decl":{"start":{"line":912,"column":54},"end":{"line":912,"column":55}},"loc":{"start":{"line":912,"column":59},"end":{"line":912,"column":67}},"line":912},"63":{"name":"(anonymous_63)","decl":{"start":{"line":913,"column":56},"end":{"line":913,"column":57}},"loc":{"start":{"line":913,"column":61},"end":{"line":913,"column":69}},"line":913},"64":{"name":"(anonymous_64)","decl":{"start":{"line":914,"column":59},"end":{"line":914,"column":60}},"loc":{"start":{"line":914,"column":64},"end":{"line":914,"column":72}},"line":914},"65":{"name":"(anonymous_65)","decl":{"start":{"line":915,"column":62},"end":{"line":915,"column":63}},"loc":{"start":{"line":915,"column":67},"end":{"line":915,"column":75}},"line":915},"66":{"name":"(anonymous_66)","decl":{"start":{"line":915,"column":81},"end":{"line":915,"column":82}},"loc":{"start":{"line":915,"column":97},"end":{"line":918,"column":7}},"line":915},"67":{"name":"cancelEditPreview","decl":{"start":{"line":924,"column":11},"end":{"line":924,"column":28}},"loc":{"start":{"line":924,"column":31},"end":{"line":927,"column":3}},"line":924},"68":{"name":"openRecipeView","decl":{"start":{"line":929,"column":11},"end":{"line":929,"column":25}},"loc":{"start":{"line":929,"column":34},"end":{"line":931,"column":3}},"line":929},"69":{"name":"openVideoPopup","decl":{"start":{"line":933,"column":11},"end":{"line":933,"column":25}},"loc":{"start":{"line":933,"column":36},"end":{"line":936,"column":3}},"line":933},"70":{"name":"saveRecipeToDatabase","decl":{"start":{"line":938,"column":17},"end":{"line":938,"column":37}},"loc":{"start":{"line":938,"column":40},"end":{"line":991,"column":3}},"line":938},"71":{"name":"checkForDuplicates","decl":{"start":{"line":993,"column":11},"end":{"line":993,"column":29}},"loc":{"start":{"line":993,"column":45},"end":{"line":1014,"column":3}},"line":993},"72":{"name":"(anonymous_72)","decl":{"start":{"line":994,"column":38},"end":{"line":994,"column":39}},"loc":{"start":{"line":994,"column":48},"end":{"line":1011,"column":5}},"line":994},"73":{"name":"calculateSimilarity","decl":{"start":{"line":1016,"column":11},"end":{"line":1016,"column":30}},"loc":{"start":{"line":1016,"column":43},"end":{"line":1028,"column":3}},"line":1016},"74":{"name":"levenshteinDistance","decl":{"start":{"line":1030,"column":11},"end":{"line":1030,"column":30}},"loc":{"start":{"line":1030,"column":43},"end":{"line":1056,"column":3}},"line":1030},"75":{"name":"searchRecipes","decl":{"start":{"line":1058,"column":17},"end":{"line":1058,"column":30}},"loc":{"start":{"line":1058,"column":38},"end":{"line":1107,"column":3}},"line":1058},"76":{"name":"(anonymous_76)","decl":{"start":{"line":1076,"column":54},"end":{"line":1076,"column":55}},"loc":{"start":{"line":1076,"column":62},"end":{"line":1094,"column":9}},"line":1076},"77":{"name":"(anonymous_77)","decl":{"start":{"line":1140,"column":24},"end":{"line":1140,"column":25}},"loc":{"start":{"line":1140,"column":31},"end":{"line":1164,"column":15}},"line":1140},"78":{"name":"(anonymous_78)","decl":{"start":{"line":1151,"column":58},"end":{"line":1151,"column":59}},"loc":{"start":{"line":1151,"column":64},"end":{"line":1153,"column":21}},"line":1151},"79":{"name":"(anonymous_79)","decl":{"start":{"line":1165,"column":26},"end":{"line":1165,"column":27}},"loc":{"start":{"line":1165,"column":33},"end":{"line":1180,"column":15}},"line":1165},"80":{"name":"(anonymous_80)","decl":{"start":{"line":1187,"column":23},"end":{"line":1187,"column":24}},"loc":{"start":{"line":1187,"column":29},"end":{"line":1197,"column":15}},"line":1187},"81":{"name":"(anonymous_81)","decl":{"start":{"line":1227,"column":64},"end":{"line":1227,"column":65}},"loc":{"start":{"line":1227,"column":70},"end":{"line":1227,"column":90}},"line":1227},"82":{"name":"(anonymous_82)","decl":{"start":{"line":1246,"column":33},"end":{"line":1246,"column":34}},"loc":{"start":{"line":1247,"column":16},"end":{"line":1280,"column":22}},"line":1247},"83":{"name":"(anonymous_83)","decl":{"start":{"line":1250,"column":27},"end":{"line":1250,"column":28}},"loc":{"start":{"line":1250,"column":33},"end":{"line":1257,"column":19}},"line":1250},"84":{"name":"(anonymous_84)","decl":{"start":{"line":1297,"column":70},"end":{"line":1297,"column":71}},"loc":{"start":{"line":1297,"column":82},"end":{"line":1377,"column":13}},"line":1297},"85":{"name":"(anonymous_85)","decl":{"start":{"line":1301,"column":70},"end":{"line":1301,"column":71}},"loc":{"start":{"line":1301,"column":76},"end":{"line":1301,"column":98}},"line":1301},"86":{"name":"(anonymous_86)","decl":{"start":{"line":1320,"column":32},"end":{"line":1320,"column":33}},"loc":{"start":{"line":1320,"column":38},"end":{"line":1320,"column":113}},"line":1320},"87":{"name":"(anonymous_87)","decl":{"start":{"line":1321,"column":33},"end":{"line":1321,"column":34}},"loc":{"start":{"line":1321,"column":40},"end":{"line":1326,"column":25}},"line":1321},"88":{"name":"(anonymous_88)","decl":{"start":{"line":1388,"column":57},"end":{"line":1388,"column":58}},"loc":{"start":{"line":1388,"column":63},"end":{"line":1391,"column":19}},"line":1388},"89":{"name":"(anonymous_89)","decl":{"start":{"line":1403,"column":38},"end":{"line":1403,"column":39}},"loc":{"start":{"line":1403,"column":43},"end":{"line":1403,"column":103}},"line":1403},"90":{"name":"(anonymous_90)","decl":{"start":{"line":1412,"column":38},"end":{"line":1412,"column":39}},"loc":{"start":{"line":1412,"column":43},"end":{"line":1412,"column":110}},"line":1412},"91":{"name":"(anonymous_91)","decl":{"start":{"line":1421,"column":60},"end":{"line":1421,"column":61}},"loc":{"start":{"line":1422,"column":30},"end":{"line":1443,"column":36}},"line":1422},"92":{"name":"(anonymous_92)","decl":{"start":{"line":1426,"column":44},"end":{"line":1426,"column":45}},"loc":{"start":{"line":1426,"column":49},"end":{"line":1430,"column":35}},"line":1426},"93":{"name":"(anonymous_93)","decl":{"start":{"line":1434,"column":43},"end":{"line":1434,"column":44}},"loc":{"start":{"line":1434,"column":49},"end":{"line":1437,"column":35}},"line":1434},"94":{"name":"(anonymous_94)","decl":{"start":{"line":1435,"column":93},"end":{"line":1435,"column":94}},"loc":{"start":{"line":1435,"column":103},"end":{"line":1435,"column":114}},"line":1435},"95":{"name":"(anonymous_95)","decl":{"start":{"line":1446,"column":39},"end":{"line":1446,"column":40}},"loc":{"start":{"line":1446,"column":45},"end":{"line":1451,"column":31}},"line":1446},"96":{"name":"(anonymous_96)","decl":{"start":{"line":1462,"column":61},"end":{"line":1462,"column":62}},"loc":{"start":{"line":1463,"column":30},"end":{"line":1484,"column":36}},"line":1463},"97":{"name":"(anonymous_97)","decl":{"start":{"line":1466,"column":44},"end":{"line":1466,"column":45}},"loc":{"start":{"line":1466,"column":49},"end":{"line":1470,"column":35}},"line":1466},"98":{"name":"(anonymous_98)","decl":{"start":{"line":1475,"column":43},"end":{"line":1475,"column":44}},"loc":{"start":{"line":1475,"column":49},"end":{"line":1478,"column":35}},"line":1475},"99":{"name":"(anonymous_99)","decl":{"start":{"line":1476,"column":95},"end":{"line":1476,"column":96}},"loc":{"start":{"line":1476,"column":105},"end":{"line":1476,"column":116}},"line":1476},"100":{"name":"(anonymous_100)","decl":{"start":{"line":1487,"column":39},"end":{"line":1487,"column":40}},"loc":{"start":{"line":1487,"column":45},"end":{"line":1492,"column":31}},"line":1487},"101":{"name":"(anonymous_101)","decl":{"start":{"line":1505,"column":38},"end":{"line":1505,"column":39}},"loc":{"start":{"line":1505,"column":43},"end":{"line":1505,"column":142}},"line":1505},"102":{"name":"(anonymous_102)","decl":{"start":{"line":1517,"column":38},"end":{"line":1517,"column":39}},"loc":{"start":{"line":1517,"column":43},"end":{"line":1517,"column":142}},"line":1517},"103":{"name":"(anonymous_103)","decl":{"start":{"line":1529,"column":38},"end":{"line":1529,"column":39}},"loc":{"start":{"line":1529,"column":43},"end":{"line":1529,"column":111}},"line":1529},"104":{"name":"(anonymous_104)","decl":{"start":{"line":1578,"column":38},"end":{"line":1578,"column":39}},"loc":{"start":{"line":1578,"column":43},"end":{"line":1578,"column":66}},"line":1578},"105":{"name":"(anonymous_105)","decl":{"start":{"line":1588,"column":38},"end":{"line":1588,"column":39}},"loc":{"start":{"line":1588,"column":43},"end":{"line":1588,"column":73}},"line":1588},"106":{"name":"(anonymous_106)","decl":{"start":{"line":1597,"column":45},"end":{"line":1597,"column":46}},"loc":{"start":{"line":1598,"column":30},"end":{"line":1619,"column":36}},"line":1598},"107":{"name":"(anonymous_107)","decl":{"start":{"line":1602,"column":44},"end":{"line":1602,"column":45}},"loc":{"start":{"line":1602,"column":49},"end":{"line":1606,"column":35}},"line":1602},"108":{"name":"(anonymous_108)","decl":{"start":{"line":1610,"column":43},"end":{"line":1610,"column":44}},"loc":{"start":{"line":1610,"column":49},"end":{"line":1613,"column":35}},"line":1610},"109":{"name":"(anonymous_109)","decl":{"start":{"line":1611,"column":78},"end":{"line":1611,"column":79}},"loc":{"start":{"line":1611,"column":88},"end":{"line":1611,"column":99}},"line":1611},"110":{"name":"(anonymous_110)","decl":{"start":{"line":1626,"column":44},"end":{"line":1626,"column":45}},"loc":{"start":{"line":1626,"column":49},"end":{"line":1626,"column":81}},"line":1626},"111":{"name":"(anonymous_111)","decl":{"start":{"line":1633,"column":39},"end":{"line":1633,"column":40}},"loc":{"start":{"line":1633,"column":45},"end":{"line":1635,"column":31}},"line":1633},"112":{"name":"(anonymous_112)","decl":{"start":{"line":1646,"column":46},"end":{"line":1646,"column":47}},"loc":{"start":{"line":1647,"column":30},"end":{"line":1668,"column":36}},"line":1647},"113":{"name":"(anonymous_113)","decl":{"start":{"line":1650,"column":44},"end":{"line":1650,"column":45}},"loc":{"start":{"line":1650,"column":49},"end":{"line":1654,"column":35}},"line":1650},"114":{"name":"(anonymous_114)","decl":{"start":{"line":1659,"column":43},"end":{"line":1659,"column":44}},"loc":{"start":{"line":1659,"column":49},"end":{"line":1662,"column":35}},"line":1659},"115":{"name":"(anonymous_115)","decl":{"start":{"line":1660,"column":80},"end":{"line":1660,"column":81}},"loc":{"start":{"line":1660,"column":90},"end":{"line":1660,"column":101}},"line":1660},"116":{"name":"(anonymous_116)","decl":{"start":{"line":1674,"column":44},"end":{"line":1674,"column":45}},"loc":{"start":{"line":1674,"column":49},"end":{"line":1674,"column":82}},"line":1674},"117":{"name":"(anonymous_117)","decl":{"start":{"line":1681,"column":39},"end":{"line":1681,"column":40}},"loc":{"start":{"line":1681,"column":45},"end":{"line":1683,"column":31}},"line":1681},"118":{"name":"(anonymous_118)","decl":{"start":{"line":1696,"column":38},"end":{"line":1696,"column":39}},"loc":{"start":{"line":1696,"column":43},"end":{"line":1696,"column":70}},"line":1696},"119":{"name":"(anonymous_119)","decl":{"start":{"line":1708,"column":38},"end":{"line":1708,"column":39}},"loc":{"start":{"line":1708,"column":43},"end":{"line":1708,"column":70}},"line":1708},"120":{"name":"(anonymous_120)","decl":{"start":{"line":1720,"column":38},"end":{"line":1720,"column":39}},"loc":{"start":{"line":1720,"column":43},"end":{"line":1720,"column":73}},"line":1720},"121":{"name":"(anonymous_121)","decl":{"start":{"line":1788,"column":29},"end":{"line":1788,"column":30}},"loc":{"start":{"line":1788,"column":35},"end":{"line":1796,"column":21}},"line":1788},"122":{"name":"(anonymous_122)","decl":{"start":{"line":1818,"column":117},"end":{"line":1818,"column":118}},"loc":{"start":{"line":1819,"column":32},"end":{"line":1819,"column":65}},"line":1819},"123":{"name":"(anonymous_123)","decl":{"start":{"line":1827,"column":120},"end":{"line":1827,"column":121}},"loc":{"start":{"line":1828,"column":32},"end":{"line":1830,"column":37}},"line":1828},"124":{"name":"(anonymous_124)","decl":{"start":{"line":1847,"column":35},"end":{"line":1847,"column":36}},"loc":{"start":{"line":1847,"column":47},"end":{"line":1877,"column":27}},"line":1847},"125":{"name":"(anonymous_125)","decl":{"start":{"line":1864,"column":70},"end":{"line":1864,"column":71}},"loc":{"start":{"line":1864,"column":75},"end":{"line":1864,"column":81}},"line":1864},"126":{"name":"(anonymous_126)","decl":{"start":{"line":1884,"column":35},"end":{"line":1884,"column":36}},"loc":{"start":{"line":1884,"column":41},"end":{"line":1902,"column":27}},"line":1884},"127":{"name":"(anonymous_127)","decl":{"start":{"line":1894,"column":43},"end":{"line":1894,"column":44}},"loc":{"start":{"line":1894,"column":49},"end":{"line":1900,"column":33}},"line":1894},"128":{"name":"(anonymous_128)","decl":{"start":{"line":1910,"column":35},"end":{"line":1910,"column":36}},"loc":{"start":{"line":1910,"column":41},"end":{"line":1917,"column":27}},"line":1910},"129":{"name":"(anonymous_129)","decl":{"start":{"line":1934,"column":38},"end":{"line":1934,"column":39}},"loc":{"start":{"line":1934,"column":43},"end":{"line":1934,"column":105}},"line":1934},"130":{"name":"(anonymous_130)","decl":{"start":{"line":1943,"column":38},"end":{"line":1943,"column":39}},"loc":{"start":{"line":1943,"column":43},"end":{"line":1943,"column":112}},"line":1943},"131":{"name":"(anonymous_131)","decl":{"start":{"line":1952,"column":61},"end":{"line":1952,"column":62}},"loc":{"start":{"line":1953,"column":30},"end":{"line":1974,"column":36}},"line":1953},"132":{"name":"(anonymous_132)","decl":{"start":{"line":1957,"column":44},"end":{"line":1957,"column":45}},"loc":{"start":{"line":1957,"column":49},"end":{"line":1961,"column":35}},"line":1957},"133":{"name":"(anonymous_133)","decl":{"start":{"line":1965,"column":43},"end":{"line":1965,"column":44}},"loc":{"start":{"line":1965,"column":49},"end":{"line":1968,"column":35}},"line":1965},"134":{"name":"(anonymous_134)","decl":{"start":{"line":1966,"column":94},"end":{"line":1966,"column":95}},"loc":{"start":{"line":1966,"column":104},"end":{"line":1966,"column":115}},"line":1966},"135":{"name":"(anonymous_135)","decl":{"start":{"line":1977,"column":39},"end":{"line":1977,"column":40}},"loc":{"start":{"line":1977,"column":45},"end":{"line":1982,"column":31}},"line":1977},"136":{"name":"(anonymous_136)","decl":{"start":{"line":1993,"column":62},"end":{"line":1993,"column":63}},"loc":{"start":{"line":1994,"column":30},"end":{"line":2015,"column":36}},"line":1994},"137":{"name":"(anonymous_137)","decl":{"start":{"line":1997,"column":44},"end":{"line":1997,"column":45}},"loc":{"start":{"line":1997,"column":49},"end":{"line":2001,"column":35}},"line":1997},"138":{"name":"(anonymous_138)","decl":{"start":{"line":2006,"column":43},"end":{"line":2006,"column":44}},"loc":{"start":{"line":2006,"column":49},"end":{"line":2009,"column":35}},"line":2006},"139":{"name":"(anonymous_139)","decl":{"start":{"line":2007,"column":96},"end":{"line":2007,"column":97}},"loc":{"start":{"line":2007,"column":106},"end":{"line":2007,"column":117}},"line":2007},"140":{"name":"(anonymous_140)","decl":{"start":{"line":2018,"column":39},"end":{"line":2018,"column":40}},"loc":{"start":{"line":2018,"column":45},"end":{"line":2023,"column":31}},"line":2018},"141":{"name":"(anonymous_141)","decl":{"start":{"line":2073,"column":29},"end":{"line":2073,"column":30}},"loc":{"start":{"line":2073,"column":35},"end":{"line":2076,"column":21}},"line":2073},"142":{"name":"(anonymous_142)","decl":{"start":{"line":2087,"column":32},"end":{"line":2087,"column":33}},"loc":{"start":{"line":2087,"column":37},"end":{"line":2087,"column":63}},"line":2087},"143":{"name":"(anonymous_143)","decl":{"start":{"line":2096,"column":31},"end":{"line":2096,"column":32}},"loc":{"start":{"line":2096,"column":43},"end":{"line":2122,"column":23}},"line":2096},"144":{"name":"(anonymous_144)","decl":{"start":{"line":2141,"column":50},"end":{"line":2141,"column":51}},"loc":{"start":{"line":2141,"column":56},"end":{"line":2141,"column":79}},"line":2141},"145":{"name":"(anonymous_145)","decl":{"start":{"line":2147,"column":25},"end":{"line":2147,"column":26}},"loc":{"start":{"line":2147,"column":31},"end":{"line":2151,"column":17}},"line":2147},"146":{"name":"(anonymous_146)","decl":{"start":{"line":2158,"column":25},"end":{"line":2158,"column":26}},"loc":{"start":{"line":2158,"column":31},"end":{"line":2163,"column":17}},"line":2158},"147":{"name":"(anonymous_147)","decl":{"start":{"line":2224,"column":29},"end":{"line":2224,"column":30}},"loc":{"start":{"line":2224,"column":36},"end":{"line":2227,"column":21}},"line":2224},"148":{"name":"(anonymous_148)","decl":{"start":{"line":2257,"column":91},"end":{"line":2257,"column":92}},"loc":{"start":{"line":2258,"column":18},"end":{"line":2258,"column":51}},"line":2258},"149":{"name":"(anonymous_149)","decl":{"start":{"line":2267,"column":94},"end":{"line":2267,"column":95}},"loc":{"start":{"line":2268,"column":18},"end":{"line":2270,"column":23}},"line":2268},"150":{"name":"(anonymous_150)","decl":{"start":{"line":2282,"column":19},"end":{"line":2282,"column":20}},"loc":{"start":{"line":2282,"column":25},"end":{"line":2282,"column":49}},"line":2282}},"branchMap":{"0":{"loc":{"start":{"line":4,"column":16},"end":{"line":4,"column":96}},"type":"binary-expr","locations":[{"start":{"line":4,"column":16},"end":{"line":4,"column":44}},{"start":{"line":4,"column":48},"end":{"line":4,"column":96}}],"line":4},"1":{"loc":{"start":{"line":5,"column":24},"end":{"line":5,"column":119}},"type":"binary-expr","locations":[{"start":{"line":5,"column":24},"end":{"line":5,"column":60}},{"start":{"line":5,"column":64},"end":{"line":5,"column":119}}],"line":5},"2":{"loc":{"start":{"line":6,"column":22},"end":{"line":6,"column":110}},"type":"binary-expr","locations":[{"start":{"line":6,"column":22},"end":{"line":6,"column":56}},{"start":{"line":6,"column":60},"end":{"line":6,"column":110}}],"line":6},"3":{"loc":{"start":{"line":21,"column":4},"end":{"line":21,"column":24}},"type":"if","locations":[{"start":{"line":21,"column":4},"end":{"line":21,"column":24}},{"start":{},"end":{}}],"line":21},"4":{"loc":{"start":{"line":27,"column":6},"end":{"line":37,"column":7}},"type":"if","locations":[{"start":{"line":27,"column":6},"end":{"line":37,"column":7}},{"start":{},"end":{}}],"line":27},"5":{"loc":{"start":{"line":27,"column":10},"end":{"line":27,"column":89}},"type":"binary-expr","locations":[{"start":{"line":27,"column":10},"end":{"line":27,"column":49}},{"start":{"line":27,"column":53},"end":{"line":27,"column":89}}],"line":27},"6":{"loc":{"start":{"line":29,"column":8},"end":{"line":33,"column":9}},"type":"if","locations":[{"start":{"line":29,"column":8},"end":{"line":33,"column":9}},{"start":{"line":31,"column":15},"end":{"line":33,"column":9}}],"line":29},"7":{"loc":{"start":{"line":31,"column":15},"end":{"line":33,"column":9}},"type":"if","locations":[{"start":{"line":31,"column":15},"end":{"line":33,"column":9}},{"start":{},"end":{}}],"line":31},"8":{"loc":{"start":{"line":34,"column":8
[...]
mn":38},"end":{"line":2238,"column":62}}],"line":2238},"256":{"loc":{"start":{"line":2240,"column":21},"end":{"line":2240,"column":69}},"type":"binary-expr","locations":[{"start":{"line":2240,"column":21},"end":{"line":2240,"column":41}},{"start":{"line":2240,"column":45},"end":{"line":2240,"column":69}}],"line":2240},"257":{"loc":{"start":{"line":2257,"column":18},"end":{"line":2257,"column":85}},"type":"binary-expr","locations":[{"start":{"line":2257,"column":18},"end":{"line":2257,"column":49}},{"start":{"line":2257,"column":53},"end":{"line":2257,"column":79}},{"start":{"line":2257,"column":83},"end":{"line":2257,"column":85}}],"line":2257},"258":{"loc":{"start":{"line":2267,"column":18},"end":{"line":2267,"column":88}},"type":"binary-expr","locations":[{"start":{"line":2267,"column":18},"end":{"line":2267,"column":51}},{"start":{"line":2267,"column":55},"end":{"line":2267,"column":82}},{"start":{"line":2267,"column":86},"end":{"line":2267,"column":88}}],"line":2267},"259":{"loc":{"start":{"line":2269,"column":21},"end":{"line":2269,"column":91}},"type":"cond-expr","locations":[{"start":{"line":2269,"column":55},"end":{"line":2269,"column":66}},{"start":{"line":2269,"column":69},"end":{"line":2269,"column":91}}],"line":2269},"260":{"loc":{"start":{"line":2269,"column":69},"end":{"line":2269,"column":91}},"type":"binary-expr","locations":[{"start":{"line":2269,"column":69},"end":{"line":2269,"column":85}},{"start":{"line":2269,"column":89},"end":{"line":2269,"column":91}}],"line":2269},"261":{"loc":{"start":{"line":2279,"column":7},"end":{"line":2284,"column":7}},"type":"binary-expr","locations":[{"start":{"line":2279,"column":7},"end":{"line":2279,"column":21}},{"start":{"line":2280,"column":8},"end":{"line":2283,"column":10}}],"line":2279}},"s":{"0":9,"1":9,"2":9,"3":22,"4":22,"5":22,"6":22,"7":22,"8":22,"9":22,"10":22,"11":22,"12":22,"13":1,"14":21,"15":21,"16":20,"17":19,"18":19,"19":1,"20":18,"21":18,"22":19,"23":19,"24":1,"25":1,"26":1,"27":1,"28":0,"29":1,"30":1,"31":22,"32":22,"33":1,"34":1,"35":1,"36":22,"37":1,"38":1,"39":1,"40":22,"41":19,"42":2,"43":1,"44":1,"45":1,"46":1,"47":1,"48":1,"49":1,"50":1,"51":1,"52":1,"53":1,"54":19,"55":2,"56":2,"57":19,"58":2,"59":2,"60":19,"61":19,"62":19,"63":22,"64":17,"65":1,"66":1,"67":1,"68":17,"69":17,"70":17,"71":22,"72":1,"73":1,"74":0,"75":0,"76":640,"77":637,"78":637,"79":637,"80":637,"81":637,"82":637,"83":637,"84":637,"85":637,"86":637,"87":637,"88":637,"89":637,"90":637,"91":637,"92":637,"93":637,"94":637,"95":637,"96":637,"97":637,"98":637,"99":637,"100":637,"101":637,"102":637,"103":637,"104":637,"105":637,"106":637,"107":637,"108":637,"109":637,"110":637,"111":637,"112":637,"113":637,"114":637,"115":637,"116":93,"117":93,"118":637,"119":93,"120":0,"121":0,"122":0,"123":0,"124":93,"125":0,"126":93,"127":93,"128":637,"129":186,"130":186,"131":186,"132":179,"133":35,"134":35,"135":144,"136":144,"137":144,"138":0,"139":0,"140":0,"141":0,"142":0,"143":0,"144":0,"145":0,"146":0,"147":0,"148":144,"149":186,"150":187,"151":187,"152":187,"153":187,"154":0,"155":187,"156":187,"157":186,"158":186,"159":186,"160":186,"161":186,"162":186,"163":637,"164":106,"165":93,"166":13,"167":13,"168":0,"169":0,"170":0,"171":0,"172":0,"173":0,"174":0,"175":0,"176":0,"177":0,"178":0,"179":0,"180":0,"181":0,"182":13,"183":13,"184":13,"185":13,"186":13,"187":13,"188":637,"189":93,"190":93,"191":93,"192":93,"193":93,"194":93,"195":86,"196":58,"197":93,"198":93,"199":93,"200":93,"201":93,"202":93,"203":93,"204":637,"205":93,"206":1,"207":637,"208":58,"209":0,"210":58,"211":58,"212":58,"213":58,"214":58,"215":58,"216":58,"217":58,"218":58,"219":58,"220":58,"221":5800,"222":5800,"223":2307,"224":2307,"225":2307,"226":3493,"227":1726,"228":1726,"229":1726,"230":1767,"231":1767,"232":1767,"233":5800,"234":58,"235":58,"236":58,"237":63,"238":0,"239":63,"240":63,"241":685,"242":685,"243":1,"244":1,"245":685,"246":465,"247":685,"248":685,"249":685,"250":165,"251":165,"252":165,"253":165,"254":165,"255":138,"256":138,"257":138,"258":138,"259":138,"260":520,"261":300,"262":300,"263":300,"264":300,"265":300,"266":270,"267":270,"268":270,"269":270,"270":270,"271":270,"272":270,"273":270,"274":270,"275":220,"276":220,"277":220,"278":220,"279":6,"280":58,"281":58,"282":1,"283":57,"284":57,"285":637,"286":93,"287":4,"288":0,"289":0,"290":0,"291":0,"292":0,"293":0,"294":0,"295":0,"296":0,"297":0,"298":93,"299":93,"300":93,"301":94,"302":94,"303":92,"304":90,"305":90,"306":13,"307":13,"308":13,"309":13,"310":77,"311":77,"312":2,"313":2,"314":2,"315":2,"316":93,"317":93,"318":91,"319":40,"320":40,"321":40,"322":4,"323":4,"324":49,"325":49,"326":1,"327":0,"328":1,"329":1,"330":1,"331":2,"332":2,"333":2,"334":2,"335":1,"336":1,"337":1,"338":1,"339":1,"340":0,"341":0,"342":0,"343":0,"344":0,"345":0,"346":0,"347":0,"348":0,"349":0,"350":0,"351":0,"352":0,"353":0,"354":0,"355":0,"356":0,"357":0,"358":0,"359":0,"360":0,"361":7,"362":0,"363":7,"364":7,"365":7,"366":7,"367":7,"368":3,"369":3,"370":3,"371":3,"372":3,"373":3,"374":0,"375":0,"376":0,"377":0,"378":0,"379":4,"380":4,"381":4,"382":3,"383":3,"384":0,"385":0,"386":0,"387":0,"388":0,"389":0,"390":0,"391":0,"392":1,"393":1,"394":1,"395":1,"396":1,"397":1,"398":1,"399":1,"400":1,"401":1,"402":1,"403":1,"404":1,"405":1,"406":1,"407":0,"408":0,"409":0,"410":0,"411":0,"412":0,"413":0,"414":0,"415":0,"416":0,"417":0,"418":0,"419":0,"420":0,"421":0,"422":0,"423":0,"424":0,"425":13,"426":13,"427":13,"428":0,"429":0,"430":0,"431":0,"432":0,"433":0,"434":0,"435":0,"436":0,"437":0,"438":0,"439":0,"440":0,"441":0,"442":0,"443":0,"444":0,"445":0,"446":0,"447":0,"448":0,"449":0,"450":0,"451":0,"452":0,"453":0,"454":0,"455":0,"456":0,"457":0,"458":0,"459":0,"460":0,"461":0,"462":0,"463":0,"464":0,"465":0,"466":0,"467":0,"468":0,"469":0,"470":0,"471":0,"472":0,"473":0,"474":0,"475":0,"476":0,"477":0,"478":0,"479":0,"480":0,"481":0,"482":0,"483":0,"484":0,"485":0,"486":0,"487":0,"488":0,"489":0,"490":0,"491":0,"492":0,"493":0,"494":0,"495":0,"496":0,"497":0,"498":0,"499":0,"500":0,"501":0,"502":0,"503":0,"504":0,"505":0,"506":0,"507":0,"508":0,"509":637,"510":282,"511":282,"512":254,"513":282,"514":112,"515":98,"516":0,"517":14,"518":14,"519":170,"520":170,"521":282,"522":0,"523":0,"524":0,"525":0,"526":0,"527":0,"528":0,"529":0,"530":8,"531":7,"532":1,"533":0,"534":1,"535":1,"536":3,"537":0,"538":0,"539":0,"540":0,"541":0,"542":13,"543":13,"544":13,"545":13,"546":0,"547":0,"548":0,"549":0,"550":0,"551":0,"552":0,"553":0,"554":0,"555":0,"556":0,"557":0,"558":0,"559":0,"560":0,"561":0,"562":0,"563":0,"564":0,"565":0,"566":0,"567":0,"568":0,"569":0,"570":0,"571":0,"572":0,"573":25,"574":23,"575":37,"576":0,"577":0,"578":0,"579":0,"580":0,"581":0,"582":1,"583":1,"584":33,"585":0,"586":0,"587":0,"588":0,"589":0,"590":0,"591":1,"592":1,"593":2,"594":2,"595":10,"596":0,"597":0,"598":0,"599":0,"600":0,"601":0,"602":0,"603":0,"604":0,"605":0,"606":0,"607":0,"608":0,"609":0,"610":0,"611":0,"612":0,"613":0,"614":0,"615":0,"616":0,"617":0,"618":0,"619":0,"620":0,"621":0,"622":0,"623":0,"624":0,"625":0,"626":0,"627":0,"628":0,"629":0,"630":0,"631":0,"632":0,"633":0,"634":0,"635":0,"636":0,"637":0,"638":0,"639":0,"640":0,"641":0,"642":0,"643":0,"644":0,"645":0,"646":0,"647":0,"648":0,"649":0,"650":0,"651":0,"652":0,"653":0,"654":0,"655":0,"656":0,"657":0,"658":0,"659":0,"660":26,"661":1,"662":0,"663":1,"664":1,"665":1,"666":1,"667":0,"668":0,"669":0,"670":0,"671":0,"672":1,"673":1,"674":1,"675":0,"676":0,"677":0,"678":0,"679":0,"680":0,"681":0,"682":13,"683":13,"684":0,"685":0,"686":1},"f":{"0":22,"1":22,"2":1,"3":1,"4":19,"5":2,"6":2,"7":19,"8":17,"9":1,"10":17,"11":1,"12":1,"13":0,"14":0,"15":640,"16":93,"17":93,"18":0,"19":93,"20":186,"21":179,"22":0,"23":187,"24":186,"25":106,"26":0,"27":0,"28":13,"29":93,"30":93,"31":86,"32":93,"33":93,"34":58,"35":63,"36":685,"37":93,"38":4,"39":0,"40":93,"41":94,"42":13,"43":93,"44":1,"45":2,"46":2,"47":2,"48":2,"49":0,"50":0,"51":7,"52":0,"53":3,"54":0,"55":0,"56":1,"57":1,"58":0,"59":0,"60":0,"61":0,"62":0,"63":0,"64":0,"65":0,"66":0,"67":0,"68":13,"69":13,"70":0,"71":0,"72":0,"73":0,"74":0,"75":0,"76":0,"77":282,"78":0,"79":282,"80":8,"81":3,"82":0,"83":0,"84":13,"85":13,"86":0,"87":0,"88":0,"89":0,"90":0,"91":0,"92":0,"93":0,"94":0,"95":0,"96":0,"97":0,"98":0,"99":0,"100":0,"101":0,"102":0,"103":0,"104":25,"105":23,"106":37,"107":0,"108":0,"109":0,"110":1,"111":1,"112":33,"113":0,"114":0,"115":0,"116":1,"117":1,"118":2,"119":2,"120":10,"121":0,"122":0,"123":0,"124":0,"125":0,"126":0,"127":0,"128":0,"129":0,"130":0,"131":0,"132":0,"133":0,"134":0,"135":0,"136":0,"137":0,"138":0,"139":0,"140":0,"141":0,"142":26,"143":1,"144":0,"145":0,"146":0,"147":13,"148":0,"149":0,"150":1},"b":{"0":[9,0],"1":[9,0],"2":[9,0],"3":[1,21],"4":[19,1],"5":[20,2],"6":[1,18],"7":[18,0],"8":[19,0],"9":[1,0],"10":[1,0],"11":[1,0],"12":[1,0],"13":[1,1],"14":[1,0],"15":[2,17],"16":[19,18],"17":[2,20],"18":[21,1],"19":[0,0],"20":[0,0,0,0],"21":[0,93],"22":[35,144],"23":[187,0],"24":[0,187],"25":[186,1],"26":[93,13],"27":[106,13],"28":[0,0],"29":[0,0],"30":[0,0],"31":[13,0],"32":[93,93],"33":[93,0],"34":[93,0],"35":[93,93],"36":[58,28],"37":[86,58],"38":[93,93],"39":[93,0],"40":[93,93],"41":[93,93],"42":[1,92],"43":[0,58],"44":[58,58],"45":[2307,3493],"46":[1726,1767],"47":[0,63],"48":[1,684],"49":[465,220],"50":[685,520],"51":[165,520],"52":[300,220],"53":[0,4],"54":[4,4],"55":[0,0],"56":[0,0],"57":[0,0],"58":[90,2],"59":[13,77],"60":[90,16],"61":[13,0],"62":[13,0],"63":[13,0],"64":[13,13],"65":[13,13,13],"66":[13,13,13],"67":[13,0,0],"68":[13,0,0],"69":[13,13,0],"70":[13,13,0],"71":[13,13,13],"72":[13,13,13],"73":[13,13,13,13],"74":[13,13,13],"75":[13,12,1],"76":[13,12],"77":[13,13],"78":[13,13],"79":[13,13],"80":[13,13],"81":[13,13],"82":[13,13],"83":[13,13],"84":[40,4],"85":[0,1],"86":[1,0],"87":[1,0],"88":[1,0],"89":[0,0],"90":[0,0,0],"91":[0,0],"92":[0,0],"93":[0,7],"94":[7,7],"95":[3,0],"96":[0,0,0],"97":[0,0,0],"98":[0,0],"99":[0,0],"100":[0,0],"101":[0,0],"102":[0,0],"103":[0,0,0],"104":[0,0],"105":[0,0],"106":[0,0,0],"107":[1,0],"108":[1,1],"109":[0,0],"110":[0,0,0],"111":[0,0],"112":[0,0],"113":[0,0],"114":[0,0],"115":[0,0],"116":[0,0],"117":[0,0,0],"118":[0,0],"119":[0,0],"120":[0,0],"121":[0,0],"122":[0,0],"123":[0,0],"124":[0,0],"125":[0,0],"126":[0,0],"127":[0,0],"128":[0,0],"129":[0,0],"130":[0,0],"131":[0,0],"132":[0,0],"133":[0,0],"134":[0,0],"135":[0,0],"136":[0,0],"137":[0,0,0],"138":[0,0],"139":[0,0,0],"140":[0,0,0],"141":[0,0,0],"142":[0,0,0],"143":[0,0,0,0],"144":[0,0,0],"145":[0,0],"146":[0,0],"147":[0,0],"148":[0,0],"149":[10,627],"150":[3,634],"151":[254,28],"152":[112,170],"153":[98,14],"154":[0,282],"155":[0,0],"156":[0,0],"157":[0,0],"158":[0,0],"159":[0,0],"160":[0,0],"161":[0,0],"162":[637,627,170],"163":[180,457],"164":[180,457],"165":[7,1],"166":[8,7],"167":[0,1],"168":[1,1],"169":[1,0],"170":[637,627,170],"171":[10,627],"172":[170,457],"173":[164,6],"174":[637,0],"175":[0,0],"176":[0,0],"177":[0,0],"178":[0,0],"179":[0,0],"180":[0,0,0,0],"181":[40,597],"182":[637,597],"183":[597,0],"184":[0,13],"185":[13,13],"186":[0,0],"187":[0,0],"188":[0,0],"189":[0,13],"190":[13,13,13,13,13],"191":[0,0],"192":[0,0],"193":[0,0],"194":[0,0],"195":[0,0,0,0],"196":[0,0,0],"197":[637,72],"198":[0,72],"199":[0,72],"200":[72,0,0],"201":[0,0],"202":[0,0],"203":[0,0],"204":[0,0],"205":[0,0],"206":[0,0],"207":[0,0],"208":[72,53],"209":[72,55],"210":[1,71],"211":[637,3],"212":[3,0],"213":[3,3,3,0],"214":[0,0],"215":[0,0],"216":[3,0],"217":[3,0],"218":[3,3,3],"219":[3,3,3],"220":[3,3,3],"221":[3,3,3],"222":[0,0],"223":[0,0],"224":[0,0],"225":[0,0],"226":[0,0],"227":[0,0],"228":[0,3],"229":[0,0],"230":[0,0],"231":[0,0],"232":[0,0],"233":[637,30,29],"234":[29,0],"235":[0,1],"236":[0,1],"237":[0,0],"238":[0,0],"239":[637,40],"240":[0,0],"241":[0,40],"242":[40,40,40,40,40,40,40],"243":[0,0],"244":[0,0],"245":[0,0],"246":[0,0],"247":[0,0,0,0],"248":[0,0,0],"249":[40,40,0,0,40],"250":[40,0],"251":[40,0,0,40],"252":[13,0],"253":[0,0],"254":[0,40],"255":[40,40],"256":[0,0],"257":[40,0,0],"258":[40,0,0],"259":[0,0],"260":[0,0],"261":[637,13]},"_coverageSchema":"1a1c01bbd47fc00a2c39e90264f33305004495a9","hash":"f921e919b75a844eab7d2740191cb89481488a18"}
,"/workspace/frontend/src/main.jsx": {"path":"/workspace/frontend/src/main.jsx","statementMap":{"0":{"start":{"line":9,"column":0},"end":{"line":13,"column":1}}},"fnMap":{},"branchMap":{},"s":{"0":1},"f":{},"b":{},"_coverageSchema":"1a1c01bbd47fc00a2c39e90264f33305004495a9","hash":"98b79cbcee74bbd2f93cbd390c2f4b5f9053ae65"}
,"/workspace/frontend/src/utils.js": {"path":"/workspace/frontend/src/utils.js","statementMap":{"0":{"start":{"line":3,"column":2},"end":{"line":3,"column":27}},"1":{"start":{"line":3,"column":17},"end":{"line":3,"column":27}},"2":{"start":{"line":6,"column":2},"end":{"line":14,"column":3}},"3":{"start":{"line":7,"column":4},"end":{"line":13,"column":5}},"4":{"start":{"line":8,"column":22},"end":{"line":8,"column":41}},"5":{"start":{"line":9,"column":6},"end":{"line":9,"column":49}},"6":{"start":{"line":9,"column":39},"end":{"line":9,"column":49}},"7":{"start":{"line":10,"column":6},"end":{"line":10,"column":25}},"8":{"start":{"line":12,"column":6},"end":{"line":12,"column":16}},"9":{"start":{"line":17,"column":2},"end":{"line":17,"column":50}},"10":{"start":{"line":17,"column":34},"end":{"line":17,"column":50}},"11":{"start":{"line":19,"column":2},"end":{"line":57,"column":3}},"12":{"start":{"line":21,"column":20},"end":{"line":21,"column":41}},"13":{"start":{"line":23,"column":16},"end":{"line":23,"column":17}},"14":{"start":{"line":24,"column":18},"end":{"line":24,"column":19}},"15":{"start":{"line":27,"column":22},"end":{"line":27,"column":47}},"16":{"start":{"line":28,"column":4},"end":{"line":31,"column":5}},"17":{"start":{"line":29,"column":6},"end":{"line":29,"column":41}},"18":{"start":{"line":30,"column":6},"end":{"line":30,"column":54}},"19":{"start":{"line":34,"column":24},"end":{"line":34,"column":49}},"20":{"start":{"line":35,"column":4},"end":{"line":37,"column":5}},"21":{"start":{"line":36,"column":6},"end":{"line":36,"column":45}},"22":{"start":{"line":40,"column":17},"end":{"line":40,"column":19}},"23":{"start":{"line":41,"column":4},"end":{"line":51,"column":5}},"24":{"start":{"line":42,"column":6},"end":{"line":42,"column":28}},"25":{"start":{"line":43,"column":6},"end":{"line":45,"column":7}},"26":{"start":{"line":44,"column":8},"end":{"line":44,"column":34}},"27":{"start":{"line":46,"column":11},"end":{"line":51,"column":5}},"28":{"start":{"line":47,"column":6},"end":{"line":47,"column":30}},"29":{"start":{"line":50,"column":6},"end":{"line":50,"column":22}},"30":{"start":{"line":53,"column":4},"end":{"line":53,"column":18}},"31":{"start":{"line":55,"column":4},"end":{"line":55,"column":52}},"32":{"start":{"line":56,"column":4},"end":{"line":56,"column":20}},"33":{"start":{"line":62,"column":2},"end":{"line":89,"column":3}},"34":{"start":{"line":64,"column":4},"end":{"line":67,"column":5}},"35":{"start":{"line":65,"column":6},"end":{"line":65,"column":22}},"36":{"start":{"line":66,"column":6},"end":{"line":66,"column":18}},"37":{"start":{"line":69,"column":4},"end":{"line":72,"column":5}},"38":{"start":{"line":70,"column":6},"end":{"line":70,"column":35}},"39":{"start":{"line":71,"column":6},"end":{"line":71,"column":18}},"40":{"start":{"line":77,"column":4},"end":{"line":84,"column":5}},"41":{"start":{"line":79,"column":20},"end":{"line":79,"column":37}},"42":{"start":{"line":80,"column":6},"end":{"line":83,"column":7}},"43":{"start":{"line":81,"column":8},"end":{"line":81,"column":37}},"44":{"start":{"line":82,"column":8},"end":{"line":82,"column":20}},"45":{"start":{"line":86,"column":4},"end":{"line":86,"column":17}},"46":{"start":{"line":88,"column":4},"end":{"line":88,"column":17}}},"fnMap":{"0":{"name":"formatDuration","decl":{"start":{"line":2,"column":16},"end":{"line":2,"column":30}},"loc":{"start":{"line":2,"column":41},"end":{"line":58,"column":1}},"line":2},"1":{"name":"isValidUrl","decl":{"start":{"line":61,"column":16},"end":{"line":61,"column":26}},"loc":{"start":{"line":61,"column":35},"end":{"line":90,"column":1}},"line":61}},"branchMap":{"0":{"loc":{"start":{"line":3,"column":2},"end":{"line":3,"column":27}},"type":"if","locations":[{"start":{"line":3,"column":2},"end":{"line":3,"column":27}},{"start":{},"end":{}}],"line":3},"1":{"loc":{"start":{"line":6,"column":2},"end":{"line":14,"column":3}},"type":"if","locations":[{"start":{"line":6,"column":2},"end":{"line":14,"column":3}},{"start":{},"end":{}}],"line":6},"2":{"loc":{"start":{"line":9,"column":6},"end":{"line":9,"column":49}},"type":"if","locations":[{"start":{"line":9,"column":6},"end":{"line":9,"column":49}},{"start":{},"end":{}}],"line":9},"3":{"loc":{"start":{"line":17,"column":2},"end":{"line":17,"column":50}},"type":"if","locations":[{"start":{"line":17,"column":2},"end":{"line":17,"column":50}},{"start":{},"end":{}}],"line":17},"4":{"loc":{"start":{"line":28,"column":4},"end":{"line":31,"column":5}},"type":"if","locations":[{"start":{"line":28,"column":4},"end":{"line":31,"column":5}},{"start":{},"end":{}}],"line":28},"5":{"loc":{"start":{"line":35,"column":4},"end":{"line":37,"column":5}},"type":"if","locations":[{"start":{"line":35,"column":4},"end":{"line":37,"column":5}},{"start":{},"end":{}}],"line":35},"6":{"loc":{"start":{"line":41,"column":4},"end":{"line":51,"column":5}},"type":"if","locations":[{"start":{"line":41,"column":4},"end":{"line":51,"column":5}},{"start":{"line":46,"column":11},"end":{"line":51,"column":5}}],"line":41},"7":{"loc":{"start":{"line":43,"column":6},"end":{"line":45,"column":7}},"type":"if","locations":[{"start":{"line":43,"column":6},"end":{"line":45,"column":7}},{"start":{},"end":{}}],"line":43},"8":{"loc":{"start":{"line":46,"column":11},"end":{"line":51,"column":5}},"type":"if","locations":[{"start":{"line":46,"column":11},"end":{"line":51,"column":5}},{"start":{"line":48,"column":11},"end":{"line":51,"column":5}}],"line":46},"9":{"loc":{"start":{"line":64,"column":4},"end":{"line":67,"column":5}},"type":"if","locations":[{"start":{"line":64,"column":4},"end":{"line":67,"column":5}},{"start":{},"end":{}}],"line":64},"10":{"loc":{"start":{"line":69,"column":4},"end":{"line":72,"column":5}},"type":"if","locations":[{"start":{"line":69,"column":4},"end":{"line":72,"column":5}},{"start":{},"end":{}}],"line":69},"11":{"loc":{"start":{"line":77,"column":4},"end":{"line":84,"column":5}},"type":"if","locations":[{"start":{"line":77,"column":4},"end":{"line":84,"column":5}},{"start":{},"end":{}}],"line":77},"12":{"loc":{"start":{"line":77,"column":8},"end":{"line":77,"column":118}},"type":"binary-expr","locations":[{"start":{"line":77,"column":8},"end":{"line":77,"column":29}},{"start":{"line":77,"column":33},"end":{"line":77,"column":118}}],"line":77},"13":{"loc":{"start":{"line":80,"column":6},"end":{"line":83,"column":7}},"type":"if","locations":[{"start":{"line":80,"column":6},"end":{"line":83,"column":7}},{"start":{},"end":{}}],"line":80},"14":{"loc":{"start":{"line":80,"column":10},"end":{"line":80,"column":66}},"type":"binary-expr","locations":[{"start":{"line":80,"column":10},"end":{"line":80,"column":27}},{"start":{"line":80,"column":31},"end":{"line":80,"column":66}}],"line":80}},"s":{"0":25,"1":4,"2":21,"3":4,"4":4,"5":4,"6":1,"7":3,"8":0,"9":20,"10":5,"11":15,"12":15,"13":15,"14":15,"15":15,"16":15,"17":8,"18":8,"19":15,"20":15,"21":9,"22":15,"23":15,"24":8,"25":8,"26":5,"27":7,"28":3,"29":4,"30":11,"31":0,"32":0,"33":3525,"34":3525,"35":1161,"36":1075,"37":2356,"38":5,"39":4,"40":2351,"41":14,"42":14,"43":12,"44":12,"45":2339,"46":95},"f":{"0":25,"1":3525},"b":{"0":[4,21],"1":[4,17],"2":[1,3],"3":[5,15],"4":[8,7],"5":[9,6],"6":[8,7],"7":[5,3],"8":[3,4],"9":[1161,2356],"10":[5,2351],"11":[14,2337],"12":[2351,2347],"13":[12,2],"14":[14,14]},"_coverageSchema":"1a1c01bbd47fc00a2c39e90264f33305004495a9","hash":"5a147137bb9aef9cc9d6d32e4edb07f7d6cbbfea"}
}
