TN:
SF:src/App.jsx
FN:8,formatDuration
FN:56,VideoPopup
FN:67,(anonymous_2)
FN:105,(anonymous_3)
FN:116,(anonymous_4)
FN:128,(anonymous_5)
FN:129,(anonymous_6)
FN:153,(anonymous_7)
FN:163,(anonymous_8)
FN:170,(anonymous_9)
FN:171,(anonymous_10)
FN:182,(anonymous_11)
FN:206,(anonymous_12)
FN:213,(anonymous_13)
FN:239,(anonymous_14)
FN:240,(anonymous_15)
FN:280,App
FN:307,(anonymous_17)
FN:313,(anonymous_18)
FN:314,(anonymous_19)
FN:320,(anonymous_20)
FN:336,(anonymous_21)
FN:346,(anonymous_22)
FN:354,(anonymous_23)
FN:411,(anonymous_24)
FN:416,(anonymous_25)
FN:516,(anonymous_26)
FN:517,(anonymous_27)
FN:529,(anonymous_28)
FN:538,(anonymous_29)
FN:541,fetchRecipes
FN:553,checkClipperHealth
FN:570,addRecipe
FN:576,(anonymous_33)
FN:577,(anonymous_34)
FN:579,(anonymous_35)
FN:580,(anonymous_36)
FN:604,updateRecipe
FN:610,(anonymous_38)
FN:611,(anonymous_39)
FN:613,(anonymous_40)
FN:614,(anonymous_41)
FN:637,deleteRecipe
FN:651,uploadImage
FN:670,clipRecipe
FN:718,editRecipe
FN:730,resetForm
FN:740,handleImageChange
FN:749,editPreview
FN:761,updatePreview
FN:769,(anonymous_50)
FN:770,(anonymous_51)
FN:771,(anonymous_52)
FN:772,(anonymous_53)
FN:772,(anonymous_54)
FN:781,cancelEditPreview
FN:786,openRecipeView
FN:790,openVideoPopup
FN:795,saveRecipeToDatabase
FN:840,checkForDuplicates
FN:841,(anonymous_60)
FN:863,calculateSimilarity
FN:877,levenshteinDistance
FN:932,(anonymous_63)
FN:940,(anonymous_64)
FN:949,(anonymous_65)
FN:953,(anonymous_66)
FN:971,(anonymous_67)
FN:972,(anonymous_68)
FN:1036,(anonymous_69)
FN:1043,(anonymous_70)
FN:1048,(anonymous_71)
FN:1053,(anonymous_72)
FN:1058,(anonymous_73)
FN:1093,(anonymous_74)
FN:1133,(anonymous_75)
FN:1184,(anonymous_76)
FN:1213,(anonymous_77)
FN:1222,(anonymous_78)
FN:1253,(anonymous_79)
FN:1270,(anonymous_80)
FN:1290,(anonymous_81)
FN:1301,(anonymous_82)
FN:1317,(anonymous_83)
FN:1342,(anonymous_84)
FN:1351,(anonymous_85)
FN:1360,(anonymous_86)
FN:1365,(anonymous_87)
FN:1373,(anonymous_88)
FN:1374,(anonymous_89)
FN:1385,(anonymous_90)
FN:1401,(anonymous_91)
FN:1405,(anonymous_92)
FN:1414,(anonymous_93)
FN:1415,(anonymous_94)
FN:1426,(anonymous_95)
FN:1476,(anonymous_96)
FN:1482,(anonymous_97)
FN:1493,(anonymous_98)
FN:1557,(anonymous_99)
FN:1590,(anonymous_100)
FN:1600,(anonymous_101)
FN:1615,(anonymous_102)
FNF:103
FNH:73
FNDA:22,formatDuration
FNDA:21,VideoPopup
FNDA:21,(anonymous_2)
FNDA:1,(anonymous_3)
FNDA:1,(anonymous_4)
FNDA:18,(anonymous_5)
FNDA:2,(anonymous_6)
FNDA:2,(anonymous_7)
FNDA:18,(anonymous_8)
FNDA:16,(anonymous_9)
FNDA:1,(anonymous_10)
FNDA:16,(anonymous_11)
FNDA:1,(anonymous_12)
FNDA:1,(anonymous_13)
FNDA:0,(anonymous_14)
FNDA:0,(anonymous_15)
FNDA:808,App
FNDA:70,(anonymous_17)
FNDA:70,(anonymous_18)
FNDA:71,(anonymous_19)
FNDA:70,(anonymous_20)
FNDA:70,(anonymous_21)
FNDA:70,(anonymous_22)
FNDA:15,(anonymous_23)
FNDA:681,(anonymous_24)
FNDA:66800,(anonymous_25)
FNDA:70,(anonymous_26)
FNDA:2,(anonymous_27)
FNDA:0,(anonymous_28)
FNDA:70,(anonymous_29)
FNDA:74,fetchRecipes
FNDA:70,checkClipperHealth
FNDA:2,addRecipe
FNDA:2,(anonymous_33)
FNDA:2,(anonymous_34)
FNDA:2,(anonymous_35)
FNDA:2,(anonymous_36)
FNDA:1,updateRecipe
FNDA:2,(anonymous_38)
FNDA:2,(anonymous_39)
FNDA:2,(anonymous_40)
FNDA:2,(anonymous_41)
FNDA:1,deleteRecipe
FNDA:0,uploadImage
FNDA:16,clipRecipe
FNDA:3,editRecipe
FNDA:3,resetForm
FNDA:2,handleImageChange
FNDA:4,editPreview
FNDA:0,updatePreview
FNDA:0,(anonymous_50)
FNDA:0,(anonymous_51)
FNDA:0,(anonymous_52)
FNDA:0,(anonymous_53)
FNDA:0,(anonymous_54)
FNDA:0,cancelEditPreview
FNDA:21,openRecipeView
FNDA:12,openVideoPopup
FNDA:2,saveRecipeToDatabase
FNDA:7,checkForDuplicates
FNDA:1,(anonymous_60)
FNDA:0,calculateSimilarity
FNDA:0,levenshteinDistance
FNDA:19,(anonymous_63)
FNDA:6,(anonymous_64)
FNDA:72,(anonymous_65)
FNDA:21,(anonymous_66)
FNDA:0,(anonymous_67)
FNDA:0,(anonymous_68)
FNDA:1,(anonymous_69)
FNDA:25,(anonymous_70)
FNDA:16,(anonymous_71)
FNDA:25,(anonymous_72)
FNDA:13,(anonymous_73)
FNDA:1,(anonymous_74)
FNDA:460,(anonymous_75)
FNDA:0,(anonymous_76)
FNDA:5,(anonymous_77)
FNDA:5,(anonymous_78)
FNDA:7,(anonymous_79)
FNDA:0,(anonymous_80)
FNDA:1,(anonymous_81)
FNDA:1,(anonymous_82)
FNDA:0,(anonymous_83)
FNDA:0,(anonymous_84)
FNDA:0,(anonymous_85)
FNDA:0,(anonymous_86)
FNDA:0,(anonymous_87)
FNDA:0,(anonymous_88)
FNDA:0,(anonymous_89)
FNDA:0,(anonymous_90)
FNDA:0,(anonymous_91)
FNDA:0,(anonymous_92)
FNDA:0,(anonymous_93)
FNDA:0,(anonymous_94)
FNDA:0,(anonymous_95)
FNDA:1,(anonymous_96)
FNDA:3,(anonymous_97)
FNDA:2,(anonymous_98)
FNDA:12,(anonymous_99)
FNDA:11,(anonymous_100)
FNDA:10,(anonymous_101)
FNDA:1,(anonymous_102)
DA:4,3
DA:5,3
DA:9,22
DA:12,14
DA:14,13
DA:16,13
DA:18,13
DA:19,13
DA:22,13
DA:23,13
DA:24,3
DA:25,3
DA:29,13
DA:30,13
DA:31,11
DA:35,13
DA:36,13
DA:37,3
DA:38,3
DA:39,2
DA:41,10
DA:42,9
DA:45,1
DA:48,12
DA:50,0
DA:51,0
DA:57,21
DA:58,21
DA:59,21
DA:60,21
DA:61,21
DA:62,21
DA:63,21
DA:64,21
DA:67,21
DA:68,21
DA:70,21
DA:71,21
DA:74,20
DA:75,19
DA:76,19
DA:77,1
DA:78,18
DA:79,18
DA:81,19
DA:82,19
DA:87,1
DA:88,1
DA:89,1
DA:90,1
DA:95,0
DA:97,1
DA:98,1
DA:102,21
DA:105,21
DA:106,1
DA:107,1
DA:108,1
DA:116,21
DA:117,1
DA:118,1
DA:119,1
DA:128,21
DA:129,18
DA:130,2
DA:131,1
DA:132,1
DA:135,1
DA:136,1
DA:138,1
DA:142,1
DA:143,1
DA:144,1
DA:146,1
DA:147,1
DA:149,1
DA:153,18
DA:154,2
DA:155,2
DA:158,18
DA:159,2
DA:160,2
DA:163,18
DA:164,18
DA:165,18
DA:170,21
DA:171,16
DA:172,1
DA:173,1
DA:175,1
DA:181,16
DA:182,16
DA:185,21
DA:206,1
DA:213,1
DA:239,0
DA:240,0
DA:281,808
DA:282,807
DA:283,807
DA:284,807
DA:285,807
DA:286,807
DA:287,807
DA:288,807
DA:289,807
DA:290,807
DA:291,807
DA:292,807
DA:293,807
DA:294,807
DA:295,807
DA:296,807
DA:297,807
DA:298,807
DA:299,807
DA:300,807
DA:301,807
DA:302,807
DA:303,807
DA:304,807
DA:305,807
DA:307,807
DA:308,70
DA:309,70
DA:313,807
DA:314,70
DA:315,71
DA:316,71
DA:319,71
DA:320,71
DA:321,70
DA:322,15
DA:330,70
DA:333,70
DA:334,70
DA:336,70
DA:337,70
DA:339,70
DA:346,807
DA:347,70
DA:349,15
DA:354,807
DA:355,15
DA:357,15
DA:358,15
DA:359,15
DA:361,15
DA:362,15
DA:364,15
DA:365,15
DA:368,15
DA:369,15
DA:371,15
DA:373,1500
DA:378,1500
DA:379,599
DA:380,599
DA:381,599
DA:382,901
DA:383,449
DA:384,449
DA:385,449
DA:387,452
DA:388,452
DA:389,452
DA:392,1500
DA:407,15
DA:408,15
DA:411,15
DA:412,681
DA:414,668
DA:416,668
DA:418,66800
DA:419,66800
DA:420,25
DA:421,25
DA:425,66800
DA:426,46640
DA:430,66800
DA:433,66800
DA:436,66800
DA:438,19396
DA:439,19396
DA:440,19396
DA:443,19396
DA:444,19396
DA:445,19396
DA:450,19396
DA:456,19396
DA:457,19396
DA:458,19396
DA:459,47404
DA:461,27244
DA:462,27244
DA:463,27244
DA:466,27244
DA:467,27244
DA:468,27244
DA:469,27244
DA:473,27244
DA:477,27244
DA:481,27244
DA:485,27244
DA:487,27244
DA:488,27244
DA:489,27244
DA:492,20160
DA:493,20160
DA:494,20160
DA:495,20160
DA:499,668
DA:503,15
DA:506,15
DA:508,15
DA:510,0
DA:511,0
DA:516,807
DA:517,70
DA:519,2
DA:520,0
DA:521,0
DA:524,0
DA:525,0
DA:528,0
DA:529,0
DA:530,0
DA:531,0
DA:537,70
DA:538,70
DA:542,74
DA:543,74
DA:544,72
DA:545,70
DA:546,70
DA:549,2
DA:554,70
DA:555,70
DA:556,69
DA:557,67
DA:558,67
DA:559,67
DA:561,2
DA:562,2
DA:565,1
DA:566,1
DA:571,2
DA:572,1
DA:576,2
DA:577,2
DA:579,2
DA:580,2
DA:582,1
DA:583,1
DA:588,1
DA:589,1
DA:592,1
DA:593,0
DA:596,1
DA:597,1
DA:600,0
DA:605,1
DA:606,1
DA:610,2
DA:611,2
DA:613,2
DA:614,2
DA:616,1
DA:617,1
DA:622,1
DA:624,1
DA:625,0
DA:628,1
DA:629,1
DA:630,1
DA:633,0
DA:638,1
DA:639,1
DA:640,1
DA:643,1
DA:644,1
DA:647,0
DA:652,0
DA:653,0
DA:654,0
DA:655,0
DA:657,0
DA:662,0
DA:663,0
DA:666,0
DA:671,16
DA:672,16
DA:673,16
DA:675,16
DA:676,16
DA:682,16
DA:683,16
DA:684,16
DA:685,16
DA:686,16
DA:688,0
DA:689,0
DA:692,0
DA:693,0
DA:694,0
DA:695,0
DA:696,0
DA:697,0
DA:699,0
DA:703,0
DA:706,0
DA:707,0
DA:708,0
DA:709,0
DA:711,0
DA:714,16
DA:719,3
DA:720,3
DA:721,3
DA:723,3
DA:724,3
DA:725,3
DA:726,3
DA:727,3
DA:731,3
DA:732,3
DA:733,3
DA:734,3
DA:735,3
DA:736,3
DA:737,3
DA:741,2
DA:742,2
DA:743,1
DA:745,1
DA:750,4
DA:758,0
DA:762,0
DA:764,0
DA:769,0
DA:770,0
DA:771,0
DA:772,0
DA:777,0
DA:778,0
DA:782,0
DA:783,0
DA:787,21
DA:791,12
DA:792,12
DA:796,2
DA:798,2
DA:799,0
DA:800,0
DA:803,2
DA:809,2
DA:810,1
DA:811,1
DA:812,1
DA:813,1
DA:814,1
DA:815,1
DA:816,1
DA:817,1
DA:818,1
DA:820,1
DA:821,1
DA:824,1
DA:825,1
DA:827,0
DA:831,0
DA:832,0
DA:833,0
DA:835,0
DA:841,7
DA:843,1
DA:845,0
DA:849,0
DA:853,0
DA:854,0
DA:857,0
DA:860,2
DA:864,0
DA:865,0
DA:866,0
DA:868,0
DA:869,0
DA:871,0
DA:873,0
DA:874,0
DA:878,0
DA:880,0
DA:881,0
DA:884,0
DA:885,0
DA:888,0
DA:889,0
DA:890,0
DA:891,0
DA:893,0
DA:902,0
DA:905,807
DA:932,19
DA:940,6
DA:950,72
DA:951,72
DA:952,72
DA:953,21
DA:971,0
DA:973,0
DA:974,0
DA:976,0
DA:1036,1
DA:1043,25
DA:1048,16
DA:1053,25
DA:1058,13
DA:1094,1
DA:1095,1
DA:1096,1
DA:1133,460
DA:1185,0
DA:1186,0
DA:1187,0
DA:1188,0
DA:1189,0
DA:1190,0
DA:1214,5
DA:1223,5
DA:1255,7
DA:1256,7
DA:1257,0
DA:1258,0
DA:1261,7
DA:1262,7
DA:1263,7
DA:1265,7
DA:1267,7
DA:1269,2
DA:1270,0
DA:1271,0
DA:1272,0
DA:1275,2
DA:1278,5
DA:1279,5
DA:1281,7
DA:1291,1
DA:1293,1
DA:1294,1
DA:1295,1
DA:1296,1
DA:1297,1
DA:1298,1
DA:1299,1
DA:1301,1
DA:1302,1
DA:1303,1
DA:1304,0
DA:1305,0
DA:1318,0
DA:1319,0
DA:1320,0
DA:1321,0
DA:1322,0
DA:1323,0
DA:1342,0
DA:1351,0
DA:1361,0
DA:1366,0
DA:1367,0
DA:1368,0
DA:1374,0
DA:1375,0
DA:1386,0
DA:1402,0
DA:1406,0
DA:1407,0
DA:1408,0
DA:1415,0
DA:1416,0
DA:1427,0
DA:1476,1
DA:1483,3
DA:1484,3
DA:1485,3
DA:1494,2
DA:1495,1
DA:1496,1
DA:1558,12
DA:1559,12
DA:1591,11
DA:1601,10
DA:1615,1
LF:493
LH:369
BRDA:4,0,0,3
BRDA:4,0,1,0
BRDA:5,1,0,3
BRDA:5,1,1,0
BRDA:9,2,0,8
BRDA:9,2,1,14
BRDA:9,3,0,22
BRDA:9,3,1,14
BRDA:12,4,0,1
BRDA:12,4,1,13
BRDA:23,5,0,3
BRDA:23,5,1,10
BRDA:30,6,0,11
BRDA:30,6,1,2
BRDA:36,7,0,3
BRDA:36,7,1,10
BRDA:38,8,0,2
BRDA:38,8,1,1
BRDA:41,9,0,9
BRDA:41,9,1,1
BRDA:68,10,0,0
BRDA:68,10,1,21
BRDA:74,11,0,19
BRDA:74,11,1,1
BRDA:74,12,0,20
BRDA:74,12,1,2
BRDA:76,13,0,1
BRDA:76,13,1,18
BRDA:78,14,0,18
BRDA:78,14,1,0
BRDA:81,15,0,19
BRDA:81,15,1,0
BRDA:87,16,0,1
BRDA:87,16,1,0
BRDA:89,17,0,1
BRDA:89,17,1,0
BRDA:106,18,0,1
BRDA:106,18,1,0
BRDA:106,19,0,1
BRDA:106,19,1,0
BRDA:130,20,0,1
BRDA:130,20,1,1
BRDA:142,21,0,1
BRDA:142,21,1,0
BRDA:158,22,0,2
BRDA:158,22,1,16
BRDA:158,23,0,18
BRDA:158,23,1,17
BRDA:196,24,0,2
BRDA:196,24,1,19
BRDA:230,25,0,21
BRDA:230,25,1,0
BRDA:319,26,0,71
BRDA:319,26,1,0
BRDA:319,27,0,71
BRDA:319,27,1,71
BRDA:321,28,0,15
BRDA:321,28,1,55
BRDA:321,29,0,70
BRDA:321,29,1,15
BRDA:347,30,0,15
BRDA:347,30,1,55
BRDA:355,31,0,0
BRDA:355,31,1,15
BRDA:355,32,0,15
BRDA:355,32,1,15
BRDA:378,33,0,599
BRDA:378,33,1,901
BRDA:382,34,0,449
BRDA:382,34,1,452
BRDA:412,35,0,13
BRDA:412,35,1,668
BRDA:419,36,0,25
BRDA:419,36,1,66775
BRDA:425,37,0,46640
BRDA:425,37,1,20160
BRDA:425,38,0,66800
BRDA:425,38,1,47404
BRDA:436,39,0,19396
BRDA:436,39,1,47404
BRDA:459,40,0,27244
BRDA:459,40,1,20160
BRDA:519,41,0,0
BRDA:519,41,1,2
BRDA:519,42,0,2
BRDA:519,42,1,2
BRDA:528,43,0,0
BRDA:528,43,1,0
BRDA:530,44,0,0
BRDA:530,44,1,0
BRDA:531,45,0,0
BRDA:531,45,1,0
BRDA:544,46,0,70
BRDA:544,46,1,2
BRDA:556,47,0,67
BRDA:556,47,1,2
BRDA:571,48,0,1
BRDA:571,48,1,1
BRDA:588,49,0,1
BRDA:588,49,1,0
BRDA:592,50,0,0
BRDA:592,50,1,1
BRDA:605,51,0,0
BRDA:605,51,1,1
BRDA:605,52,0,1
BRDA:605,52,1,1
BRDA:609,53,0,1
BRDA:609,53,1,1
BRDA:609,53,2,0
BRDA:622,54,0,1
BRDA:622,54,1,0
BRDA:624,55,0,0
BRDA:624,55,1,1
BRDA:638,56,0,0
BRDA:638,56,1,1
BRDA:643,57,0,1
BRDA:643,57,1,0
BRDA:662,58,0,0
BRDA:662,58,1,0
BRDA:671,59,0,0
BRDA:671,59,1,16
BRDA:682,60,0,16
BRDA:682,60,1,0
BRDA:692,61,0,0
BRDA:692,61,1,0
BRDA:694,62,0,0
BRDA:694,62,1,0
BRDA:696,63,0,0
BRDA:696,63,1,0
BRDA:696,64,0,0
BRDA:696,64,1,0
BRDA:706,65,0,0
BRDA:706,65,1,0
BRDA:706,66,0,0
BRDA:706,66,1,0
BRDA:708,67,0,0
BRDA:708,67,1,0
BRDA:708,68,0,0
BRDA:708,68,1,0
BRDA:721,69,0,3
BRDA:721,69,1,0
BRDA:723,70,0,3
BRDA:723,70,1,3
BRDA:723,70,2,0
BRDA:724,71,0,3
BRDA:724,71,1,3
BRDA:724,71,2,0
BRDA:725,72,0,3
BRDA:725,72,1,0
BRDA:726,73,0,3
BRDA:726,73,1,0
BRDA:742,74,0,1
BRDA:742,74,1,1
BRDA:742,75,0,2
BRDA:742,75,1,2
BRDA:752,76,0,4
BRDA:752,76,1,4
BRDA:762,77,0,0
BRDA:762,77,1,0
BRDA:762,78,0,0
BRDA:762,78,1,0
BRDA:798,79,0,0
BRDA:798,79,1,2
BRDA:809,80,0,1
BRDA:809,80,1,1
BRDA:824,81,0,1
BRDA:824,81,1,0
BRDA:832,82,0,0
BRDA:832,82,1,0
BRDA:843,83,0,0
BRDA:843,83,1,0
BRDA:843,84,0,1
BRDA:843,84,1,0
BRDA:853,85,0,0
BRDA:853,85,1,0
BRDA:853,86,0,0
BRDA:853,86,1,0
BRDA:864,87,0,0
BRDA:864,87,1,0
BRDA:865,88,0,0
BRDA:865,88,1,0
BRDA:866,89,0,0
BRDA:866,89,1,0
BRDA:868,90,0,0
BRDA:868,90,1,0
BRDA:869,91,0,0
BRDA:869,91,1,0
BRDA:871,92,0,0
BRDA:871,92,1,0
BRDA:890,93,0,0
BRDA:890,93,1,0
BRDA:906,94,0,34
BRDA:906,94,1,773
BRDA:931,95,0,3
BRDA:931,95,1,804
BRDA:931,96,0,654
BRDA:931,96,1,150
BRDA:934,97,0,3
BRDA:934,97,1,804
BRDA:947,98,0,807
BRDA:947,98,1,713
BRDA:947,98,2,180
BRDA:947,98,3,155
BRDA:957,99,0,11
BRDA:957,99,1,61
BRDA:957,100,0,72
BRDA:957,100,1,72
BRDA:959,101,0,11
BRDA:959,101,1,11
BRDA:971,102,0,0
BRDA:971,102,1,0
BRDA:973,103,0,0
BRDA:973,103,1,0
BRDA:997,104,0,10
BRDA:997,104,1,62
BRDA:997,105,0,72
BRDA:997,105,1,62
BRDA:997,105,2,62
BRDA:997,105,3,62
BRDA:997,105,4,62
BRDA:1001,106,0,10
BRDA:1001,106,1,0
BRDA:1006,107,0,10
BRDA:1006,107,1,8
BRDA:1008,108,0,10
BRDA:1008,108,1,8
BRDA:1008,108,2,8
BRDA:1008,108,3,2
BRDA:1013,109,0,2
BRDA:1013,109,1,0
BRDA:1013,109,2,0
BRDA:1032,110,0,807
BRDA:1032,110,1,94
BRDA:1035,111,0,18
BRDA:1035,111,1,76
BRDA:1063,112,0,1
BRDA:1063,112,1,93
BRDA:1075,113,0,18
BRDA:1075,113,1,76
BRDA:1089,114,0,807
BRDA:1089,114,1,533
BRDA:1102,115,0,533
BRDA:1102,115,1,66
BRDA:1108,116,0,533
BRDA:1108,116,1,467
BRDA:1114,117,0,533
BRDA:1114,117,1,0
BRDA:1142,118,0,533
BRDA:1142,118,1,0
BRDA:1152,119,0,533
BRDA:1152,119,1,517
BRDA:1154,120,0,16
BRDA:1154,120,1,517
BRDA:1167,121,0,807
BRDA:1167,121,1,25
BRDA:1170,122,0,25
BRDA:1170,122,1,2
BRDA:1185,123,0,0
BRDA:1185,123,1,0
BRDA:1198,124,0,25
BRDA:1198,124,1,0
BRDA:1204,125,0,25
BRDA:1204,125,1,0
BRDA:1211,126,0,25
BRDA:1211,126,1,25
BRDA:1211,126,2,20
BRDA:1213,127,0,25
BRDA:1213,127,1,25
BRDA:1213,127,2,20
BRDA:1220,128,0,25
BRDA:1220,128,1,25
BRDA:1220,128,2,20
BRDA:1222,129,0,25
BRDA:1222,129,1,25
BRDA:1222,129,2,20
BRDA:1224,130,0,5
BRDA:1224,130,1,0
BRDA:1224,131,0,0
BRDA:1224,131,1,0
BRDA:1231,132,0,25
BRDA:1231,132,1,25
BRDA:1231,132,2,0
BRDA:1235,133,0,0
BRDA:1235,133,1,0
BRDA:1256,134,0,0
BRDA:1256,134,1,7
BRDA:1261,135,0,0
BRDA:1261,135,1,7
BRDA:1269,136,0,0
BRDA:1269,136,1,2
BRDA:1271,137,0,0
BRDA:1271,137,1,0
BRDA:1287,138,0,2
BRDA:1287,138,1,23
BRDA:1291,139,0,1
BRDA:1291,139,1,0
BRDA:1303,140,0,0
BRDA:1303,140,1,1
BRDA:1318,141,0,0
BRDA:1318,141,1,0
BRDA:1439,142,0,0
BRDA:1439,142,1,0
BRDA:1472,143,0,807
BRDA:1472,143,1,34
BRDA:1494,144,0,1
BRDA:1494,144,1,1
BRDA:1511,145,0,34
BRDA:1511,145,1,33
BRDA:1511,145,2,33
BRDA:1511,145,3,33
BRDA:1511,145,4,33
BRDA:1511,145,5,33
BRDA:1511,145,6,33
BRDA:1511,145,7,1
BRDA:1515,146,0,1
BRDA:1515,146,1,0
BRDA:1515,146,2,1
BRDA:1519,147,0,1
BRDA:1519,147,1,0
BRDA:1522,148,0,1
BRDA:1522,148,1,0
BRDA:1522,148,2,1
BRDA:1526,149,0,1
BRDA:1526,149,1,0
BRDA:1529,150,0,1
BRDA:1529,150,1,0
BRDA:1529,150,2,0
BRDA:1529,150,3,1
BRDA:1533,151,0,1
BRDA:1533,151,1,0
BRDA:1533,151,2,0
BRDA:1540,152,0,34
BRDA:1540,152,1,33
BRDA:1540,152,2,10
BRDA:1540,152,3,2
BRDA:1540,152,4,26
BRDA:1542,153,0,26
BRDA:1542,153,1,1
BRDA:1553,154,0,26
BRDA:1553,154,1,2
BRDA:1553,154,2,2
BRDA:1553,154,3,26
BRDA:1559,155,0,12
BRDA:1559,155,1,1
BRDA:1559,155,2,1
BRDA:1571,156,0,4
BRDA:1571,156,1,30
BRDA:1571,157,0,34
BRDA:1571,157,1,34
BRDA:1573,158,0,4
BRDA:1573,158,1,4
BRDA:1590,159,0,34
BRDA:1590,159,1,33
BRDA:1590,159,2,26
BRDA:1600,160,0,34
BRDA:1600,160,1,33
BRDA:1600,160,2,26
BRDA:1602,161,0,8
BRDA:1602,161,1,2
BRDA:1602,162,0,2
BRDA:1602,162,1,0
BRDA:1612,163,0,807
BRDA:1612,163,1,12
BRF:363
BRH:242
end_of_record
TN:
SF:src/main.jsx
FNF:0
FNH:0
DA:7,1
LF:1
LH:1
BRF:0
BRH:0
end_of_record
