TN:
SF:src/App.jsx
FN:9,VideoPopup
FN:20,(anonymous_1)
FN:58,(anonymous_2)
FN:69,(anonymous_3)
FN:81,(anonymous_4)
FN:82,(anonymous_5)
FN:106,(anonymous_6)
FN:116,(anonymous_7)
FN:123,(anonymous_8)
FN:124,(anonymous_9)
FN:135,(anonymous_10)
FN:159,(anonymous_11)
FN:166,(anonymous_12)
FN:192,(anonymous_13)
FN:193,(anonymous_14)
FN:233,App
FN:274,(anonymous_16)
FN:280,(anonymous_17)
FN:281,(anonymous_18)
FN:296,(anonymous_19)
FN:302,(anonymous_20)
FN:306,(anonymous_21)
FN:315,(anonymous_22)
FN:335,(anonymous_23)
FN:358,(anonymous_24)
FN:362,(anonymous_25)
FN:367,(anonymous_26)
FN:369,(anonymous_27)
FN:398,(anonymous_28)
FN:406,(anonymous_29)
FN:407,(anonymous_30)
FN:414,(anonymous_31)
FN:431,(anonymous_32)
FN:442,(anonymous_33)
FN:450,(anonymous_34)
FN:507,(anonymous_35)
FN:512,(anonymous_36)
FN:612,(anonymous_37)
FN:613,(anonymous_38)
FN:625,(anonymous_39)
FN:634,(anonymous_40)
FN:637,fetchRecipes
FN:645,(anonymous_42)
FN:688,checkClipperHealth
FN:705,addRecipe
FN:717,(anonymous_45)
FN:718,(anonymous_46)
FN:720,(anonymous_47)
FN:721,(anonymous_48)
FN:748,updateRecipe
FN:770,deleteRecipe
FN:792,handleSearchBarClip
FN:817,(anonymous_52)
FN:827,(anonymous_53)
FN:834,editRecipe
FN:842,(anonymous_55)
FN:859,resetForm
FN:874,handleImageChange
FN:883,editPreview
FN:888,(anonymous_59)
FN:897,updatePreview
FN:900,(anonymous_61)
FN:912,(anonymous_62)
FN:913,(anonymous_63)
FN:914,(anonymous_64)
FN:915,(anonymous_65)
FN:915,(anonymous_66)
FN:924,cancelEditPreview
FN:929,openRecipeView
FN:933,openVideoPopup
FN:938,saveRecipeToDatabase
FN:993,checkForDuplicates
FN:994,(anonymous_72)
FN:1016,calculateSimilarity
FN:1030,levenshteinDistance
FN:1058,searchRecipes
FN:1076,(anonymous_76)
FN:1140,(anonymous_77)
FN:1151,(anonymous_78)
FN:1165,(anonymous_79)
FN:1187,(anonymous_80)
FN:1227,(anonymous_81)
FN:1246,(anonymous_82)
FN:1250,(anonymous_83)
FN:1297,(anonymous_84)
FN:1301,(anonymous_85)
FN:1320,(anonymous_86)
FN:1321,(anonymous_87)
FN:1388,(anonymous_88)
FN:1403,(anonymous_89)
FN:1412,(anonymous_90)
FN:1421,(anonymous_91)
FN:1426,(anonymous_92)
FN:1434,(anonymous_93)
FN:1435,(anonymous_94)
FN:1446,(anonymous_95)
FN:1462,(anonymous_96)
FN:1466,(anonymous_97)
FN:1475,(anonymous_98)
FN:1476,(anonymous_99)
FN:1487,(anonymous_100)
FN:1505,(anonymous_101)
FN:1517,(anonymous_102)
FN:1529,(anonymous_103)
FN:1578,(anonymous_104)
FN:1588,(anonymous_105)
FN:1597,(anonymous_106)
FN:1602,(anonymous_107)
FN:1610,(anonymous_108)
FN:1611,(anonymous_109)
FN:1626,(anonymous_110)
FN:1633,(anonymous_111)
FN:1646,(anonymous_112)
FN:1650,(anonymous_113)
FN:1659,(anonymous_114)
FN:1660,(anonymous_115)
FN:1674,(anonymous_116)
FN:1681,(anonymous_117)
FN:1696,(anonymous_118)
FN:1708,(anonymous_119)
FN:1720,(anonymous_120)
FN:1788,(anonymous_121)
FN:1818,(anonymous_122)
FN:1827,(anonymous_123)
FN:1847,(anonymous_124)
FN:1864,(anonymous_125)
FN:1884,(anonymous_126)
FN:1894,(anonymous_127)
FN:1910,(anonymous_128)
FN:1934,(anonymous_129)
FN:1943,(anonymous_130)
FN:1952,(anonymous_131)
FN:1957,(anonymous_132)
FN:1965,(anonymous_133)
FN:1966,(anonymous_134)
FN:1977,(anonymous_135)
FN:1993,(anonymous_136)
FN:1997,(anonymous_137)
FN:2006,(anonymous_138)
FN:2007,(anonymous_139)
FN:2018,(anonymous_140)
FN:2073,(anonymous_141)
FN:2087,(anonymous_142)
FN:2096,(anonymous_143)
FN:2141,(anonymous_144)
FN:2147,(anonymous_145)
FN:2158,(anonymous_146)
FN:2224,(anonymous_147)
FN:2257,(anonymous_148)
FN:2267,(anonymous_149)
FN:2282,(anonymous_150)
FNF:151
FNH:72
FNDA:22,VideoPopup
FNDA:22,(anonymous_1)
FNDA:1,(anonymous_2)
FNDA:1,(anonymous_3)
FNDA:19,(anonymous_4)
FNDA:2,(anonymous_5)
FNDA:2,(anonymous_6)
FNDA:19,(anonymous_7)
FNDA:17,(anonymous_8)
FNDA:1,(anonymous_9)
FNDA:17,(anonymous_10)
FNDA:1,(anonymous_11)
FNDA:1,(anonymous_12)
FNDA:0,(anonymous_13)
FNDA:0,(anonymous_14)
FNDA:655,App
FNDA:101,(anonymous_16)
FNDA:101,(anonymous_17)
FNDA:0,(anonymous_18)
FNDA:101,(anonymous_19)
FNDA:198,(anonymous_20)
FNDA:192,(anonymous_21)
FNDA:14,(anonymous_22)
FNDA:199,(anonymous_23)
FNDA:198,(anonymous_24)
FNDA:115,(anonymous_25)
FNDA:0,(anonymous_26)
FNDA:0,(anonymous_27)
FNDA:14,(anonymous_28)
FNDA:101,(anonymous_29)
FNDA:101,(anonymous_30)
FNDA:93,(anonymous_31)
FNDA:101,(anonymous_32)
FNDA:101,(anonymous_33)
FNDA:60,(anonymous_34)
FNDA:61,(anonymous_35)
FNDA:288,(anonymous_36)
FNDA:101,(anonymous_37)
FNDA:4,(anonymous_38)
FNDA:0,(anonymous_39)
FNDA:101,(anonymous_40)
FNDA:102,fetchRecipes
FNDA:42,(anonymous_42)
FNDA:101,checkClipperHealth
FNDA:1,addRecipe
FNDA:2,(anonymous_45)
FNDA:2,(anonymous_46)
FNDA:2,(anonymous_47)
FNDA:2,(anonymous_48)
FNDA:0,updateRecipe
FNDA:0,deleteRecipe
FNDA:7,handleSearchBarClip
FNDA:0,(anonymous_52)
FNDA:3,(anonymous_53)
FNDA:0,editRecipe
FNDA:0,(anonymous_55)
FNDA:1,resetForm
FNDA:1,handleImageChange
FNDA:0,editPreview
FNDA:0,(anonymous_59)
FNDA:0,updatePreview
FNDA:0,(anonymous_61)
FNDA:0,(anonymous_62)
FNDA:0,(anonymous_63)
FNDA:0,(anonymous_64)
FNDA:0,(anonymous_65)
FNDA:0,(anonymous_66)
FNDA:0,cancelEditPreview
FNDA:14,openRecipeView
FNDA:13,openVideoPopup
FNDA:0,saveRecipeToDatabase
FNDA:0,checkForDuplicates
FNDA:0,(anonymous_72)
FNDA:0,calculateSimilarity
FNDA:0,levenshteinDistance
FNDA:0,searchRecipes
FNDA:0,(anonymous_76)
FNDA:282,(anonymous_77)
FNDA:0,(anonymous_78)
FNDA:282,(anonymous_79)
FNDA:8,(anonymous_80)
FNDA:3,(anonymous_81)
FNDA:0,(anonymous_82)
FNDA:0,(anonymous_83)
FNDA:32,(anonymous_84)
FNDA:14,(anonymous_85)
FNDA:0,(anonymous_86)
FNDA:0,(anonymous_87)
FNDA:0,(anonymous_88)
FNDA:0,(anonymous_89)
FNDA:0,(anonymous_90)
FNDA:0,(anonymous_91)
FNDA:0,(anonymous_92)
FNDA:0,(anonymous_93)
FNDA:0,(anonymous_94)
FNDA:0,(anonymous_95)
FNDA:0,(anonymous_96)
FNDA:0,(anonymous_97)
FNDA:0,(anonymous_98)
FNDA:0,(anonymous_99)
FNDA:0,(anonymous_100)
FNDA:0,(anonymous_101)
FNDA:0,(anonymous_102)
FNDA:0,(anonymous_103)
FNDA:25,(anonymous_104)
FNDA:23,(anonymous_105)
FNDA:37,(anonymous_106)
FNDA:0,(anonymous_107)
FNDA:0,(anonymous_108)
FNDA:0,(anonymous_109)
FNDA:1,(anonymous_110)
FNDA:1,(anonymous_111)
FNDA:33,(anonymous_112)
FNDA:0,(anonymous_113)
FNDA:0,(anonymous_114)
FNDA:0,(anonymous_115)
FNDA:1,(anonymous_116)
FNDA:1,(anonymous_117)
FNDA:2,(anonymous_118)
FNDA:2,(anonymous_119)
FNDA:10,(anonymous_120)
FNDA:0,(anonymous_121)
FNDA:0,(anonymous_122)
FNDA:0,(anonymous_123)
FNDA:0,(anonymous_124)
FNDA:0,(anonymous_125)
FNDA:0,(anonymous_126)
FNDA:0,(anonymous_127)
FNDA:0,(anonymous_128)
FNDA:0,(anonymous_129)
FNDA:0,(anonymous_130)
FNDA:0,(anonymous_131)
FNDA:0,(anonymous_132)
FNDA:0,(anonymous_133)
FNDA:0,(anonymous_134)
FNDA:0,(anonymous_135)
FNDA:0,(anonymous_136)
FNDA:0,(anonymous_137)
FNDA:0,(anonymous_138)
FNDA:0,(anonymous_139)
FNDA:0,(anonymous_140)
FNDA:0,(anonymous_141)
FNDA:26,(anonymous_142)
FNDA:1,(anonymous_143)
FNDA:0,(anonymous_144)
FNDA:0,(anonymous_145)
FNDA:0,(anonymous_146)
FNDA:13,(anonymous_147)
FNDA:4,(anonymous_148)
FNDA:4,(anonymous_149)
FNDA:1,(anonymous_150)
DA:4,10
DA:5,10
DA:6,10
DA:10,22
DA:11,22
DA:12,22
DA:13,22
DA:14,22
DA:15,22
DA:16,22
DA:17,22
DA:20,22
DA:21,22
DA:23,21
DA:24,21
DA:27,20
DA:28,19
DA:29,19
DA:30,1
DA:31,18
DA:32,18
DA:34,19
DA:35,19
DA:40,1
DA:41,1
DA:42,1
DA:43,1
DA:48,0
DA:50,1
DA:51,1
DA:55,22
DA:58,22
DA:59,1
DA:60,1
DA:61,1
DA:69,22
DA:70,1
DA:71,1
DA:72,1
DA:81,22
DA:82,19
DA:83,2
DA:84,1
DA:85,1
DA:88,1
DA:89,1
DA:91,1
DA:95,1
DA:96,1
DA:97,1
DA:99,1
DA:100,1
DA:102,1
DA:106,19
DA:107,2
DA:108,2
DA:111,19
DA:112,2
DA:113,2
DA:116,19
DA:117,19
DA:118,19
DA:123,22
DA:124,17
DA:125,1
DA:126,1
DA:128,1
DA:134,17
DA:135,17
DA:138,22
DA:159,1
DA:166,1
DA:192,0
DA:193,0
DA:234,655
DA:235,652
DA:236,652
DA:237,652
DA:238,652
DA:239,652
DA:240,652
DA:241,652
DA:242,652
DA:243,652
DA:244,652
DA:245,652
DA:246,652
DA:247,652
DA:248,652
DA:249,652
DA:250,652
DA:251,652
DA:252,652
DA:253,652
DA:254,652
DA:255,652
DA:256,652
DA:257,652
DA:258,652
DA:259,652
DA:260,652
DA:261,652
DA:262,652
DA:263,652
DA:264,652
DA:265,652
DA:266,652
DA:267,652
DA:268,652
DA:269,652
DA:270,652
DA:271,652
DA:272,652
DA:274,652
DA:275,101
DA:276,101
DA:280,652
DA:281,101
DA:283,0
DA:284,0
DA:286,0
DA:288,0
DA:292,101
DA:293,0
DA:296,101
DA:297,101
DA:302,652
DA:303,198
DA:304,198
DA:306,198
DA:307,192
DA:308,37
DA:309,37
DA:312,155
DA:313,155
DA:315,155
DA:316,14
DA:317,14
DA:318,14
DA:319,14
DA:320,14
DA:321,14
DA:324,14
DA:325,14
DA:328,14
DA:329,14
DA:332,155
DA:335,198
DA:336,199
DA:339,199
DA:340,199
DA:341,199
DA:342,0
DA:344,199
DA:348,199
DA:349,198
DA:350,198
DA:355,198
DA:356,198
DA:358,198
DA:362,652
DA:363,115
DA:365,14
DA:367,14
DA:368,0
DA:369,0
DA:370,0
DA:371,0
DA:372,0
DA:375,0
DA:376,0
DA:377,0
DA:380,0
DA:381,0
DA:382,0
DA:385,0
DA:386,0
DA:388,0
DA:392,14
DA:393,14
DA:396,14
DA:398,14
DA:399,14
DA:400,14
DA:406,652
DA:407,101
DA:408,101
DA:409,101
DA:410,101
DA:413,101
DA:414,101
DA:415,93
DA:416,60
DA:424,101
DA:427,101
DA:428,101
DA:429,101
DA:431,101
DA:432,101
DA:434,101
DA:442,652
DA:443,101
DA:445,1
DA:450,652
DA:451,60
DA:453,60
DA:454,60
DA:455,60
DA:457,60
DA:458,60
DA:460,60
DA:461,60
DA:464,60
DA:465,60
DA:467,60
DA:469,6000
DA:474,6000
DA:475,2439
DA:476,2439
DA:477,2439
DA:478,3561
DA:479,1799
DA:480,1799
DA:481,1799
DA:483,1762
DA:484,1762
DA:485,1762
DA:488,6000
DA:503,60
DA:504,60
DA:507,60
DA:508,61
DA:510,61
DA:512,61
DA:514,288
DA:515,288
DA:516,0
DA:517,0
DA:521,288
DA:522,215
DA:526,288
DA:529,288
DA:532,288
DA:534,83
DA:535,83
DA:536,83
DA:539,83
DA:540,83
DA:541,83
DA:546,60
DA:552,60
DA:553,60
DA:554,60
DA:555,205
DA:557,132
DA:558,132
DA:559,132
DA:562,132
DA:563,132
DA:564,132
DA:565,132
DA:569,96
DA:573,96
DA:577,96
DA:581,96
DA:583,96
DA:584,96
DA:585,96
DA:588,73
DA:589,73
DA:590,73
DA:591,73
DA:595,2
DA:599,60
DA:602,60
DA:604,1
DA:606,59
DA:607,59
DA:612,652
DA:613,101
DA:615,4
DA:616,0
DA:617,0
DA:620,0
DA:621,0
DA:624,0
DA:625,0
DA:626,0
DA:627,0
DA:633,101
DA:634,101
DA:638,102
DA:639,102
DA:640,97
DA:641,96
DA:643,96
DA:645,24
DA:647,42
DA:648,42
DA:673,24
DA:675,72
DA:676,72
DA:679,1
DA:680,1
DA:683,4
DA:684,4
DA:689,101
DA:690,101
DA:691,98
DA:692,46
DA:693,46
DA:694,46
DA:696,5
DA:697,5
DA:700,48
DA:701,48
DA:706,1
DA:710,1
DA:711,1
DA:713,1
DA:717,2
DA:718,2
DA:720,2
DA:721,2
DA:731,1
DA:734,1
DA:737,1
DA:738,1
DA:741,1
DA:743,0
DA:744,0
DA:749,0
DA:753,0
DA:760,0
DA:761,0
DA:762,0
DA:763,0
DA:764,0
DA:767,0
DA:771,0
DA:772,0
DA:773,0
DA:776,0
DA:777,0
DA:779,0
DA:780,0
DA:783,0
DA:784,0
DA:793,7
DA:795,7
DA:796,7
DA:798,7
DA:799,7
DA:805,7
DA:806,3
DA:807,3
DA:808,3
DA:809,3
DA:810,3
DA:811,3
DA:813,0
DA:814,0
DA:817,0
DA:818,0
DA:819,0
DA:823,4
DA:824,4
DA:827,4
DA:828,3
DA:829,3
DA:835,0
DA:837,0
DA:838,0
DA:841,0
DA:842,0
DA:845,0
DA:855,0
DA:856,0
DA:860,1
DA:861,1
DA:862,1
DA:863,1
DA:864,1
DA:865,1
DA:866,1
DA:867,1
DA:868,1
DA:869,1
DA:870,1
DA:871,1
DA:875,1
DA:876,1
DA:877,1
DA:879,0
DA:884,0
DA:889,0
DA:894,0
DA:898,0
DA:900,0
DA:904,0
DA:907,0
DA:912,0
DA:913,0
DA:914,0
DA:915,0
DA:920,0
DA:921,0
DA:925,0
DA:926,0
DA:930,14
DA:934,13
DA:935,13
DA:939,0
DA:941,0
DA:942,0
DA:943,0
DA:948,0
DA:949,0
DA:950,0
DA:953,0
DA:963,0
DA:964,0
DA:965,0
DA:966,0
DA:967,0
DA:968,0
DA:969,0
DA:970,0
DA:971,0
DA:973,0
DA:974,0
DA:977,0
DA:978,0
DA:980,0
DA:984,0
DA:985,0
DA:986,0
DA:988,0
DA:994,0
DA:996,0
DA:998,0
DA:1002,0
DA:1006,0
DA:1007,0
DA:1010,0
DA:1013,0
DA:1017,0
DA:1018,0
DA:1019,0
DA:1021,0
DA:1022,0
DA:1024,0
DA:1026,0
DA:1027,0
DA:1031,0
DA:1033,0
DA:1034,0
DA:1037,0
DA:1038,0
DA:1041,0
DA:1042,0
DA:1043,0
DA:1044,0
DA:1046,0
DA:1055,0
DA:1059,0
DA:1060,0
DA:1061,0
DA:1062,0
DA:1065,0
DA:1066,0
DA:1068,0
DA:1069,0
DA:1071,0
DA:1072,0
DA:1073,0
DA:1076,0
DA:1077,0
DA:1078,0
DA:1096,0
DA:1098,0
DA:1099,0
DA:1102,0
DA:1103,0
DA:1105,0
DA:1109,652
DA:1141,282
DA:1143,282
DA:1144,254
DA:1148,282
DA:1149,112
DA:1151,98
DA:1152,0
DA:1156,14
DA:1157,14
DA:1161,170
DA:1162,170
DA:1166,282
DA:1167,0
DA:1168,0
DA:1169,0
DA:1171,0
DA:1172,0
DA:1174,0
DA:1175,0
DA:1177,0
DA:1188,8
DA:1189,7
DA:1190,1
DA:1192,0
DA:1193,1
DA:1195,1
DA:1227,3
DA:1247,0
DA:1252,0
DA:1254,0
DA:1255,0
DA:1256,0
DA:1298,32
DA:1299,32
DA:1300,32
DA:1301,14
DA:1320,0
DA:1322,0
DA:1323,0
DA:1325,0
DA:1389,0
DA:1390,0
DA:1403,0
DA:1412,0
DA:1422,0
DA:1427,0
DA:1428,0
DA:1429,0
DA:1435,0
DA:1436,0
DA:1447,0
DA:1463,0
DA:1467,0
DA:1468,0
DA:1469,0
DA:1476,0
DA:1477,0
DA:1488,0
DA:1505,0
DA:1517,0
DA:1529,0
DA:1578,25
DA:1588,23
DA:1598,37
DA:1603,0
DA:1604,0
DA:1605,0
DA:1611,0
DA:1612,0
DA:1626,1
DA:1634,1
DA:1647,33
DA:1651,0
DA:1652,0
DA:1653,0
DA:1660,0
DA:1661,0
DA:1674,1
DA:1682,1
DA:1696,2
DA:1708,2
DA:1720,10
DA:1789,0
DA:1790,0
DA:1791,0
DA:1792,0
DA:1793,0
DA:1794,0
DA:1819,0
DA:1828,0
DA:1849,0
DA:1850,0
DA:1851,0
DA:1852,0
DA:1855,0
DA:1856,0
DA:1857,0
DA:1859,0
DA:1861,0
DA:1863,0
DA:1864,0
DA:1865,0
DA:1866,0
DA:1869,0
DA:1872,0
DA:1873,0
DA:1875,0
DA:1885,0
DA:1887,0
DA:1888,0
DA:1889,0
DA:1890,0
DA:1891,0
DA:1892,0
DA:1894,0
DA:1895,0
DA:1896,0
DA:1897,0
DA:1898,0
DA:1911,0
DA:1912,0
DA:1913,0
DA:1914,0
DA:1915,0
DA:1934,0
DA:1943,0
DA:1953,0
DA:1958,0
DA:1959,0
DA:1960,0
DA:1966,0
DA:1967,0
DA:1978,0
DA:1994,0
DA:1998,0
DA:1999,0
DA:2000,0
DA:2007,0
DA:2008,0
DA:2019,0
DA:2074,0
DA:2075,0
DA:2087,26
DA:2097,1
DA:2098,1
DA:2099,1
DA:2100,1
DA:2105,1
DA:2106,0
DA:2107,0
DA:2109,0
DA:2110,0
DA:2112,0
DA:2114,1
DA:2115,1
DA:2116,1
DA:2118,0
DA:2141,0
DA:2148,0
DA:2150,0
DA:2159,0
DA:2160,0
DA:2161,0
DA:2225,13
DA:2226,13
DA:2258,4
DA:2268,4
DA:2282,1
LF:654
LH:378
BRDA:4,0,0,10
BRDA:4,0,1,0
BRDA:5,1,0,10
BRDA:5,1,1,0
BRDA:6,2,0,10
BRDA:6,2,1,0
BRDA:21,3,0,1
BRDA:21,3,1,21
BRDA:27,4,0,19
BRDA:27,4,1,1
BRDA:27,5,0,20
BRDA:27,5,1,2
BRDA:29,6,0,1
BRDA:29,6,1,18
BRDA:31,7,0,18
BRDA:31,7,1,0
BRDA:34,8,0,19
BRDA:34,8,1,0
BRDA:40,9,0,1
BRDA:40,9,1,0
BRDA:42,10,0,1
BRDA:42,10,1,0
BRDA:59,11,0,1
BRDA:59,11,1,0
BRDA:59,12,0,1
BRDA:59,12,1,0
BRDA:83,13,0,1
BRDA:83,13,1,1
BRDA:95,14,0,1
BRDA:95,14,1,0
BRDA:111,15,0,2
BRDA:111,15,1,17
BRDA:111,16,0,19
BRDA:111,16,1,18
BRDA:149,17,0,2
BRDA:149,17,1,20
BRDA:183,18,0,21
BRDA:183,18,1,1
BRDA:286,19,0,0
BRDA:286,19,1,0
BRDA:286,20,0,0
BRDA:286,20,1,0
BRDA:286,20,2,0
BRDA:286,20,3,0
BRDA:292,21,0,0
BRDA:292,21,1,101
BRDA:307,22,0,37
BRDA:307,22,1,155
BRDA:340,23,0,199
BRDA:340,23,1,0
BRDA:341,24,0,0
BRDA:341,24,1,199
BRDA:348,25,0,198
BRDA:348,25,1,1
BRDA:363,26,0,101
BRDA:363,26,1,14
BRDA:363,27,0,115
BRDA:363,27,1,14
BRDA:368,28,0,0
BRDA:368,28,1,0
BRDA:370,29,0,0
BRDA:370,29,1,0
BRDA:381,30,0,0
BRDA:381,30,1,0
BRDA:399,31,0,14
BRDA:399,31,1,0
BRDA:408,32,0,101
BRDA:408,32,1,101
BRDA:409,33,0,101
BRDA:409,33,1,0
BRDA:413,34,0,101
BRDA:413,34,1,0
BRDA:413,35,0,101
BRDA:413,35,1,101
BRDA:415,36,0,60
BRDA:415,36,1,33
BRDA:415,37,0,93
BRDA:415,37,1,60
BRDA:427,38,0,101
BRDA:427,38,1,101
BRDA:428,39,0,101
BRDA:428,39,1,0
BRDA:429,40,0,101
BRDA:429,40,1,101
BRDA:432,41,0,101
BRDA:432,41,1,101
BRDA:443,42,0,1
BRDA:443,42,1,100
BRDA:451,43,0,0
BRDA:451,43,1,60
BRDA:451,44,0,60
BRDA:451,44,1,60
BRDA:474,45,0,2439
BRDA:474,45,1,3561
BRDA:478,46,0,1799
BRDA:478,46,1,1762
BRDA:508,47,0,0
BRDA:508,47,1,61
BRDA:515,48,0,0
BRDA:515,48,1,288
BRDA:521,49,0,215
BRDA:521,49,1,73
BRDA:521,50,0,288
BRDA:521,50,1,205
BRDA:532,51,0,83
BRDA:532,51,1,205
BRDA:555,52,0,132
BRDA:555,52,1,73
BRDA:615,53,0,0
BRDA:615,53,1,4
BRDA:615,54,0,4
BRDA:615,54,1,4
BRDA:624,55,0,0
BRDA:624,55,1,0
BRDA:626,56,0,0
BRDA:626,56,1,0
BRDA:627,57,0,0
BRDA:627,57,1,0
BRDA:640,58,0,96
BRDA:640,58,1,1
BRDA:643,59,0,24
BRDA:643,59,1,72
BRDA:643,60,0,96
BRDA:643,60,1,26
BRDA:647,61,0,42
BRDA:647,61,1,29
BRDA:649,62,0,42
BRDA:649,62,1,1
BRDA:650,63,0,42
BRDA:650,63,1,2
BRDA:651,64,0,42
BRDA:651,64,1,41
BRDA:652,65,0,42
BRDA:652,65,1,42
BRDA:652,65,2,41
BRDA:653,66,0,42
BRDA:653,66,1,42
BRDA:653,66,2,41
BRDA:654,67,0,42
BRDA:654,67,1,25
BRDA:654,67,2,25
BRDA:655,68,0,42
BRDA:655,68,1,28
BRDA:655,68,2,28
BRDA:656,69,0,42
BRDA:656,69,1,42
BRDA:656,69,2,25
BRDA:657,70,0,42
BRDA:657,70,1,42
BRDA:657,70,2,28
BRDA:658,71,0,42
BRDA:658,71,1,42
BRDA:658,71,2,41
BRDA:659,72,0,42
BRDA:659,72,1,42
BRDA:659,72,2,41
BRDA:660,73,0,42
BRDA:660,73,1,42
BRDA:660,73,2,41
BRDA:660,73,3,41
BRDA:661,74,0,42
BRDA:661,74,1,42
BRDA:661,74,2,42
BRDA:662,75,0,42
BRDA:662,75,1,41
BRDA:662,75,2,30
BRDA:663,76,0,42
BRDA:663,76,1,41
BRDA:664,77,0,42
BRDA:664,77,1,42
BRDA:665,78,0,42
BRDA:665,78,1,42
BRDA:666,79,0,42
BRDA:666,79,1,42
BRDA:667,80,0,42
BRDA:667,80,1,42
BRDA:668,81,0,42
BRDA:668,81,1,42
BRDA:669,82,0,42
BRDA:669,82,1,42
BRDA:670,83,0,42
BRDA:670,83,1,42
BRDA:691,84,0,46
BRDA:691,84,1,5
BRDA:706,85,0,0
BRDA:706,85,1,1
BRDA:722,86,0,1
BRDA:722,86,1,0
BRDA:723,87,0,1
BRDA:723,87,1,0
BRDA:724,88,0,1
BRDA:724,88,1,0
BRDA:749,89,0,0
BRDA:749,89,1,0
BRDA:749,90,0,0
BRDA:749,90,1,0
BRDA:749,90,2,0
BRDA:771,91,0,0
BRDA:771,91,1,0
BRDA:776,92,0,0
BRDA:776,92,1,0
BRDA:793,93,0,0
BRDA:793,93,1,7
BRDA:793,94,0,7
BRDA:793,94,1,7
BRDA:805,95,0,3
BRDA:805,95,1,0
BRDA:837,96,0,0
BRDA:837,96,1,0
BRDA:837,96,2,0
BRDA:838,97,0,0
BRDA:838,97,1,0
BRDA:838,97,2,0
BRDA:841,98,0,0
BRDA:841,98,1,0
BRDA:842,99,0,0
BRDA:842,99,1,0
BRDA:842,100,0,0
BRDA:842,100,1,0
BRDA:847,101,0,0
BRDA:847,101,1,0
BRDA:848,102,0,0
BRDA:848,102,1,0
BRDA:850,103,0,0
BRDA:850,103,1,0
BRDA:850,103,2,0
BRDA:851,104,0,0
BRDA:851,104,1,0
BRDA:852,105,0,0
BRDA:852,105,1,0
BRDA:853,106,0,0
BRDA:853,106,1,0
BRDA:853,106,2,0
BRDA:876,107,0,1
BRDA:876,107,1,0
BRDA:876,108,0,1
BRDA:876,108,1,1
BRDA:886,109,0,0
BRDA:886,109,1,0
BRDA:887,110,0,0
BRDA:887,110,1,0
BRDA:887,110,2,0
BRDA:888,111,0,0
BRDA:888,111,1,0
BRDA:888,112,0,0
BRDA:888,112,1,0
BRDA:889,113,0,0
BRDA:889,113,1,0
BRDA:891,114,0,0
BRDA:891,114,1,0
BRDA:898,115,0,0
BRDA:898,115,1,0
BRDA:898,116,0,0
BRDA:898,116,1,0
BRDA:902,117,0,0
BRDA:902,117,1,0
BRDA:902,117,2,0
BRDA:941,118,0,0
BRDA:941,118,1,0
BRDA:949,119,0,0
BRDA:949,119,1,0
BRDA:963,120,0,0
BRDA:963,120,1,0
BRDA:977,121,0,0
BRDA:977,121,1,0
BRDA:985,122,0,0
BRDA:985,122,1,0
BRDA:996,123,0,0
BRDA:996,123,1,0
BRDA:996,124,0,0
BRDA:996,124,1,0
BRDA:1006,125,0,0
BRDA:1006,125,1,0
BRDA:1006,126,0,0
BRDA:1006,126,1,0
BRDA:1017,127,0,0
BRDA:1017,127,1,0
BRDA:1018,128,0,0
BRDA:1018,128,1,0
BRDA:1019,129,0,0
BRDA:1019,129,1,0
BRDA:1021,130,0,0
BRDA:1021,130,1,0
BRDA:1022,131,0,0
BRDA:1022,131,1,0
BRDA:1024,132,0,0
BRDA:1024,132,1,0
BRDA:1043,133,0,0
BRDA:1043,133,1,0
BRDA:1059,134,0,0
BRDA:1059,134,1,0
BRDA:1059,135,0,0
BRDA:1059,135,1,0
BRDA:1071,136,0,0
BRDA:1071,136,1,0
BRDA:1080,137,0,0
BRDA:1080,137,1,0
BRDA:1080,137,2,0
BRDA:1081,138,0,0
BRDA:1081,138,1,0
BRDA:1082,139,0,0
BRDA:1082,139,1,0
BRDA:1082,139,2,0
BRDA:1083,140,0,0
BRDA:1083,140,1,0
BRDA:1083,140,2,0
BRDA:1084,141,0,0
BRDA:1084,141,1,0
BRDA:1084,141,2,0
BRDA:1085,142,0,0
BRDA:1085,142,1,0
BRDA:1085,142,2,0
BRDA:1086,143,0,0
BRDA:1086,143,1,0
BRDA:1086,143,2,0
BRDA:1086,143,3,0
BRDA:1087,144,0,0
BRDA:1087,144,1,0
BRDA:1087,144,2,0
BRDA:1089,145,0,0
BRDA:1089,145,1,0
BRDA:1090,146,0,0
BRDA:1090,146,1,0
BRDA:1091,147,0,0
BRDA:1091,147,1,0
BRDA:1092,148,0,0
BRDA:1092,148,1,0
BRDA:1133,149,0,10
BRDA:1133,149,1,642
BRDA:1133,150,0,3
BRDA:1133,150,1,649
BRDA:1143,151,0,254
BRDA:1143,151,1,28
BRDA:1148,152,0,112
BRDA:1148,152,1,170
BRDA:1149,153,0,98
BRDA:1149,153,1,14
BRDA:1166,154,0,0
BRDA:1166,154,1,282
BRDA:1167,155,0,0
BRDA:1167,155,1,0
BRDA:1167,156,0,0
BRDA:1167,156,1,0
BRDA:1169,157,0,0
BRDA:1169,157,1,0
BRDA:1169,158,0,0
BRDA:1169,158,1,0
BRDA:1172,159,0,0
BRDA:1172,159,1,0
BRDA:1172,160,0,0
BRDA:1172,160,1,0
BRDA:1175,161,0,0
BRDA:1175,161,1,0
BRDA:1181,162,0,652
BRDA:1181,162,1,642
BRDA:1181,162,2,170
BRDA:1185,163,0,180
BRDA:1185,163,1,472
BRDA:1186,164,0,180
BRDA:1186,164,1,472
BRDA:1188,165,0,7
BRDA:1188,165,1,1
BRDA:1188,166,0,8
BRDA:1188,166,1,7
BRDA:1190,167,0,0
BRDA:1190,167,1,1
BRDA:1190,168,0,1
BRDA:1190,168,1,1
BRDA:1193,169,0,1
BRDA:1193,169,1,0
BRDA:1198,170,0,652
BRDA:1198,170,1,642
BRDA:1198,170,2,170
BRDA:1200,171,0,10
BRDA:1200,171,1,642
BRDA:1206,172,0,170
BRDA:1206,172,1,472
BRDA:1214,173,0,164
BRDA:1214,173,1,6
BRDA:1233,174,0,652
BRDA:1233,174,1,0
BRDA:1235,175,0,0
BRDA:1235,175,1,0
BRDA:1244,176,0,0
BRDA:1244,176,1,0
BRDA:1261,177,0,0
BRDA:1261,177,1,0
BRDA:1266,178,0,0
BRDA:1266,178,1,0
BRDA:1271,179,0,0
BRDA:1271,179,1,0
BRDA:1276,180,0,0
BRDA:1276,180,1,0
BRDA:1276,180,2,0
BRDA:1276,180,3,0
BRDA:1292,181,0,42
BRDA:1292,181,1,610
BRDA:1295,182,0,652
BRDA:1295,182,1,610
BRDA:1297,183,0,610
BRDA:1297,183,1,0
BRDA:1305,184,0,1
BRDA:1305,184,1,31
BRDA:1305,185,0,32
BRDA:1305,185,1,31
BRDA:1307,186,0,1
BRDA:1307,186,1,0
BRDA:1320,187,0,0
BRDA:1320,187,1,0
BRDA:1322,188,0,0
BRDA:1322,188,1,0
BRDA:1347,189,0,1
BRDA:1347,189,1,31
BRDA:1347,190,0,32
BRDA:1347,190,1,31
BRDA:1347,190,2,31
BRDA:1347,190,3,31
BRDA:1347,190,4,31
BRDA:1351,191,0,1
BRDA:1351,191,1,0
BRDA:1351,192,0,1
BRDA:1351,192,1,0
BRDA:1356,193,0,1
BRDA:1356,193,1,0
BRDA:1356,194,0,1
BRDA:1356,194,1,0
BRDA:1358,195,0,1
BRDA:1358,195,1,0
BRDA:1358,195,2,0
BRDA:1358,195,3,1
BRDA:1363,196,0,1
BRDA:1363,196,1,0
BRDA:1363,196,2,0
BRDA:1382,197,0,652
BRDA:1382,197,1,72
BRDA:1387,198,0,0
BRDA:1387,198,1,72
BRDA:1394,199,0,0
BRDA:1394,199,1,72
BRDA:1394,200,0,72
BRDA:1394,200,1,0
BRDA:1394,200,2,0
BRDA:1504,201,0,0
BRDA:1504,201,1,0
BRDA:1505,202,0,0
BRDA:1505,202,1,0
BRDA:1516,203,0,0
BRDA:1516,203,1,0
BRDA:1517,204,0,0
BRDA:1517,204,1,0
BRDA:1528,205,0,0
BRDA:1528,205,1,0
BRDA:1539,206,0,0
BRDA:1539,206,1,0
BRDA:1549,207,0,0
BRDA:1549,207,1,0
BRDA:1621,208,0,72
BRDA:1621,208,1,53
BRDA:1670,209,0,72
BRDA:1670,209,1,55
BRDA:1730,210,0,1
BRDA:1730,210,1,71
BRDA:1757,211,0,652
BRDA:1757,211,1,4
BRDA:1762,212,0,4
BRDA:1762,212,1,0
BRDA:1773,213,0,4
BRDA:1773,213,1,4
BRDA:1773,213,2,4
BRDA:1773,213,3,0
BRDA:1776,214,0,0
BRDA:1776,214,1,0
BRDA:1789,215,0,0
BRDA:1789,215,1,0
BRDA:1802,216,0,4
BRDA:1802,216,1,0
BRDA:1809,217,0,4
BRDA:1809,217,1,0
BRDA:1816,218,0,4
BRDA:1816,218,1,4
BRDA:1816,218,2,4
BRDA:1818,219,0,4
BRDA:1818,219,1,4
BRDA:1818,219,2,4
BRDA:1825,220,0,4
BRDA:1825,220,1,4
BRDA:1825,220,2,4
BRDA:1827,221,0,4
BRDA:1827,221,1,4
BRDA:1827,221,2,4
BRDA:1829,222,0,0
BRDA:1829,222,1,0
BRDA:1829,223,0,0
BRDA:1829,223,1,0
BRDA:1850,224,0,0
BRDA:1850,224,1,0
BRDA:1855,225,0,0
BRDA:1855,225,1,0
BRDA:1863,226,0,0
BRDA:1863,226,1,0
BRDA:1865,227,0,0
BRDA:1865,227,1,0
BRDA:1881,228,0,0
BRDA:1881,228,1,4
BRDA:1885,229,0,0
BRDA:1885,229,1,0
BRDA:1896,230,0,0
BRDA:1896,230,1,0
BRDA:1911,231,0,0
BRDA:1911,231,1,0
BRDA:2031,232,0,0
BRDA:2031,232,1,0
BRDA:2065,233,0,652
BRDA:2065,233,1,30
BRDA:2065,233,2,29
BRDA:2091,234,0,29
BRDA:2091,234,1,0
BRDA:2097,235,0,0
BRDA:2097,235,1,1
BRDA:2105,236,0,0
BRDA:2105,236,1,1
BRDA:2106,237,0,0
BRDA:2106,237,1,0
BRDA:2110,238,0,0
BRDA:2110,238,1,0
BRDA:2137,239,0,652
BRDA:2137,239,1,42
BRDA:2159,240,0,0
BRDA:2159,240,1,0
BRDA:2176,241,0,2
BRDA:2176,241,1,40
BRDA:2176,242,0,42
BRDA:2176,242,1,40
BRDA:2176,242,2,40
BRDA:2176,242,3,40
BRDA:2176,242,4,40
BRDA:2176,242,5,40
BRDA:2176,242,6,40
BRDA:2182,243,0,2
BRDA:2182,243,1,0
BRDA:2182,244,0,2
BRDA:2182,244,1,0
BRDA:2187,245,0,2
BRDA:2187,245,1,0
BRDA:2187,246,0,2
BRDA:2187,246,1,0
BRDA:2189,247,0,2
BRDA:2189,247,1,0
BRDA:2189,247,2,0
BRDA:2189,247,3,2
BRDA:2194,248,0,2
BRDA:2194,248,1,0
BRDA:2194,248,2,0
BRDA:2207,249,0,42
BRDA:2207,249,1,42
BRDA:2207,249,2,0
BRDA:2207,249,3,0
BRDA:2207,249,4,42
BRDA:2209,250,0,42
BRDA:2209,250,1,0
BRDA:2220,251,0,42
BRDA:2220,251,1,0
BRDA:2220,251,2,0
BRDA:2220,251,3,42
BRDA:2226,252,0,13
BRDA:2226,252,1,0
BRDA:2226,253,0,0
BRDA:2226,253,1,0
BRDA:2238,254,0,2
BRDA:2238,254,1,40
BRDA:2238,255,0,42
BRDA:2238,255,1,40
BRDA:2240,256,0,2
BRDA:2240,256,1,0
BRDA:2257,257,0,42
BRDA:2257,257,1,0
BRDA:2257,257,2,0
BRDA:2267,258,0,42
BRDA:2267,258,1,0
BRDA:2267,258,2,0
BRDA:2269,259,0,4
BRDA:2269,259,1,0
BRDA:2269,260,0,0
BRDA:2269,260,1,0
BRDA:2279,261,0,652
BRDA:2279,261,1,13
BRF:586
BRH:289
end_of_record
TN:
SF:src/main.jsx
FNF:0
FNH:0
DA:9,1
LF:1
LH:1
BRF:0
BRH:0
end_of_record
TN:
SF:src/utils.js
FN:2,formatDuration
FN:61,isValidUrl
FNF:2
FNH:2
FNDA:31,formatDuration
FNDA:3600,isValidUrl
DA:3,31
DA:6,27
DA:7,10
DA:8,10
DA:9,10
DA:10,9
DA:12,0
DA:17,26
DA:19,15
DA:21,15
DA:23,15
DA:24,15
DA:27,15
DA:28,15
DA:29,8
DA:30,8
DA:34,15
DA:35,15
DA:36,9
DA:40,15
DA:41,15
DA:42,8
DA:43,8
DA:44,5
DA:46,7
DA:47,3
DA:50,4
DA:53,11
DA:55,0
DA:56,0
DA:62,3600
DA:64,3600
DA:65,1161
DA:66,1075
DA:69,2431
DA:70,5
DA:71,4
DA:77,2426
DA:79,14
DA:80,14
DA:81,12
DA:82,12
DA:86,2414
DA:88,95
LF:44
LH:41
BRDA:3,0,0,4
BRDA:3,0,1,27
BRDA:6,1,0,10
BRDA:6,1,1,17
BRDA:9,2,0,1
BRDA:9,2,1,9
BRDA:17,3,0,11
BRDA:17,3,1,15
BRDA:28,4,0,8
BRDA:28,4,1,7
BRDA:35,5,0,9
BRDA:35,5,1,6
BRDA:41,6,0,8
BRDA:41,6,1,7
BRDA:43,7,0,5
BRDA:43,7,1,3
BRDA:46,8,0,3
BRDA:46,8,1,4
BRDA:64,9,0,1161
BRDA:64,9,1,2431
BRDA:69,10,0,5
BRDA:69,10,1,2426
BRDA:77,11,0,14
BRDA:77,11,1,2412
BRDA:77,12,0,2426
BRDA:77,12,1,2422
BRDA:80,13,0,12
BRDA:80,13,1,2
BRDA:80,14,0,14
BRDA:80,14,1,14
BRF:30
BRH:30
end_of_record
