TN:
SF:src/index.js
FN:19,scheduled
FN:75,fetch
FNF:2
FNH:2
FNDA:4,scheduled
FNDA:8,fetch
DA:1,1
DA:2,1
DA:3,1
DA:4,1
DA:5,1
DA:6,1
DA:7,1
DA:8,1
DA:10,1
DA:12,1
DA:13,1
DA:14,1
DA:15,1
DA:16,1
DA:17,1
DA:18,1
DA:19,1
DA:20,4
DA:21,4
DA:22,4
DA:23,4
DA:24,4
DA:25,4
DA:26,4
DA:27,4
DA:28,4
DA:29,4
DA:30,4
DA:31,4
DA:32,4
DA:33,4
DA:34,4
DA:35,4
DA:36,4
DA:37,4
DA:38,3
DA:39,3
DA:40,3
DA:41,3
DA:42,3
DA:43,3
DA:44,3
DA:45,4
DA:46,1
DA:47,1
DA:48,1
DA:49,1
DA:50,1
DA:51,1
DA:52,1
DA:53,0
DA:54,0
DA:55,0
DA:56,1
DA:57,4
DA:58,4
DA:59,1
DA:60,1
DA:61,1
DA:62,1
DA:63,1
DA:64,1
DA:65,3
DA:66,3
DA:67,1
DA:69,1
DA:70,1
DA:71,1
DA:72,1
DA:73,1
DA:74,1
DA:75,1
DA:76,8
DA:77,8
DA:78,8
DA:79,8
DA:80,1
DA:81,1
DA:82,7
DA:83,7
DA:84,8
DA:85,1
DA:86,1
DA:87,1
DA:88,1
DA:89,1
DA:90,1
DA:91,1
DA:92,1
DA:93,1
DA:94,1
DA:95,1
DA:96,6
DA:97,8
DA:98,4
DA:99,4
DA:100,4
DA:101,4
DA:102,4
DA:103,4
DA:104,4
DA:105,4
DA:106,4
DA:107,4
DA:108,4
DA:109,1
DA:110,1
DA:111,3
DA:112,3
DA:113,3
DA:114,3
DA:115,3
DA:116,3
DA:117,3
DA:118,3
DA:119,4
DA:120,1
DA:121,1
DA:122,1
DA:123,1
DA:124,1
DA:125,1
DA:126,1
DA:127,1
DA:128,1
DA:129,1
DA:130,4
DA:131,2
DA:132,8
DA:133,1
DA:134,1
DA:135,1
DA:136,1
DA:137,1
DA:138,1
DA:139,1
DA:140,1
DA:141,1
DA:142,1
DA:143,1
DA:144,1
DA:145,1
DA:146,1
DA:147,1
DA:148,1
DA:149,1
DA:150,1
DA:151,1
DA:152,1
DA:153,1
DA:154,1
DA:155,1
DA:156,1
DA:157,1
DA:158,8
DA:159,0
DA:160,0
DA:161,0
DA:162,0
DA:163,0
DA:164,0
DA:165,0
DA:166,0
DA:167,0
DA:168,0
DA:169,0
DA:170,8
DA:171,1
LF:168
LH:154
BRDA:19,0,0,4
BRDA:30,1,0,0
BRDA:37,2,0,3
BRDA:45,3,0,1
BRDA:52,4,0,0
BRDA:58,5,0,1
BRDA:64,6,0,3
BRDA:75,7,0,8
BRDA:79,8,0,1
BRDA:81,9,0,7
BRDA:84,10,0,1
BRDA:95,11,0,6
BRDA:97,12,0,4
BRDA:103,13,0,0
BRDA:108,14,0,1
BRDA:108,15,0,1
BRDA:110,16,0,3
BRDA:119,17,0,1
BRDA:130,18,0,2
BRDA:132,19,0,1
BRDA:146,20,0,0
BRDA:147,21,0,0
BRDA:158,22,0,0
BRF:23
BRH:17
end_of_record
TN:
SF:src/handlers/feeder-handler.js
FN:16,processRecipeBatch
FN:108,executeFullFeedingCycle
FNF:2
FNH:2
FNDA:20,processRecipeBatch
FNDA:12,executeFullFeedingCycle
DA:1,1
DA:2,1
DA:3,1
DA:5,1
DA:6,1
DA:7,1
DA:9,1
DA:10,1
DA:11,1
DA:12,1
DA:13,1
DA:14,1
DA:15,1
DA:16,1
DA:17,20
DA:18,20
DA:19,20
DA:20,20
DA:21,20
DA:22,20
DA:23,20
DA:24,20
DA:25,20
DA:26,20
DA:27,20
DA:28,20
DA:29,20
DA:30,20
DA:31,20
DA:32,20
DA:33,16
DA:34,16
DA:35,20
DA:36,2
DA:37,2
DA:38,2
DA:39,2
DA:40,2
DA:41,2
DA:42,2
DA:43,2
DA:44,14
DA:45,14
DA:46,14
DA:47,14
DA:48,14
DA:49,14
DA:50,13
DA:51,13
DA:52,13
DA:53,13
DA:54,13
DA:55,13
DA:56,20
DA:57,11
DA:58,11
DA:59,11
DA:60,11
DA:61,11
DA:62,11
DA:63,11
DA:64,11
DA:65,11
DA:66,11
DA:67,1
DA:68,1
DA:69,1
DA:70,11
DA:71,11
DA:72,20
DA:73,2
DA:74,2
DA:75,13
DA:76,13
DA:77,13
DA:78,13
DA:79,13
DA:80,13
DA:81,13
DA:82,13
DA:83,13
DA:84,13
DA:85,13
DA:86,13
DA:87,13
DA:88,20
DA:89,5
DA:90,5
DA:91,5
DA:92,5
DA:93,5
DA:94,5
DA:95,5
DA:96,5
DA:97,5
DA:98,5
DA:99,5
DA:100,20
DA:102,1
DA:103,1
DA:104,1
DA:105,1
DA:106,1
DA:107,1
DA:108,1
DA:109,12
DA:110,12
DA:111,12
DA:112,12
DA:113,12
DA:114,12
DA:115,12
DA:116,12
DA:117,12
DA:118,12
DA:119,12
DA:120,12
DA:121,12
DA:122,12
DA:123,12
DA:124,12
DA:125,12
DA:126,12
DA:127,12
DA:128,12
DA:129,12
DA:130,12
DA:131,12
DA:132,12
DA:133,12
DA:134,14
DA:135,14
DA:136,14
DA:137,14
DA:138,0
DA:139,0
DA:140,0
DA:141,14
DA:142,14
DA:143,14
DA:144,14
DA:145,14
DA:146,14
DA:147,14
DA:148,14
DA:149,84
DA:150,36
DA:151,36
DA:152,14
DA:153,14
DA:154,14
DA:155,14
DA:156,14
DA:157,14
DA:158,3
DA:159,3
DA:160,3
DA:161,3
DA:162,3
DA:163,3
DA:164,11
DA:165,12
DA:166,8
DA:167,8
DA:168,8
DA:169,14
DA:170,12
DA:171,12
DA:172,12
DA:173,12
DA:174,12
DA:175,12
DA:176,12
DA:177,12
DA:178,12
DA:179,12
DA:180,12
DA:181,12
DA:182,12
DA:183,12
DA:184,0
DA:185,0
DA:186,0
DA:187,0
DA:188,0
DA:189,0
DA:190,0
DA:191,0
DA:192,0
DA:193,0
DA:194,0
DA:195,12
LF:192
LH:178
BRDA:16,0,0,20
BRDA:18,1,0,18
BRDA:32,2,0,16
BRDA:35,3,0,2
BRDA:43,4,0,17
BRDA:43,5,0,14
BRDA:49,6,0,13
BRDA:56,7,0,11
BRDA:66,8,0,1
BRDA:72,9,0,2
BRDA:74,10,0,13
BRDA:88,11,0,5
BRDA:108,12,0,12
BRDA:110,13,0,0
BRDA:133,14,0,15
BRDA:133,15,0,14
BRDA:137,16,0,0
BRDA:157,17,0,3
BRDA:163,18,0,12
BRDA:163,19,0,11
BRDA:165,20,0,8
BRDA:183,21,0,0
BRDA:148,22,0,84
BRDA:149,23,0,70
BRDA:149,24,0,36
BRF:25
BRH:22
end_of_record
TN:
SF:src/types/index.js
FN:1,(empty-report)
FNF:1
FNH:0
FNDA:0,(empty-report)
DA:1,0
DA:2,0
DA:3,0
DA:5,0
DA:6,0
DA:7,0
DA:8,0
DA:9,0
DA:10,0
DA:11,0
DA:13,0
DA:14,0
DA:15,0
DA:16,0
DA:17,0
DA:18,0
DA:19,0
DA:20,0
DA:21,0
DA:23,0
DA:24,0
DA:25,0
DA:26,0
DA:27,0
DA:28,0
DA:30,0
DA:31,0
DA:32,0
DA:33,0
DA:34,0
DA:35,0
DA:36,0
DA:37,0
DA:38,0
DA:40,0
DA:41,0
DA:42,0
DA:43,0
DA:44,0
DA:45,0
DA:46,0
LF:41
LH:0
BRDA:1,0,0,0
BRF:1
BRH:0
end_of_record
TN:
SF:src/utils/kv-scanner.js
FN:12,scanRecipeKeys
FN:51,getRecipeKeysBatch
FN:66,estimateRecipeCount
FNF:3
FNH:3
FNDA:13,scanRecipeKeys
FNDA:1,getRecipeKeysBatch
FNDA:3,estimateRecipeCount
DA:1,1
DA:2,1
DA:3,1
DA:5,1
DA:6,1
DA:7,1
DA:8,1
DA:9,1
DA:10,1
DA:11,1
DA:12,1
DA:13,13
DA:14,13
DA:15,13
DA:16,13
DA:17,13
DA:18,13
DA:19,13
DA:20,13
DA:21,2
DA:22,2
DA:23,13
DA:24,13
DA:25,10
DA:26,10
DA:27,10
DA:28,10
DA:29,10
DA:30,10
DA:31,10
DA:32,10
DA:33,13
DA:34,13
DA:35,13
DA:36,13
DA:37,13
DA:38,13
DA:39,3
DA:40,3
DA:41,3
DA:42,13
DA:44,1
DA:45,1
DA:46,1
DA:47,1
DA:48,1
DA:49,1
DA:50,1
DA:51,1
DA:52,1
DA:53,1
DA:54,1
DA:55,1
DA:56,1
DA:57,1
DA:58,1
DA:59,1
DA:61,1
DA:62,1
DA:63,1
DA:64,1
DA:65,1
DA:66,1
DA:67,3
DA:68,3
DA:69,3
DA:70,3
DA:71,2
DA:72,3
DA:73,1
DA:74,1
DA:75,1
DA:76,1
DA:77,1
DA:78,1
DA:79,1
DA:80,3
DA:81,1
DA:82,1
DA:83,1
DA:84,3
LF:81
LH:81
BRDA:12,0,0,13
BRDA:14,1,0,11
BRDA:20,2,0,2
BRDA:24,3,0,11
BRDA:24,4,0,10
BRDA:33,5,0,8
BRDA:38,6,0,3
BRDA:27,7,0,162
BRDA:51,8,0,1
BRDA:66,9,0,3
BRDA:70,10,0,2
BRDA:72,11,0,1
BRDA:80,12,0,1
BRF:13
BRH:13
end_of_record
TN:
SF:src/utils/queue-producer.js
FN:12,queueRecipesForEmbedding
FN:65,queueRecipesInChunks
FN:119,validateRecipeIds
FN:145,safeQueueRecipes
FNF:4
FNH:4
FNDA:20,queueRecipesForEmbedding
FNDA:11,queueRecipesInChunks
FNDA:10,validateRecipeIds
FNDA:8,safeQueueRecipes
DA:1,1
DA:2,1
DA:3,1
DA:5,1
DA:6,1
DA:7,1
DA:8,1
DA:9,1
DA:10,1
DA:11,1
DA:12,1
DA:13,20
DA:14,1
DA:15,1
DA:16,19
DA:17,19
DA:18,19
DA:19,19
DA:20,19
DA:21,19
DA:22,19
DA:23,19
DA:24,19
DA:25,19
DA:26,174
DA:27,174
DA:28,19
DA:29,19
DA:30,19
DA:31,19
DA:32,16
DA:33,16
DA:34,16
DA:35,16
DA:36,16
DA:37,16
DA:38,16
DA:39,16
DA:40,16
DA:41,16
DA:42,20
DA:43,3
DA:44,3
DA:45,3
DA:46,3
DA:47,3
DA:48,3
DA:49,3
DA:50,3
DA:51,3
DA:52,3
DA:53,3
DA:54,3
DA:55,3
DA:56,20
DA:58,1
DA:59,1
DA:60,1
DA:61,1
DA:62,1
DA:63,1
DA:64,1
DA:65,1
DA:66,11
DA:67,1
DA:68,1
DA:69,10
DA:70,10
DA:71,10
DA:72,10
DA:73,10
DA:74,10
DA:75,10
DA:76,11
DA:77,16
DA:78,16
DA:79,16
DA:80,16
DA:81,16
DA:82,16
DA:83,14
DA:84,16
DA:85,2
DA:86,2
DA:87,16
DA:88,16
DA:89,16
DA:90,6
DA:91,6
DA:92,16
DA:93,16
DA:94,0
DA:95,0
DA:96,0
DA:97,0
DA:98,0
DA:99,0
DA:100,0
DA:101,0
DA:102,16
DA:103,16
DA:104,16
DA:105,16
DA:106,16
DA:107,16
DA:108,16
DA:109,16
DA:110,16
DA:111,16
DA:112,16
DA:114,1
DA:115,1
DA:116,1
DA:117,1
DA:118,1
DA:119,1
DA:120,10
DA:121,10
DA:122,10
DA:123,10
DA:124,170
DA:125,165
DA:126,170
DA:127,5
DA:128,5
DA:129,170
DA:130,10
DA:131,10
DA:132,2
DA:133,2
DA:134,10
DA:135,10
DA:136,10
DA:138,1
DA:139,1
DA:140,1
DA:141,1
DA:142,1
DA:143,1
DA:144,1
DA:145,1
DA:146,8
DA:147,8
DA:148,8
DA:149,8
DA:150,8
DA:151,8
DA:152,8
DA:153,8
DA:154,8
DA:155,8
DA:156,8
DA:157,8
DA:158,7
DA:159,7
DA:160,7
DA:161,7
DA:162,7
DA:163,7
DA:164,1
DA:165,1
DA:166,8
DA:167,1
DA:168,1
DA:169,8
DA:170,8
DA:171,8
DA:172,8
DA:173,8
DA:174,8
DA:175,8
DA:176,8
DA:177,8
DA:178,8
DA:179,8
LF:175
LH:167
BRDA:12,0,0,20
BRDA:13,1,0,1
BRDA:15,2,0,19
BRDA:31,3,0,16
BRDA:42,4,0,3
BRDA:25,5,0,174
BRDA:65,6,0,11
BRDA:66,7,0,1
BRDA:68,8,0,10
BRDA:76,9,0,16
BRDA:82,10,0,14
BRDA:84,11,0,2
BRDA:89,12,0,6
BRDA:93,13,0,0
BRDA:90,14,0,6
BRDA:119,15,0,10
BRDA:123,16,0,170
BRDA:124,17,0,167
BRDA:124,18,0,165
BRDA:126,19,0,5
BRDA:131,20,0,2
BRDA:145,21,0,8
BRDA:157,22,0,7
BRDA:163,23,0,1
BRDA:166,24,0,1
BRDA:175,25,0,7
BRF:26
BRH:25
end_of_record
TN:
SF:src/utils/vector-checker.js
FN:11,recipeExistsInVectorStore
FN:38,batchCheckVectorStore
FN:74,parallelBatchCheckVectorStore
FNF:3
FNH:3
FNDA:177,recipeExistsInVectorStore
FNDA:8,batchCheckVectorStore
FNDA:3,parallelBatchCheckVectorStore
DA:1,1
DA:2,1
DA:3,1
DA:5,1
DA:6,1
DA:7,1
DA:8,1
DA:9,1
DA:10,1
DA:11,1
DA:12,177
DA:13,177
DA:14,177
DA:15,177
DA:16,177
DA:17,177
DA:18,177
DA:19,177
DA:20,177
DA:21,174
DA:22,174
DA:23,177
DA:24,177
DA:25,177
DA:26,3
DA:27,3
DA:28,3
DA:29,3
DA:30,177
DA:32,1
DA:33,1
DA:34,1
DA:35,1
DA:36,1
DA:37,1
DA:38,1
DA:39,8
DA:40,8
DA:41,8
DA:42,8
DA:43,8
DA:44,8
DA:45,8
DA:46,8
DA:47,162
DA:48,162
DA:49,162
DA:50,162
DA:51,6
DA:52,162
DA:53,156
DA:54,156
DA:55,162
DA:56,0
DA:57,0
DA:58,0
DA:59,0
DA:60,162
DA:61,8
DA:62,8
DA:63,8
DA:64,8
DA:65,8
DA:67,1
DA:68,1
DA:69,1
DA:70,1
DA:71,1
DA:72,1
DA:73,1
DA:74,1
DA:75,3
DA:76,3
DA:77,3
DA:78,3
DA:79,3
DA:80,3
DA:81,3
DA:82,6
DA:83,6
DA:84,6
DA:85,11
DA:86,11
DA:87,11
DA:88,11
DA:89,0
DA:90,0
DA:91,0
DA:92,6
DA:93,6
DA:94,6
DA:95,6
DA:96,6
DA:97,11
DA:98,8
DA:99,11
DA:100,3
DA:101,3
DA:102,6
DA:103,6
DA:104,6
DA:105,6
DA:106,6
DA:107,6
DA:108,6
LF:105
LH:98
BRDA:11,0,0,177
BRDA:20,1,0,174
BRDA:23,2,0,173
BRDA:25,3,0,3
BRDA:38,4,0,8
BRDA:46,5,0,162
BRDA:50,6,0,6
BRDA:52,7,0,156
BRDA:55,8,0,0
BRDA:74,9,0,3
BRDA:81,10,0,6
BRDA:84,11,0,11
BRDA:88,12,0,0
BRDA:96,13,0,11
BRDA:97,14,0,8
BRDA:99,15,0,3
BRF:16
BRH:14
end_of_record
