<?xml version="1.0" encoding="UTF-8"?>
<coverage generated="1755659117723" clover="3.2.0">
  <project timestamp="1755659117723" name="All files">
    <metrics statements="179" coveredstatements="119" conditionals="208" coveredconditionals="159" methods="20" coveredmethods="20" elements="407" coveredelements="298" complexity="0" loc="179" ncloc="179" packages="1" files="1" classes="1"/>
    <file name="worker.js" path="/workspace/recipe-scraper/worker.js">
      <metrics statements="179" coveredstatements="119" conditionals="208" coveredconditionals="159" methods="20" coveredmethods="20"/>
      <line num="18" count="128" type="cond" truecount="2" falsecount="0"/>
      <line num="20" count="124" type="stmt"/>
      <line num="33" count="124" type="stmt"/>
      <line num="34" count="27" type="cond" truecount="2" falsecount="0"/>
      <line num="40" count="20" type="cond" truecount="2" falsecount="0"/>
      <line num="41" count="12" type="cond" truecount="2" falsecount="0"/>
      <line num="42" count="10" type="cond" truecount="1" falsecount="1"/>
      <line num="43" count="10" type="stmt"/>
      <line num="44" count="22" type="cond" truecount="2" falsecount="0"/>
      <line num="45" count="19" type="cond" truecount="2" falsecount="0"/>
      <line num="46" count="9" type="cond" truecount="2" falsecount="0"/>
      <line num="47" count="7" type="cond" truecount="2" falsecount="0"/>
      <line num="48" count="5" type="stmt"/>
      <line num="51" count="0" type="stmt"/>
      <line num="56" count="34" type="cond" truecount="2" falsecount="0"/>
      <line num="57" count="26" type="cond" truecount="2" falsecount="0"/>
      <line num="58" count="24" type="cond" truecount="2" falsecount="0"/>
      <line num="59" count="15" type="stmt"/>
      <line num="60" count="34" type="cond" truecount="2" falsecount="0"/>
      <line num="61" count="31" type="cond" truecount="2" falsecount="0"/>
      <line num="62" count="15" type="cond" truecount="2" falsecount="0"/>
      <line num="63" count="11" type="cond" truecount="2" falsecount="0"/>
      <line num="64" count="3" type="cond" truecount="2" falsecount="2"/>
      <line num="65" count="3" type="stmt"/>
      <line num="68" count="9" type="cond" truecount="4" falsecount="0"/>
      <line num="69" count="6" type="stmt"/>
      <line num="71" count="3" type="stmt"/>
      <line num="76" count="43" type="cond" truecount="2" falsecount="0"/>
      <line num="77" count="31" type="cond" truecount="4" falsecount="0"/>
      <line num="82" count="12" type="stmt"/>
      <line num="87" count="12" type="cond" truecount="2" falsecount="0"/>
      <line num="90" count="9" type="stmt"/>
      <line num="91" count="9" type="cond" truecount="8" falsecount="0"/>
      <line num="100" count="9" type="cond" truecount="2" falsecount="0"/>
      <line num="103" count="8" type="stmt"/>
      <line num="105" count="8" type="cond" truecount="2" falsecount="0"/>
      <line num="108" count="5" type="cond" truecount="4" falsecount="0"/>
      <line num="111" count="4" type="cond" truecount="4" falsecount="0"/>
      <line num="112" count="2" type="stmt"/>
      <line num="113" count="3" type="stmt"/>
      <line num="114" count="3" type="cond" truecount="3" falsecount="0"/>
      <line num="119" count="2" type="stmt"/>
      <line num="124" count="10" type="stmt"/>
      <line num="127" count="10" type="stmt"/>
      <line num="128" count="10" type="cond" truecount="5" falsecount="0"/>
      <line num="129" count="8" type="stmt"/>
      <line num="132" count="2" type="cond" truecount="4" falsecount="0"/>
      <line num="133" count="1" type="stmt"/>
      <line num="134" count="2" type="stmt"/>
      <line num="135" count="2" type="cond" truecount="2" falsecount="1"/>
      <line num="140" count="10" type="cond" truecount="2" falsecount="0"/>
      <line num="143" count="9" type="stmt"/>
      <line num="167" count="7" type="stmt"/>
      <line num="172" count="7" type="stmt"/>
      <line num="176" count="8" type="stmt"/>
      <line num="177" count="8" type="cond" truecount="2" falsecount="0"/>
      <line num="178" count="7" type="stmt"/>
      <line num="179" count="7" type="stmt"/>
      <line num="181" count="6" type="cond" truecount="2" falsecount="0"/>
      <line num="182" count="2" type="stmt"/>
      <line num="184" count="4" type="stmt"/>
      <line num="187" count="1" type="stmt"/>
      <line num="189" count="7" type="stmt"/>
      <line num="196" count="3" type="stmt"/>
      <line num="198" count="3" type="stmt"/>
      <line num="204" count="3" type="cond" truecount="1" falsecount="1"/>
      <line num="205" count="3" type="stmt"/>
      <line num="209" count="0" type="stmt"/>
      <line num="210" count="0" type="stmt"/>
      <line num="214" count="0" type="stmt"/>
      <line num="217" count="0" type="stmt"/>
      <line num="218" count="0" type="stmt"/>
      <line num="219" count="0" type="cond" truecount="0" falsecount="2"/>
      <line num="220" count="0" type="stmt"/>
      <line num="221" count="0" type="cond" truecount="0" falsecount="2"/>
      <line num="225" count="0" type="cond" truecount="0" falsecount="2"/>
      <line num="226" count="0" type="stmt"/>
      <line num="234" count="0" type="cond" truecount="0" falsecount="4"/>
      <line num="235" count="0" type="stmt"/>
      <line num="236" count="0" type="stmt"/>
      <line num="237" count="0" type="stmt"/>
      <line num="238" count="0" type="cond" truecount="0" falsecount="4"/>
      <line num="239" count="0" type="stmt"/>
      <line num="240" count="0" type="stmt"/>
      <line num="243" count="0" type="stmt"/>
      <line num="249" count="0" type="stmt"/>
      <line num="250" count="0" type="stmt"/>
      <line num="252" count="0" type="stmt"/>
      <line num="259" count="3" type="stmt"/>
      <line num="282" count="24" type="stmt"/>
      <line num="285" count="24" type="stmt"/>
      <line num="292" count="24" type="cond" truecount="2" falsecount="0"/>
      <line num="293" count="2" type="stmt"/>
      <line num="297" count="22" type="cond" truecount="2" falsecount="0"/>
      <line num="298" count="10" type="cond" truecount="4" falsecount="0"/>
      <line num="299" count="1" type="stmt"/>
      <line num="305" count="9" type="stmt"/>
      <line num="306" count="9" type="stmt"/>
      <line num="307" count="9" type="stmt"/>
      <line num="310" count="9" type="cond" truecount="2" falsecount="0"/>
      <line num="311" count="2" type="stmt"/>
      <line num="312" count="2" type="cond" truecount="1" falsecount="1"/>
      <line num="313" count="2" type="stmt"/>
      <line num="320" count="0" type="stmt"/>
      <line num="324" count="7" type="cond" truecount="1" falsecount="1"/>
      <line num="325" count="7" type="stmt"/>
      <line num="326" count="7" type="stmt"/>
      <line num="327" count="5" type="cond" truecount="4" falsecount="0"/>
      <line num="328" count="2" type="stmt"/>
      <line num="329" count="3" type="cond" truecount="2" falsecount="0"/>
      <line num="330" count="1" type="stmt"/>
      <line num="332" count="2" type="stmt"/>
      <line num="339" count="3" type="stmt"/>
      <line num="340" count="3" type="stmt"/>
      <line num="342" count="2" type="stmt"/>
      <line num="352" count="3" type="stmt"/>
      <line num="354" count="1" type="stmt"/>
      <line num="357" count="1" type="cond" truecount="2" falsecount="3"/>
      <line num="358" count="0" type="stmt"/>
      <line num="361" count="0" type="cond" truecount="0" falsecount="2"/>
      <line num="362" count="0" type="stmt"/>
      <line num="363" count="0" type="cond" truecount="0" falsecount="2"/>
      <line num="365" count="0" type="stmt"/>
      <line num="383" count="0" type="stmt"/>
      <line num="399" count="0" type="cond" truecount="0" falsecount="2"/>
      <line num="400" count="0" type="stmt"/>
      <line num="401" count="0" type="stmt"/>
      <line num="402" count="0" type="stmt"/>
      <line num="403" count="0" type="stmt"/>
      <line num="405" count="0" type="stmt"/>
      <line num="406" count="0" type="stmt"/>
      <line num="407" count="0" type="cond" truecount="0" falsecount="2"/>
      <line num="408" count="0" type="cond" truecount="0" falsecount="2"/>
      <line num="409" count="0" type="stmt"/>
      <line num="414" count="1" type="stmt"/>
      <line num="419" count="3" type="stmt"/>
      <line num="423" count="1" type="stmt"/>
      <line num="424" count="1" type="stmt"/>
      <line num="425" count="1" type="stmt"/>
      <line num="433" count="12" type="cond" truecount="5" falsecount="0"/>
      <line num="434" count="1" type="stmt"/>
      <line num="435" count="1" type="stmt"/>
      <line num="436" count="1" type="cond" truecount="2" falsecount="0"/>
      <line num="438" count="1" type="stmt"/>
      <line num="440" count="1" type="cond" truecount="1" falsecount="1"/>
      <line num="447" count="0" type="cond" truecount="0" falsecount="2"/>
      <line num="448" count="0" type="stmt"/>
      <line num="449" count="0" type="stmt"/>
      <line num="450" count="0" type="stmt"/>
      <line num="459" count="0" type="stmt"/>
      <line num="460" count="0" type="stmt"/>
      <line num="466" count="11" type="cond" truecount="5" falsecount="0"/>
      <line num="467" count="1" type="stmt"/>
      <line num="468" count="1" type="stmt"/>
      <line num="470" count="1" type="cond" truecount="1" falsecount="1"/>
      <line num="473" count="0" type="stmt"/>
      <line num="474" count="0" type="cond" truecount="0" falsecount="2"/>
      <line num="475" count="0" type="stmt"/>
      <line num="481" count="0" type="stmt"/>
      <line num="487" count="1" type="stmt"/>
      <line num="494" count="0" type="cond" truecount="0" falsecount="2"/>
      <line num="495" count="0" type="stmt"/>
      <line num="496" count="0" type="stmt"/>
      <line num="497" count="0" type="stmt"/>
      <line num="506" count="0" type="stmt"/>
      <line num="507" count="0" type="cond" truecount="0" falsecount="2"/>
      <line num="513" count="10" type="cond" truecount="4" falsecount="0"/>
      <line num="514" count="3" type="stmt"/>
      <line num="515" count="3" type="cond" truecount="2" falsecount="0"/>
      <line num="516" count="2" type="stmt"/>
      <line num="525" count="1" type="stmt"/>
      <line num="535" count="0" type="cond" truecount="0" falsecount="2"/>
      <line num="536" count="0" type="stmt"/>
      <line num="537" count="0" type="stmt"/>
      <line num="538" count="0" type="stmt"/>
      <line num="547" count="0" type="stmt"/>
      <line num="553" count="7" type="cond" truecount="2" falsecount="0"/>
      <line num="554" count="4" type="stmt"/>
      <line num="564" count="3" type="stmt"/>
    </file>
  </project>
</coverage>
