<?xml version="1.0" encoding="UTF-8"?>
<coverage generated="1755318574978" clover="3.2.0">
  <project timestamp="1755318574978" name="All files">
    <metrics statements="157" coveredstatements="125" conditionals="188" coveredconditionals="159" methods="20" coveredmethods="20" elements="365" coveredelements="304" complexity="0" loc="157" ncloc="157" packages="1" files="1" classes="1"/>
    <file name="worker.js" path="/workspace/recipe-scraper/worker.js">
      <metrics statements="157" coveredstatements="125" conditionals="188" coveredconditionals="159" methods="20" coveredmethods="20"/>
      <line num="17" count="128" type="cond" truecount="2" falsecount="0"/>
      <line num="19" count="124" type="stmt"/>
      <line num="32" count="124" type="stmt"/>
      <line num="33" count="27" type="cond" truecount="2" falsecount="0"/>
      <line num="39" count="20" type="cond" truecount="2" falsecount="0"/>
      <line num="40" count="12" type="cond" truecount="2" falsecount="0"/>
      <line num="41" count="10" type="cond" truecount="1" falsecount="1"/>
      <line num="42" count="10" type="stmt"/>
      <line num="43" count="22" type="cond" truecount="2" falsecount="0"/>
      <line num="44" count="19" type="cond" truecount="2" falsecount="0"/>
      <line num="45" count="9" type="cond" truecount="2" falsecount="0"/>
      <line num="46" count="7" type="cond" truecount="2" falsecount="0"/>
      <line num="47" count="5" type="stmt"/>
      <line num="50" count="0" type="stmt"/>
      <line num="55" count="34" type="cond" truecount="2" falsecount="0"/>
      <line num="56" count="26" type="cond" truecount="2" falsecount="0"/>
      <line num="57" count="24" type="cond" truecount="2" falsecount="0"/>
      <line num="58" count="15" type="stmt"/>
      <line num="59" count="34" type="cond" truecount="2" falsecount="0"/>
      <line num="60" count="31" type="cond" truecount="2" falsecount="0"/>
      <line num="61" count="15" type="cond" truecount="2" falsecount="0"/>
      <line num="62" count="11" type="cond" truecount="2" falsecount="0"/>
      <line num="63" count="3" type="cond" truecount="2" falsecount="2"/>
      <line num="64" count="3" type="stmt"/>
      <line num="67" count="9" type="cond" truecount="4" falsecount="0"/>
      <line num="68" count="6" type="stmt"/>
      <line num="70" count="3" type="stmt"/>
      <line num="75" count="43" type="cond" truecount="2" falsecount="0"/>
      <line num="76" count="31" type="cond" truecount="4" falsecount="0"/>
      <line num="81" count="12" type="stmt"/>
      <line num="86" count="12" type="cond" truecount="2" falsecount="0"/>
      <line num="89" count="9" type="stmt"/>
      <line num="90" count="9" type="cond" truecount="8" falsecount="0"/>
      <line num="99" count="9" type="cond" truecount="2" falsecount="0"/>
      <line num="102" count="8" type="stmt"/>
      <line num="104" count="8" type="cond" truecount="2" falsecount="0"/>
      <line num="107" count="5" type="cond" truecount="4" falsecount="0"/>
      <line num="110" count="4" type="cond" truecount="4" falsecount="0"/>
      <line num="111" count="2" type="stmt"/>
      <line num="112" count="3" type="stmt"/>
      <line num="113" count="3" type="cond" truecount="3" falsecount="0"/>
      <line num="118" count="2" type="stmt"/>
      <line num="123" count="10" type="stmt"/>
      <line num="126" count="10" type="stmt"/>
      <line num="127" count="10" type="cond" truecount="5" falsecount="0"/>
      <line num="128" count="8" type="stmt"/>
      <line num="131" count="2" type="cond" truecount="4" falsecount="0"/>
      <line num="132" count="1" type="stmt"/>
      <line num="133" count="2" type="stmt"/>
      <line num="134" count="2" type="cond" truecount="2" falsecount="1"/>
      <line num="139" count="10" type="cond" truecount="2" falsecount="0"/>
      <line num="142" count="9" type="stmt"/>
      <line num="166" count="7" type="stmt"/>
      <line num="171" count="7" type="stmt"/>
      <line num="175" count="8" type="stmt"/>
      <line num="176" count="8" type="cond" truecount="2" falsecount="0"/>
      <line num="177" count="7" type="stmt"/>
      <line num="178" count="7" type="stmt"/>
      <line num="180" count="6" type="cond" truecount="2" falsecount="0"/>
      <line num="181" count="2" type="stmt"/>
      <line num="183" count="4" type="stmt"/>
      <line num="186" count="1" type="stmt"/>
      <line num="188" count="7" type="stmt"/>
      <line num="195" count="3" type="stmt"/>
      <line num="197" count="3" type="stmt"/>
      <line num="203" count="3" type="cond" truecount="1" falsecount="1"/>
      <line num="204" count="3" type="stmt"/>
      <line num="208" count="0" type="stmt"/>
      <line num="209" count="0" type="stmt"/>
      <line num="213" count="0" type="stmt"/>
      <line num="216" count="0" type="stmt"/>
      <line num="217" count="0" type="stmt"/>
      <line num="218" count="0" type="cond" truecount="0" falsecount="2"/>
      <line num="219" count="0" type="stmt"/>
      <line num="220" count="0" type="cond" truecount="0" falsecount="2"/>
      <line num="224" count="0" type="cond" truecount="0" falsecount="2"/>
      <line num="225" count="0" type="stmt"/>
      <line num="233" count="0" type="stmt"/>
      <line num="234" count="0" type="stmt"/>
      <line num="236" count="0" type="stmt"/>
      <line num="243" count="3" type="stmt"/>
      <line num="266" count="24" type="stmt"/>
      <line num="269" count="24" type="stmt"/>
      <line num="276" count="24" type="cond" truecount="2" falsecount="0"/>
      <line num="277" count="2" type="stmt"/>
      <line num="281" count="22" type="cond" truecount="2" falsecount="0"/>
      <line num="282" count="10" type="cond" truecount="4" falsecount="0"/>
      <line num="283" count="1" type="stmt"/>
      <line num="289" count="9" type="stmt"/>
      <line num="290" count="9" type="stmt"/>
      <line num="291" count="9" type="stmt"/>
      <line num="294" count="9" type="cond" truecount="2" falsecount="0"/>
      <line num="295" count="2" type="stmt"/>
      <line num="296" count="2" type="cond" truecount="1" falsecount="1"/>
      <line num="297" count="2" type="stmt"/>
      <line num="304" count="0" type="stmt"/>
      <line num="308" count="7" type="cond" truecount="1" falsecount="1"/>
      <line num="309" count="7" type="stmt"/>
      <line num="310" count="7" type="stmt"/>
      <line num="311" count="5" type="cond" truecount="4" falsecount="0"/>
      <line num="312" count="2" type="stmt"/>
      <line num="313" count="3" type="cond" truecount="2" falsecount="0"/>
      <line num="314" count="1" type="stmt"/>
      <line num="316" count="2" type="stmt"/>
      <line num="323" count="3" type="stmt"/>
      <line num="324" count="3" type="stmt"/>
      <line num="326" count="2" type="stmt"/>
      <line num="336" count="3" type="stmt"/>
      <line num="338" count="1" type="stmt"/>
      <line num="341" count="1" type="cond" truecount="2" falsecount="3"/>
      <line num="342" count="0" type="stmt"/>
      <line num="345" count="0" type="cond" truecount="0" falsecount="2"/>
      <line num="346" count="0" type="stmt"/>
      <line num="347" count="0" type="cond" truecount="0" falsecount="2"/>
      <line num="349" count="0" type="stmt"/>
      <line num="366" count="0" type="stmt"/>
      <line num="367" count="0" type="stmt"/>
      <line num="368" count="0" type="stmt"/>
      <line num="369" count="0" type="cond" truecount="0" falsecount="2"/>
      <line num="370" count="0" type="stmt"/>
      <line num="374" count="1" type="stmt"/>
      <line num="379" count="3" type="stmt"/>
      <line num="383" count="1" type="stmt"/>
      <line num="384" count="1" type="stmt"/>
      <line num="385" count="1" type="stmt"/>
      <line num="393" count="12" type="cond" truecount="5" falsecount="0"/>
      <line num="394" count="1" type="stmt"/>
      <line num="395" count="1" type="stmt"/>
      <line num="396" count="1" type="cond" truecount="2" falsecount="0"/>
      <line num="398" count="1" type="stmt"/>
      <line num="399" count="1" type="stmt"/>
      <line num="400" count="1" type="cond" truecount="1" falsecount="1"/>
      <line num="401" count="1" type="stmt"/>
      <line num="407" count="0" type="stmt"/>
      <line num="413" count="11" type="cond" truecount="5" falsecount="0"/>
      <line num="414" count="1" type="stmt"/>
      <line num="415" count="1" type="stmt"/>
      <line num="417" count="1" type="cond" truecount="1" falsecount="1"/>
      <line num="419" count="0" type="stmt"/>
      <line num="420" count="0" type="cond" truecount="0" falsecount="2"/>
      <line num="421" count="0" type="stmt"/>
      <line num="427" count="0" type="stmt"/>
      <line num="432" count="1" type="stmt"/>
      <line num="433" count="1" type="cond" truecount="1" falsecount="1"/>
      <line num="434" count="1" type="stmt"/>
      <line num="440" count="0" type="stmt"/>
      <line num="446" count="10" type="cond" truecount="4" falsecount="0"/>
      <line num="447" count="3" type="stmt"/>
      <line num="448" count="3" type="cond" truecount="2" falsecount="0"/>
      <line num="449" count="2" type="stmt"/>
      <line num="457" count="1" type="stmt"/>
      <line num="458" count="1" type="cond" truecount="1" falsecount="1"/>
      <line num="459" count="1" type="stmt"/>
      <line num="465" count="0" type="stmt"/>
      <line num="471" count="7" type="cond" truecount="2" falsecount="0"/>
      <line num="472" count="4" type="stmt"/>
      <line num="482" count="3" type="stmt"/>
    </file>
  </project>
</coverage>
