{"/workspace/recipe-scraper/worker.js": {"path":"/workspace/recipe-scraper/worker.js","statementMap":{"0":{"start":{"line":17,"column":2},"end":{"line":17,"column":44}},"1":{"start":{"line":17,"column":32},"end":{"line":17,"column":44}},"2":{"start":{"line":19,"column":19},"end":{"line":30,"column":3}},"3":{"start":{"line":32,"column":2},"end":{"line":34,"column":5}},"4":{"start":{"line":33,"column":4},"end":{"line":33,"column":38}},"5":{"start":{"line":39,"column":2},"end":{"line":39,"column":30}},"6":{"start":{"line":39,"column":20},"end":{"line":39,"column":30}},"7":{"start":{"line":40,"column":2},"end":{"line":40,"column":80}},"8":{"start":{"line":40,"column":39},"end":{"line":40,"column":80}},"9":{"start":{"line":41,"column":2},"end":{"line":49,"column":3}},"10":{"start":{"line":42,"column":4},"end":{"line":48,"column":23}},"11":{"start":{"line":43,"column":6},"end":{"line":43,"column":28}},"12":{"start":{"line":43,"column":16},"end":{"line":43,"column":28}},"13":{"start":{"line":44,"column":6},"end":{"line":44,"column":66}},"14":{"start":{"line":44,"column":35},"end":{"line":44,"column":66}},"15":{"start":{"line":45,"column":6},"end":{"line":45,"column":56}},"16":{"start":{"line":45,"column":20},"end":{"line":45,"column":56}},"17":{"start":{"line":46,"column":6},"end":{"line":46,"column":56}},"18":{"start":{"line":46,"column":20},"end":{"line":46,"column":56}},"19":{"start":{"line":47,"column":6},"end":{"line":47,"column":45}},"20":{"start":{"line":50,"column":2},"end":{"line":50,"column":12}},"21":{"start":{"line":55,"column":2},"end":{"line":55,"column":31}},"22":{"start":{"line":55,"column":21},"end":{"line":55,"column":31}},"23":{"start":{"line":56,"column":2},"end":{"line":56,"column":82}},"24":{"start":{"line":56,"column":40},"end":{"line":56,"column":82}},"25":{"start":{"line":57,"column":2},"end":{"line":66,"column":3}},"26":{"start":{"line":58,"column":4},"end":{"line":65,"column":23}},"27":{"start":{"line":59,"column":6},"end":{"line":59,"column":29}},"28":{"start":{"line":59,"column":17},"end":{"line":59,"column":29}},"29":{"start":{"line":60,"column":6},"end":{"line":60,"column":68}},"30":{"start":{"line":60,"column":36},"end":{"line":60,"column":68}},"31":{"start":{"line":61,"column":6},"end":{"line":61,"column":58}},"32":{"start":{"line":61,"column":21},"end":{"line":61,"column":58}},"33":{"start":{"line":62,"column":6},"end":{"line":62,"column":58}},"34":{"start":{"line":62,"column":21},"end":{"line":62,"column":58}},"35":{"start":{"line":63,"column":6},"end":{"line":63,"column":91}},"36":{"start":{"line":63,"column":54},"end":{"line":63,"column":91}},"37":{"start":{"line":64,"column":6},"end":{"line":64,"column":46}},"38":{"start":{"line":67,"column":2},"end":{"line":69,"column":3}},"39":{"start":{"line":68,"column":4},"end":{"line":68,"column":63}},"40":{"start":{"line":70,"column":2},"end":{"line":70,"column":12}},"41":{"start":{"line":75,"column":2},"end":{"line":80,"column":3}},"42":{"start":{"line":76,"column":4},"end":{"line":79,"column":52}},"43":{"start":{"line":81,"column":2},"end":{"line":81,"column":15}},"44":{"start":{"line":86,"column":2},"end":{"line":86,"column":28}},"45":{"start":{"line":86,"column":15},"end":{"line":86,"column":28}},"46":{"start":{"line":89,"column":18},"end":{"line":89,"column":36}},"47":{"start":{"line":90,"column":27},"end":{"line":96,"column":3}},"48":{"start":{"line":99,"column":2},"end":{"line":99,"column":38}},"49":{"start":{"line":99,"column":25},"end":{"line":99,"column":38}},"50":{"start":{"line":102,"column":15},"end":{"line":102,"column":30}},"51":{"start":{"line":104,"column":2},"end":{"line":104,"column":38}},"52":{"start":{"line":104,"column":26},"end":{"line":104,"column":38}},"53":{"start":{"line":107,"column":2},"end":{"line":107,"column":66}},"54":{"start":{"line":107,"column":54},"end":{"line":107,"column":66}},"55":{"start":{"line":110,"column":2},"end":{"line":116,"column":3}},"56":{"start":{"line":111,"column":4},"end":{"line":115,"column":7}},"57":{"start":{"line":112,"column":23},"end":{"line":112,"column":36}},"58":{"start":{"line":113,"column":6},"end":{"line":114,"column":70}},"59":{"start":{"line":118,"column":2},"end":{"line":118,"column":15}},"60":{"start":{"line":123,"column":15},"end":{"line":123,"column":19}},"61":{"start":{"line":126,"column":15},"end":{"line":126,"column":30}},"62":{"start":{"line":127,"column":2},"end":{"line":137,"column":3}},"63":{"start":{"line":128,"column":4},"end":{"line":128,"column":20}},"64":{"start":{"line":131,"column":7},"end":{"line":137,"column":3}},"65":{"start":{"line":132,"column":4},"end":{"line":136,"column":7}},"66":{"start":{"line":133,"column":23},"end":{"line":133,"column":36}},"67":{"start":{"line":134,"column":6},"end":{"line":135,"column":70}},"68":{"start":{"line":139,"column":2},"end":{"line":139,"column":27}},"69":{"start":{"line":139,"column":15},"end":{"line":139,"column":27}},"70":{"start":{"line":142,"column":2},"end":{"line":160,"column":4}},"71":{"start":{"line":166,"column":4},"end":{"line":166,"column":28}},"72":{"start":{"line":171,"column":4},"end":{"line":171,"column":28}},"73":{"start":{"line":175,"column":4},"end":{"line":175,"column":36}},"74":{"start":{"line":176,"column":4},"end":{"line":189,"column":5}},"75":{"start":{"line":177,"column":6},"end":{"line":187,"column":7}},"76":{"start":{"line":178,"column":23},"end":{"line":178,"column":53}},"77":{"start":{"line":180,"column":8},"end":{"line":184,"column":9}},"78":{"start":{"line":181,"column":10},"end":{"line":181,"column":45}},"79":{"start":{"line":183,"column":10},"end":{"line":183,"column":42}},"80":{"start":{"line":186,"column":8},"end":{"line":186,"column":53}},"81":{"start":{"line":188,"column":6},"end":{"line":188,"column":30}},"82":{"start":{"line":195,"column":2},"end":{"line":248,"column":3}},"83":{"start":{"line":197,"column":21},"end":{"line":201,"column":6}},"84":{"start":{"line":203,"column":4},"end":{"line":205,"column":5}},"85":{"start":{"line":204,"column":6},"end":{"line":204,"column":64}},"86":{"start":{"line":208,"column":22},"end":{"line":208,"column":43}},"87":{"start":{"line":209,"column":21},"end":{"line":210,"column":58}},"88":{"start":{"line":213,"column":4},"end":{"line":213,"column":46}},"89":{"start":{"line":216,"column":21},"end":{"line":216,"column":25}},"90":{"start":{"line":217,"column":4},"end":{"line":222,"column":5}},"91":{"start":{"line":218,"column":6},"end":{"line":221,"column":7}},"92":{"start":{"line":219,"column":8},"end":{"line":219,"column":52}},"93":{"start":{"line":220,"column":8},"end":{"line":220,"column":30}},"94":{"start":{"line":220,"column":24},"end":{"line":220,"column":30}},"95":{"start":{"line":224,"column":4},"end":{"line":230,"column":5}},"96":{"start":{"line":225,"column":6},"end":{"line":229,"column":8}},"97":{"start":{"line":233,"column":15},"end":{"line":233,"column":42}},"98":{"start":{"line":234,"column":4},"end":{"line":234,"column":23}},"99":{"start":{"line":236,"column":4},"end":{"line":240,"column":6}},"100":{"start":{"line":243,"column":4},"end":{"line":247,"column":6}},"101":{"start":{"line":266,"column":16},"end":{"line":266,"column":36}},"102":{"start":{"line":269,"column":24},"end":{"line":273,"column":5}},"103":{"start":{"line":276,"column":4},"end":{"line":278,"column":5}},"104":{"start":{"line":277,"column":6},"end":{"line":277,"column":58}},"105":{"start":{"line":281,"column":4},"end":{"line":390,"column":5}},"106":{"start":{"line":282,"column":6},"end":{"line":287,"column":7}},"107":{"start":{"line":283,"column":8},"end":{"line":286,"column":11}},"108":{"start":{"line":289,"column":17},"end":{"line":289,"column":19}},"109":{"start":{"line":290,"column":21},"end":{"line":290,"column":60}},"110":{"start":{"line":291,"column":27},"end":{"line":291,"column":76}},"111":{"start":{"line":294,"column":6},"end":{"line":305,"column":7}},"112":{"start":{"line":295,"column":26},"end":{"line":295,"column":53}},"113":{"start":{"line":296,"column":8},"end":{"line":303,"column":9}},"114":{"start":{"line":297,"column":10},"end":{"line":302,"column":13}},"115":{"start":{"line":304,"column":8},"end":{"line":304,"column":27}},"116":{"start":{"line":308,"column":6},"end":{"line":333,"column":7}},"117":{"start":{"line":309,"column":8},"end":{"line":332,"column":9}},"118":{"start":{"line":310,"column":23},"end":{"line":310,"column":43}},"119":{"start":{"line":311,"column":10},"end":{"line":322,"column":11}},"120":{"start":{"line":312,"column":12},"end":{"line":312,"column":29}},"121":{"start":{"line":313,"column":17},"end":{"line":322,"column":11}},"122":{"start":{"line":314,"column":12},"end":{"line":314,"column":30}},"123":{"start":{"line":316,"column":12},"end":{"line":321,"column":15}},"124":{"start":{"line":323,"column":10},"end":{"line":323,"column":40}},"125":{"start":{"line":324,"column":10},"end":{"line":324,"column":56}},"126":{"start":{"line":326,"column":10},"end":{"line":331,"column":13}},"127":{"start":{"line":336,"column":22},"end":{"line":376,"column":7}},"128":{"start":{"line":338,"column":25},"end":{"line":338,"column":58}},"129":{"start":{"line":341,"column":10},"end":{"line":372,"column":11}},"130":{"start":{"line":342,"column":29},"end":{"line":342,"column":62}},"131":{"start":{"line":345,"column":12},"end":{"line":364,"column":13}},"132":{"start":{"line":346,"column":37},"end":{"line":346,"column":73}},"133":{"start":{"line":347,"column":14},"end":{"line":363,"column":15}},"134":{"start":{"line":349,"column":16},"end":{"line":362,"column":18}},"135":{"start":{"line":366,"column":31},"end":{"line":366,"column":74}},"136":{"start":{"line":367,"column":12},"end":{"line":367,"column":50}},"137":{"start":{"line":368,"column":12},"end":{"line":368,"column":39}},"138":{"start":{"line":369,"column":12},"end":{"line":371,"column":13}},"139":{"start":{"line":370,"column":14},"end":{"line":370,"column":48}},"140":{"start":{"line":374,"column":10},"end":{"line":374,"column":24}},"141":{"start":{"line":379,"column":6},"end":{"line":389,"column":9}},"142":{"start":{"line":383,"column":42},"end":{"line":383,"column":51}},"143":{"start":{"line":384,"column":38},"end":{"line":384,"column":48}},"144":{"start":{"line":385,"column":41},"end":{"line":385,"column":52}},"145":{"start":{"line":393,"column":4},"end":{"line":410,"column":5}},"146":{"start":{"line":394,"column":6},"end":{"line":394,"column":54}},"147":{"start":{"line":395,"column":21},"end":{"line":395,"column":51}},"148":{"start":{"line":396,"column":20},"end":{"line":396,"column":67}},"149":{"start":{"line":398,"column":6},"end":{"line":398,"column":85}},"150":{"start":{"line":399,"column":21},"end":{"line":399,"column":64}},"151":{"start":{"line":400,"column":6},"end":{"line":405,"column":7}},"152":{"start":{"line":401,"column":8},"end":{"line":404,"column":11}},"153":{"start":{"line":407,"column":6},"end":{"line":409,"column":9}},"154":{"start":{"line":413,"column":4},"end":{"line":443,"column":5}},"155":{"start":{"line":414,"column":23},"end":{"line":414,"column":49}},"156":{"start":{"line":415,"column":18},"end":{"line":415,"column":56}},"157":{"start":{"line":417,"column":6},"end":{"line":430,"column":7}},"158":{"start":{"line":419,"column":24},"end":{"line":419,"column":62}},"159":{"start":{"line":420,"column":8},"end":{"line":425,"column":9}},"160":{"start":{"line":421,"column":10},"end":{"line":424,"column":13}},"161":{"start":{"line":427,"column":8},"end":{"line":429,"column":11}},"162":{"start":{"line":432,"column":21},"end":{"line":432,"column":57}},"163":{"start":{"line":433,"column":6},"end":{"line":438,"column":7}},"164":{"start":{"line":434,"column":8},"end":{"line":437,"column":11}},"165":{"start":{"line":440,"column":6},"end":{"line":442,"column":9}},"166":{"start":{"line":446,"column":4},"end":{"line":468,"column":5}},"167":{"start":{"line":447,"column":23},"end":{"line":447,"column":49}},"168":{"start":{"line":448,"column":6},"end":{"line":455,"column":7}},"169":{"start":{"line":449,"column":8},"end":{"line":454,"column":11}},"170":{"start":{"line":457,"column":21},"end":{"line":457,"column":60}},"171":{"start":{"line":458,"column":6},"end":{"line":463,"column":7}},"172":{"start":{"line":459,"column":8},"end":{"line":462,"column":11}},"173":{"start":{"line":465,"column":6},"end":{"line":467,"column":9}},"174":{"start":{"line":471,"column":4},"end":{"line":479,"column":5}},"175":{"start":{"line":472,"column":6},"end":{"line":478,"column":9}},"176":{"start":{"line":482,"column":4},"end":{"line":500,"column":7}}},"fnMap":{"0":{"name":"decodeHtmlEntities","decl":{"start":{"line":16,"column":9},"end":{"line":16,"column":27}},"loc":{"start":{"line":16,"column":34},"end":{"line":35,"column":1}},"line":16},"1":{"name":"(anonymous_1)","decl":{"start":{"line":32,"column":35},"end":{"line":32,"column":36}},"loc":{"start":{"line":32,"column":45},"end":{"line":34,"column":3}},"line":32},"2":{"name":"normalizeIngredients","decl":{"start":{"line":38,"column":9},"end":{"line":38,"column":29}},"loc":{"start":{"line":38,"column":43},"end":{"line":51,"column":1}},"line":38},"3":{"name":"(anonymous_3)","decl":{"start":{"line":42,"column":27},"end":{"line":42,"column":28}},"loc":{"start":{"line":42,"column":34},"end":{"line":48,"column":5}},"line":42},"4":{"name":"normalizeInstructions","decl":{"start":{"line":54,"column":9},"end":{"line":54,"column":30}},"loc":{"start":{"line":54,"column":45},"end":{"line":71,"column":1}},"line":54},"5":{"name":"(anonymous_5)","decl":{"start":{"line":58,"column":28},"end":{"line":58,"column":29}},"loc":{"start":{"line":58,"column":36},"end":{"line":65,"column":5}},"line":58},"6":{"name":"isRecipeType","decl":{"start":{"line":74,"column":9},"end":{"line":74,"column":21}},"loc":{"start":{"line":74,"column":33},"end":{"line":82,"column":1}},"line":74},"7":{"name":"validateRecipeSchema","decl":{"start":{"line":85,"column":9},"end":{"line":85,"column":29}},"loc":{"start":{"line":85,"column":38},"end":{"line":119,"column":1}},"line":85},"8":{"name":"(anonymous_8)","decl":{"start":{"line":111,"column":33},"end":{"line":111,"column":34}},"loc":{"start":{"line":111,"column":41},"end":{"line":115,"column":5}},"line":111},"9":{"name":"extractRecipeData","decl":{"start":{"line":122,"column":9},"end":{"line":122,"column":26}},"loc":{"start":{"line":122,"column":40},"end":{"line":161,"column":1}},"line":122},"10":{"name":"(anonymous_10)","decl":{"start":{"line":132,"column":35},"end":{"line":132,"column":36}},"loc":{"start":{"line":132,"column":43},"end":{"line":136,"column":5}},"line":132},"11":{"name":"(anonymous_11)","decl":{"start":{"line":165,"column":2},"end":{"line":165,"column":3}},"loc":{"start":{"line":165,"column":16},"end":{"line":167,"column":3}},"line":165},"12":{"name":"(anonymous_12)","decl":{"start":{"line":169,"column":2},"end":{"line":169,"column":3}},"loc":{"start":{"line":169,"column":19},"end":{"line":172,"column":3}},"line":169},"13":{"name":"(anonymous_13)","decl":{"start":{"line":174,"column":2},"end":{"line":174,"column":3}},"loc":{"start":{"line":174,"column":13},"end":{"line":190,"column":3}},"line":174},"14":{"name":"processRecipeUrl","decl":{"start":{"line":194,"column":15},"end":{"line":194,"column":31}},"loc":{"start":{"line":194,"column":37},"end":{"line":249,"column":1}},"line":194},"15":{"name":"(anonymous_15)","decl":{"start":{"line":265,"column":2},"end":{"line":265,"column":3}},"loc":{"start":{"line":265,"column":33},"end":{"line":501,"column":3}},"line":265},"16":{"name":"(anonymous_16)","decl":{"start":{"line":337,"column":17},"end":{"line":337,"column":18}},"loc":{"start":{"line":337,"column":38},"end":{"line":375,"column":9}},"line":337},"17":{"name":"(anonymous_17)","decl":{"start":{"line":383,"column":37},"end":{"line":383,"column":38}},"loc":{"start":{"line":383,"column":42},"end":{"line":383,"column":51}},"line":383},"18":{"name":"(anonymous_18)","decl":{"start":{"line":384,"column":33},"end":{"line":384,"column":34}},"loc":{"start":{"line":384,"column":38},"end":{"line":384,"column":48}},"line":384},"19":{"name":"(anonymous_19)","decl":{"start":{"line":385,"column":36},"end":{"line":385,"column":37}},"loc":{"start":{"line":385,"column":41},"end":{"line":385,"column":52}},"line":385}},"branchMap":{"0":{"loc":{"start":{"line":17,"column":2},"end":{"line":17,"column":44}},"type":"if","locations":[{"start":{"line":17,"column":2},"end":{"line":17,"column":44}},{"start":{},"end":{}}],"line":17},"1":{"loc":{"start":{"line":33,"column":11},"end":{"line":33,"column":37}},"type":"binary-expr","locations":[{"start":{"line":33,"column":11},"end":{"line":33,"column":27}},{"start":{"line":33,"column":31},"end":{"line":33,"column":37}}],"line":33},"2":{"loc":{"start":{"line":39,"column":2},"end":{"line":39,"column":30}},"type":"if","locations":[{"start":{"line":39,"column":2},"end":{"line":39,"column":30}},{"start":{},"end":{}}],"line":39},"3":{"loc":{"start":{"line":40,"column":2},"end":{"line":40,"column":80}},"type":"if","locations":[{"start":{"line":40,"column":2},"end":{"line":40,"column":80}},{"start":{},"end":{}}],"line":40},"4":{"loc":{"start":{"line":41,"column":2},"end":{"line":49,"column":3}},"type":"if","locations":[{"start":{"line":41,"column":2},"end":{"line":49,"column":3}},{"start":{},"end":{}}],"line":41},"5":{"loc":{"start":{"line":43,"column":6},"end":{"line":43,"column":28}},"type":"if","locations":[{"start":{"line":43,"column":6},"end":{"line":43,"column":28}},{"start":{},"end":{}}],"line":43},"6":{"loc":{"start":{"line":44,"column":6},"end":{"line":44,"column":66}},"type":"if","locations":[{"start":{"line":44,"column":6},"end":{"line":44,"column":66}},{"start":{},"end":{}}],"line":44},"7":{"loc":{"start":{"line":45,"column":6},"end":{"line":45,"column":56}},"type":"if","locations":[{"start":{"line":45,"column":6},"end":{"line":45,"column":56}},{"start":{},"end":{}}],"line":45},"8":{"loc":{"start":{"line":46,"column":6},"end":{"line":46,"column":56}},"type":"if","locations":[{"start":{"line":46,"column":6},"end":{"line":46,"column":56}},{"start":{},"end":{}}],"line":46},"9":{"loc":{"start":{"line":55,"column":2},"end":{"line":55,"column":31}},"type":"if","locations":[{"start":{"line":55,"column":2},"end":{"line":55,"column":31}},{"start":{},"end":{}}],"line":55},"10":{"loc":{"start":{"line":56,"column":2},"end":{"line":56,"column":82}},"type":"if","locations":[{"start":{"line":56,"column":2},"end":{"line":56,"column":82}},{"start":{},"end":{}}],"line":56},"11":{"loc":{"start":{"line":57,"column":2},"end":{"line":66,"column":3}},"type":"if","locations":[{"start":{"line":57,"column":2},"end":{"line":66,"column":3}},{"start":{},"end":{}}],"line":57},"12":{"loc":{"start":{"line":59,"column":6},"end":{"line":59,"column":29}},"type":"if","locations":[{"start":{"line":59,"column":6},"end":{"line":59,"column":29}},{"start":{},"end":{}}],"line":59},"13":{"loc":{"start":{"line":60,"column":6},"end":{"line":60,"column":68}},"type":"if","locations":[{"start":{"line":60,"column":6},"end":{"line":60,"column":68}},{"start":{},"end":{}}],"line":60},"14":{"loc":{"start":{"line":61,"column":6},"end":{"line":61,"column":58}},"type":"if","locations":[{"start":{"line":61,"column":6},"end":{"line":61,"column":58}},{"start":{},"end":{}}],"line":61},"15":{"loc":{"start":{"line":62,"column":6},"end":{"line":62,"column":58}},"type":"if","locations":[{"start":{"line":62,"column":6},"end":{"line":62,"column":58}},{"start":{},"end":{}}],"line":62},"16":{"loc":{"start":{"line":63,"column":6},"end":{"line":63,"column":91}},"type":"if","locations":[{"start":{"line":63,"column":6},"end":{"line":63,"column":91}},{"start":{},"end":{}}],"line":63},"17":{"loc":{"start":{"line":63,"column":10},"end":{"line":63,"column":52}},"type":"binary-expr","locations":[{"start":{"line":63,"column":10},"end":{"line":63,"column":39}},{"start":{"line":63,"column":43},"end":{"line":63,"column":52}}],"line":63},"18":{"loc":{"start":{"line":67,"column":2},"end":{"line":69,"column":3}},"type":"if","locations":[{"start":{"line":67,"column":2},"end":{"line":69,"column":3}},{"start":{},"end":{}}],"line":67},"19":{"loc":{"start":{"line":67,"column":6},"end":{"line":67,"column":78}},"type":"binary-expr","locations":[{"start":{"line":67,"column":6},"end":{"line":67,"column":46}},{"start":{"line":67,"column":50},"end":{"line":67,"column":78}}],"line":67},"20":{"loc":{"start":{"line":75,"column":2},"end":{"line":80,"column":3}},"type":"if","locations":[{"start":{"line":75,"column":2},"end":{"line":80,"column":3}},{"start":{},"end":{}}],"line":75},"21":{"loc":{"start":{"line":76,"column":11},"end":{"line":79,"column":51}},"type":"binary-expr","locations":[{"start":{"line":76,"column":11},"end":{"line":76,"column":33}},{"start":{"line":77,"column":11},"end":{"line":77,"column":40}},{"start":{"line":78,"column":11},"end":{"line":78,"column":52}},{"start":{"line":79,"column":11},"end":{"line":79,"column":51}}],"line":76},"22":{"loc":{"start":{"line":86,"column":2},"end":{"line":86,"column":28}},"type":"if","locations":[{"start":{"line":86,"column":2},"end":{"line":86,"column":28}},{"start":{},"end":{}}],"line":86},"23":{"loc":{"start":{"line":90,"column":27},"end":{"line":96,"column":3}},"type":"binary-expr","locations":[{"start":{"line":90,"column":27},"end":{"line":90,"column":34}},{"start":{"line":91,"column":4},"end":{"line":91,"column":36}},{"start":{"line":92,"column":4},"end":{"line":92,"column":35}},{"start":{"line":93,"column":4},"end":{"line":93,"column":37}},{"start":{"line":94,"column":4},"end":{"line":94,"column":36}},{"start":{"line":95,"column":5},"end":{"line":95,"column":32}},{"start":{"line":95,"column":36},"end":{"line":95,"column":53}},{"start":{"line":95,"column":57},"end":{"line":95,"column":97}}],"line":90},"24":{"loc":{"start":{"line":99,"column":2},"end":{"line":99,"column":38}},"type":"if","locations":[{"start":{"line":99,"column":2},"end":{"line":99,"column":38}},{"start":{},"end":{}}],"line":99},"25":{"loc":{"start":{"line":104,"column":2},"end":{"line":104,"column":38}},"type":"if","locations":[{"start":{"line":104,"column":2},"end":{"line":104,"column":38}},{"start":{},"end":{}}],"line":104},"26":{"loc":{"start":{"line":107,"column":2},"end":{"line":107,"column":66}},"type":"if","locations":[{"start":{"line":107,"column":2},"end":{"line":107,"column":66}},{"start":{},"end":{}}],"line":107},"27":{"loc":{"start":{"line":107,"column":6},"end":{"line":107,"column":52}},"type":"binary-expr","locations":[{"start":{"line":107,"column":6},"end":{"line":107,"column":25}},{"start":{"line":107,"column":29},"end":{"line":107,"column":52}}],"line":107},"28":{"loc":{"start":{"line":110,"column":2},"end":{"line":116,"column":3}},"type":"if","locations":[{"start":{"line":110,"column":2},"end":{"line":116,"column":3}},{"start":{},"end":{}}],"line":110},"29":{"loc":{"start":{"line":110,"column":6},"end":{"line":110,"column":57}},"type":"binary-expr","locations":[{"start":{"line":110,"column":6},"end":{"line":110,"column":22}},{"start":{"line":110,"column":26},"end":{"line":110,"column":57}}],"line":110},"30":{"loc":{"start":{"line":113,"column":13},"end":{"line":114,"column":69}},"type":"binary-expr","locations":[{"start":{"line":113,"column":13},"end":{"line":113,"column":35}},{"start":{"line":114,"column":14},"end":{"line":114,"column":37}},{"start":{"line":114,"column":41},"end":{"line":114,"column":68}}],"line":113},"31":{"loc":{"start":{"line":127,"column":2},"end":{"line":137,"column":3}},"type":"if","locations":[{"start":{"line":127,"column":2},"end":{"line":137,"column":3}},{"start":{"line":131,"column":7},"end":{"line":137,"column":3}}],"line":127},"32":{"loc":{"start":{"line":127,"column":6},"end":{"line":127,"column":76}},"type":"binary-expr","locations":[{"start":{"line":127,"column":6},"end":{"line":127,"column":24}},{"start":{"line":127,"column":29},"end":{"line":127,"column":48}},{"start":{"line":127,"column":52},"end":{"line":127,"column":75}}],"line":127},"33":{"loc":{"start":{"line":131,"column":7},"end":{"line":137,"column":3}},"type":"if","locations":[{"start":{"line":131,"column":7},"end":{"line":137,"column":3}},{"start":{},"end":{}}],"line":131},"34":{"loc":{"start":{"line":131,"column":11},"end":{"line":131,"column":62}},"type":"binary-expr","locations":[{"start":{"line":131,"column":11},"end":{"line":131,"column":27}},{"start":{"line":131,"column":31},"end":{"line":131,"column":62}}],"line":131},"35":{"loc":{"start":{"line":134,"column":13},"end":{"line":135,"column":69}},"type":"binary-expr","locations":[{"start":{"line":134,"column":13},"end":{"line":134,"column":35}},{"start":{"line":135,"column":14},"end":{"line":135,"column":37}},{"start":{"line":135,"column":41},"end":{"line":135,"column":68}}],"line":134},"36":{"loc":{"start":{"line":139,"column":2},"end":{"line":139,"column":27}},"type":"if","locations":[{"start":{"line":139,"column":2},"end":{"line":139,"column":27}},{"start":{},"end":{}}],"line":139},"37":{"loc":{"start":{"line":143,"column":29},"end":{"line":143,"column":46}},"type":"binary-expr","locations":[{"start":{"line":143,"column":29},"end":{"line":143,"column":40}},{"start":{"line":143,"column":44},"end":{"line":143,"column":46}}],"line":143},"38":{"loc":{"start":{"line":144,"column":36},"end":{"line":144,"column":60}},"type":"binary-expr","locations":[{"start":{"line":144,"column":36},"end":{"line":144,"column":54}},{"start":{"line":144,"column":58},"end":{"line":144,"column":60}}],"line":144},"39":{"loc":{"start":{"line":146,"column":11},"end":{"line":146,"column":50}},"type":"binary-expr","locations":[{"start":{"line":146,"column":11},"end":{"line":146,"column":28}},{"start":{"line":146,"column":32},"end":{"line":146,"column":44}},{"start":{"line":146,"column":48},"end":{"line":146,"column":50}}],"line":146},"40":{"loc":{"start":{"line":147,"column":31},"end":{"line":147,"column":73}},"type":"binary-expr","locations":[{"start":{"line":147,"column":31},"end":{"line":147,"column":50}},{"start":{"line":147,"column":54},"end":{"line":147,"column":67}},{"start":{"line":147,"column":71},"end":{"line":147,"column":73}}],"line":147},"41":{"loc":{"start":{"line":148,"column":19},"end":{"line":148,"column":45}},"type":"binary-expr","locations":[{"start":{"line":148,"column":19},"end":{"line":148,"column":39}},{"start":{"line":148,"column":43},"end":{"line":148,"column":45}}],"line":148},"42":{"loc":{"start":{"line":149,"column":14},"end":{"line":149,"column":35}},"type":"binary-expr","locations":[{"start":{"line":149,"column":14},"end":{"line":149,"column":29}},{"start":{"line":149,"column":33},"end":{"line":149,"column":35}}],"line":149},"43":{"loc":{"start":{"line":150,"column":14},"end":{"line":150,"column":35}},"type":"binary-expr","locations":[{"start":{"line":150,"column":14},"end":{"line":150,"column":29}},{"start":{"line":150,"column":33},"end":{"line":150,"column":35}}],"line":150},"44":{"loc":{"start":{"line":151,"column":15},"end":{"line":151,"column":37}},"type":"binary-expr","locations":[{"start":{"line":151,"column":15},"end":{"line":151,"column":31}},{"start":{"line":151,"column":35},"end":{"line":151,"column":37}}],"line":151},"45":{"loc":{"start":{"line":152,"column":36},"end":{"line":152,"column":60}},"type":"binary-expr","locations":[{"start":{"line":152,"column":36},"end":{"line":152,"column":54}},{"start":{"line":152,"column":58},"end":{"line":152,"column":60}}],"line":152},"46":{"loc":{"start":{"line":153,"column":39},"end":{"line":153,"column":66}},"type":"binary-expr","locations":[{"start":{"line":153,"column":39},"end":{"line":153,"column":60}},{"start":{"line":153,"column":64},"end":{"line":153,"column":66}}],"line":153},"47":{"loc":{"start":{"line":154,"column":38},"end":{"line":154,"column":64}},"type":"binary-expr","locations":[{"start":{"line":154,"column":38},"end":{"line":154,"column":58}},{"start":{"line":154,"column":62},"end":{"line":154,"column":64}}],"line":154},"48":{"loc":{"start":{"line":155,"column":33},"end":{"line":155,"column":54}},"type":"binary-expr","locations":[{"start":{"line":155,"column":33},"end":{"line":155,"column":48}},{"start":{"line":155,"column":52},"end":{"line":155,"column":54}}],"line":155},"49":{"loc":{"start":{"line":158,"column":15},"end":{"line":158,"column":37}},"type":"binary-expr","locations":[{"start":{"line":158,"column":15},"end":{"line":158,"column":31}},{"start":{"line":158,"column":35},"end":{"line":158,"column":37}}],"line":158},"50":{"loc":{"start":{"line":159,"column":21},"end":{"line":159,"column":49}},"type":"binary-expr","locations":[{"start":{"line":159,"column":21},"end":{"line":159,"column":43}},{"start":{"line":159,"column":47},"end":{"line":159,"column":49}}],"line":159},"51":{"loc":{"start":{"line":176,"column":4},"end":{"line":189,"column":5}},"type":"if","locations":[{"start":{"line":176,"column":4},"end":{"line":189,"column":5}},{"start":{},"end":{}}],"line":176},"52":{"loc":{"start":{"line":180,"column":8},"end":{"line":184,"column":9}},"type":"if","locations":[{"start":{"line":180,"column":8},"end":{"line":184,"column":9}},{"start":{"line":182,"column":15},"end":{"line":184,"column":9}}],"line":180},"53":{"loc":{"start":{"line":203,"column":4},"end":{"line":205,"column":5}},"type":"if","locations":[{"start":{"line":203,"column":4},"end":{"line":205,"column":5}},{"start":{},"end":{}}],"line":203},"54":{"loc":{"start":{"line":218,"column":6},"end":{"line":221,"column":7}},"type":"if","locations":[{"start":{"line":218,"column":6},"end":{"line":221,"column":7}},{"start":{},"end":{}}],"line":218},"55":{"loc":{"start":{"line":220,"column":8},"end":{"line":220,"column":30}},"type":"if","locations":[{"start":{"line":220,"column":8},"end":{"line":220,"column":30}},{"start":{},"end":{}}],"line":220},"56":{"loc":{"start":{"line":224,"column":4},"end":{"line":230,"column":5}},"type":"if","locations":[{"start":{"line":224,"column":4},"end":{"line":230,"column":5}},{"start":{},"end":{}}],"line":224},"57":{"loc":{"start":{"line":276,"column":4},"end":{"line":278,"column":5}},"type":"if","locations":[{"start":{"line":276,"column":4},"end":{"line":278,"column":5}},{"start":{},"end":{}}],"line":276},"58":{"loc":{"start":{"line":281,"column":4},"end":{"line":390,"column":5}},"type":"if","locations":[{"start":{"line":281,"column":4},"end":{"line":390,"column":5}},{"start":{},"end":{}}],"line":281},"59":{"loc":{"start":{"line":282,"column":6},"end":{"line":287,"column":7}},"type":"if","locations":[{"start":{"line":282,"column":6},"end":{"line":287,"column":7}},{"start":{},"end":{}}],"line":282},"60":{"loc":{"start":{"line":282,"column":10},"end":{"line":282,"column":63}},"type":"binary-expr","locations":[{"start":{"line":282,"column":10},"end":{"line":282,"column":34}},{"start":{"line":282,"column":38},"end":{"line":282,"column":63}}],"line":282},"61":{"loc":{"start":{"line":294,"column":6},"end":{"line":305,"column":7}},"type":"if","locations":[{"start":{"line":294,"column":6},"end":{"line":305,"column":7}},{"start":{},"end":{}}],"line":294},"62":{"loc":{"start":{"line":296,"column":8},"end":{"line":303,"column":9}},"type":"if","locations":[{"start":{"line":296,"column":8},"end":{"line":303,"column":9}},{"start":{},"end":{}}],"line":296},"63":{"loc":{"start":{"line":308,"column":6},"end":{"line":333,"column":7}},"type":"if","locations":[{"start":{"line":308,"column":6},"end":{"line":333,"column":7}},{"start":{},"end":{}}],"line":308},"64":{"loc":{"start":{"line":311,"column":10},"end":{"line":322,"column":11}},"type":"if","locations":[{"start":{"line":311,"column":10},"end":{"line":322,"column":11}},{"start":{"line":313,"column":17},"end":{"line":322,"column":11}}],"line":311},"65":{"loc":{"start":{"line":311,"column":14},"end":{"line":311,"column":51}},"type":"binary-expr","locations":[{"start":{"line":311,"column":14},"end":{"line":311,"column":23}},{"start":{"line":311,"column":27},"end":{"line":311,"column":51}}],"line":311},"66":{"loc":{"start":{"line":313,"column":17},"end":{"line":322,"column":11}},"type":"if","locations":[{"start":{"line":313,"column":17},"end":{"line":322,"column":11}},{"start":{"line":315,"column":17},"end":{"line":322,"column":11}}],"line":313},"67":{"loc":{"start":{"line":341,"column":10},"end":{"line":372,"column":11}},"type":"if","locations":[{"start":{"line":341,"column":10},"end":{"line":372,"column":11}},{"start":{},"end":{}}],"line":341},"68":{"loc":{"start":{"line":341,"column":14},"end":{"line":341,"column":62}},"type":"binary-expr","locations":[{"start":{"line":341,"column":14},"end":{"line":341,"column":22}},{"start":{"line":341,"column":26},"end":{"line":341,"column":40}},{"start":{"line":341,"column":44},"end":{"line":341,"column":62}}],"line":341},"69":{"loc":{"start":{"line":345,"column":12},"end":{"line":364,"column":13}},"type":"if","locations":[{"start":{"line":345,"column":12},"end":{"line":364,"column":13}},{"start":{},"end":{}}],"line":345},"70":{"loc":{"start":{"line":347,"column":14},"end":{"line":363,"column":15}},"type":"if","locations":[{"start":{"line":347,"column":14},"end":{"line":363,"column":15}},{"start":{},"end":{}}],"line":347},"71":{"loc":{"start":{"line":369,"column":12},"end":{"line":371,"column":13}},"type":"if","locations":[{"start":{"line":369,"column":12},"end":{"line":371,"column":13}},{"start":{},"end":{}}],"line":369},"72":{"loc":{"start":{"line":393,"column":4},"end":{"line":410,"column":5}},"type":"if","locations":[{"start":{"line":393,"column":4},"end":{"line":410,"column":5}},{"start":{},"end":{}}],"line":393},"73":{"loc":{"start":{"line":393,"column":8},"end":{"line":393,"column":94}},"type":"binary-expr","locations":[{"start":{"line":393,"column":8},"end":{"line":393,"column":35}},{"start":{"line":393,"column":39},"end":{"line":393,"column":63}},{"start":{"line":393,"column":67},"end":{"line":393,"column":94}}],"line":393},"74":{"loc":{"start":{"line":396,"column":29},"end":{"line":396,"column":66}},"type":"binary-expr","locations":[{"start":{"line":396,"column":29},"end":{"line":396,"column":58}},{"start":{"line":396,"column":62},"end":{"line":396,"column":66}}],"line":396},"75":{"loc":{"start":{"line":400,"column":6},"end":{"line":405,"column":7}},"type":"if","locations":[{"start":{"line":400,"column":6},"end":{"line":405,"column":7}},{"start":{},"end":{}}],"line":400},"76":{"loc":{"start":{"line":413,"column":4},"end":{"line":443,"column":5}},"type":"if","locations":[{"start":{"line":413,"column":4},"end":{"line":443,"column":5}},{"start":{},"end":{}}],"line":413},"77":{"loc":{"start":{"line":413,"column":8},"end":{"line":413,"column":93}},"type":"binary-expr","locations":[{"start":{"line":413,"column":8},"end":{"line":413,"column":35}},{"start":{"line":413,"column":39},"end":{"line":413,"column":63}},{"start":{"line":413,"column":67},"end":{"line":413,"column":93}}],"line":413},"78":{"loc":{"start":{"line":417,"column":6},"end":{"line":430,"column":7}},"type":"if","locations":[{"start":{"line":417,"column":6},"end":{"line":430,"column":7}},{"start":{},"end":{}}],"line":417},"79":{"loc":{"start":{"line":420,"column":8},"end":{"line":425,"column":9}},"type":"if","locations":[{"start":{"line":420,"column":8},"end":{"line":425,"column":9}},{"start":{},"end":{}}],"line":420},"80":{"loc":{"start":{"line":433,"column":6},"end":{"line":438,"column":7}},"type":"if","locations":[{"start":{"line":433,"column":6},"end":{"line":438,"column":7}},{"start":{},"end":{}}],"line":433},"81":{"loc":{"start":{"line":446,"column":4},"end":{"line":468,"column":5}},"type":"if","locations":[{"start":{"line":446,"column":4},"end":{"line":468,"column":5}},{"start":{},"end":{}}],"line":446},"82":{"loc":{"start":{"line":446,"column":8},"end":{"line":446,"column":66}},"type":"binary-expr","locations":[{"start":{"line":446,"column":8},"end":{"line":446,"column":35}},{"start":{"line":446,"column":39},"end":{"line":446,"column":66}}],"line":446},"83":{"loc":{"start":{"line":448,"column":6},"end":{"line":455,"column":7}},"type":"if","locations":[{"start":{"line":448,"column":6},"end":{"line":455,"column":7}},{"start":{},"end":{}}],"line":448},"84":{"loc":{"start":{"line":458,"column":6},"end":{"line":463,"column":7}},"type":"if","locations":[{"start":{"line":458,"column":6},"end":{"line":463,"column":7}},{"start":{},"end":{}}],"line":458},"85":{"loc":{"start":{"line":471,"column":4},"end":{"line":479,"column":5}},"type":"if","locations":[{"start":{"line":471,"column":4},"end":{"line":479,"column":5}},{"start":{},"end":{}}],"line":471}},"s":{"0":128,"1":4,"2":124,"3":124,"4":27,"5":20,"6":8,"7":12,"8":2,"9":10,"10":10,"11":22,"12":3,"13":19,"14":10,"15":9,"16":2,"17":7,"18":2,"19":5,"20":0,"21":34,"22":8,"23":26,"24":2,"25":24,"26":15,"27":34,"28":3,"29":31,"30":16,"31":15,"32":4,"33":11,"34":8,"35":3,"36":0,"37":3,"38":9,"39":6,"40":3,"41":43,"42":31,"43":12,"44":12,"45":3,"46":9,"47":9,"48":9,"49":1,"50":8,"51":8,"52":3,"53":5,"54":1,"55":4,"56":2,"57":3,"58":3,"59":2,"60":10,"61":10,"62":10,"63":8,"64":2,"65":1,"66":2,"67":2,"68":10,"69":1,"70":9,"71":7,"72":7,"73":8,"74":8,"75":7,"76":7,"77":6,"78":2,"79":4,"80":1,"81":7,"82":3,"83":3,"84":3,"85":3,"86":0,"87":0,"88":0,"89":0,"90":0,"91":0,"92":0,"93":0,"94":0,"95":0,"96":0,"97":0,"98":0,"99":0,"100":3,"101":24,"102":24,"103":24,"104":2,"105":22,"106":10,"107":1,"108":9,"109":9,"110":9,"111":9,"112":2,"113":2,"114":2,"115":0,"116":7,"117":7,"118":7,"119":5,"120":2,"121":3,"122":1,"123":2,"124":3,"125":3,"126":2,"127":3,"128":1,"129":1,"130":0,"131":0,"132":0,"133":0,"134":0,"135":0,"136":0,"137":0,"138":0,"139":0,"140":1,"141":3,"142":1,"143":1,"144":1,"145":12,"146":1,"147":1,"148":1,"149":1,"150":1,"151":1,"152":1,"153":0,"154":11,"155":1,"156":1,"157":1,"158":0,"159":0,"160":0,"161":0,"162":1,"163":1,"164":1,"165":0,"166":10,"167":3,"168":3,"169":2,"170":1,"171":1,"172":1,"173":0,"174":7,"175":4,"176":3},"f":{"0":128,"1":27,"2":20,"3":22,"4":34,"5":34,"6":43,"7":12,"8":3,"9":10,"10":2,"11":7,"12":7,"13":8,"14":3,"15":24,"16":1,"17":1,"18":1,"19":1},"b":{"0":[4,124],"1":[27,1],"2":[8,12],"3":[2,10],"4":[10,0],"5":[3,19],"6":[10,9],"7":[2,7],"8":[2,5],"9":[8,26],"10":[2,24],"11":[15,9],"12":[3,31],"13":[16,15],"14":[4,11],"15":[8,3],"16":[0,3],"17":[3,0],"18":[6,3],"19":[9,7],"20":[31,12],"21":[31,16,14,13],"22":[3,9],"23":[9,9,3,3,3,2,1,1],"24":[1,8],"25":[3,5],"26":[1,4],"27":[5,2],"28":[2,2],"29":[4,2],"30":[3,2,1],"31":[8,2],"32":[10,3,1],"33":[1,1],"34":[2,1],"35":[2,1,0],"36":[1,9],"37":[9,0],"38":[9,7],"39":[9,8,7],"40":[9,8,7],"41":[9,8],"42":[9,8],"43":[9,8],"44":[9,8],"45":[9,8],"46":[9,8],"47":[9,8],"48":[9,8],"49":[9,8],"50":[9,8],"51":[7,1],"52":[2,4],"53":[3,0],"54":[0,0],"55":[0,0],"56":[0,0],"57":[2,22],"58":[10,12],"59":[1,9],"60":[10,8],"61":[2,7],"62":[2,0],"63":[7,0],"64":[2,3],"65":[5,2],"66":[1,2],"67":[0,1],"68":[1,0,0],"69":[0,0],"70":[0,0],"71":[0,0],"72":[1,11],"73":[12,5,2],"74":[1,1],"75":[1,0],"76":[1,10],"77":[11,4,1],"78":[0,1],"79":[0,0],"80":[1,0],"81":[3,7],"82":[10,3],"83":[2,1],"84":[1,0],"85":[4,3]},"inputSourceMap":null,"_coverageSchema":"1a1c01bbd47fc00a2c39e90264f33305004495a9","hash":"ebbba3dc75896c04220b1553ca3fe4c1aa5e518b"}
}
