TN:
SF:worker.js
FN:17,decodeHtmlEntities
FN:33,(anonymous_1)
FN:39,normalizeIngredients
FN:43,(anonymous_3)
FN:55,normalizeInstructions
FN:59,(anonymous_5)
FN:75,isRecipeType
FN:86,validateRecipeSchema
FN:112,(anonymous_8)
FN:123,extractRecipeData
FN:133,(anonymous_10)
FN:166,(anonymous_11)
FN:170,(anonymous_12)
FN:175,(anonymous_13)
FN:195,processRecipeUrl
FN:281,(anonymous_15)
FN:353,(anonymous_16)
FN:423,(anonymous_17)
FN:424,(anonymous_18)
FN:425,(anonymous_19)
FNF:20
FNH:20
FNDA:128,decodeHtmlEntities
FNDA:27,(anonymous_1)
FNDA:20,normalizeIngredients
FNDA:22,(anonymous_3)
FNDA:34,normalizeInstructions
FNDA:34,(anonymous_5)
FNDA:43,isRecipeType
FNDA:12,validateRecipeSchema
FNDA:3,(anonymous_8)
FNDA:10,extractRecipeData
FNDA:2,(anonymous_10)
FNDA:7,(anonymous_11)
FNDA:7,(anonymous_12)
FNDA:8,(anonymous_13)
FNDA:3,processRecipeUrl
FNDA:24,(anonymous_15)
FNDA:1,(anonymous_16)
FNDA:1,(anonymous_17)
FNDA:1,(anonymous_18)
FNDA:1,(anonymous_19)
DA:18,128
DA:20,124
DA:33,124
DA:34,27
DA:40,20
DA:41,12
DA:42,10
DA:43,10
DA:44,22
DA:45,19
DA:46,9
DA:47,7
DA:48,5
DA:51,0
DA:56,34
DA:57,26
DA:58,24
DA:59,15
DA:60,34
DA:61,31
DA:62,15
DA:63,11
DA:64,3
DA:65,3
DA:68,9
DA:69,6
DA:71,3
DA:76,43
DA:77,31
DA:82,12
DA:87,12
DA:90,9
DA:91,9
DA:100,9
DA:103,8
DA:105,8
DA:108,5
DA:111,4
DA:112,2
DA:113,3
DA:114,3
DA:119,2
DA:124,10
DA:127,10
DA:128,10
DA:129,8
DA:132,2
DA:133,1
DA:134,2
DA:135,2
DA:140,10
DA:143,9
DA:167,7
DA:172,7
DA:176,8
DA:177,8
DA:178,7
DA:179,7
DA:181,6
DA:182,2
DA:184,4
DA:187,1
DA:189,7
DA:196,3
DA:198,3
DA:204,3
DA:205,3
DA:209,0
DA:210,0
DA:214,0
DA:217,0
DA:218,0
DA:219,0
DA:220,0
DA:221,0
DA:225,0
DA:226,0
DA:234,0
DA:235,0
DA:236,0
DA:237,0
DA:238,0
DA:239,0
DA:240,0
DA:243,0
DA:249,0
DA:250,0
DA:252,0
DA:259,3
DA:282,24
DA:285,24
DA:292,24
DA:293,2
DA:297,22
DA:298,10
DA:299,1
DA:305,9
DA:306,9
DA:307,9
DA:310,9
DA:311,2
DA:312,2
DA:313,2
DA:320,0
DA:324,7
DA:325,7
DA:326,7
DA:327,5
DA:328,2
DA:329,3
DA:330,1
DA:332,2
DA:339,3
DA:340,3
DA:342,2
DA:352,3
DA:354,1
DA:357,1
DA:358,0
DA:361,0
DA:362,0
DA:363,0
DA:365,0
DA:383,0
DA:399,0
DA:400,0
DA:401,0
DA:402,0
DA:403,0
DA:405,0
DA:406,0
DA:407,0
DA:408,0
DA:409,0
DA:414,1
DA:419,3
DA:423,1
DA:424,1
DA:425,1
DA:433,12
DA:434,1
DA:435,1
DA:436,1
DA:438,1
DA:440,1
DA:447,0
DA:448,0
DA:449,0
DA:450,0
DA:459,0
DA:460,0
DA:466,11
DA:467,1
DA:468,1
DA:470,1
DA:473,0
DA:474,0
DA:475,0
DA:481,0
DA:487,1
DA:494,0
DA:495,0
DA:496,0
DA:497,0
DA:506,0
DA:507,0
DA:513,10
DA:514,3
DA:515,3
DA:516,2
DA:525,1
DA:535,0
DA:536,0
DA:537,0
DA:538,0
DA:547,0
DA:553,7
DA:554,4
DA:564,3
LF:179
LH:119
BRDA:18,0,0,4
BRDA:18,0,1,124
BRDA:34,1,0,27
BRDA:34,1,1,1
BRDA:40,2,0,8
BRDA:40,2,1,12
BRDA:41,3,0,2
BRDA:41,3,1,10
BRDA:42,4,0,10
BRDA:42,4,1,0
BRDA:44,5,0,3
BRDA:44,5,1,19
BRDA:45,6,0,10
BRDA:45,6,1,9
BRDA:46,7,0,2
BRDA:46,7,1,7
BRDA:47,8,0,2
BRDA:47,8,1,5
BRDA:56,9,0,8
BRDA:56,9,1,26
BRDA:57,10,0,2
BRDA:57,10,1,24
BRDA:58,11,0,15
BRDA:58,11,1,9
BRDA:60,12,0,3
BRDA:60,12,1,31
BRDA:61,13,0,16
BRDA:61,13,1,15
BRDA:62,14,0,4
BRDA:62,14,1,11
BRDA:63,15,0,8
BRDA:63,15,1,3
BRDA:64,16,0,0
BRDA:64,16,1,3
BRDA:64,17,0,3
BRDA:64,17,1,0
BRDA:68,18,0,6
BRDA:68,18,1,3
BRDA:68,19,0,9
BRDA:68,19,1,7
BRDA:76,20,0,31
BRDA:76,20,1,12
BRDA:77,21,0,31
BRDA:77,21,1,16
BRDA:77,21,2,14
BRDA:77,21,3,13
BRDA:87,22,0,3
BRDA:87,22,1,9
BRDA:91,23,0,9
BRDA:91,23,1,9
BRDA:91,23,2,3
BRDA:91,23,3,3
BRDA:91,23,4,3
BRDA:91,23,5,2
BRDA:91,23,6,1
BRDA:91,23,7,1
BRDA:100,24,0,1
BRDA:100,24,1,8
BRDA:105,25,0,3
BRDA:105,25,1,5
BRDA:108,26,0,1
BRDA:108,26,1,4
BRDA:108,27,0,5
BRDA:108,27,1,2
BRDA:111,28,0,2
BRDA:111,28,1,2
BRDA:111,29,0,4
BRDA:111,29,1,2
BRDA:114,30,0,3
BRDA:114,30,1,2
BRDA:114,30,2,1
BRDA:128,31,0,8
BRDA:128,31,1,2
BRDA:128,32,0,10
BRDA:128,32,1,3
BRDA:128,32,2,1
BRDA:132,33,0,1
BRDA:132,33,1,1
BRDA:132,34,0,2
BRDA:132,34,1,1
BRDA:135,35,0,2
BRDA:135,35,1,1
BRDA:135,35,2,0
BRDA:140,36,0,1
BRDA:140,36,1,9
BRDA:144,37,0,9
BRDA:144,37,1,0
BRDA:145,38,0,9
BRDA:145,38,1,7
BRDA:147,39,0,9
BRDA:147,39,1,8
BRDA:147,39,2,7
BRDA:148,40,0,9
BRDA:148,40,1,8
BRDA:148,40,2,7
BRDA:149,41,0,9
BRDA:149,41,1,8
BRDA:150,42,0,9
BRDA:150,42,1,8
BRDA:151,43,0,9
BRDA:151,43,1,8
BRDA:152,44,0,9
BRDA:152,44,1,8
BRDA:153,45,0,9
BRDA:153,45,1,8
BRDA:154,46,0,9
BRDA:154,46,1,8
BRDA:155,47,0,9
BRDA:155,47,1,8
BRDA:156,48,0,9
BRDA:156,48,1,8
BRDA:159,49,0,9
BRDA:159,49,1,8
BRDA:160,50,0,9
BRDA:160,50,1,8
BRDA:177,51,0,7
BRDA:177,51,1,1
BRDA:181,52,0,2
BRDA:181,52,1,4
BRDA:195,53,0,3
BRDA:195,54,0,3
BRDA:204,55,0,3
BRDA:204,55,1,0
BRDA:219,56,0,0
BRDA:219,56,1,0
BRDA:221,57,0,0
BRDA:221,57,1,0
BRDA:225,58,0,0
BRDA:225,58,1,0
BRDA:234,59,0,0
BRDA:234,59,1,0
BRDA:234,60,0,0
BRDA:234,60,1,0
BRDA:238,61,0,0
BRDA:238,61,1,0
BRDA:238,62,0,0
BRDA:238,62,1,0
BRDA:292,63,0,2
BRDA:292,63,1,22
BRDA:297,64,0,10
BRDA:297,64,1,12
BRDA:298,65,0,1
BRDA:298,65,1,9
BRDA:298,66,0,10
BRDA:298,66,1,8
BRDA:310,67,0,2
BRDA:310,67,1,7
BRDA:312,68,0,2
BRDA:312,68,1,0
BRDA:324,69,0,7
BRDA:324,69,1,0
BRDA:327,70,0,2
BRDA:327,70,1,3
BRDA:327,71,0,5
BRDA:327,71,1,2
BRDA:329,72,0,1
BRDA:329,72,1,2
BRDA:357,73,0,0
BRDA:357,73,1,1
BRDA:357,74,0,1
BRDA:357,74,1,0
BRDA:357,74,2,0
BRDA:361,75,0,0
BRDA:361,75,1,0
BRDA:363,76,0,0
BRDA:363,76,1,0
BRDA:399,77,0,0
BRDA:399,77,1,0
BRDA:407,78,0,0
BRDA:407,78,1,0
BRDA:408,79,0,0
BRDA:408,79,1,0
BRDA:433,80,0,1
BRDA:433,80,1,11
BRDA:433,81,0,12
BRDA:433,81,1,5
BRDA:433,81,2,2
BRDA:436,82,0,1
BRDA:436,82,1,1
BRDA:440,83,0,0
BRDA:440,83,1,1
BRDA:447,84,0,0
BRDA:447,84,1,0
BRDA:466,85,0,1
BRDA:466,85,1,10
BRDA:466,86,0,11
BRDA:466,86,1,4
BRDA:466,86,2,1
BRDA:470,87,0,0
BRDA:470,87,1,1
BRDA:474,88,0,0
BRDA:474,88,1,0
BRDA:494,89,0,0
BRDA:494,89,1,0
BRDA:499,90,0,0
BRDA:499,90,1,0
BRDA:507,91,0,0
BRDA:507,91,1,0
BRDA:513,92,0,3
BRDA:513,92,1,7
BRDA:513,93,0,10
BRDA:513,93,1,3
BRDA:515,94,0,2
BRDA:515,94,1,1
BRDA:535,95,0,0
BRDA:535,95,1,0
BRDA:553,96,0,4
BRDA:553,96,1,3
BRF:208
BRH:159
end_of_record
