TN:
SF:worker.js
FN:16,decodeHtmlEntities
FN:32,(anonymous_1)
FN:38,normalizeIngredients
FN:42,(anonymous_3)
FN:54,normalizeInstructions
FN:58,(anonymous_5)
FN:74,isRecipeType
FN:85,validateRecipeSchema
FN:111,(anonymous_8)
FN:122,extractRecipeData
FN:132,(anonymous_10)
FN:165,(anonymous_11)
FN:169,(anonymous_12)
FN:174,(anonymous_13)
FN:194,processRecipeUrl
FN:265,(anonymous_15)
FN:337,(anonymous_16)
FN:383,(anonymous_17)
FN:384,(anonymous_18)
FN:385,(anonymous_19)
FNF:20
FNH:20
FNDA:128,decodeHtmlEntities
FNDA:27,(anonymous_1)
FNDA:20,normalizeIngredients
FNDA:22,(anonymous_3)
FNDA:34,normalizeInstructions
FNDA:34,(anonymous_5)
FNDA:43,isRecipeType
FNDA:12,validateRecipeSchema
FNDA:3,(anonymous_8)
FNDA:10,extractRecipeData
FNDA:2,(anonymous_10)
FNDA:7,(anonymous_11)
FNDA:7,(anonymous_12)
FNDA:8,(anonymous_13)
FNDA:3,processRecipeUrl
FNDA:24,(anonymous_15)
FNDA:1,(anonymous_16)
FNDA:1,(anonymous_17)
FNDA:1,(anonymous_18)
FNDA:1,(anonymous_19)
DA:17,128
DA:19,124
DA:32,124
DA:33,27
DA:39,20
DA:40,12
DA:41,10
DA:42,10
DA:43,22
DA:44,19
DA:45,9
DA:46,7
DA:47,5
DA:50,0
DA:55,34
DA:56,26
DA:57,24
DA:58,15
DA:59,34
DA:60,31
DA:61,15
DA:62,11
DA:63,3
DA:64,3
DA:67,9
DA:68,6
DA:70,3
DA:75,43
DA:76,31
DA:81,12
DA:86,12
DA:89,9
DA:90,9
DA:99,9
DA:102,8
DA:104,8
DA:107,5
DA:110,4
DA:111,2
DA:112,3
DA:113,3
DA:118,2
DA:123,10
DA:126,10
DA:127,10
DA:128,8
DA:131,2
DA:132,1
DA:133,2
DA:134,2
DA:139,10
DA:142,9
DA:166,7
DA:171,7
DA:175,8
DA:176,8
DA:177,7
DA:178,7
DA:180,6
DA:181,2
DA:183,4
DA:186,1
DA:188,7
DA:195,3
DA:197,3
DA:203,3
DA:204,3
DA:208,0
DA:209,0
DA:213,0
DA:216,0
DA:217,0
DA:218,0
DA:219,0
DA:220,0
DA:224,0
DA:225,0
DA:233,0
DA:234,0
DA:236,0
DA:243,3
DA:266,24
DA:269,24
DA:276,24
DA:277,2
DA:281,22
DA:282,10
DA:283,1
DA:289,9
DA:290,9
DA:291,9
DA:294,9
DA:295,2
DA:296,2
DA:297,2
DA:304,0
DA:308,7
DA:309,7
DA:310,7
DA:311,5
DA:312,2
DA:313,3
DA:314,1
DA:316,2
DA:323,3
DA:324,3
DA:326,2
DA:336,3
DA:338,1
DA:341,1
DA:342,0
DA:345,0
DA:346,0
DA:347,0
DA:349,0
DA:366,0
DA:367,0
DA:368,0
DA:369,0
DA:370,0
DA:374,1
DA:379,3
DA:383,1
DA:384,1
DA:385,1
DA:393,12
DA:394,1
DA:395,1
DA:396,1
DA:398,1
DA:399,1
DA:400,1
DA:401,1
DA:407,0
DA:413,11
DA:414,1
DA:415,1
DA:417,1
DA:419,0
DA:420,0
DA:421,0
DA:427,0
DA:432,1
DA:433,1
DA:434,1
DA:440,0
DA:446,10
DA:447,3
DA:448,3
DA:449,2
DA:457,1
DA:458,1
DA:459,1
DA:465,0
DA:471,7
DA:472,4
DA:482,3
LF:157
LH:125
BRDA:17,0,0,4
BRDA:17,0,1,124
BRDA:33,1,0,27
BRDA:33,1,1,1
BRDA:39,2,0,8
BRDA:39,2,1,12
BRDA:40,3,0,2
BRDA:40,3,1,10
BRDA:41,4,0,10
BRDA:41,4,1,0
BRDA:43,5,0,3
BRDA:43,5,1,19
BRDA:44,6,0,10
BRDA:44,6,1,9
BRDA:45,7,0,2
BRDA:45,7,1,7
BRDA:46,8,0,2
BRDA:46,8,1,5
BRDA:55,9,0,8
BRDA:55,9,1,26
BRDA:56,10,0,2
BRDA:56,10,1,24
BRDA:57,11,0,15
BRDA:57,11,1,9
BRDA:59,12,0,3
BRDA:59,12,1,31
BRDA:60,13,0,16
BRDA:60,13,1,15
BRDA:61,14,0,4
BRDA:61,14,1,11
BRDA:62,15,0,8
BRDA:62,15,1,3
BRDA:63,16,0,0
BRDA:63,16,1,3
BRDA:63,17,0,3
BRDA:63,17,1,0
BRDA:67,18,0,6
BRDA:67,18,1,3
BRDA:67,19,0,9
BRDA:67,19,1,7
BRDA:75,20,0,31
BRDA:75,20,1,12
BRDA:76,21,0,31
BRDA:76,21,1,16
BRDA:76,21,2,14
BRDA:76,21,3,13
BRDA:86,22,0,3
BRDA:86,22,1,9
BRDA:90,23,0,9
BRDA:90,23,1,9
BRDA:90,23,2,3
BRDA:90,23,3,3
BRDA:90,23,4,3
BRDA:90,23,5,2
BRDA:90,23,6,1
BRDA:90,23,7,1
BRDA:99,24,0,1
BRDA:99,24,1,8
BRDA:104,25,0,3
BRDA:104,25,1,5
BRDA:107,26,0,1
BRDA:107,26,1,4
BRDA:107,27,0,5
BRDA:107,27,1,2
BRDA:110,28,0,2
BRDA:110,28,1,2
BRDA:110,29,0,4
BRDA:110,29,1,2
BRDA:113,30,0,3
BRDA:113,30,1,2
BRDA:113,30,2,1
BRDA:127,31,0,8
BRDA:127,31,1,2
BRDA:127,32,0,10
BRDA:127,32,1,3
BRDA:127,32,2,1
BRDA:131,33,0,1
BRDA:131,33,1,1
BRDA:131,34,0,2
BRDA:131,34,1,1
BRDA:134,35,0,2
BRDA:134,35,1,1
BRDA:134,35,2,0
BRDA:139,36,0,1
BRDA:139,36,1,9
BRDA:143,37,0,9
BRDA:143,37,1,0
BRDA:144,38,0,9
BRDA:144,38,1,7
BRDA:146,39,0,9
BRDA:146,39,1,8
BRDA:146,39,2,7
BRDA:147,40,0,9
BRDA:147,40,1,8
BRDA:147,40,2,7
BRDA:148,41,0,9
BRDA:148,41,1,8
BRDA:149,42,0,9
BRDA:149,42,1,8
BRDA:150,43,0,9
BRDA:150,43,1,8
BRDA:151,44,0,9
BRDA:151,44,1,8
BRDA:152,45,0,9
BRDA:152,45,1,8
BRDA:153,46,0,9
BRDA:153,46,1,8
BRDA:154,47,0,9
BRDA:154,47,1,8
BRDA:155,48,0,9
BRDA:155,48,1,8
BRDA:158,49,0,9
BRDA:158,49,1,8
BRDA:159,50,0,9
BRDA:159,50,1,8
BRDA:176,51,0,7
BRDA:176,51,1,1
BRDA:180,52,0,2
BRDA:180,52,1,4
BRDA:203,53,0,3
BRDA:203,53,1,0
BRDA:218,54,0,0
BRDA:218,54,1,0
BRDA:220,55,0,0
BRDA:220,55,1,0
BRDA:224,56,0,0
BRDA:224,56,1,0
BRDA:276,57,0,2
BRDA:276,57,1,22
BRDA:281,58,0,10
BRDA:281,58,1,12
BRDA:282,59,0,1
BRDA:282,59,1,9
BRDA:282,60,0,10
BRDA:282,60,1,8
BRDA:294,61,0,2
BRDA:294,61,1,7
BRDA:296,62,0,2
BRDA:296,62,1,0
BRDA:308,63,0,7
BRDA:308,63,1,0
BRDA:311,64,0,2
BRDA:311,64,1,3
BRDA:311,65,0,5
BRDA:311,65,1,2
BRDA:313,66,0,1
BRDA:313,66,1,2
BRDA:341,67,0,0
BRDA:341,67,1,1
BRDA:341,68,0,1
BRDA:341,68,1,0
BRDA:341,68,2,0
BRDA:345,69,0,0
BRDA:345,69,1,0
BRDA:347,70,0,0
BRDA:347,70,1,0
BRDA:369,71,0,0
BRDA:369,71,1,0
BRDA:393,72,0,1
BRDA:393,72,1,11
BRDA:393,73,0,12
BRDA:393,73,1,5
BRDA:393,73,2,2
BRDA:396,74,0,1
BRDA:396,74,1,1
BRDA:400,75,0,1
BRDA:400,75,1,0
BRDA:413,76,0,1
BRDA:413,76,1,10
BRDA:413,77,0,11
BRDA:413,77,1,4
BRDA:413,77,2,1
BRDA:417,78,0,0
BRDA:417,78,1,1
BRDA:420,79,0,0
BRDA:420,79,1,0
BRDA:433,80,0,1
BRDA:433,80,1,0
BRDA:446,81,0,3
BRDA:446,81,1,7
BRDA:446,82,0,10
BRDA:446,82,1,3
BRDA:448,83,0,2
BRDA:448,83,1,1
BRDA:458,84,0,1
BRDA:458,84,1,0
BRDA:471,85,0,4
BRDA:471,85,1,3
BRF:188
BRH:159
end_of_record
