{"/Users/nolanfoster/Downloads/recipe-app/recipe-embedding-worker/src/index.js": {"path":"/Users/nolanfoster/Downloads/recipe-app/recipe-embedding-worker/src/index.js","all":false,"statementMap":{"0":{"start":{"line":1,"column":0},"end":{"line":1,"column":56}},"1":{"start":{"line":2,"column":0},"end":{"line":2,"column":60}},"2":{"start":{"line":3,"column":0},"end":{"line":3,"column":66}},"3":{"start":{"line":4,"column":0},"end":{"line":4,"column":0}},"4":{"start":{"line":5,"column":0},"end":{"line":5,"column":16}},"5":{"start":{"line":6,"column":0},"end":{"line":6,"column":25}},"6":{"start":{"line":7,"column":0},"end":{"line":7,"column":29}},"7":{"start":{"line":8,"column":0},"end":{"line":8,"column":37}},"8":{"start":{"line":9,"column":0},"end":{"line":9,"column":0}},"9":{"start":{"line":10,"column":0},"end":{"line":10,"column":19}},"10":{"start":{"line":11,"column":0},"end":{"line":11,"column":25}},"11":{"start":{"line":12,"column":0},"end":{"line":12,"column":41}},"12":{"start":{"line":13,"column":0},"end":{"line":13,"column":59}},"13":{"start":{"line":14,"column":0},"end":{"line":14,"column":52}},"14":{"start":{"line":15,"column":0},"end":{"line":15,"column":6}},"15":{"start":{"line":16,"column":0},"end":{"line":16,"column":0}},"16":{"start":{"line":17,"column":0},"end":{"line":17,"column":28}},"17":{"start":{"line":18,"column":0},"end":{"line":18,"column":39}},"18":{"start":{"line":19,"column":0},"end":{"line":19,"column":58}},"19":{"start":{"line":20,"column":0},"end":{"line":20,"column":5}},"20":{"start":{"line":21,"column":0},"end":{"line":21,"column":0}},"21":{"start":{"line":22,"column":0},"end":{"line":22,"column":21}},"22":{"start":{"line":23,"column":0},"end":{"line":23,"column":31}},"23":{"start":{"line":24,"column":0},"end":{"line":24,"column":51}},"24":{"start":{"line":25,"column":0},"end":{"line":25,"column":5}},"25":{"start":{"line":26,"column":0},"end":{"line":26,"column":0}},"26":{"start":{"line":27,"column":0},"end":{"line":27,"column":28}},"27":{"start":{"line":28,"column":0},"end":{"line":28,"column":65}},"28":{"start":{"line":29,"column":0},"end":{"line":29,"column":53}},"29":{"start":{"line":30,"column":0},"end":{"line":30,"column":5}},"30":{"start":{"line":31,"column":0},"end":{"line":31,"column":0}},"31":{"start":{"line":32,"column":0},"end":{"line":32,"column":43}},"32":{"start":{"line":33,"column":0},"end":{"line":33,"column":65}},"33":{"start":{"line":34,"column":0},"end":{"line":34,"column":56}},"34":{"start":{"line":35,"column":0},"end":{"line":35,"column":5}},"35":{"start":{"line":36,"column":0},"end":{"line":36,"column":0}},"36":{"start":{"line":37,"column":0},"end":{"line":37,"column":29}},"37":{"start":{"line":38,"column":0},"end":{"line":38,"column":40}},"38":{"start":{"line":39,"column":0},"end":{"line":39,"column":25}},"39":{"start":{"line":40,"column":0},"end":{"line":40,"column":54}},"40":{"start":{"line":41,"column":0},"end":{"line":41,"column":9}},"41":{"start":{"line":42,"column":0},"end":{"line":42,"column":18}},"42":{"start":{"line":43,"column":0},"end":{"line":43,"column":16}},"43":{"start":{"line":44,"column":0},"end":{"line":44,"column":23}},"44":{"start":{"line":45,"column":0},"end":{"line":45,"column":42}},"45":{"start":{"line":46,"column":0},"end":{"line":46,"column":7}},"46":{"start":{"line":47,"column":0},"end":{"line":47,"column":7}},"47":{"start":{"line":48,"column":0},"end":{"line":48,"column":4}},"48":{"start":{"line":49,"column":0},"end":{"line":49,"column":0}},"49":{"start":{"line":50,"column":0},"end":{"line":50,"column":40}},"50":{"start":{"line":51,"column":0},"end":{"line":51,"column":42}},"51":{"start":{"line":52,"column":0},"end":{"line":52,"column":64}},"52":{"start":{"line":53,"column":0},"end":{"line":53,"column":0}},"53":{"start":{"line":54,"column":0},"end":{"line":54,"column":9}},"54":{"start":{"line":55,"column":0},"end":{"line":55,"column":63}},"55":{"start":{"line":56,"column":0},"end":{"line":56,"column":68}},"56":{"start":{"line":57,"column":0},"end":{"line":57,"column":23}},"57":{"start":{"line":58,"column":0},"end":{"line":58,"column":56}},"58":{"start":{"line":59,"column":0},"end":{"line":59,"column":49}},"59":{"start":{"line":60,"column":0},"end":{"line":60,"column":9}},"60":{"start":{"line":61,"column":0},"end":{"line":61,"column":0}},"61":{"start":{"line":62,"column":0},"end":{"line":62,"column":51}},"62":{"start":{"line":63,"column":0},"end":{"line":63,"column":65}},"63":{"start":{"line":64,"column":0},"end":{"line":64,"column":0}},"64":{"start":{"line":65,"column":0},"end":{"line":65,"column":34}},"65":{"start":{"line":66,"column":0},"end":{"line":66,"column":77}},"66":{"start":{"line":67,"column":0},"end":{"line":67,"column":14}},"67":{"start":{"line":68,"column":0},"end":{"line":68,"column":85}},"68":{"start":{"line":69,"column":0},"end":{"line":69,"column":7}},"69":{"start":{"line":70,"column":0},"end":{"line":70,"column":21}},"70":{"start":{"line":71,"column":0},"end":{"line":71,"column":71}},"71":{"start":{"line":72,"column":0},"end":{"line":72,"column":5}},"72":{"start":{"line":73,"column":0},"end":{"line":73,"column":3}},"73":{"start":{"line":74,"column":0},"end":{"line":74,"column":2}}},"s":{"0":1,"1":1,"2":1,"3":1,"4":1,"5":1,"6":1,"7":6,"8":6,"9":6,"10":6,"11":6,"12":6,"13":6,"14":6,"15":6,"16":6,"17":6,"18":1,"19":1,"20":5,"21":5,"22":6,"23":1,"24":1,"25":4,"26":4,"27":6,"28":1,"29":1,"30":3,"31":3,"32":6,"33":2,"34":2,"35":1,"36":1,"37":1,"38":1,"39":1,"40":1,"41":1,"42":1,"43":1,"44":1,"45":1,"46":1,"47":1,"48":1,"49":1,"50":1,"51":2,"52":2,"53":2,"54":2,"55":2,"56":2,"57":2,"58":2,"59":2,"60":2,"61":2,"62":2,"63":2,"64":2,"65":2,"66":2,"67":0,"68":0,"69":2,"70":0,"71":0,"72":2,"73":1},"branchMap":{"0":{"type":"branch","line":7,"loc":{"start":{"line":7,"column":2},"end":{"line":48,"column":3}},"locations":[{"start":{"line":7,"column":2},"end":{"line":48,"column":3}}]},"1":{"type":"branch","line":18,"loc":{"start":{"line":18,"column":38},"end":{"line":20,"column":5}},"locations":[{"start":{"line":18,"column":38},"end":{"line":20,"column":5}}]},"2":{"type":"branch","line":21,"loc":{"start":{"line":21,"column":-1},"end":{"line":23,"column":30}},"locations":[{"start":{"line":21,"column":-1},"end":{"line":23,"column":30}}]},"3":{"type":"branch","line":23,"loc":{"start":{"line":23,"column":30},"end":{"line":25,"column":5}},"locations":[{"start":{"line":23,"column":30},"end":{"line":25,"column":5}}]},"4":{"type":"branch","line":26,"loc":{"start":{"line":26,"column":-1},"end":{"line":28,"column":35}},"locations":[{"start":{"line":26,"column":-1},"end":{"line":28,"column":35}}]},"5":{"type":"branch","line":28,"loc":{"start":{"line":28,"column":35},"end":{"line":28,"column":62}},"locations":[{"start":{"line":28,"column":35},"end":{"line":28,"column":62}}]},"6":{"type":"branch","line":28,"loc":{"start":{"line":28,"column":64},"end":{"line":30,"column":5}},"locations":[{"start":{"line":28,"column":64},"end":{"line":30,"column":5}}]},"7":{"type":"branch","line":31,"loc":{"start":{"line":31,"column":-1},"end":{"line":33,"column":34}},"locations":[{"start":{"line":31,"column":-1},"end":{"line":33,"column":34}}]},"8":{"type":"branch","line":33,"loc":{"start":{"line":33,"column":34},"end":{"line":33,"column":62}},"locations":[{"start":{"line":33,"column":34},"end":{"line":33,"column":62}}]},"9":{"type":"branch","line":33,"loc":{"start":{"line":33,"column":64},"end":{"line":35,"column":5}},"locations":[{"start":{"line":33,"column":64},"end":{"line":35,"column":5}}]},"10":{"type":"branch","line":36,"loc":{"start":{"line":36,"column":-1},"end":{"line":48,"column":2}},"locations":[{"start":{"line":36,"column":-1},"end":{"line":48,"column":2}}]},"11":{"type":"branch","line":51,"loc":{"start":{"line":51,"column":2},"end":{"line":73,"column":3}},"locations":[{"start":{"line":51,"column":2},"end":{"line":73,"column":3}}]},"12":{"type":"branch","line":67,"loc":{"start":{"line":67,"column":7},"end":{"line":69,"column":7}},"locations":[{"start":{"line":67,"column":7},"end":{"line":69,"column":7}}]},"13":{"type":"branch","line":70,"loc":{"start":{"line":70,"column":6},"end":{"line":72,"column":5}},"locations":[{"start":{"line":70,"column":6},"end":{"line":72,"column":5}}]}},"b":{"0":[6],"1":[1],"2":[5],"3":[1],"4":[4],"5":[1],"6":[1],"7":[3],"8":[2],"9":[2],"10":[1],"11":[2],"12":[0],"13":[0]},"fnMap":{"0":{"name":"fetch","decl":{"start":{"line":7,"column":2},"end":{"line":48,"column":3}},"loc":{"start":{"line":7,"column":2},"end":{"line":48,"column":3}},"line":7},"1":{"name":"scheduled","decl":{"start":{"line":51,"column":2},"end":{"line":73,"column":3}},"loc":{"start":{"line":51,"column":2},"end":{"line":73,"column":3}},"line":51}},"f":{"0":6,"1":2}}
,"/Users/nolanfoster/Downloads/recipe-app/recipe-embedding-worker/src/handlers/embedding-handler.js": {"path":"/Users/nolanfoster/Downloads/recipe-app/recipe-embedding-worker/src/handlers/embedding-handler.js","all":false,"statementMap":{"0":{"start":{"line":1,"column":0},"end":{"line":1,"column":3}},"1":{"start":{"line":2,"column":0},"end":{"line":2,"column":76}},"2":{"start":{"line":3,"column":0},"end":{"line":3,"column":3}},"3":{"start":{"line":4,"column":0},"end":{"line":4,"column":49}},"4":{"start":{"line":5,"column":0},"end":{"line":5,"column":45}},"5":{"start":{"line":6,"column":0},"end":{"line":6,"column":40}},"6":{"start":{"line":7,"column":0},"end":{"line":7,"column":68}},"7":{"start":{"line":8,"column":0},"end":{"line":8,"column":4}},"8":{"start":{"line":9,"column":0},"end":{"line":9,"column":0}},"9":{"start":{"line":10,"column":0},"end":{"line":10,"column":51}},"10":{"start":{"line":11,"column":0},"end":{"line":11,"column":45}},"11":{"start":{"line":12,"column":0},"end":{"line":12,"column":41}},"12":{"start":{"line":13,"column":0},"end":{"line":13,"column":41}},"13":{"start":{"line":14,"column":0},"end":{"line":14,"column":0}},"14":{"start":{"line":15,"column":0},"end":{"line":15,"column":31}},"15":{"start":{"line":16,"column":0},"end":{"line":16,"column":17}},"16":{"start":{"line":17,"column":0},"end":{"line":17,"column":0}},"17":{"start":{"line":18,"column":0},"end":{"line":18,"column":20}},"18":{"start":{"line":19,"column":0},"end":{"line":19,"column":16}},"19":{"start":{"line":20,"column":0},"end":{"line":20,"column":48}},"20":{"start":{"line":21,"column":0},"end":{"line":21,"column":20}},"21":{"start":{"line":22,"column":0},"end":{"line":22,"column":23}},"22":{"start":{"line":23,"column":0},"end":{"line":23,"column":3}},"23":{"start":{"line":24,"column":0},"end":{"line":24,"column":0}},"24":{"start":{"line":25,"column":0},"end":{"line":25,"column":40}},"25":{"start":{"line":26,"column":0},"end":{"line":26,"column":75}},"26":{"start":{"line":27,"column":0},"end":{"line":27,"column":56}},"27":{"start":{"line":28,"column":0},"end":{"line":28,"column":17}},"28":{"start":{"line":29,"column":0},"end":{"line":29,"column":31}},"29":{"start":{"line":30,"column":0},"end":{"line":30,"column":41}},"30":{"start":{"line":31,"column":0},"end":{"line":31,"column":27}},"31":{"start":{"line":32,"column":0},"end":{"line":32,"column":3}},"32":{"start":{"line":33,"column":0},"end":{"line":33,"column":0}},"33":{"start":{"line":34,"column":0},"end":{"line":34,"column":36}},"34":{"start":{"line":35,"column":0},"end":{"line":35,"column":55}},"35":{"start":{"line":36,"column":0},"end":{"line":36,"column":32}},"36":{"start":{"line":37,"column":0},"end":{"line":37,"column":1}},"37":{"start":{"line":38,"column":0},"end":{"line":38,"column":0}},"38":{"start":{"line":39,"column":0},"end":{"line":39,"column":3}},"39":{"start":{"line":40,"column":0},"end":{"line":40,"column":51}},"40":{"start":{"line":41,"column":0},"end":{"line":41,"column":3}},"41":{"start":{"line":42,"column":0},"end":{"line":42,"column":47}},"42":{"start":{"line":43,"column":0},"end":{"line":43,"column":7}},"43":{"start":{"line":44,"column":0},"end":{"line":44,"column":62}},"44":{"start":{"line":45,"column":0},"end":{"line":45,"column":22}},"45":{"start":{"line":46,"column":0},"end":{"line":46,"column":59}},"46":{"start":{"line":47,"column":0},"end":{"line":47,"column":5}},"47":{"start":{"line":48,"column":0},"end":{"line":48,"column":0}},"48":{"start":{"line":49,"column":0},"end":{"line":49,"column":15}},"49":{"start":{"line":50,"column":0},"end":{"line":50,"column":0}},"50":{"start":{"line":51,"column":0},"end":{"line":51,"column":53}},"51":{"start":{"line":52,"column":0},"end":{"line":52,"column":9}},"52":{"start":{"line":53,"column":0},"end":{"line":53,"column":38}},"53":{"start":{"line":54,"column":0},"end":{"line":54,"column":26}},"54":{"start":{"line":55,"column":0},"end":{"line":55,"column":67}},"55":{"start":{"line":56,"column":0},"end":{"line":56,"column":11}},"56":{"start":{"line":57,"column":0},"end":{"line":57,"column":50}},"57":{"start":{"line":58,"column":0},"end":{"line":58,"column":33}},"58":{"start":{"line":59,"column":0},"end":{"line":59,"column":97}},"59":{"start":{"line":60,"column":0},"end":{"line":60,"column":71}},"60":{"start":{"line":61,"column":0},"end":{"line":61,"column":7}},"61":{"start":{"line":62,"column":0},"end":{"line":62,"column":5}},"62":{"start":{"line":63,"column":0},"end":{"line":63,"column":0}},"63":{"start":{"line":64,"column":0},"end":{"line":64,"column":37}},"64":{"start":{"line":65,"column":0},"end":{"line":65,"column":19}},"65":{"start":{"line":66,"column":0},"end":{"line":66,"column":61}},"66":{"start":{"line":67,"column":0},"end":{"line":67,"column":52}},"67":{"start":{"line":68,"column":0},"end":{"line":68,"column":3}},"68":{"start":{"line":69,"column":0},"end":{"line":69,"column":1}},"69":{"start":{"line":70,"column":0},"end":{"line":70,"column":0}},"70":{"start":{"line":71,"column":0},"end":{"line":71,"column":3}},"71":{"start":{"line":72,"column":0},"end":{"line":72,"column":76}},"72":{"start":{"line":73,"column":0},"end":{"line":73,"column":3}},"73":{"start":{"line":74,"column":0},"end":{"line":74,"column":66}},"74":{"start":{"line":75,"column":0},"end":{"line":75,"column":7}},"75":{"start":{"line":76,"column":0},"end":{"line":76,"column":33}},"76":{"start":{"line":77,"column":0},"end":{"line":77,"column":0}},"77":{"start":{"line":78,"column":0},"end":{"line":78,"column":61}},"78":{"start":{"line":79,"column":0},"end":{"line":79,"column":66}},"79":{"start":{"line":80,"column":0},"end":{"line":80,"column":25}},"80":{"start":{"line":81,"column":0},"end":{"line":81,"column":0}},"81":{"start":{"line":82,"column":0},"end":{"line":82,"column":51}},"82":{"start":{"line":83,"column":0},"end":{"line":83,"column":11}},"83":{"start":{"line":84,"column":0},"end":{"line":84,"column":43}},"84":{"start":{"line":85,"column":0},"end":{"line":85,"column":23}},"85":{"start":{"line":86,"column":0},"end":{"line":86,"column":61}},"86":{"start":{"line":87,"column":0},"end":{"line":87,"column":7}},"87":{"start":{"line":88,"column":0},"end":{"line":88,"column":5}},"88":{"start":{"line":89,"column":0},"end":{"line":89,"column":0}},"89":{"start":{"line":90,"column":0},"end":{"line":90,"column":55}},"90":{"start":{"line":91,"column":0},"end":{"line":91,"column":91}},"91":{"start":{"line":92,"column":0},"end":{"line":92,"column":0}},"92":{"start":{"line":93,"column":0},"end":{"line":93,"column":42}},"93":{"start":{"line":94,"column":0},"end":{"line":94,"column":63}},"94":{"start":{"line":95,"column":0},"end":{"line":95,"column":65}},"95":{"start":{"line":96,"column":0},"end":{"line":96,"column":0}},"96":{"start":{"line":97,"column":0},"end":{"line":97,"column":34}},"97":{"start":{"line":98,"column":0},"end":{"line":98,"column":42}},"98":{"start":{"line":99,"column":0},"end":{"line":99,"column":47}},"99":{"start":{"line":100,"column":0},"end":{"line":100,"column":21}},"100":{"start":{"line":101,"column":0},"end":{"line":101,"column":40}},"101":{"start":{"line":102,"column":0},"end":{"line":102,"column":11}},"102":{"start":{"line":103,"column":0},"end":{"line":103,"column":20}},"103":{"start":{"line":104,"column":0},"end":{"line":104,"column":18}},"104":{"start":{"line":105,"column":0},"end":{"line":105,"column":25}},"105":{"start":{"line":106,"column":0},"end":{"line":106,"column":44}},"106":{"start":{"line":107,"column":0},"end":{"line":107,"column":9}},"107":{"start":{"line":108,"column":0},"end":{"line":108,"column":9}},"108":{"start":{"line":109,"column":0},"end":{"line":109,"column":5}},"109":{"start":{"line":110,"column":0},"end":{"line":110,"column":0}},"110":{"start":{"line":111,"column":0},"end":{"line":111,"column":54}},"111":{"start":{"line":112,"column":0},"end":{"line":112,"column":78}},"112":{"start":{"line":113,"column":0},"end":{"line":113,"column":0}},"113":{"start":{"line":114,"column":0},"end":{"line":114,"column":34}},"114":{"start":{"line":115,"column":0},"end":{"line":115,"column":42}},"115":{"start":{"line":116,"column":0},"end":{"line":116,"column":83}},"116":{"start":{"line":117,"column":0},"end":{"line":117,"column":21}},"117":{"start":{"line":118,"column":0},"end":{"line":118,"column":40}},"118":{"start":{"line":119,"column":0},"end":{"line":119,"column":11}},"119":{"start":{"line":120,"column":0},"end":{"line":120,"column":20}},"120":{"start":{"line":121,"column":0},"end":{"line":121,"column":18}},"121":{"start":{"line":122,"column":0},"end":{"line":122,"column":25}},"122":{"start":{"line":123,"column":0},"end":{"line":123,"column":44}},"123":{"start":{"line":124,"column":0},"end":{"line":124,"column":9}},"124":{"start":{"line":125,"column":0},"end":{"line":125,"column":9}},"125":{"start":{"line":126,"column":0},"end":{"line":126,"column":5}},"126":{"start":{"line":127,"column":0},"end":{"line":127,"column":0}},"127":{"start":{"line":128,"column":0},"end":{"line":128,"column":66}},"128":{"start":{"line":129,"column":0},"end":{"line":129,"column":62}},"129":{"start":{"line":130,"column":0},"end":{"line":130,"column":87}},"130":{"start":{"line":131,"column":0},"end":{"line":131,"column":21}},"131":{"start":{"line":132,"column":0},"end":{"line":132,"column":19}},"132":{"start":{"line":133,"column":0},"end":{"line":133,"column":17}},"133":{"start":{"line":134,"column":0},"end":{"line":134,"column":16}},"134":{"start":{"line":135,"column":0},"end":{"line":135,"column":17}},"135":{"start":{"line":136,"column":0},"end":{"line":136,"column":6}},"136":{"start":{"line":137,"column":0},"end":{"line":137,"column":0}},"137":{"start":{"line":138,"column":0},"end":{"line":138,"column":74}},"138":{"start":{"line":139,"column":0},"end":{"line":139,"column":28}},"139":{"start":{"line":140,"column":0},"end":{"line":140,"column":72}},"140":{"start":{"line":141,"column":0},"end":{"line":141,"column":0}},"141":{"start":{"line":142,"column":0},"end":{"line":142,"column":60}},"142":{"start":{"line":143,"column":0},"end":{"line":143,"column":56}},"143":{"start":{"line":144,"column":0},"end":{"line":144,"column":46}},"144":{"start":{"line":145,"column":0},"end":{"line":145,"column":110}},"145":{"start":{"line":146,"column":0},"end":{"line":146,"column":30}},"146":{"start":{"line":147,"column":0},"end":{"line":147,"column":25}},"147":{"start":{"line":148,"column":0},"end":{"line":148,"column":150}},"148":{"start":{"line":149,"column":0},"end":{"line":149,"column":11}},"149":{"start":{"line":150,"column":0},"end":{"line":150,"column":14}},"150":{"start":{"line":151,"column":0},"end":{"line":151,"column":7}},"151":{"start":{"line":152,"column":0},"end":{"line":152,"column":0}},"152":{"start":{"line":153,"column":0},"end":{"line":153,"column":55}},"153":{"start":{"line":154,"column":0},"end":{"line":154,"column":167}},"154":{"start":{"line":155,"column":0},"end":{"line":155,"column":0}},"155":{"start":{"line":156,"column":0},"end":{"line":156,"column":58}},"156":{"start":{"line":157,"column":0},"end":{"line":157,"column":6}},"157":{"start":{"line":158,"column":0},"end":{"line":158,"column":45}},"158":{"start":{"line":159,"column":0},"end":{"line":159,"column":59}},"159":{"start":{"line":160,"column":0},"end":{"line":160,"column":0}},"160":{"start":{"line":161,"column":0},"end":{"line":161,"column":50}},"161":{"start":{"line":162,"column":0},"end":{"line":162,"column":46}},"162":{"start":{"line":163,"column":0},"end":{"line":163,"column":44}},"163":{"start":{"line":164,"column":0},"end":{"line":164,"column":52}},"164":{"start":{"line":165,"column":0},"end":{"line":165,"column":0}},"165":{"start":{"line":166,"column":0},"end":{"line":166,"column":78}},"166":{"start":{"line":167,"column":0},"end":{"line":167,"column":82}},"167":{"start":{"line":168,"column":0},"end":{"line":168,"column":63}},"168":{"start":{"line":169,"column":0},"end":{"line":169,"column":7}},"169":{"start":{"line":170,"column":0},"end":{"line":170,"column":5}},"170":{"start":{"line":171,"column":0},"end":{"line":171,"column":0}},"171":{"start":{"line":172,"column":0},"end":{"line":172,"column":44}},"172":{"start":{"line":173,"column":0},"end":{"line":173,"column":153}},"173":{"start":{"line":174,"column":0},"end":{"line":174,"column":0}},"174":{"start":{"line":175,"column":0},"end":{"line":175,"column":40}},"175":{"start":{"line":176,"column":0},"end":{"line":176,"column":48}},"176":{"start":{"line":177,"column":0},"end":{"line":177,"column":17}},"177":{"start":{"line":178,"column":0},"end":{"line":178,"column":15}},"178":{"start":{"line":179,"column":0},"end":{"line":179,"column":51}},"179":{"start":{"line":180,"column":0},"end":{"line":180,"column":9}},"180":{"start":{"line":181,"column":0},"end":{"line":181,"column":18}},"181":{"start":{"line":182,"column":0},"end":{"line":182,"column":16}},"182":{"start":{"line":183,"column":0},"end":{"line":183,"column":23}},"183":{"start":{"line":184,"column":0},"end":{"line":184,"column":42}},"184":{"start":{"line":185,"column":0},"end":{"line":185,"column":7}},"185":{"start":{"line":186,"column":0},"end":{"line":186,"column":7}},"186":{"start":{"line":187,"column":0},"end":{"line":187,"column":0}},"187":{"start":{"line":188,"column":0},"end":{"line":188,"column":19}},"188":{"start":{"line":189,"column":0},"end":{"line":189,"column":59}},"189":{"start":{"line":190,"column":0},"end":{"line":190,"column":40}},"190":{"start":{"line":191,"column":0},"end":{"line":191,"column":45}},"191":{"start":{"line":192,"column":0},"end":{"line":192,"column":29}},"192":{"start":{"line":193,"column":0},"end":{"line":193,"column":51}},"193":{"start":{"line":194,"column":0},"end":{"line":194,"column":9}},"194":{"start":{"line":195,"column":0},"end":{"line":195,"column":18}},"195":{"start":{"line":196,"column":0},"end":{"line":196,"column":16}},"196":{"start":{"line":197,"column":0},"end":{"line":197,"column":23}},"197":{"start":{"line":198,"column":0},"end":{"line":198,"column":42}},"198":{"start":{"line":199,"column":0},"end":{"line":199,"column":7}},"199":{"start":{"line":200,"column":0},"end":{"line":200,"column":7}},"200":{"start":{"line":201,"column":0},"end":{"line":201,"column":3}},"201":{"start":{"line":202,"column":0},"end":{"line":202,"column":1}},"202":{"start":{"line":203,"column":0},"end":{"line":203,"column":0}},"203":{"start":{"line":204,"column":0},"end":{"line":204,"column":3}},"204":{"start":{"line":205,"column":0},"end":{"line":205,"column":38}},"205":{"start":{"line":206,"column":0},"end":{"line":206,"column":3}},"206":{"start":{"line":207,"column":0},"end":{"line":207,"column":41}},"207":{"start":{"line":208,"column":0},"end":{"line":208,"column":7}},"208":{"start":{"line":209,"column":0},"end":{"line":209,"column":20}},"209":{"start":{"line":210,"column":0},"end":{"line":210,"column":22}},"210":{"start":{"line":211,"column":0},"end":{"line":211,"column":0}},"211":{"start":{"line":212,"column":0},"end":{"line":212,"column":8}},"212":{"start":{"line":213,"column":0},"end":{"line":213,"column":71}},"213":{"start":{"line":214,"column":0},"end":{"line":214,"column":57}},"214":{"start":{"line":215,"column":0},"end":{"line":215,"column":67}},"215":{"start":{"line":216,"column":0},"end":{"line":216,"column":21}},"216":{"start":{"line":217,"column":0},"end":{"line":217,"column":0}},"217":{"start":{"line":218,"column":0},"end":{"line":218,"column":16}},"218":{"start":{"line":219,"column":0},"end":{"line":219,"column":19}},"219":{"start":{"line":220,"column":0},"end":{"line":220,"column":55}},"220":{"start":{"line":221,"column":0},"end":{"line":221,"column":14}},"221":{"start":{"line":222,"column":0},"end":{"line":222,"column":3}},"222":{"start":{"line":223,"column":0},"end":{"line":223,"column":1}},"223":{"start":{"line":224,"column":0},"end":{"line":224,"column":0}},"224":{"start":{"line":225,"column":0},"end":{"line":225,"column":3}},"225":{"start":{"line":226,"column":0},"end":{"line":226,"column":53}},"226":{"start":{"line":227,"column":0},"end":{"line":227,"column":3}},"227":{"start":{"line":228,"column":0},"end":{"line":228,"column":52}},"228":{"start":{"line":229,"column":0},"end":{"line":229,"column":7}},"229":{"start":{"line":230,"column":0},"end":{"line":230,"column":34}},"230":{"start":{"line":231,"column":0},"end":{"line":231,"column":4}},"231":{"start":{"line":232,"column":0},"end":{"line":232,"column":71}},"232":{"start":{"line":233,"column":0},"end":{"line":233,"column":64}},"233":{"start":{"line":234,"column":0},"end":{"line":234,"column":83}},"234":{"start":{"line":235,"column":0},"end":{"line":235,"column":4}},"235":{"start":{"line":236,"column":0},"end":{"line":236,"column":42}},"236":{"start":{"line":237,"column":0},"end":{"line":237,"column":22}},"237":{"start":{"line":238,"column":0},"end":{"line":238,"column":27}},"238":{"start":{"line":239,"column":0},"end":{"line":239,"column":4}},"239":{"start":{"line":240,"column":0},"end":{"line":240,"column":8}},"240":{"start":{"line":241,"column":0},"end":{"line":241,"column":60}},"241":{"start":{"line":242,"column":0},"end":{"line":242,"column":24}},"242":{"start":{"line":243,"column":0},"end":{"line":243,"column":22}},"243":{"start":{"line":244,"column":0},"end":{"line":244,"column":9}},"244":{"start":{"line":245,"column":0},"end":{"line":245,"column":6}},"245":{"start":{"line":246,"column":0},"end":{"line":246,"column":26}},"246":{"start":{"line":247,"column":0},"end":{"line":247,"column":40}},"247":{"start":{"line":248,"column":0},"end":{"line":248,"column":25}},"248":{"start":{"line":249,"column":0},"end":{"line":249,"column":38}},"249":{"start":{"line":250,"column":0},"end":{"line":250,"column":11}},"250":{"start":{"line":251,"column":0},"end":{"line":251,"column":11}},"251":{"start":{"line":252,"column":0},"end":{"line":252,"column":7}},"252":{"start":{"line":253,"column":0},"end":{"line":253,"column":6}},"253":{"start":{"line":254,"column":0},"end":{"line":254,"column":36}},"254":{"start":{"line":255,"column":0},"end":{"line":255,"column":21}},"255":{"start":{"line":256,"column":0},"end":{"line":256,"column":4}},"256":{"start":{"line":257,"column":0},"end":{"line":257,"column":74}},"257":{"start":{"line":258,"column":0},"end":{"line":258,"column":23}},"258":{"start":{"line":259,"column":0},"end":{"line":259,"column":19}},"259":{"start":{"line":260,"column":0},"end":{"line":260,"column":63}},"260":{"start":{"line":261,"column":0},"end":{"line":261,"column":59}},"261":{"start":{"line":262,"column":0},"end":{"line":262,"column":3}},"262":{"start":{"line":263,"column":0},"end":{"line":263,"column":1}},"263":{"start":{"line":264,"column":0},"end":{"line":264,"column":0}},"264":{"start":{"line":265,"column":0},"end":{"line":265,"column":3}},"265":{"start":{"line":266,"column":0},"end":{"line":266,"column":54}},"266":{"start":{"line":267,"column":0},"end":{"line":267,"column":3}},"267":{"start":{"line":268,"column":0},"end":{"line":268,"column":60}},"268":{"start":{"line":269,"column":0},"end":{"line":269,"column":7}},"269":{"start":{"line":270,"column":0},"end":{"line":270,"column":90}},"270":{"start":{"line":271,"column":0},"end":{"line":271,"column":4}},"271":{"start":{"line":272,"column":0},"end":{"line":272,"column":34}},"272":{"start":{"line":273,"column":0},"end":{"line":273,"column":66}},"273":{"start":{"line":274,"column":0},"end":{"line":274,"column":4}},"274":{"start":{"line":275,"column":0},"end":{"line":275,"column":54}},"275":{"start":{"line":276,"column":0},"end":{"line":276,"column":71}},"276":{"start":{"line":277,"column":0},"end":{"line":277,"column":4}},"277":{"start":{"line":278,"column":0},"end":{"line":278,"column":131}},"278":{"start":{"line":279,"column":0},"end":{"line":279,"column":4}},"279":{"start":{"line":280,"column":0},"end":{"line":280,"column":22}},"280":{"start":{"line":281,"column":0},"end":{"line":281,"column":19}},"281":{"start":{"line":282,"column":0},"end":{"line":282,"column":57}},"282":{"start":{"line":283,"column":0},"end":{"line":283,"column":65}},"283":{"start":{"line":284,"column":0},"end":{"line":284,"column":22}},"284":{"start":{"line":285,"column":0},"end":{"line":285,"column":3}},"285":{"start":{"line":286,"column":0},"end":{"line":286,"column":1}},"286":{"start":{"line":287,"column":0},"end":{"line":287,"column":0}},"287":{"start":{"line":288,"column":0},"end":{"line":288,"column":3}},"288":{"start":{"line":289,"column":0},"end":{"line":289,"column":54}},"289":{"start":{"line":290,"column":0},"end":{"line":290,"column":3}},"290":{"start":{"line":291,"column":0},"end":{"line":291,"column":46}},"291":{"start":{"line":292,"column":0},"end":{"line":292,"column":19}},"292":{"start":{"line":293,"column":0},"end":{"line":293,"column":17}},"293":{"start":{"line":294,"column":0},"end":{"line":294,"column":15}},"294":{"start":{"line":295,"column":0},"end":{"line":295,"column":14}},"295":{"start":{"line":296,"column":0},"end":{"line":296,"column":16}},"296":{"start":{"line":297,"column":0},"end":{"line":297,"column":22}},"297":{"start":{"line":298,"column":0},"end":{"line":298,"column":4}},"298":{"start":{"line":299,"column":0},"end":{"line":299,"column":0}},"299":{"start":{"line":300,"column":0},"end":{"line":300,"column":33}},"300":{"start":{"line":301,"column":0},"end":{"line":301,"column":9}},"301":{"start":{"line":302,"column":0},"end":{"line":302,"column":75}},"302":{"start":{"line":303,"column":0},"end":{"line":303,"column":59}},"303":{"start":{"line":304,"column":0},"end":{"line":304,"column":0}},"304":{"start":{"line":305,"column":0},"end":{"line":305,"column":58}},"305":{"start":{"line":306,"column":0},"end":{"line":306,"column":26}},"306":{"start":{"line":307,"column":0},"end":{"line":307,"column":76}},"307":{"start":{"line":308,"column":0},"end":{"line":308,"column":17}},"308":{"start":{"line":309,"column":0},"end":{"line":309,"column":7}},"309":{"start":{"line":310,"column":0},"end":{"line":310,"column":0}},"310":{"start":{"line":311,"column":0},"end":{"line":311,"column":45}},"311":{"start":{"line":312,"column":0},"end":{"line":312,"column":0}},"312":{"start":{"line":313,"column":0},"end":{"line":313,"column":49}},"313":{"start":{"line":314,"column":0},"end":{"line":314,"column":62}},"314":{"start":{"line":315,"column":0},"end":{"line":315,"column":0}},"315":{"start":{"line":316,"column":0},"end":{"line":316,"column":27}},"316":{"start":{"line":317,"column":0},"end":{"line":317,"column":26}},"317":{"start":{"line":318,"column":0},"end":{"line":318,"column":76}},"318":{"start":{"line":319,"column":0},"end":{"line":319,"column":17}},"319":{"start":{"line":320,"column":0},"end":{"line":320,"column":7}},"320":{"start":{"line":321,"column":0},"end":{"line":321,"column":0}},"321":{"start":{"line":322,"column":0},"end":{"line":322,"column":47}},"322":{"start":{"line":323,"column":0},"end":{"line":323,"column":71}},"323":{"start":{"line":324,"column":0},"end":{"line":324,"column":63}},"324":{"start":{"line":325,"column":0},"end":{"line":325,"column":0}},"325":{"start":{"line":326,"column":0},"end":{"line":326,"column":23}},"326":{"start":{"line":327,"column":0},"end":{"line":327,"column":25}},"327":{"start":{"line":328,"column":0},"end":{"line":328,"column":83}},"328":{"start":{"line":329,"column":0},"end":{"line":329,"column":17}},"329":{"start":{"line":330,"column":0},"end":{"line":330,"column":7}},"330":{"start":{"line":331,"column":0},"end":{"line":331,"column":0}},"331":{"start":{"line":332,"column":0},"end":{"line":332,"column":37}},"332":{"start":{"line":333,"column":0},"end":{"line":333,"column":75}},"333":{"start":{"line":334,"column":0},"end":{"line":334,"column":72}},"334":{"start":{"line":335,"column":0},"end":{"line":335,"column":0}},"335":{"start":{"line":336,"column":0},"end":{"line":336,"column":26}},"336":{"start":{"line":337,"column":0},"end":{"line":337,"column":57}},"337":{"start":{"line":338,"column":0},"end":{"line":338,"column":0}},"338":{"start":{"line":339,"column":0},"end":{"line":339,"column":21}},"339":{"start":{"line":340,"column":0},"end":{"line":340,"column":62}},"340":{"start":{"line":341,"column":0},"end":{"line":341,"column":23}},"341":{"start":{"line":342,"column":0},"end":{"line":342,"column":76}},"342":{"start":{"line":343,"column":0},"end":{"line":343,"column":5}},"343":{"start":{"line":344,"column":0},"end":{"line":344,"column":3}},"344":{"start":{"line":345,"column":0},"end":{"line":345,"column":0}},"345":{"start":{"line":346,"column":0},"end":{"line":346,"column":17}},"346":{"start":{"line":347,"column":0},"end":{"line":347,"column":1}},"347":{"start":{"line":348,"column":0},"end":{"line":348,"column":0}},"348":{"start":{"line":349,"column":0},"end":{"line":349,"column":3}},"349":{"start":{"line":350,"column":0},"end":{"line":350,"column":47}},"350":{"start":{"line":351,"column":0},"end":{"line":351,"column":3}},"351":{"start":{"line":352,"column":0},"end":{"line":352,"column":40}},"352":{"start":{"line":353,"column":0},"end":{"line":353,"column":7}},"353":{"start":{"line":354,"column":0},"end":{"line":354,"column":21}},"354":{"start":{"line":355,"column":0},"end":{"line":355,"column":0}},"355":{"start":{"line":356,"column":0},"end":{"line":356,"column":85}},"356":{"start":{"line":357,"column":0},"end":{"line":357,"column":45}},"357":{"start":{"line":358,"column":0},"end":{"line":358,"column":0}},"358":{"start":{"line":359,"column":0},"end":{"line":359,"column":23}},"359":{"start":{"line":360,"column":0},"end":{"line":360,"column":46}},"360":{"start":{"line":361,"column":0},"end":{"line":361,"column":54}},"361":{"start":{"line":362,"column":0},"end":{"line":362,"column":5}},"362":{"start":{"line":363,"column":0},"end":{"line":363,"column":0}},"363":{"start":{"line":364,"column":0},"end":{"line":364,"column":22}},"364":{"start":{"line":365,"column":0},"end":{"line":365,"column":33}},"365":{"start":{"line":366,"column":0},"end":{"line":366,"column":41}},"366":{"start":{"line":367,"column":0},"end":{"line":367,"column":5}},"367":{"start":{"line":368,"column":0},"end":{"line":368,"column":0}},"368":{"start":{"line":369,"column":0},"end":{"line":369,"column":22}},"369":{"start":{"line":370,"column":0},"end":{"line":370,"column":74}},"370":{"start":{"line":371,"column":0},"end":{"line":371,"column":48}},"371":{"start":{"line":372,"column":0},"end":{"line":372,"column":79}},"372":{"start":{"line":373,"column":0},"end":{"line":373,"column":34}},"373":{"start":{"line":374,"column":0},"end":{"line":374,"column":20}},"374":{"start":{"line":375,"column":0},"end":{"line":375,"column":24}},"375":{"start":{"line":376,"column":0},"end":{"line":376,"column":50}},"376":{"start":{"line":377,"column":0},"end":{"line":377,"column":7}},"377":{"start":{"line":378,"column":0},"end":{"line":378,"column":5}},"378":{"start":{"line":379,"column":0},"end":{"line":379,"column":0}},"379":{"start":{"line":380,"column":0},"end":{"line":380,"column":23}},"380":{"start":{"line":381,"column":0},"end":{"line":381,"column":76}},"381":{"start":{"line":382,"column":0},"end":{"line":382,"column":50}},"382":{"start":{"line":383,"column":0},"end":{"line":383,"column":71}},"383":{"start":{"line":384,"column":0},"end":{"line":384,"column":36}},"384":{"start":{"line":385,"column":0},"end":{"line":385,"column":19}},"385":{"start":{"line":386,"column":0},"end":{"line":386,"column":25}},"386":{"start":{"line":387,"column":0},"end":{"line":387,"column":52}},"387":{"start":{"line":388,"column":0},"end":{"line":388,"column":7}},"388":{"start":{"line":389,"column":0},"end":{"line":389,"column":5}},"389":{"start":{"line":390,"column":0},"end":{"line":390,"column":0}},"390":{"start":{"line":391,"column":0},"end":{"line":391,"column":23}},"391":{"start":{"line":392,"column":0},"end":{"line":392,"column":53}},"392":{"start":{"line":393,"column":0},"end":{"line":393,"column":74}},"393":{"start":{"line":394,"column":0},"end":{"line":394,"column":5}},"394":{"start":{"line":395,"column":0},"end":{"line":395,"column":0}},"395":{"start":{"line":396,"column":0},"end":{"line":396,"column":20}},"396":{"start":{"line":397,"column":0},"end":{"line":397,"column":54}},"397":{"start":{"line":398,"column":0},"end":{"line":398,"column":78}},"398":{"start":{"line":399,"column":0},"end":{"line":399,"column":5}},"399":{"start":{"line":400,"column":0},"end":{"line":400,"column":0}},"400":{"start":{"line":401,"column":0},"end":{"line":401,"column":24}},"401":{"start":{"line":402,"column":0},"end":{"line":402,"column":30}},"402":{"start":{"line":403,"column":0},"end":{"line":403,"column":57}},"403":{"start":{"line":404,"column":0},"end":{"line":404,"column":40}},"404":{"start":{"line":405,"column":0},"end":{"line":405,"column":30}},"405":{"start":{"line":406,"column":0},"end":{"line":406,"column":42}},"406":{"start":{"line":407,"column":0},"end":{"line":407,"column":5}},"407":{"start":{"line":408,"column":0},"end":{"line":408,"column":0}},"408":{"start":{"line":409,"column":0},"end":{"line":409,"column":75}},"409":{"start":{"line":410,"column":0},"end":{"line":410,"column":19}},"410":{"start":{"line":411,"column":0},"end":{"line":411,"column":61}},"411":{"start":{"line":412,"column":0},"end":{"line":412,"column":14}},"412":{"start":{"line":413,"column":0},"end":{"line":413,"column":3}},"413":{"start":{"line":414,"column":0},"end":{"line":414,"column":1}},"414":{"start":{"line":415,"column":0},"end":{"line":415,"column":0}},"415":{"start":{"line":416,"column":0},"end":{"line":416,"column":3}},"416":{"start":{"line":417,"column":0},"end":{"line":417,"column":41}},"417":{"start":{"line":418,"column":0},"end":{"line":418,"column":3}},"418":{"start":{"line":419,"column":0},"end":{"line":419,"column":51}},"419":{"start":{"line":420,"column":0},"end":{"line":420,"column":7}},"420":{"start":{"line":421,"column":0},"end":{"line":421,"column":72}},"421":{"start":{"line":422,"column":0},"end":{"line":422,"column":16}},"422":{"start":{"line":423,"column":0},"end":{"line":423,"column":7}},"423":{"start":{"line":424,"column":0},"end":{"line":424,"column":0}},"424":{"start":{"line":425,"column":0},"end":{"line":425,"column":71}},"425":{"start":{"line":426,"column":0},"end":{"line":426,"column":30}},"426":{"start":{"line":427,"column":0},"end":{"line":427,"column":5}},"427":{"start":{"line":428,"column":0},"end":{"line":428,"column":0}},"428":{"start":{"line":429,"column":0},"end":{"line":429,"column":59}},"429":{"start":{"line":430,"column":0},"end":{"line":430,"column":16}},"430":{"start":{"line":431,"column":0},"end":{"line":431,"column":19}},"431":{"start":{"line":432,"column":0},"end":{"line":432,"column":56}},"432":{"start":{"line":433,"column":0},"end":{"line":433,"column":16}},"433":{"start":{"line":434,"column":0},"end":{"line":434,"column":3}},"434":{"start":{"line":435,"column":0},"end":{"line":435,"column":1}},"435":{"start":{"line":436,"column":0},"end":{"line":436,"column":0}},"436":{"start":{"line":437,"column":0},"end":{"line":437,"column":3}},"437":{"start":{"line":438,"column":0},"end":{"line":438,"column":31}},"438":{"start":{"line":439,"column":0},"end":{"line":439,"column":3}},"439":{"start":{"line":440,"column":0},"end":{"line":440,"column":79}},"440":{"start":{"line":441,"column":0},"end":{"line":441,"column":7}},"441":{"start":{"line":442,"column":0},"end":{"line":442,"column":85}},"442":{"start":{"line":443,"column":0},"end":{"line":443,"column":47}},"443":{"start":{"line":444,"column":0},"end":{"line":444,"column":0}},"444":{"start":{"line":445,"column":0},"end":{"line":445,"column":33}},"445":{"start":{"line":446,"column":0},"end":{"line":446,"column":19}},"446":{"start":{"line":447,"column":0},"end":{"line":447,"column":24}},"447":{"start":{"line":448,"column":0},"end":{"line":448,"column":17}},"448":{"start":{"line":449,"column":0},"end":{"line":449,"column":60}},"449":{"start":{"line":450,"column":0},"end":{"line":450,"column":64}},"450":{"start":{"line":451,"column":0},"end":{"line":451,"column":46}},"451":{"start":{"line":452,"column":0},"end":{"line":452,"column":32}},"452":{"start":{"line":453,"column":0},"end":{"line":453,"column":38}},"453":{"start":{"line":454,"column":0},"end":{"line":454,"column":38}},"454":{"start":{"line":455,"column":0},"end":{"line":455,"column":40}},"455":{"start":{"line":456,"column":0},"end":{"line":456,"column":58}},"456":{"start":{"line":457,"column":0},"end":{"line":457,"column":44}},"457":{"start":{"line":458,"column":0},"end":{"line":458,"column":42}},"458":{"start":{"line":459,"column":0},"end":{"line":459,"column":46}},"459":{"start":{"line":460,"column":0},"end":{"line":460,"column":43}},"460":{"start":{"line":461,"column":0},"end":{"line":461,"column":7}},"461":{"start":{"line":462,"column":0},"end":{"line":462,"column":8}},"462":{"start":{"line":463,"column":0},"end":{"line":463,"column":19}},"463":{"start":{"line":464,"column":0},"end":{"line":464,"column":69}},"464":{"start":{"line":465,"column":0},"end":{"line":465,"column":16}},"465":{"start":{"line":466,"column":0},"end":{"line":466,"column":3}},"466":{"start":{"line":467,"column":0},"end":{"line":467,"column":1}}},"s":{"0":1,"1":1,"2":1,"3":0,"4":0,"5":0,"6":0,"7":0,"8":0,"9":0,"10":0,"11":0,"12":0,"13":0,"14":0,"15":0,"16":0,"17":0,"18":0,"19":0,"20":0,"21":0,"22":0,"23":0,"24":0,"25":0,"26":0,"27":0,"28":0,"29":0,"30":0,"31":0,"32":0,"33":0,"34":0,"35":0,"36":0,"37":1,"38":1,"39":1,"40":1,"41":5,"42":5,"43":5,"44":5,"45":1,"46":1,"47":4,"48":4,"49":4,"50":4,"51":4,"52":4,"53":5,"54":0,"55":0,"56":0,"57":0,"58":0,"59":0,"60":0,"61":0,"62":4,"63":4,"64":5,"65":0,"66":0,"67":0,"68":5,"69":1,"70":1,"71":1,"72":1,"73":1,"74":12,"75":12,"76":12,"77":12,"78":12,"79":12,"80":12,"81":12,"82":12,"83":12,"84":12,"85":0,"86":0,"87":12,"88":12,"89":12,"90":12,"91":12,"92":12,"93":12,"94":12,"95":12,"96":12,"97":7,"98":7,"99":7,"100":7,"101":7,"102":7,"103":7,"104":7,"105":7,"106":7,"107":7,"108":7,"109":5,"110":5,"111":5,"112":5,"113":12,"114":1,"115":1,"116":1,"117":1,"118":1,"119":1,"120":1,"121":1,"122":1,"123":1,"124":1,"125":1,"126":4,"127":4,"128":4,"129":12,"130":12,"131":12,"132":12,"133":12,"134":12,"135":12,"136":12,"137":12,"138":12,"139":12,"140":12,"141":12,"142":4,"143":4,"144":0,"145":0,"146":0,"147":0,"148":0,"149":0,"150":0,"151":4,"152":4,"153":4,"154":4,"155":4,"156":4,"157":4,"158":4,"159":4,"160":4,"161":4,"162":4,"163":4,"164":4,"165":4,"166":4,"167":0,"168":0,"169":4,"170":4,"171":4,"172":4,"173":4,"174":4,"175":4,"176":4,"177":4,"178":12,"179":12,"180":12,"181":12,"182":12,"183":12,"184":12,"185":12,"186":12,"187":12,"188":0,"189":0,"190":0,"191":0,"192":0,"193":0,"194":0,"195":0,"196":0,"197":0,"198":0,"199":0,"200":0,"201":12,"202":1,"203":1,"204":1,"205":1,"206":12,"207":12,"208":12,"209":12,"210":12,"211":12,"212":12,"213":10,"214":12,"215":12,"216":10,"217":10,"218":12,"219":2,"220":2,"221":2,"222":12,"223":1,"224":1,"225":1,"226":1,"227":5,"228":5,"229":5,"230":5,"231":5,"232":5,"233":5,"234":5,"235":5,"236":5,"237":5,"238":5,"239":5,"240":5,"241":5,"242":5,"243":5,"244":5,"245":5,"246":4,"247":1,"248":1,"249":1,"250":4,"251":4,"252":4,"253":5,"254":5,"255":4,"256":4,"257":4,"258":5,"259":1,"260":1,"261":1,"262":5,"263":1,"264":1,"265":1,"266":1,"267":5,"268":5,"269":5,"270":5,"271":5,"272":5,"273":5,"274":5,"275":5,"276":5,"277":5,"278":5,"279":5,"280":5,"281":0,"282":0,"283":0,"284":0,"285":5,"286":1,"287":1,"288":1,"289":1,"290":4,"291":4,"292":4,"293":4,"294":4,"295":4,"296":4,"297":4,"298":4,"299":4,"300":5,"301":5,"302":5,"303":5,"304":5,"305":1,"306":1,"307":1,"308":1,"309":4,"310":4,"311":4,"312":4,"313":4,"314":4,"315":5,"316":0,"317":0,"318":0,"319":0,"320":4,"321":4,"322":4,"323":4,"324":4,"325":5,"326":1,"327":1,"328":1,"329":1,"330":3,"331":3,"332":3,"333":3,"334":3,"335":3,"336":3,"337":3,"338":5,"339":0,"340":0,"341":0,"342":0,"343":5,"344":4,"345":4,"346":4,"347":1,"348":1,"349":1,"350":1,"351":4,"352":4,"353":4,"354":4,"355":4,"356":4,"357":4,"358":4,"359":4,"360":4,"361":4,"362":4,"363":4,"364":4,"365":4,"366":4,"367":4,"368":4,"369":4,"370":4,"371":4,"372":4,"373":4,"374":4,"375":4,"376":4,"377":4,"378":4,"379":4,"380":4,"381":4,"382":4,"383":4,"384":4,"385":4,"386":4,"387":4,"388":4,"389":4,"390":4,"391":4,"392":3,"393":3,"394":4,"395":4,"396":4,"397":3,"398":3,"399":4,"400":4,"401":4,"402":0,"403":0,"404":0,"405":0,"406":0,"407":4,"408":4,"409":4,"410":0,"411":0,"412":0,"413":4,"414":1,"415":1,"416":1,"417":1,"418":4,"419":4,"420":4,"421":4,"422":4,"423":3,"424":4,"425":3,"426":3,"427":0,"428":0,"429":0,"430":3,"431":1,"432":1,"433":1,"434":4,"435":1,"436":1,"437":1,"438":1,"439":3,"440":3,"441":3,"442":3,"443":3,"444":3,"445":3,"446":3,"447":3,"448":3,"449":3,"450":3,"451":3,"452":3,"453":3,"454":3,"455":3,"456":3,"457":3,"458":3,"459":3,"460":3,"461":3,"462":3,"463":0,"464":0,"465":0,"466":3},"branchMap":{"0":{"type":"branch","line":42,"loc":{"start":{"line":42,"column":0},"end":{"line":69,"column":1}},"locations":[{"start":{"line":42,"column":0},"end":{"line":69,"column":1}}]},"1":{"type":"branch","line":45,"loc":{"start":{"line":45,"column":21},"end":{"line":47,"column":5}},"locations":[{"start":{"line":45,"column":21},"end":{"line":47,"column":5}}]},"2":{"type":"branch","line":47,"loc":{"start":{"line":47,"column":4},"end":{"line":54,"column":6}},"locations":[{"start":{"line":47,"column":4},"end":{"line":54,"column":6}}]},"3":{"type":"branch","line":54,"loc":{"start":{"line":54,"column":6},"end":{"line":62,"column":5}},"locations":[{"start":{"line":54,"column":6},"end":{"line":62,"column":5}}]},"4":{"type":"branch","line":62,"loc":{"start":{"line":62,"column":4},"end":{"line":65,"column":4}},"locations":[{"start":{"line":62,"column":4},"end":{"line":65,"column":4}}]},"5":{"type":"branch","line":65,"loc":{"start":{"line":65,"column":4},"end":{"line":68,"column":3}},"locations":[{"start":{"line":65,"column":4},"end":{"line":68,"column":3}}]},"6":{"type":"branch","line":74,"loc":{"start":{"line":74,"column":7},"end":{"line":202,"column":1}},"locations":[{"start":{"line":74,"column":7},"end":{"line":202,"column":1}}]},"7":{"type":"branch","line":79,"loc":{"start":{"line":79,"column":60},"end":{"line":79,"column":65}},"locations":[{"start":{"line":79,"column":60},"end":{"line":79,"column":65}}]},"8":{"type":"branch","line":85,"loc":{"start":{"line":85,"column":8},"end":{"line":87,"column":7}},"locations":[{"start":{"line":85,"column":8},"end":{"line":87,"column":7}}]},"9":{"type":"branch","line":91,"loc":{"start":{"line":91,"column":62},"end":{"line":91,"column":75}},"locations":[{"start":{"line":91,"column":62},"end":{"line":91,"column":75}}]},"10":{"type":"branch","line":91,"loc":{"start":{"line":91,"column":76},"end":{"line":91,"column":86}},"locations":[{"start":{"line":91,"column":76},"end":{"line":91,"column":86}}]},"11":{"type":"branch","line":97,"loc":{"start":{"line":97,"column":33},"end":{"line":114,"column":33}},"locations":[{"start":{"line":97,"column":33},"end":{"line":114,"column":33}}]},"12":{"type":"branch","line":97,"loc":{"start":{"line":97,"column":33},"end":{"line":109,"column":5}},"locations":[{"start":{"line":97,"column":33},"end":{"line":109,"column":5}}]},"13":{"type":"branch","line":109,"loc":{"start":{"line":109,"column":4},"end":{"line":114,"column":33}},"locations":[{"start":{"line":109,"column":4},"end":{"line":114,"column":33}}]},"14":{"type":"branch","line":114,"loc":{"start":{"line":114,"column":33},"end":{"line":126,"column":5}},"locations":[{"start":{"line":114,"column":33},"end":{"line":126,"column":5}}]},"15":{"type":"branch","line":126,"loc":{"start":{"line":126,"column":4},"end":{"line":130,"column":34}},"locations":[{"start":{"line":126,"column":4},"end":{"line":130,"column":34}}]},"16":{"type":"branch","line":130,"loc":{"start":{"line":130,"column":34},"end":{"line":130,"column":37}},"locations":[{"start":{"line":130,"column":34},"end":{"line":130,"column":37}}]},"17":{"type":"branch","line":130,"loc":{"start":{"line":130,"column":38},"end":{"line":130,"column":41}},"locations":[{"start":{"line":130,"column":38},"end":{"line":130,"column":41}}]},"18":{"type":"branch","line":140,"loc":{"start":{"line":140,"column":39},"end":{"line":140,"column":43}},"locations":[{"start":{"line":140,"column":39},"end":{"line":140,"column":43}}]},"19":{"type":"branch","line":140,"loc":{"start":{"line":140,"column":44},"end":{"line":140,"column":48}},"locations":[{"start":{"line":140,"column":44},"end":{"line":140,"column":48}}]},"20":{"type":"branch","line":142,"loc":{"start":{"line":142,"column":59},"end":{"line":179,"column":35}},"locations":[{"start":{"line":142,"column":59},"end":{"line":179,"column":35}}]},"21":{"type":"branch","line":144,"loc":{"start":{"line":144,"column":45},"end":{"line":151,"column":7}},"locations":[{"start":{"line":144,"column":45},"end":{"line":151,"column":7}}]},"22":{"type":"branch","line":159,"loc":{"start":{"line":159,"column":54},"end":{"line":159,"column":58}},"locations":[{"start":{"line":159,"column":54},"end":{"line":159,"column":58}}]},"23":{"type":"branch","line":167,"loc":{"start":{"line":167,"column":44},"end":{"line":167,"column":79}},"locations":[{"start":{"line":167,"column":44},"end":{"line":167,"column":79}}]},"24":{"type":"branch","line":167,"loc":{"start":{"line":167,"column":81},"end":{"line":169,"column":7}},"locations":[{"start":{"line":167,"column":81},"end":{"line":169,"column":7}}]},"25":{"type":"branch","line":179,"loc":{"start":{"line":179,"column":35},"end":{"line":179,"column":51}},"locations":[{"start":{"line":179,"column":35},"end":{"line":179,"column":51}}]},"26":{"type":"branch","line":188,"loc":{"start":{"line":188,"column":4},"end":{"line":201,"column":3}},"locations":[{"start":{"line":188,"column":4},"end":{"line":201,"column":3}}]},"27":{"type":"branch","line":207,"loc":{"start":{"line":207,"column":0},"end":{"line":223,"column":1}},"locations":[{"start":{"line":207,"column":0},"end":{"line":223,"column":1}}]},"28":{"type":"branch","line":213,"loc":{"start":{"line":213,"column":70},"end":{"line":215,"column":46}},"locations":[{"start":{"line":213,"column":70},"end":{"line":215,"column":46}}]},"29":{"type":"branch","line":215,"loc":{"start":{"line":215,"column":47},"end":{"line":215,"column":66}},"locations":[{"start":{"line":215,"column":47},"end":{"line":215,"column":66}}]},"30":{"type":"branch","line":216,"loc":{"start":{"line":216,"column":5},"end":{"line":219,"column":4}},"locations":[{"start":{"line":216,"column":5},"end":{"line":219,"column":4}}]},"31":{"type":"branch","line":219,"loc":{"start":{"line":219,"column":4},"end":{"line":222,"column":3}},"locations":[{"start":{"line":219,"column":4},"end":{"line":222,"column":3}}]},"32":{"type":"branch","line":214,"loc":{"start":{"line":214,"column":39},"end":{"line":214,"column":54}},"locations":[{"start":{"line":214,"column":39},"end":{"line":214,"column":54}}]},"33":{"type":"branch","line":228,"loc":{"start":{"line":228,"column":0},"end":{"line":263,"column":1}},"locations":[{"start":{"line":228,"column":0},"end":{"line":263,"column":1}}]},"34":{"type":"branch","line":246,"loc":{"start":{"line":246,"column":25},"end":{"line":254,"column":35}},"locations":[{"start":{"line":246,"column":25},"end":{"line":254,"column":35}}]},"35":{"type":"branch","line":255,"loc":{"start":{"line":255,"column":5},"end":{"line":259,"column":4}},"locations":[{"start":{"line":255,"column":5},"end":{"line":259,"column":4}}]},"36":{"type":"branch","line":259,"loc":{"start":{"line":259,"column":4},"end":{"line":262,"column":3}},"locations":[{"start":{"line":259,"column":4},"end":{"line":262,"column":3}}]},"37":{"type":"branch","line":247,"loc":{"start":{"line":247,"column":30},"end":{"line":251,"column":9}},"locations":[{"start":{"line":247,"column":30},"end":{"line":251,"column":9}}]},"38":{"type":"branch","line":268,"loc":{"start":{"line":268,"column":0},"end":{"line":286,"column":1}},"locations":[{"start":{"line":268,"column":0},"end":{"line":286,"column":1}}]},"39":{"type":"branch","line":281,"loc":{"start":{"line":281,"column":4},"end":{"line":285,"column":3}},"locations":[{"start":{"line":281,"column":4},"end":{"line":285,"column":3}}]},"40":{"type":"branch","line":276,"loc":{"start":{"line":276,"column":41},"end":{"line":276,"column":69}},"locations":[{"start":{"line":276,"column":41},"end":{"line":276,"column":69}}]},"41":{"type":"branch","line":291,"loc":{"start":{"line":291,"column":0},"end":{"line":347,"column":1}},"locations":[{"start":{"line":291,"column":0},"end":{"line":347,"column":1}}]},"42":{"type":"branch","line":300,"loc":{"start":{"line":300,"column":32},"end":{"line":344,"column":3}},"locations":[{"start":{"line":300,"column":32},"end":{"line":344,"column":3}}]},"43":{"type":"branch","line":305,"loc":{"start":{"line":305,"column":32},"end":{"line":305,"column":55}},"locations":[{"start":{"line":305,"column":32},"end":{"line":305,"column":55}}]},"44":{"type":"branch","line":305,"loc":{"start":{"line":305,"column":57},"end":{"line":309,"column":7}},"locations":[{"start":{"line":305,"column":57},"end":{"line":309,"column":7}}]},"45":{"type":"branch","line":309,"loc":{"start":{"line":309,"column":6},"end":{"line":316,"column":26}},"locations":[{"start":{"line":309,"column":6},"end":{"line":316,"column":26}}]},"46":{"type":"branch","line":316,"loc":{"start":{"line":316,"column":26},"end":{"line":320,"column":7}},"locations":[{"start":{"line":316,"column":26},"end":{"line":320,"column":7}}]},"47":{"type":"branch","line":320,"loc":{"start":{"line":320,"column":6},"end":{"line":326,"column":22}},"locations":[{"start":{"line":320,"column":6},"end":{"line":326,"column":22}}]},"48":{"type":"branch","line":326,"loc":{"start":{"line":326,"column":22},"end":{"line":330,"column":7}},"locations":[{"start":{"line":326,"column":22},"end":{"line":330,"column":7}}]},"49":{"type":"branch","line":330,"loc":{"start":{"line":330,"column":6},"end":{"line":339,"column":6}},"locations":[{"start":{"line":330,"column":6},"end":{"line":339,"column":6}}]},"50":{"type":"branch","line":339,"loc":{"start":{"line":339,"column":6},"end":{"line":343,"column":5}},"locations":[{"start":{"line":339,"column":6},"end":{"line":343,"column":5}}]},"51":{"type":"branch","line":352,"loc":{"start":{"line":352,"column":0},"end":{"line":414,"column":1}},"locations":[{"start":{"line":352,"column":0},"end":{"line":414,"column":1}}]},"52":{"type":"branch","line":357,"loc":{"start":{"line":357,"column":35},"end":{"line":357,"column":44}},"locations":[{"start":{"line":357,"column":35},"end":{"line":357,"column":44}}]},"53":{"type":"branch","line":360,"loc":{"start":{"line":360,"column":24},"end":{"line":360,"column":43}},"locations":[{"start":{"line":360,"column":24},"end":{"line":360,"column":43}}]},"54":{"type":"branch","line":361,"loc":{"start":{"line":361,"column":33},"end":{"line":361,"column":52}},"locations":[{"start":{"line":361,"column":33},"end":{"line":361,"column":52}}]},"55":{"type":"branch","line":392,"loc":{"start":{"line":392,"column":31},"end":{"line":392,"column":50}},"locations":[{"start":{"line":392,"column":31},"end":{"line":392,"column":50}}]},"56":{"type":"branch","line":392,"loc":{"start":{"line":392,"column":52},"end":{"line":394,"column":5}},"locations":[{"start":{"line":392,"column":52},"end":{"line":394,"column":5}}]},"57":{"type":"branch","line":393,"loc":{"start":{"line":393,"column":51},"end":{"line":393,"column":70}},"locations":[{"start":{"line":393,"column":51},"end":{"line":393,"column":70}}]},"58":{"type":"branch","line":397,"loc":{"start":{"line":397,"column":29},"end":{"line":397,"column":51}},"locations":[{"start":{"line":397,"column":29},"end":{"line":397,"column":51}}]},"59":{"type":"branch","line":397,"loc":{"start":{"line":397,"column":53},"end":{"line":399,"column":5}},"locations":[{"start":{"line":397,"column":53},"end":{"line":399,"column":5}}]},"60":{"type":"branch","line":398,"loc":{"start":{"line":398,"column":52},"end":{"line":398,"column":74}},"locations":[{"start":{"line":398,"column":52},"end":{"line":398,"column":74}}]},"61":{"type":"branch","line":402,"loc":{"start":{"line":402,"column":29},"end":{"line":407,"column":5}},"locations":[{"start":{"line":402,"column":29},"end":{"line":407,"column":5}}]},"62":{"type":"branch","line":410,"loc":{"start":{"line":410,"column":4},"end":{"line":413,"column":3}},"locations":[{"start":{"line":410,"column":4},"end":{"line":413,"column":3}}]},"63":{"type":"branch","line":372,"loc":{"start":{"line":372,"column":13},"end":{"line":372,"column":78}},"locations":[{"start":{"line":372,"column":13},"end":{"line":372,"column":78}}]},"64":{"type":"branch","line":372,"loc":{"start":{"line":372,"column":50},"end":{"line":372,"column":78}},"locations":[{"start":{"line":372,"column":50},"end":{"line":372,"column":78}}]},"65":{"type":"branch","line":373,"loc":{"start":{"line":373,"column":16},"end":{"line":373,"column":33}},"locations":[{"start":{"line":373,"column":16},"end":{"line":373,"column":33}}]},"66":{"type":"branch","line":383,"loc":{"start":{"line":383,"column":13},"end":{"line":383,"column":70}},"locations":[{"start":{"line":383,"column":13},"end":{"line":383,"column":70}}]},"67":{"type":"branch","line":383,"loc":{"start":{"line":383,"column":53},"end":{"line":383,"column":70}},"locations":[{"start":{"line":383,"column":53},"end":{"line":383,"column":70}}]},"68":{"type":"branch","line":384,"loc":{"start":{"line":384,"column":16},"end":{"line":384,"column":35}},"locations":[{"start":{"line":384,"column":16},"end":{"line":384,"column":35}}]},"69":{"type":"branch","line":419,"loc":{"start":{"line":419,"column":0},"end":{"line":435,"column":1}},"locations":[{"start":{"line":419,"column":0},"end":{"line":435,"column":1}}]},"70":{"type":"branch","line":423,"loc":{"start":{"line":423,"column":6},"end":{"line":425,"column":33}},"locations":[{"start":{"line":423,"column":6},"end":{"line":425,"column":33}}]},"71":{"type":"branch","line":425,"loc":{"start":{"line":425,"column":34},"end":{"line":425,"column":68}},"locations":[{"start":{"line":425,"column":34},"end":{"line":425,"column":68}}]},"72":{"type":"branch","line":425,"loc":{"start":{"line":425,"column":70},"end":{"line":434,"column":3}},"locations":[{"start":{"line":425,"column":70},"end":{"line":434,"column":3}}]},"73":{"type":"branch","line":427,"loc":{"start":{"line":427,"column":4},"end":{"line":431,"column":4}},"locations":[{"start":{"line":427,"column":4},"end":{"line":431,"column":4}}]},"74":{"type":"branch","line":431,"loc":{"start":{"line":431,"column":4},"end":{"line":434,"column":3}},"locations":[{"start":{"line":431,"column":4},"end":{"line":434,"column":3}}]},"75":{"type":"branch","line":440,"loc":{"start":{"line":440,"column":0},"end":{"line":467,"column":1}},"locations":[{"start":{"line":440,"column":0},"end":{"line":467,"column":1}}]},"76":{"type":"branch","line":443,"loc":{"start":{"line":443,"column":33},"end":{"line":443,"column":46}},"locations":[{"start":{"line":443,"column":33},"end":{"line":443,"column":46}}]},"77":{"type":"branch","line":449,"loc":{"start":{"line":449,"column":25},"end":{"line":449,"column":38}},"locations":[{"start":{"line":449,"column":25},"end":{"line":449,"column":38}}]},"78":{"type":"branch","line":449,"loc":{"start":{"line":449,"column":39},"end":{"line":449,"column":59}},"locations":[{"start":{"line":449,"column":39},"end":{"line":449,"column":59}}]},"79":{"type":"branch","line":450,"loc":{"start":{"line":450,"column":39},"end":{"line":450,"column":44}},"locations":[{"start":{"line":450,"column":39},"end":{"line":450,"column":44}}]},"80":{"type":"branch","line":451,"loc":{"start":{"line":451,"column":28},"end":{"line":451,"column":39}},"locations":[{"start":{"line":451,"column":28},"end":{"line":451,"column":39}}]},"81":{"type":"branch","line":451,"loc":{"start":{"line":451,"column":40},"end":{"line":451,"column":45}},"locations":[{"start":{"line":451,"column":40},"end":{"line":451,"column":45}}]},"82":{"type":"branch","line":455,"loc":{"start":{"line":455,"column":34},"end":{"line":455,"column":39}},"locations":[{"start":{"line":455,"column":34},"end":{"line":455,"column":39}}]},"83":{"type":"branch","line":456,"loc":{"start":{"line":456,"column":38},"end":{"line":456,"column":51}},"locations":[{"start":{"line":456,"column":38},"end":{"line":456,"column":51}}]},"84":{"type":"branch","line":456,"loc":{"start":{"line":456,"column":52},"end":{"line":456,"column":57}},"locations":[{"start":{"line":456,"column":52},"end":{"line":456,"column":57}}]},"85":{"type":"branch","line":459,"loc":{"start":{"line":459,"column":40},"end":{"line":459,"column":45}},"locations":[{"start":{"line":459,"column":40},"end":{"line":459,"column":45}}]},"86":{"type":"branch","line":463,"loc":{"start":{"line":463,"column":4},"end":{"line":466,"column":3}},"locations":[{"start":{"line":463,"column":4},"end":{"line":466,"column":3}}]}},"b":{"0":[5],"1":[1],"2":[4],"3":[0],"4":[4],"5":[0],"6":[12],"7":[0],"8":[0],"9":[3],"10":[9],"11":[8],"12":[7],"13":[5],"14":[1],"15":[4],"16":[0],"17":[4],"18":[0],"19":[4],"20":[4],"21":[0],"22":[1],"23":[0],"24":[0],"25":[0],"26":[0],"27":[12],"28":[10],"29":[0],"30":[10],"31":[2],"32":[6],"33":[5],"34":[4],"35":[4],"36":[1],"37":[1],"38":[5],"39":[0],"40":[6],"41":[4],"42":[5],"43":[4],"44":[1],"45":[4],"46":[0],"47":[4],"48":[1],"49":[3],"50":[0],"51":[4],"52":[0],"53":[0],"54":[0],"55":[1],"56":[3],"57":[0],"58":[1],"59":[3],"60":[0],"61":[0],"62":[0],"63":[9],"64":[0],"65":[9],"66":[9],"67":[0],"68":[9],"69":[4],"70":[3],"71":[3],"72":[3],"73":[0],"74":[1],"75":[3],"76":[0],"77":[0],"78":[0],"79":[0],"80":[0],"81":[0],"82":[1],"83":[1],"84":[1],"85":[0],"86":[0]},"fnMap":{"0":{"name":"decompressData","decl":{"start":{"line":4,"column":0},"end":{"line":37,"column":1}},"loc":{"start":{"line":4,"column":0},"end":{"line":37,"column":1}},"line":4},"1":{"name":"getRecipeFromKV","decl":{"start":{"line":42,"column":0},"end":{"line":69,"column":1}},"loc":{"start":{"line":42,"column":0},"end":{"line":69,"column":1}},"line":42},"2":{"name":"handleEmbedding","decl":{"start":{"line":74,"column":7},"end":{"line":202,"column":1}},"loc":{"start":{"line":74,"column":7},"end":{"line":202,"column":1}},"line":74},"3":{"name":"getRecipeKeys","decl":{"start":{"line":207,"column":0},"end":{"line":223,"column":1}},"loc":{"start":{"line":207,"column":0},"end":{"line":223,"column":1}},"line":207},"4":{"name":"getExistingVectorIds","decl":{"start":{"line":228,"column":0},"end":{"line":263,"column":1}},"loc":{"start":{"line":228,"column":0},"end":{"line":263,"column":1}},"line":228},"5":{"name":"filterNewRecipes","decl":{"start":{"line":268,"column":0},"end":{"line":286,"column":1}},"loc":{"start":{"line":268,"column":0},"end":{"line":286,"column":1}},"line":268},"6":{"name":"processBatch","decl":{"start":{"line":291,"column":0},"end":{"line":347,"column":1}},"loc":{"start":{"line":291,"column":0},"end":{"line":347,"column":1}},"line":291},"7":{"name":"generateEmbeddingText","decl":{"start":{"line":352,"column":0},"end":{"line":414,"column":1}},"loc":{"start":{"line":352,"column":0},"end":{"line":414,"column":1}},"line":352},"8":{"name":"generateEmbedding","decl":{"start":{"line":419,"column":0},"end":{"line":435,"column":1}},"loc":{"start":{"line":419,"column":0},"end":{"line":435,"column":1}},"line":419},"9":{"name":"storeEmbedding","decl":{"start":{"line":440,"column":0},"end":{"line":467,"column":1}},"loc":{"start":{"line":440,"column":0},"end":{"line":467,"column":1}},"line":440}},"f":{"0":0,"1":5,"2":12,"3":12,"4":5,"5":5,"6":4,"7":4,"8":4,"9":3}}
,"/Users/nolanfoster/Downloads/recipe-app/recipe-embedding-worker/src/handlers/health-handler.js": {"path":"/Users/nolanfoster/Downloads/recipe-app/recipe-embedding-worker/src/handlers/health-handler.js","all":false,"statementMap":{"0":{"start":{"line":1,"column":0},"end":{"line":1,"column":3}},"1":{"start":{"line":2,"column":0},"end":{"line":2,"column":32}},"2":{"start":{"line":3,"column":0},"end":{"line":3,"column":3}},"3":{"start":{"line":4,"column":0},"end":{"line":4,"column":63}},"4":{"start":{"line":5,"column":0},"end":{"line":5,"column":7}},"5":{"start":{"line":6,"column":0},"end":{"line":6,"column":34}},"6":{"start":{"line":7,"column":0},"end":{"line":7,"column":29}},"7":{"start":{"line":8,"column":0},"end":{"line":8,"column":9}},"8":{"start":{"line":9,"column":0},"end":{"line":9,"column":45}},"9":{"start":{"line":10,"column":0},"end":{"line":10,"column":69}},"10":{"start":{"line":11,"column":0},"end":{"line":11,"column":27}},"11":{"start":{"line":12,"column":0},"end":{"line":12,"column":21}},"12":{"start":{"line":13,"column":0},"end":{"line":13,"column":29}},"13":{"start":{"line":14,"column":0},"end":{"line":14,"column":54}},"14":{"start":{"line":15,"column":0},"end":{"line":15,"column":5}},"15":{"start":{"line":16,"column":0},"end":{"line":16,"column":0}},"16":{"start":{"line":17,"column":0},"end":{"line":17,"column":36}},"17":{"start":{"line":18,"column":0},"end":{"line":18,"column":29}},"18":{"start":{"line":19,"column":0},"end":{"line":19,"column":9}},"19":{"start":{"line":20,"column":0},"end":{"line":20,"column":35}},"20":{"start":{"line":21,"column":0},"end":{"line":21,"column":19}},"21":{"start":{"line":22,"column":0},"end":{"line":22,"column":29}},"22":{"start":{"line":23,"column":0},"end":{"line":23,"column":14}},"23":{"start":{"line":24,"column":0},"end":{"line":24,"column":29}},"24":{"start":{"line":25,"column":0},"end":{"line":25,"column":7}},"25":{"start":{"line":26,"column":0},"end":{"line":26,"column":21}},"26":{"start":{"line":27,"column":0},"end":{"line":27,"column":29}},"27":{"start":{"line":28,"column":0},"end":{"line":28,"column":54}},"28":{"start":{"line":29,"column":0},"end":{"line":29,"column":5}},"29":{"start":{"line":30,"column":0},"end":{"line":30,"column":0}},"30":{"start":{"line":31,"column":0},"end":{"line":31,"column":71}},"31":{"start":{"line":32,"column":0},"end":{"line":32,"column":0}},"32":{"start":{"line":33,"column":0},"end":{"line":33,"column":40}},"33":{"start":{"line":34,"column":0},"end":{"line":34,"column":50}},"34":{"start":{"line":35,"column":0},"end":{"line":35,"column":42}},"35":{"start":{"line":36,"column":0},"end":{"line":36,"column":52}},"36":{"start":{"line":37,"column":0},"end":{"line":37,"column":17}},"37":{"start":{"line":38,"column":0},"end":{"line":38,"column":29}},"38":{"start":{"line":39,"column":0},"end":{"line":39,"column":28}},"39":{"start":{"line":40,"column":0},"end":{"line":40,"column":8}},"40":{"start":{"line":41,"column":0},"end":{"line":41,"column":71}},"41":{"start":{"line":42,"column":0},"end":{"line":42,"column":9}},"42":{"start":{"line":43,"column":0},"end":{"line":43,"column":36}},"43":{"start":{"line":44,"column":0},"end":{"line":44,"column":16}},"44":{"start":{"line":45,"column":0},"end":{"line":45,"column":23}},"45":{"start":{"line":46,"column":0},"end":{"line":46,"column":42}},"46":{"start":{"line":47,"column":0},"end":{"line":47,"column":7}},"47":{"start":{"line":48,"column":0},"end":{"line":48,"column":7}},"48":{"start":{"line":49,"column":0},"end":{"line":49,"column":19}},"49":{"start":{"line":50,"column":0},"end":{"line":50,"column":48}},"50":{"start":{"line":51,"column":0},"end":{"line":51,"column":40}},"51":{"start":{"line":52,"column":0},"end":{"line":52,"column":26}},"52":{"start":{"line":53,"column":0},"end":{"line":53,"column":42}},"53":{"start":{"line":54,"column":0},"end":{"line":54,"column":26}},"54":{"start":{"line":55,"column":0},"end":{"line":55,"column":9}},"55":{"start":{"line":56,"column":0},"end":{"line":56,"column":18}},"56":{"start":{"line":57,"column":0},"end":{"line":57,"column":16}},"57":{"start":{"line":58,"column":0},"end":{"line":58,"column":23}},"58":{"start":{"line":59,"column":0},"end":{"line":59,"column":42}},"59":{"start":{"line":60,"column":0},"end":{"line":60,"column":7}},"60":{"start":{"line":61,"column":0},"end":{"line":61,"column":7}},"61":{"start":{"line":62,"column":0},"end":{"line":62,"column":3}},"62":{"start":{"line":63,"column":0},"end":{"line":63,"column":1}}},"s":{"0":1,"1":1,"2":1,"3":1,"4":6,"5":6,"6":6,"7":6,"8":6,"9":6,"10":4,"11":6,"12":2,"13":2,"14":2,"15":6,"16":6,"17":6,"18":6,"19":6,"20":6,"21":5,"22":6,"23":1,"24":1,"25":6,"26":0,"27":0,"28":0,"29":6,"30":6,"31":6,"32":6,"33":6,"34":6,"35":6,"36":6,"37":6,"38":6,"39":6,"40":6,"41":6,"42":6,"43":6,"44":6,"45":6,"46":6,"47":6,"48":6,"49":0,"50":0,"51":0,"52":0,"53":0,"54":0,"55":0,"56":0,"57":0,"58":0,"59":0,"60":0,"61":0,"62":6},"branchMap":{"0":{"type":"branch","line":4,"loc":{"start":{"line":4,"column":7},"end":{"line":63,"column":1}},"locations":[{"start":{"line":4,"column":7},"end":{"line":63,"column":1}}]},"1":{"type":"branch","line":10,"loc":{"start":{"line":10,"column":68},"end":{"line":12,"column":6}},"locations":[{"start":{"line":10,"column":68},"end":{"line":12,"column":6}}]},"2":{"type":"branch","line":12,"loc":{"start":{"line":12,"column":6},"end":{"line":15,"column":5}},"locations":[{"start":{"line":12,"column":6},"end":{"line":15,"column":5}}]},"3":{"type":"branch","line":21,"loc":{"start":{"line":21,"column":18},"end":{"line":23,"column":7}},"locations":[{"start":{"line":21,"column":18},"end":{"line":23,"column":7}}]},"4":{"type":"branch","line":23,"loc":{"start":{"line":23,"column":7},"end":{"line":25,"column":7}},"locations":[{"start":{"line":23,"column":7},"end":{"line":25,"column":7}}]},"5":{"type":"branch","line":26,"loc":{"start":{"line":26,"column":6},"end":{"line":29,"column":5}},"locations":[{"start":{"line":26,"column":6},"end":{"line":29,"column":5}}]},"6":{"type":"branch","line":31,"loc":{"start":{"line":31,"column":45},"end":{"line":31,"column":70}},"locations":[{"start":{"line":31,"column":45},"end":{"line":31,"column":70}}]},"7":{"type":"branch","line":34,"loc":{"start":{"line":34,"column":24},"end":{"line":34,"column":35}},"locations":[{"start":{"line":34,"column":24},"end":{"line":34,"column":35}}]},"8":{"type":"branch","line":34,"loc":{"start":{"line":34,"column":36},"end":{"line":34,"column":49}},"locations":[{"start":{"line":34,"column":36},"end":{"line":34,"column":49}}]},"9":{"type":"branch","line":36,"loc":{"start":{"line":36,"column":35},"end":{"line":36,"column":51}},"locations":[{"start":{"line":36,"column":35},"end":{"line":36,"column":51}}]},"10":{"type":"branch","line":41,"loc":{"start":{"line":41,"column":60},"end":{"line":41,"column":71}},"locations":[{"start":{"line":41,"column":60},"end":{"line":41,"column":71}}]},"11":{"type":"branch","line":43,"loc":{"start":{"line":43,"column":24},"end":{"line":43,"column":29}},"locations":[{"start":{"line":43,"column":24},"end":{"line":43,"column":29}}]},"12":{"type":"branch","line":43,"loc":{"start":{"line":43,"column":30},"end":{"line":43,"column":35}},"locations":[{"start":{"line":43,"column":30},"end":{"line":43,"column":35}}]},"13":{"type":"branch","line":49,"loc":{"start":{"line":49,"column":4},"end":{"line":62,"column":3}},"locations":[{"start":{"line":49,"column":4},"end":{"line":62,"column":3}}]}},"b":{"0":[6],"1":[4],"2":[2],"3":[5],"4":[1],"5":[0],"6":[4],"7":[3],"8":[3],"9":[0],"10":[0],"11":[3],"12":[3],"13":[0]},"fnMap":{"0":{"name":"handleHealth","decl":{"start":{"line":4,"column":7},"end":{"line":63,"column":1}},"loc":{"start":{"line":4,"column":7},"end":{"line":63,"column":1}},"line":4}},"f":{"0":6}}
,"/Users/nolanfoster/Downloads/recipe-app/recipe-embedding-worker/src/handlers/root-handler.js": {"path":"/Users/nolanfoster/Downloads/recipe-app/recipe-embedding-worker/src/handlers/root-handler.js","all":false,"statementMap":{"0":{"start":{"line":1,"column":0},"end":{"line":1,"column":3}},"1":{"start":{"line":2,"column":0},"end":{"line":2,"column":60}},"2":{"start":{"line":3,"column":0},"end":{"line":3,"column":3}},"3":{"start":{"line":4,"column":0},"end":{"line":4,"column":61}},"4":{"start":{"line":5,"column":0},"end":{"line":5,"column":38}},"5":{"start":{"line":6,"column":0},"end":{"line":6,"column":39}},"6":{"start":{"line":7,"column":0},"end":{"line":7,"column":21}},"7":{"start":{"line":8,"column":0},"end":{"line":8,"column":61}},"8":{"start":{"line":9,"column":0},"end":{"line":9,"column":50}},"9":{"start":{"line":10,"column":0},"end":{"line":10,"column":16}},"10":{"start":{"line":11,"column":0},"end":{"line":11,"column":32}},"11":{"start":{"line":12,"column":0},"end":{"line":12,"column":32}},"12":{"start":{"line":13,"column":0},"end":{"line":13,"column":52}},"13":{"start":{"line":14,"column":0},"end":{"line":14,"column":6}},"14":{"start":{"line":15,"column":0},"end":{"line":15,"column":16}},"15":{"start":{"line":16,"column":0},"end":{"line":16,"column":37}},"16":{"start":{"line":17,"column":0},"end":{"line":17,"column":81}},"17":{"start":{"line":18,"column":0},"end":{"line":18,"column":5}},"18":{"start":{"line":19,"column":0},"end":{"line":19,"column":7}},"19":{"start":{"line":20,"column":0},"end":{"line":20,"column":16}},"20":{"start":{"line":21,"column":0},"end":{"line":21,"column":14}},"21":{"start":{"line":22,"column":0},"end":{"line":22,"column":21}},"22":{"start":{"line":23,"column":0},"end":{"line":23,"column":40}},"23":{"start":{"line":24,"column":0},"end":{"line":24,"column":5}},"24":{"start":{"line":25,"column":0},"end":{"line":25,"column":5}},"25":{"start":{"line":26,"column":0},"end":{"line":26,"column":1}}},"s":{"0":1,"1":1,"2":1,"3":1,"4":4,"5":4,"6":4,"7":4,"8":4,"9":4,"10":4,"11":4,"12":4,"13":4,"14":4,"15":4,"16":4,"17":4,"18":4,"19":4,"20":4,"21":4,"22":4,"23":4,"24":4,"25":4},"branchMap":{"0":{"type":"branch","line":4,"loc":{"start":{"line":4,"column":7},"end":{"line":26,"column":1}},"locations":[{"start":{"line":4,"column":7},"end":{"line":26,"column":1}}]},"1":{"type":"branch","line":9,"loc":{"start":{"line":9,"column":33},"end":{"line":9,"column":49}},"locations":[{"start":{"line":9,"column":33},"end":{"line":9,"column":49}}]}},"b":{"0":[4],"1":[1]},"fnMap":{"0":{"name":"handleRoot","decl":{"start":{"line":4,"column":7},"end":{"line":26,"column":1}},"loc":{"start":{"line":4,"column":7},"end":{"line":26,"column":1}},"line":4}},"f":{"0":4}}
}
