TN:
SF:src/index.js
FN:5,scheduled
FN:36,queue
FNF:2
FNH:2
FNDA:3,scheduled
FNDA:19,queue
DA:1,1
DA:2,1
DA:3,1
DA:4,1
DA:5,1
DA:6,3
DA:7,3
DA:8,3
DA:9,3
DA:10,3
DA:11,3
DA:12,3
DA:13,3
DA:14,3
DA:15,3
DA:16,3
DA:17,3
DA:18,3
DA:19,3
DA:20,3
DA:21,3
DA:22,3
DA:23,3
DA:24,3
DA:25,3
DA:26,3
DA:27,1
DA:28,1
DA:29,1
DA:30,1
DA:31,2
DA:32,2
DA:33,1
DA:34,1
DA:35,1
DA:36,1
DA:37,19
DA:38,19
DA:39,19
DA:40,19
DA:41,19
DA:42,19
DA:43,19
DA:44,19
DA:45,19
DA:46,19
DA:47,25
DA:48,25
DA:49,25
DA:50,25
DA:51,25
DA:52,25
DA:53,25
DA:54,18
DA:55,18
DA:56,12
DA:57,12
DA:58,12
DA:59,12
DA:60,12
DA:61,12
DA:62,18
DA:63,6
DA:64,6
DA:65,6
DA:66,6
DA:67,6
DA:68,6
DA:69,6
DA:70,18
DA:71,18
DA:72,18
DA:73,18
DA:74,25
DA:75,7
DA:76,7
DA:77,7
DA:78,7
DA:79,7
DA:80,7
DA:81,7
DA:82,7
DA:83,7
DA:84,7
DA:85,7
DA:86,25
DA:87,19
DA:88,19
DA:89,19
DA:90,19
DA:91,1
LF:91
LH:91
BRDA:5,0,0,3
BRDA:26,1,0,1
BRDA:31,2,0,2
BRDA:36,3,0,19
BRDA:46,4,0,25
BRDA:54,5,0,18
BRDA:55,6,0,12
BRDA:62,7,0,6
BRDA:74,8,0,7
BRF:9
BRH:9
end_of_record
TN:
SF:src/handlers/embedding-handler.js
FN:4,decompressData
FN:42,getRecipeFromKV
FN:75,processEmbeddingMessage
FN:131,checkExistingEmbedding
FN:156,generateEmbeddingText
FN:223,generateEmbedding
FN:244,storeEmbedding
FNF:7
FNH:7
FNDA:2,decompressData
FNDA:47,getRecipeFromKV
FNDA:51,processEmbeddingMessage
FNDA:49,checkExistingEmbedding
FNDA:39,generateEmbeddingText
FNDA:37,generateEmbedding
FNDA:30,storeEmbedding
DA:1,1
DA:2,1
DA:3,1
DA:4,2
DA:5,2
DA:6,2
DA:7,2
DA:8,2
DA:9,2
DA:10,2
DA:11,2
DA:12,2
DA:13,2
DA:14,2
DA:15,2
DA:16,2
DA:17,2
DA:18,2
DA:19,2
DA:20,2
DA:21,2
DA:22,1
DA:23,1
DA:24,1
DA:25,1
DA:26,1
DA:27,1
DA:28,1
DA:29,1
DA:30,1
DA:31,1
DA:32,1
DA:33,1
DA:34,1
DA:35,1
DA:36,1
DA:37,1
DA:38,1
DA:39,1
DA:40,1
DA:41,1
DA:42,47
DA:43,47
DA:44,47
DA:45,47
DA:46,4
DA:47,4
DA:48,40
DA:49,40
DA:50,40
DA:51,40
DA:52,40
DA:53,40
DA:54,47
DA:55,2
DA:56,2
DA:57,2
DA:58,1
DA:59,1
DA:60,1
DA:61,1
DA:62,2
DA:63,39
DA:64,39
DA:65,47
DA:66,3
DA:67,3
DA:68,3
DA:69,3
DA:70,47
DA:71,1
DA:72,1
DA:73,1
DA:74,1
DA:75,1
DA:76,51
DA:77,51
DA:78,51
DA:79,2
DA:80,2
DA:81,2
DA:82,49
DA:83,49
DA:84,49
DA:85,49
DA:86,49
DA:87,51
DA:88,2
DA:89,2
DA:90,2
DA:91,47
DA:92,47
DA:93,47
DA:94,51
DA:95,5
DA:96,5
DA:97,5
DA:98,39
DA:99,39
DA:100,39
DA:101,39
DA:102,39
DA:103,51
DA:104,2
DA:105,2
DA:106,2
DA:107,37
DA:108,37
DA:109,37
DA:110,51
DA:111,7
DA:112,7
DA:113,7
DA:114,30
DA:115,30
DA:116,30
DA:117,28
DA:118,28
DA:119,28
DA:120,28
DA:121,51
DA:122,5
DA:123,5
DA:124,5
DA:125,5
DA:126,51
DA:127,1
DA:128,1
DA:129,1
DA:130,1
DA:131,49
DA:132,49
DA:133,49
DA:134,49
DA:135,49
DA:136,49
DA:137,2
DA:138,2
DA:139,49
DA:140,3
DA:141,3
DA:142,3
DA:143,3
DA:144,47
DA:145,47
DA:146,47
DA:147,49
DA:148,0
DA:149,0
DA:150,0
DA:151,49
DA:152,1
DA:153,1
DA:154,1
DA:155,1
DA:156,39
DA:157,39
DA:158,39
DA:159,39
DA:160,39
DA:161,39
DA:162,39
DA:163,39
DA:164,39
DA:165,37
DA:166,37
DA:167,39
DA:168,39
DA:169,39
DA:170,35
DA:171,35
DA:172,39
DA:173,39
DA:174,39
DA:175,34
DA:176,34
DA:177,34
DA:178,34
DA:179,34
DA:180,30
DA:181,30
DA:182,34
DA:183,38
DA:184,38
DA:185,39
DA:186,33
DA:187,33
DA:188,33
DA:189,33
DA:190,33
DA:191,32
DA:192,32
DA:193,33
DA:194,38
DA:195,38
DA:196,39
DA:197,15
DA:198,15
DA:199,38
DA:200,38
DA:201,39
DA:202,15
DA:203,15
DA:204,38
DA:205,38
DA:206,39
DA:207,3
DA:208,3
DA:209,3
DA:210,3
DA:211,3
DA:212,38
DA:213,38
DA:214,39
DA:215,1
DA:216,1
DA:217,1
DA:218,39
DA:219,1
DA:220,1
DA:221,1
DA:222,1
DA:223,37
DA:224,37
DA:225,37
DA:226,37
DA:227,37
DA:228,36
DA:229,37
DA:230,30
DA:231,30
DA:232,6
DA:233,6
DA:234,6
DA:235,33
DA:236,1
DA:237,1
DA:238,1
DA:239,37
DA:240,1
DA:241,1
DA:242,1
DA:243,1
DA:244,30
DA:245,30
DA:246,30
DA:247,30
DA:248,30
DA:249,30
DA:250,30
DA:251,30
DA:252,30
DA:253,30
DA:254,30
DA:255,30
DA:256,30
DA:257,30
DA:258,30
DA:259,30
DA:260,30
DA:261,30
DA:262,30
DA:263,30
DA:264,30
DA:265,30
DA:266,30
DA:267,30
DA:268,2
DA:269,2
DA:270,2
DA:271,30
LF:271
LH:268
BRDA:4,0,0,2
BRDA:21,1,0,1
BRDA:7,2,0,128
BRDA:26,3,0,1
BRDA:42,4,0,47
BRDA:44,5,0,44
BRDA:45,6,0,4
BRDA:47,7,0,40
BRDA:54,8,0,2
BRDA:57,9,0,1
BRDA:62,10,0,39
BRDA:65,11,0,3
BRDA:75,12,0,51
BRDA:78,13,0,49
BRDA:78,14,0,2
BRDA:81,15,0,49
BRDA:87,16,0,2
BRDA:90,17,0,48
BRDA:90,18,0,47
BRDA:93,19,0,44
BRDA:94,20,0,39
BRDA:94,21,0,5
BRDA:97,22,0,39
BRDA:103,23,0,2
BRDA:106,24,0,37
BRDA:110,25,0,7
BRDA:113,26,0,44
BRDA:113,27,0,30
BRDA:116,28,0,28
BRDA:121,29,0,5
BRDA:131,30,0,49
BRDA:135,31,0,46
BRDA:136,32,0,43
BRDA:136,33,0,2
BRDA:139,34,0,3
BRDA:143,35,0,47
BRDA:147,36,0,0
BRDA:156,37,0,39
BRDA:161,38,0,0
BRDA:164,39,0,3
BRDA:164,40,0,37
BRDA:165,41,0,1
BRDA:169,42,0,35
BRDA:174,43,0,34
BRDA:174,44,0,34
BRDA:179,45,0,30
BRDA:182,46,0,38
BRDA:185,47,0,33
BRDA:185,48,0,33
BRDA:190,49,0,32
BRDA:193,50,0,38
BRDA:196,51,0,24
BRDA:196,52,0,15
BRDA:197,53,0,1
BRDA:198,54,0,38
BRDA:201,55,0,24
BRDA:201,56,0,15
BRDA:202,57,0,1
BRDA:203,58,0,38
BRDA:206,59,0,3
BRDA:208,60,0,2
BRDA:209,61,0,1
BRDA:211,62,0,38
BRDA:214,63,0,1
BRDA:176,64,0,126
BRDA:176,65,0,116
BRDA:176,66,0,10
BRDA:176,67,0,2
BRDA:176,68,0,0
BRDA:177,69,0,123
BRDA:187,70,0,163
BRDA:187,71,0,156
BRDA:187,72,0,7
BRDA:187,73,0,0
BRDA:188,74,0,163
BRDA:223,75,0,37
BRDA:227,76,0,36
BRDA:229,77,0,35
BRDA:229,78,0,33
BRDA:229,79,0,30
BRDA:231,80,0,33
BRDA:231,81,0,6
BRDA:235,82,0,1
BRDA:244,83,0,30
BRDA:247,84,0,0
BRDA:253,85,0,1
BRDA:253,86,0,0
BRDA:254,87,0,2
BRDA:255,88,0,22
BRDA:255,89,0,22
BRDA:256,90,0,29
BRDA:257,91,0,29
BRDA:258,92,0,28
BRDA:259,93,0,22
BRDA:260,94,0,22
BRDA:260,95,0,21
BRDA:261,96,0,29
BRDA:262,97,0,29
BRDA:263,98,0,22
BRDA:266,99,0,28
BRDA:267,100,0,2
BRF:101
BRH:95
end_of_record
