TN:
SF:src/index.js
FN:7,fetch
FN:51,scheduled
FNF:2
FNH:2
FNDA:6,fetch
FNDA:2,scheduled
DA:1,1
DA:2,1
DA:3,1
DA:4,1
DA:5,1
DA:6,1
DA:7,1
DA:8,6
DA:9,6
DA:10,6
DA:11,6
DA:12,6
DA:13,6
DA:14,6
DA:15,6
DA:16,6
DA:17,6
DA:18,6
DA:19,1
DA:20,1
DA:21,5
DA:22,5
DA:23,6
DA:24,1
DA:25,1
DA:26,4
DA:27,4
DA:28,6
DA:29,1
DA:30,1
DA:31,3
DA:32,3
DA:33,6
DA:34,2
DA:35,2
DA:36,1
DA:37,1
DA:38,1
DA:39,1
DA:40,1
DA:41,1
DA:42,1
DA:43,1
DA:44,1
DA:45,1
DA:46,1
DA:47,1
DA:48,1
DA:49,1
DA:50,1
DA:51,1
DA:52,2
DA:53,2
DA:54,2
DA:55,2
DA:56,2
DA:57,2
DA:58,2
DA:59,2
DA:60,2
DA:61,2
DA:62,2
DA:63,2
DA:64,2
DA:65,2
DA:66,2
DA:67,2
DA:68,0
DA:69,0
DA:70,2
DA:71,0
DA:72,0
DA:73,2
DA:74,1
LF:74
LH:70
BRDA:7,0,0,6
BRDA:18,1,0,1
BRDA:21,2,0,5
BRDA:23,3,0,1
BRDA:26,4,0,4
BRDA:28,5,0,1
BRDA:28,6,0,1
BRDA:31,7,0,3
BRDA:33,8,0,2
BRDA:33,9,0,2
BRDA:36,10,0,1
BRDA:51,11,0,2
BRDA:67,12,0,0
BRDA:70,13,0,0
BRF:14
BRH:12
end_of_record
TN:
SF:src/handlers/embedding-handler.js
FN:4,decompressData
FN:42,getRecipeFromKV
FN:74,handleEmbedding
FN:207,getRecipeKeys
FN:228,getExistingVectorIds
FN:268,filterNewRecipes
FN:291,processBatch
FN:352,generateEmbeddingText
FN:419,generateEmbedding
FN:440,storeEmbedding
FNF:10
FNH:9
FNDA:0,decompressData
FNDA:5,getRecipeFromKV
FNDA:12,handleEmbedding
FNDA:12,getRecipeKeys
FNDA:5,getExistingVectorIds
FNDA:5,filterNewRecipes
FNDA:4,processBatch
FNDA:4,generateEmbeddingText
FNDA:4,generateEmbedding
FNDA:3,storeEmbedding
DA:1,1
DA:2,1
DA:3,1
DA:4,0
DA:5,0
DA:6,0
DA:7,0
DA:8,0
DA:9,0
DA:10,0
DA:11,0
DA:12,0
DA:13,0
DA:14,0
DA:15,0
DA:16,0
DA:17,0
DA:18,0
DA:19,0
DA:20,0
DA:21,0
DA:22,0
DA:23,0
DA:24,0
DA:25,0
DA:26,0
DA:27,0
DA:28,0
DA:29,0
DA:30,0
DA:31,0
DA:32,0
DA:33,0
DA:34,0
DA:35,0
DA:36,0
DA:37,0
DA:38,1
DA:39,1
DA:40,1
DA:41,1
DA:42,5
DA:43,5
DA:44,5
DA:45,5
DA:46,1
DA:47,1
DA:48,4
DA:49,4
DA:50,4
DA:51,4
DA:52,4
DA:53,4
DA:54,5
DA:55,0
DA:56,0
DA:57,0
DA:58,0
DA:59,0
DA:60,0
DA:61,0
DA:62,0
DA:63,4
DA:64,4
DA:65,5
DA:66,0
DA:67,0
DA:68,0
DA:69,5
DA:70,1
DA:71,1
DA:72,1
DA:73,1
DA:74,1
DA:75,12
DA:76,12
DA:77,12
DA:78,12
DA:79,12
DA:80,12
DA:81,12
DA:82,12
DA:83,12
DA:84,12
DA:85,12
DA:86,0
DA:87,0
DA:88,12
DA:89,12
DA:90,12
DA:91,12
DA:92,12
DA:93,12
DA:94,12
DA:95,12
DA:96,12
DA:97,12
DA:98,7
DA:99,7
DA:100,7
DA:101,7
DA:102,7
DA:103,7
DA:104,7
DA:105,7
DA:106,7
DA:107,7
DA:108,7
DA:109,7
DA:110,5
DA:111,5
DA:112,5
DA:113,5
DA:114,12
DA:115,1
DA:116,1
DA:117,1
DA:118,1
DA:119,1
DA:120,1
DA:121,1
DA:122,1
DA:123,1
DA:124,1
DA:125,1
DA:126,1
DA:127,4
DA:128,4
DA:129,4
DA:130,12
DA:131,12
DA:132,12
DA:133,12
DA:134,12
DA:135,12
DA:136,12
DA:137,12
DA:138,12
DA:139,12
DA:140,12
DA:141,12
DA:142,12
DA:143,4
DA:144,4
DA:145,0
DA:146,0
DA:147,0
DA:148,0
DA:149,0
DA:150,0
DA:151,0
DA:152,4
DA:153,4
DA:154,4
DA:155,4
DA:156,4
DA:157,4
DA:158,4
DA:159,4
DA:160,4
DA:161,4
DA:162,4
DA:163,4
DA:164,4
DA:165,4
DA:166,4
DA:167,4
DA:168,0
DA:169,0
DA:170,4
DA:171,4
DA:172,4
DA:173,4
DA:174,4
DA:175,4
DA:176,4
DA:177,4
DA:178,4
DA:179,12
DA:180,12
DA:181,12
DA:182,12
DA:183,12
DA:184,12
DA:185,12
DA:186,12
DA:187,12
DA:188,12
DA:189,0
DA:190,0
DA:191,0
DA:192,0
DA:193,0
DA:194,0
DA:195,0
DA:196,0
DA:197,0
DA:198,0
DA:199,0
DA:200,0
DA:201,0
DA:202,12
DA:203,1
DA:204,1
DA:205,1
DA:206,1
DA:207,12
DA:208,12
DA:209,12
DA:210,12
DA:211,12
DA:212,12
DA:213,12
DA:214,10
DA:215,12
DA:216,12
DA:217,10
DA:218,10
DA:219,12
DA:220,2
DA:221,2
DA:222,2
DA:223,12
DA:224,1
DA:225,1
DA:226,1
DA:227,1
DA:228,5
DA:229,5
DA:230,5
DA:231,5
DA:232,5
DA:233,5
DA:234,5
DA:235,5
DA:236,5
DA:237,5
DA:238,5
DA:239,5
DA:240,5
DA:241,5
DA:242,5
DA:243,5
DA:244,5
DA:245,5
DA:246,5
DA:247,4
DA:248,1
DA:249,1
DA:250,1
DA:251,4
DA:252,4
DA:253,4
DA:254,5
DA:255,5
DA:256,4
DA:257,4
DA:258,4
DA:259,5
DA:260,1
DA:261,1
DA:262,1
DA:263,5
DA:264,1
DA:265,1
DA:266,1
DA:267,1
DA:268,5
DA:269,5
DA:270,5
DA:271,5
DA:272,5
DA:273,5
DA:274,5
DA:275,5
DA:276,5
DA:277,5
DA:278,5
DA:279,5
DA:280,5
DA:281,5
DA:282,0
DA:283,0
DA:284,0
DA:285,0
DA:286,5
DA:287,1
DA:288,1
DA:289,1
DA:290,1
DA:291,4
DA:292,4
DA:293,4
DA:294,4
DA:295,4
DA:296,4
DA:297,4
DA:298,4
DA:299,4
DA:300,4
DA:301,5
DA:302,5
DA:303,5
DA:304,5
DA:305,5
DA:306,1
DA:307,1
DA:308,1
DA:309,1
DA:310,4
DA:311,4
DA:312,4
DA:313,4
DA:314,4
DA:315,4
DA:316,5
DA:317,0
DA:318,0
DA:319,0
DA:320,0
DA:321,4
DA:322,4
DA:323,4
DA:324,4
DA:325,4
DA:326,5
DA:327,1
DA:328,1
DA:329,1
DA:330,1
DA:331,3
DA:332,3
DA:333,3
DA:334,3
DA:335,3
DA:336,3
DA:337,3
DA:338,3
DA:339,5
DA:340,0
DA:341,0
DA:342,0
DA:343,0
DA:344,5
DA:345,4
DA:346,4
DA:347,4
DA:348,1
DA:349,1
DA:350,1
DA:351,1
DA:352,4
DA:353,4
DA:354,4
DA:355,4
DA:356,4
DA:357,4
DA:358,4
DA:359,4
DA:360,4
DA:361,4
DA:362,4
DA:363,4
DA:364,4
DA:365,4
DA:366,4
DA:367,4
DA:368,4
DA:369,4
DA:370,4
DA:371,4
DA:372,4
DA:373,4
DA:374,4
DA:375,4
DA:376,4
DA:377,4
DA:378,4
DA:379,4
DA:380,4
DA:381,4
DA:382,4
DA:383,4
DA:384,4
DA:385,4
DA:386,4
DA:387,4
DA:388,4
DA:389,4
DA:390,4
DA:391,4
DA:392,4
DA:393,3
DA:394,3
DA:395,4
DA:396,4
DA:397,4
DA:398,3
DA:399,3
DA:400,4
DA:401,4
DA:402,4
DA:403,0
DA:404,0
DA:405,0
DA:406,0
DA:407,0
DA:408,4
DA:409,4
DA:410,4
DA:411,0
DA:412,0
DA:413,0
DA:414,4
DA:415,1
DA:416,1
DA:417,1
DA:418,1
DA:419,4
DA:420,4
DA:421,4
DA:422,4
DA:423,4
DA:424,3
DA:425,4
DA:426,3
DA:427,3
DA:428,0
DA:429,0
DA:430,0
DA:431,3
DA:432,1
DA:433,1
DA:434,1
DA:435,4
DA:436,1
DA:437,1
DA:438,1
DA:439,1
DA:440,3
DA:441,3
DA:442,3
DA:443,3
DA:444,3
DA:445,3
DA:446,3
DA:447,3
DA:448,3
DA:449,3
DA:450,3
DA:451,3
DA:452,3
DA:453,3
DA:454,3
DA:455,3
DA:456,3
DA:457,3
DA:458,3
DA:459,3
DA:460,3
DA:461,3
DA:462,3
DA:463,3
DA:464,0
DA:465,0
DA:466,0
DA:467,3
LF:467
LH:372
BRDA:42,0,0,5
BRDA:45,1,0,1
BRDA:47,2,0,4
BRDA:54,3,0,0
BRDA:62,4,0,4
BRDA:65,5,0,0
BRDA:74,6,0,12
BRDA:79,7,0,0
BRDA:85,8,0,0
BRDA:91,9,0,3
BRDA:91,10,0,9
BRDA:97,11,0,8
BRDA:97,12,0,7
BRDA:109,13,0,5
BRDA:114,14,0,1
BRDA:126,15,0,4
BRDA:130,16,0,0
BRDA:130,17,0,4
BRDA:140,18,0,0
BRDA:140,19,0,4
BRDA:142,20,0,4
BRDA:144,21,0,0
BRDA:159,22,0,1
BRDA:167,23,0,0
BRDA:167,24,0,0
BRDA:179,25,0,0
BRDA:188,26,0,0
BRDA:207,27,0,12
BRDA:213,28,0,10
BRDA:215,29,0,0
BRDA:216,30,0,10
BRDA:219,31,0,2
BRDA:214,32,0,6
BRDA:228,33,0,5
BRDA:246,34,0,4
BRDA:255,35,0,4
BRDA:259,36,0,1
BRDA:247,37,0,1
BRDA:268,38,0,5
BRDA:281,39,0,0
BRDA:276,40,0,6
BRDA:291,41,0,4
BRDA:300,42,0,5
BRDA:305,43,0,4
BRDA:305,44,0,1
BRDA:309,45,0,4
BRDA:316,46,0,0
BRDA:320,47,0,4
BRDA:326,48,0,1
BRDA:330,49,0,3
BRDA:339,50,0,0
BRDA:352,51,0,4
BRDA:357,52,0,0
BRDA:360,53,0,0
BRDA:361,54,0,0
BRDA:392,55,0,1
BRDA:392,56,0,3
BRDA:393,57,0,0
BRDA:397,58,0,1
BRDA:397,59,0,3
BRDA:398,60,0,0
BRDA:402,61,0,0
BRDA:410,62,0,0
BRDA:372,63,0,9
BRDA:372,64,0,0
BRDA:373,65,0,9
BRDA:383,66,0,9
BRDA:383,67,0,0
BRDA:384,68,0,9
BRDA:419,69,0,4
BRDA:423,70,0,3
BRDA:425,71,0,3
BRDA:425,72,0,3
BRDA:427,73,0,0
BRDA:431,74,0,1
BRDA:440,75,0,3
BRDA:443,76,0,0
BRDA:449,77,0,0
BRDA:449,78,0,0
BRDA:450,79,0,0
BRDA:451,80,0,0
BRDA:451,81,0,0
BRDA:455,82,0,1
BRDA:456,83,0,1
BRDA:456,84,0,1
BRDA:459,85,0,0
BRDA:463,86,0,0
BRF:87
BRH:54
end_of_record
TN:
SF:src/handlers/health-handler.js
FN:4,handleHealth
FNF:1
FNH:1
FNDA:6,handleHealth
DA:1,1
DA:2,1
DA:3,1
DA:4,1
DA:5,6
DA:6,6
DA:7,6
DA:8,6
DA:9,6
DA:10,6
DA:11,4
DA:12,6
DA:13,2
DA:14,2
DA:15,2
DA:16,6
DA:17,6
DA:18,6
DA:19,6
DA:20,6
DA:21,6
DA:22,5
DA:23,6
DA:24,1
DA:25,1
DA:26,6
DA:27,0
DA:28,0
DA:29,0
DA:30,6
DA:31,6
DA:32,6
DA:33,6
DA:34,6
DA:35,6
DA:36,6
DA:37,6
DA:38,6
DA:39,6
DA:40,6
DA:41,6
DA:42,6
DA:43,6
DA:44,6
DA:45,6
DA:46,6
DA:47,6
DA:48,6
DA:49,6
DA:50,0
DA:51,0
DA:52,0
DA:53,0
DA:54,0
DA:55,0
DA:56,0
DA:57,0
DA:58,0
DA:59,0
DA:60,0
DA:61,0
DA:62,0
DA:63,6
LF:63
LH:47
BRDA:4,0,0,6
BRDA:10,1,0,4
BRDA:12,2,0,2
BRDA:21,3,0,5
BRDA:23,4,0,1
BRDA:26,5,0,0
BRDA:31,6,0,4
BRDA:34,7,0,3
BRDA:34,8,0,3
BRDA:36,9,0,0
BRDA:41,10,0,0
BRDA:43,11,0,3
BRDA:43,12,0,3
BRDA:49,13,0,0
BRF:14
BRH:10
end_of_record
TN:
SF:src/handlers/root-handler.js
FN:4,handleRoot
FNF:1
FNH:1
FNDA:4,handleRoot
DA:1,1
DA:2,1
DA:3,1
DA:4,1
DA:5,4
DA:6,4
DA:7,4
DA:8,4
DA:9,4
DA:10,4
DA:11,4
DA:12,4
DA:13,4
DA:14,4
DA:15,4
DA:16,4
DA:17,4
DA:18,4
DA:19,4
DA:20,4
DA:21,4
DA:22,4
DA:23,4
DA:24,4
DA:25,4
DA:26,4
LF:26
LH:26
BRDA:4,0,0,4
BRDA:9,1,0,1
BRF:2
BRH:2
end_of_record
